Jumlah Record = 16, Eksekusi = 13, No Eksekusi = 3 
array (
  0 => 
  array (
    'no_kunjungan' => 873777,
    'no_registrasi' => 589707,
    'no_mr' => '00165739',
    'nama_pasien_layan' => 'HJ DWI SUBACHTUTI, NY., NY., NY.',
    'kode_kelompok' => 3,
    'kode_perusahaan' => 120,
    'tgl_transaksi' => '2019-07-08 01:00:00',
    'jenis_tindakan' => 1,
    'nama_tindakan' => 'Ruangan Wijayakusuma',
    'bill_rs' => '1200000.00',
    'jumlah' => 1,
    'kode_bagian' => '030101',
    'kode_bagian_asal' => '030101',
    'kode_klas' => 2,
    'no_kamar' => '6',
    'no_bed' => '1',
    'status_selesai' => 1,
    'id_dd_user' => 1,
    'kode_trans_pelayanan' => 4220324,
    'executed' => 'executed',
  ),
  1 => 
  array (
    'no_kunjungan' => 876269,
    'no_registrasi' => 591581,
    'no_mr' => '00177987',
    'nama_pasien_layan' => 'RAHMAH EL NASIAH, Ny.',
    'kode_kelompok' => 1,
    'kode_perusahaan' => 0,
    'tgl_transaksi' => '2019-07-08 01:00:00',
    'jenis_tindakan' => 1,
    'nama_tindakan' => 'Ruangan Kenanga',
    'bill_rs' => '600000.00',
    'jumlah' => 1,
    'kode_bagian' => '030701',
    'kode_bagian_asal' => '030701',
    'kode_klas' => 5,
    'no_kamar' => '3',
    'no_bed' => ' 1',
    'status_selesai' => 1,
    'id_dd_user' => 1,
    'kode_trans_pelayanan' => 4220325,
    'executed' => 'executed',
  ),
  2 => 
  array (
    'no_kunjungan' => 876380,
    'no_registrasi' => 591692,
    'no_mr' => '00240068',
    'nama_pasien_layan' => 'DINO RODIANSYAH',
    'kode_kelompok' => 3,
    'kode_perusahaan' => 120,
    'tgl_transaksi' => '2019-07-08 01:00:00',
    'jenis_tindakan' => 1,
    'nama_tindakan' => 'Ruangan Melati',
    'bill_rs' => '140000.00',
    'jumlah' => 1,
    'kode_bagian' => '031401',
    'kode_bagian_asal' => '031401',
    'kode_klas' => 6,
    'no_kamar' => '2',
    'no_bed' => '3',
    'status_selesai' => 1,
    'id_dd_user' => 1,
    'kode_trans_pelayanan' => 4220326,
    'executed' => 'executed',
  ),
  3 => 
  array (
    'no_kunjungan' => 876951,
    'no_registrasi' => 592002,
    'no_mr' => '00240116',
    'nama_pasien_layan' => 'BONITA DEFY FERANI',
    'kode_kelompok' => 3,
    'kode_perusahaan' => 38,
    'tgl_transaksi' => '2019-07-08 01:00:00',
    'jenis_tindakan' => 1,
    'nama_tindakan' => 'Ruangan Flamboyan',
    'bill_rs' => '670000.00',
    'jumlah' => 1,
    'kode_bagian' => '030601',
    'kode_bagian_asal' => '030601',
    'kode_klas' => 12,
    'no_kamar' => '1',
    'no_bed' => '2',
    'status_selesai' => 1,
    'id_dd_user' => 1,
    'kode_trans_pelayanan' => 4220327,
    'executed' => 'executed',
  ),
  4 => 
  array (
    'no_kunjungan' => 876868,
    'no_registrasi' => 592012,
    'no_mr' => '00240121',
    'nama_pasien_layan' => 'SUBARDI',
    'kode_kelompok' => 3,
    'kode_perusahaan' => 226,
    'tgl_transaksi' => '2019-07-08 01:00:00',
    'jenis_tindakan' => 1,
    'nama_tindakan' => 'Ruangan Mawar',
    'bill_rs' => '410000.00',
    'jumlah' => 1,
    'kode_bagian' => '031301',
    'kode_bagian_asal' => '031301',
    'kode_klas' => 13,
    'no_kamar' => '1',
    'no_bed' => '4',
    'status_selesai' => 1,
    'id_dd_user' => 1,
    'kode_trans_pelayanan' => 4220328,
    'executed' => 'executed',
  ),
  5 => 
  array (
    'no_kunjungan' => 877034,
    'no_registrasi' => 592188,
    'no_mr' => '00233880',
    'nama_pasien_layan' => 'SASHKIA ARDANI',
    'kode_kelompok' => 3,
    'kode_perusahaan' => 120,
    'tgl_transaksi' => '2019-07-08 01:00:01',
    'jenis_tindakan' => 1,
    'nama_tindakan' => 'Ruangan Mawar',
    'bill_rs' => '210000.00',
    'jumlah' => 1,
    'kode_bagian' => '031301',
    'kode_bagian_asal' => '031301',
    'kode_klas' => 13,
    'no_kamar' => '2',
    'no_bed' => '2',
    'status_selesai' => 1,
    'id_dd_user' => 1,
    'kode_trans_pelayanan' => 4220329,
    'executed' => 'executed',
  ),
  6 => 
  array (
    'no_kunjungan' => 877272,
    'no_registrasi' => 592359,
    'no_mr' => '00240176',
    'nama_pasien_layan' => 'S ACHMAD HANAFI',
    'kode_kelompok' => 3,
    'kode_perusahaan' => 120,
    'tgl_transaksi' => '2019-07-08 01:00:01',
    'jenis_tindakan' => 1,
    'nama_tindakan' => 'Ruangan Flamboyan',
    'bill_rs' => '310000.00',
    'jumlah' => 1,
    'kode_bagian' => '030601',
    'kode_bagian_asal' => '030601',
    'kode_klas' => 12,
    'no_kamar' => '3',
    'no_bed' => '1',
    'status_selesai' => 1,
    'id_dd_user' => 1,
    'kode_trans_pelayanan' => 4220330,
    'executed' => 'executed',
  ),
  7 => 
  array (
    'no_kunjungan' => 877401,
    'no_registrasi' => 592457,
    'no_mr' => '00143329',
    'nama_pasien_layan' => 'ARKAAN PUTRA RUSLI',
    'kode_kelompok' => 3,
    'kode_perusahaan' => 120,
    'tgl_transaksi' => '2019-07-08 01:00:01',
    'jenis_tindakan' => 1,
    'nama_tindakan' => 'Ruangan Seruni',
    'bill_rs' => '140000.00',
    'jumlah' => 1,
    'kode_bagian' => '030301',
    'kode_bagian_asal' => '030301',
    'kode_klas' => 13,
    'no_kamar' => '4',
    'no_bed' => '1 ',
    'status_selesai' => 1,
    'id_dd_user' => 1,
    'kode_trans_pelayanan' => 4220331,
    'executed' => 'executed',
  ),
  8 => 
  array (
    'no_kunjungan' => 877423,
    'no_registrasi' => 592464,
    'no_mr' => '00194553',
    'nama_pasien_layan' => 'RADITYA ARKANA WIJAYA, AN.',
    'kode_kelompok' => 3,
    'kode_perusahaan' => 250,
    'tgl_transaksi' => '2019-07-08 01:00:01',
    'jenis_tindakan' => 1,
    'nama_tindakan' => 'Ruangan Seruni',
    'bill_rs' => '350000.00',
    'jumlah' => 1,
    'kode_bagian' => '030301',
    'kode_bagian_asal' => '030301',
    'kode_klas' => 13,
    'no_kamar' => '4',
    'no_bed' => '2',
    'status_selesai' => 1,
    'id_dd_user' => 1,
    'kode_trans_pelayanan' => 4220332,
    'executed' => 'executed',
  ),
  9 => 
  array (
    'no_kunjungan' => 877424,
    'no_registrasi' => 592465,
    'no_mr' => '00197584',
    'nama_pasien_layan' => 'RAFANDRA AQLAN WIJAYA, An.',
    'kode_kelompok' => 3,
    'kode_perusahaan' => 250,
    'tgl_transaksi' => '2019-07-08 01:00:01',
    'jenis_tindakan' => 1,
    'nama_tindakan' => 'Ruangan Seruni',
    'bill_rs' => '350000.00',
    'jumlah' => 1,
    'kode_bagian' => '030301',
    'kode_bagian_asal' => '030301',
    'kode_klas' => 13,
    'no_kamar' => '4',
    'no_bed' => '3',
    'status_selesai' => 1,
    'id_dd_user' => 1,
    'kode_trans_pelayanan' => 4220333,
    'executed' => 'executed',
  ),
  10 => 
  array (
    'no_kunjungan' => 877441,
    'no_registrasi' => 592479,
    'no_mr' => '00240193',
    'nama_pasien_layan' => 'KARYONO',
    'kode_kelompok' => 3,
    'kode_perusahaan' => 120,
    'tgl_transaksi' => '2019-07-08 01:00:01',
    'jenis_tindakan' => 1,
    'nama_tindakan' => 'Ruangan Wijayakusuma',
    'bill_rs' => '1200000.00',
    'jumlah' => 1,
    'kode_bagian' => '030101',
    'kode_bagian_asal' => '030101',
    'kode_klas' => 2,
    'no_kamar' => '5',
    'no_bed' => '1',
    'status_selesai' => 1,
    'id_dd_user' => 1,
    'kode_trans_pelayanan' => 4220334,
    'executed' => 'executed',
  ),
  11 => 
  array (
    'no_kunjungan' => 877442,
    'no_registrasi' => 592480,
    'no_mr' => '00240194',
    'nama_pasien_layan' => 'ARTAYUDA RAHANDIKA HENDI',
    'kode_kelompok' => 3,
    'kode_perusahaan' => 120,
    'tgl_transaksi' => '2019-07-08 01:00:01',
    'jenis_tindakan' => 1,
    'nama_tindakan' => 'Ruangan Seruni',
    'bill_rs' => '310000.00',
    'jumlah' => 1,
    'kode_bagian' => '030301',
    'kode_bagian_asal' => '030301',
    'kode_klas' => 12,
    'no_kamar' => '3',
    'no_bed' => '1',
    'status_selesai' => 1,
    'id_dd_user' => 1,
    'kode_trans_pelayanan' => 4220335,
    'executed' => 'executed',
  ),
  12 => 
  array (
    'no_kunjungan' => 877463,
    'no_registrasi' => 592487,
    'no_mr' => '00210832',
    'nama_pasien_layan' => 'RATIH JUMIATY, Ny.',
    'kode_kelompok' => 3,
    'kode_perusahaan' => 120,
    'tgl_transaksi' => '2019-07-08 01:00:01',
    'jenis_tindakan' => 1,
    'nama_tindakan' => 'Ruangan ICU ',
    'bill_rs' => '700000.00',
    'jumlah' => 1,
    'kode_bagian' => '031001',
    'kode_bagian_asal' => '031001',
    'kode_klas' => 11,
    'no_kamar' => NULL,
    'no_bed' => NULL,
    'status_selesai' => 1,
    'id_dd_user' => 1,
    'kode_trans_pelayanan' => 4220336,
    'executed' => 'executed',
  ),
  13 => 
  array (
    'no_kunjungan' => 877478,
    'no_registrasi' => 592495,
    'no_mr' => '00240089',
    'nama_pasien_layan' => 'EKA RUSTIANI',
    'kode_kelompok' => 3,
    'kode_perusahaan' => 120,
    'tgl_transaksi' => '2019-07-08 01:00:02',
    'jenis_tindakan' => 1,
    'nama_tindakan' => 'Ruangan Flamboyan',
    'bill_rs' => '310000.00',
    'jumlah' => 1,
    'kode_bagian' => '030601',
    'kode_bagian_asal' => '030601',
    'kode_klas' => 12,
    'no_kamar' => '1',
    'no_bed' => '1',
    'status_selesai' => 1,
    'id_dd_user' => 1,
    'kode_trans_pelayanan' => 4220315,
    'executed' => 'not_executed',
  ),
  14 => 
  array (
    'no_kunjungan' => 877479,
    'no_registrasi' => 592496,
    'no_mr' => '00239823',
    'nama_pasien_layan' => 'OTI SUJIANTI, Ny.',
    'kode_kelompok' => 3,
    'kode_perusahaan' => 120,
    'tgl_transaksi' => '2019-07-08 01:00:02',
    'jenis_tindakan' => 1,
    'nama_tindakan' => 'Ruangan Mawar',
    'bill_rs' => '210000.00',
    'jumlah' => 1,
    'kode_bagian' => '031301',
    'kode_bagian_asal' => '031301',
    'kode_klas' => 13,
    'no_kamar' => '2',
    'no_bed' => '1',
    'status_selesai' => 1,
    'id_dd_user' => 1,
    'kode_trans_pelayanan' => 4220316,
    'executed' => 'not_executed',
  ),
  15 => 
  array (
    'no_kunjungan' => 877480,
    'no_registrasi' => 592497,
    'no_mr' => '00221038',
    'nama_pasien_layan' => 'RESMA FAUZIAH, Nn.',
    'kode_kelompok' => 3,
    'kode_perusahaan' => 120,
    'tgl_transaksi' => '2019-07-08 01:00:02',
    'jenis_tindakan' => 1,
    'nama_tindakan' => 'Ruangan Mawar',
    'bill_rs' => '210000.00',
    'jumlah' => 1,
    'kode_bagian' => '031301',
    'kode_bagian_asal' => '031301',
    'kode_klas' => 13,
    'no_kamar' => '2',
    'no_bed' => '3',
    'status_selesai' => 1,
    'id_dd_user' => 1,
    'kode_trans_pelayanan' => 4220317,
    'executed' => 'not_executed',
  ),
)