Jumlah Record = 10, Eksekusi = 10, No Eksekusi = 0 
array (
  0 => 
  array (
    'no_kunjungan' => 860539,
    'no_registrasi' => 580379,
    'no_mr' => '00200760',
    'nama_pasien_layan' => 'TAVIRULLAH HIDAYAT, Tn.',
    'kode_kelompok' => 1,
    'kode_perusahaan' => 0,
    'tgl_transaksi' => '2019-06-08 01:00:00',
    'jenis_tindakan' => 1,
    'nama_tindakan' => 'Ruangan Dahlia',
    'bill_rs' => '850000.00',
    'jumlah' => 1,
    'kode_bagian' => '030401',
    'kode_bagian_asal' => '030401',
    'kode_klas' => 4,
    'no_kamar' => '1',
    'no_bed' => '1',
    'status_selesai' => 1,
    'id_dd_user' => 1,
    'kode_trans_pelayanan' => 4150615,
    'executed' => 'executed',
  ),
  1 => 
  array (
    'no_kunjungan' => 860532,
    'no_registrasi' => 580381,
    'no_mr' => '00175337',
    'nama_pasien_layan' => 'UMAMAH, Ny.',
    'kode_kelompok' => 3,
    'kode_perusahaan' => 120,
    'tgl_transaksi' => '2019-06-08 01:00:00',
    'jenis_tindakan' => 1,
    'nama_tindakan' => 'Ruangan Flamboyan',
    'bill_rs' => '310000.00',
    'jumlah' => 1,
    'kode_bagian' => '030601',
    'kode_bagian_asal' => '030601',
    'kode_klas' => 12,
    'no_kamar' => '2',
    'no_bed' => '1',
    'status_selesai' => 1,
    'id_dd_user' => 1,
    'kode_trans_pelayanan' => 4150616,
    'executed' => 'executed',
  ),
  2 => 
  array (
    'no_kunjungan' => 860586,
    'no_registrasi' => 580392,
    'no_mr' => '00238631',
    'nama_pasien_layan' => 'HARYA DAMAR WIDIPUTRA',
    'kode_kelompok' => 3,
    'kode_perusahaan' => 120,
    'tgl_transaksi' => '2019-06-08 01:00:00',
    'jenis_tindakan' => 1,
    'nama_tindakan' => 'Ruangan Anggrek',
    'bill_rs' => '1000000.00',
    'jumlah' => 1,
    'kode_bagian' => '030201',
    'kode_bagian_asal' => '030201',
    'kode_klas' => 3,
    'no_kamar' => '1',
    'no_bed' => ' 1',
    'status_selesai' => 1,
    'id_dd_user' => 1,
    'kode_trans_pelayanan' => 4150617,
    'executed' => 'executed',
  ),
  3 => 
  array (
    'no_kunjungan' => 860594,
    'no_registrasi' => 580416,
    'no_mr' => '00238633',
    'nama_pasien_layan' => 'SUPRIYATIN S',
    'kode_kelompok' => 3,
    'kode_perusahaan' => 120,
    'tgl_transaksi' => '2019-06-08 01:00:00',
    'jenis_tindakan' => 1,
    'nama_tindakan' => 'Ruangan Melati',
    'bill_rs' => '140000.00',
    'jumlah' => 1,
    'kode_bagian' => '031401',
    'kode_bagian_asal' => '031401',
    'kode_klas' => 6,
    'no_kamar' => '1',
    'no_bed' => '8',
    'status_selesai' => 1,
    'id_dd_user' => 1,
    'kode_trans_pelayanan' => 4150618,
    'executed' => 'executed',
  ),
  4 => 
  array (
    'no_kunjungan' => 860656,
    'no_registrasi' => 580462,
    'no_mr' => '00210185',
    'nama_pasien_layan' => 'WORO SRI KAWENTAR, Ny.',
    'kode_kelompok' => 3,
    'kode_perusahaan' => 120,
    'tgl_transaksi' => '2019-06-08 01:00:00',
    'jenis_tindakan' => 1,
    'nama_tindakan' => 'Ruangan Seruni Ruang Nifas',
    'bill_rs' => NULL,
    'jumlah' => 1,
    'kode_bagian' => '031601',
    'kode_bagian_asal' => '031601',
    'kode_klas' => 13,
    'no_kamar' => '2',
    'no_bed' => '1',
    'status_selesai' => 1,
    'id_dd_user' => 1,
    'kode_trans_pelayanan' => 4150619,
    'executed' => 'executed',
  ),
  5 => 
  array (
    'no_kunjungan' => 860784,
    'no_registrasi' => 580465,
    'no_mr' => '00219052',
    'nama_pasien_layan' => 'KARINE ULFA BIEMBY, NY.',
    'kode_kelompok' => 3,
    'kode_perusahaan' => 120,
    'tgl_transaksi' => '2019-06-08 01:00:01',
    'jenis_tindakan' => 1,
    'nama_tindakan' => 'Ruangan Flamboyan',
    'bill_rs' => '310000.00',
    'jumlah' => 1,
    'kode_bagian' => '030601',
    'kode_bagian_asal' => '030601',
    'kode_klas' => 12,
    'no_kamar' => '2',
    'no_bed' => '2',
    'status_selesai' => 1,
    'id_dd_user' => 1,
    'kode_trans_pelayanan' => 4150619,
    'executed' => 'executed',
  ),
  6 => 
  array (
    'no_kunjungan' => 860726,
    'no_registrasi' => 580491,
    'no_mr' => '00104998',
    'nama_pasien_layan' => 'JODY JOEZAR, TN.',
    'kode_kelompok' => 3,
    'kode_perusahaan' => 51,
    'tgl_transaksi' => '2019-06-08 01:00:01',
    'jenis_tindakan' => 1,
    'nama_tindakan' => 'Ruangan Anggrek',
    'bill_rs' => '1000000.00',
    'jumlah' => 1,
    'kode_bagian' => '030201',
    'kode_bagian_asal' => '030201',
    'kode_klas' => 3,
    'no_kamar' => '2',
    'no_bed' => '1',
    'status_selesai' => 1,
    'id_dd_user' => 1,
    'kode_trans_pelayanan' => 4150620,
    'executed' => 'executed',
  ),
  7 => 
  array (
    'no_kunjungan' => 860714,
    'no_registrasi' => 580505,
    'no_mr' => '00238646',
    'nama_pasien_layan' => 'BY NY WORO SRI KAWENTAR',
    'kode_kelompok' => 3,
    'kode_perusahaan' => 120,
    'tgl_transaksi' => '2019-06-08 01:00:01',
    'jenis_tindakan' => 1,
    'nama_tindakan' => 'Ruangan Kamar Bayi',
    'bill_rs' => '200000.00',
    'jumlah' => 1,
    'kode_bagian' => '031201',
    'kode_bagian_asal' => '031201',
    'kode_klas' => 13,
    'no_kamar' => '02',
    'no_bed' => '1',
    'status_selesai' => 1,
    'id_dd_user' => 1,
    'kode_trans_pelayanan' => 4150621,
    'executed' => 'executed',
  ),
  8 => 
  array (
    'no_kunjungan' => 860756,
    'no_registrasi' => 580513,
    'no_mr' => '00238649',
    'nama_pasien_layan' => 'SUYATI',
    'kode_kelompok' => 3,
    'kode_perusahaan' => 120,
    'tgl_transaksi' => '2019-06-08 01:00:01',
    'jenis_tindakan' => 1,
    'nama_tindakan' => 'Ruangan Melati',
    'bill_rs' => '140000.00',
    'jumlah' => 1,
    'kode_bagian' => '031401',
    'kode_bagian_asal' => '031401',
    'kode_klas' => 6,
    'no_kamar' => '1',
    'no_bed' => '2',
    'status_selesai' => 1,
    'id_dd_user' => 1,
    'kode_trans_pelayanan' => 4150622,
    'executed' => 'executed',
  ),
  9 => 
  array (
    'no_kunjungan' => 860814,
    'no_registrasi' => 580574,
    'no_mr' => '00112928',
    'nama_pasien_layan' => 'RIN PARNITI, NY.',
    'kode_kelompok' => 3,
    'kode_perusahaan' => 120,
    'tgl_transaksi' => '2019-06-08 01:00:01',
    'jenis_tindakan' => 1,
    'nama_tindakan' => 'Ruangan Teratai',
    'bill_rs' => '600000.00',
    'jumlah' => 1,
    'kode_bagian' => '030801',
    'kode_bagian_asal' => '030801',
    'kode_klas' => 5,
    'no_kamar' => '2',
    'no_bed' => '1',
    'status_selesai' => 1,
    'id_dd_user' => 1,
    'kode_trans_pelayanan' => 4150623,
    'executed' => 'executed',
  ),
)