Jumlah Record = 9, Eksekusi = 9, No Eksekusi = 0 
array (
  0 => 
  array (
    'no_kunjungan' => 859800,
    'no_registrasi' => 579907,
    'no_mr' => '00235592',
    'nama_pasien_layan' => 'SRI SUNARTI',
    'kode_kelompok' => 3,
    'kode_perusahaan' => 15,
    'tgl_transaksi' => '2019-06-06 01:00:00',
    'jenis_tindakan' => 1,
    'nama_tindakan' => 'Ruangan ICU ',
    'bill_rs' => '1350000.00',
    'jumlah' => 1,
    'kode_bagian' => '031001',
    'kode_bagian_asal' => '031001',
    'kode_klas' => 10,
    'no_kamar' => '1',
    'no_bed' => '1',
    'status_selesai' => 1,
    'id_dd_user' => 1,
    'kode_trans_pelayanan' => 4149214,
    'executed' => 'executed',
  ),
  1 => 
  array (
    'no_kunjungan' => 860278,
    'no_registrasi' => 580166,
    'no_mr' => '00121394',
    'nama_pasien_layan' => 'HJ MASPAH, NY.',
    'kode_kelompok' => 1,
    'kode_perusahaan' => 0,
    'tgl_transaksi' => '2019-06-06 01:00:00',
    'jenis_tindakan' => 1,
    'nama_tindakan' => 'Ruangan Kenanga',
    'bill_rs' => '600000.00',
    'jumlah' => 1,
    'kode_bagian' => '030701',
    'kode_bagian_asal' => '030701',
    'kode_klas' => 5,
    'no_kamar' => '2',
    'no_bed' => '1',
    'status_selesai' => 1,
    'id_dd_user' => 1,
    'kode_trans_pelayanan' => 4149215,
    'executed' => 'executed',
  ),
  2 => 
  array (
    'no_kunjungan' => 860277,
    'no_registrasi' => 580205,
    'no_mr' => '00175116',
    'nama_pasien_layan' => 'SAMSIDAR, Ny.',
    'kode_kelompok' => 3,
    'kode_perusahaan' => 120,
    'tgl_transaksi' => '2019-06-06 01:00:00',
    'jenis_tindakan' => 1,
    'nama_tindakan' => 'Ruangan Mawar',
    'bill_rs' => '210000.00',
    'jumlah' => 1,
    'kode_bagian' => '031301',
    'kode_bagian_asal' => '031301',
    'kode_klas' => 13,
    'no_kamar' => '2',
    'no_bed' => '1',
    'status_selesai' => 1,
    'id_dd_user' => 1,
    'kode_trans_pelayanan' => 4149216,
    'executed' => 'executed',
  ),
  3 => 
  array (
    'no_kunjungan' => 860285,
    'no_registrasi' => 580219,
    'no_mr' => '00238601',
    'nama_pasien_layan' => 'SUDARSONO',
    'kode_kelompok' => 3,
    'kode_perusahaan' => 120,
    'tgl_transaksi' => '2019-06-06 01:00:00',
    'jenis_tindakan' => 1,
    'nama_tindakan' => 'Ruangan Melati',
    'bill_rs' => '140000.00',
    'jumlah' => 1,
    'kode_bagian' => '031401',
    'kode_bagian_asal' => '031401',
    'kode_klas' => 6,
    'no_kamar' => '2',
    'no_bed' => '2',
    'status_selesai' => 1,
    'id_dd_user' => 1,
    'kode_trans_pelayanan' => 4149217,
    'executed' => 'executed',
  ),
  4 => 
  array (
    'no_kunjungan' => 860313,
    'no_registrasi' => 580228,
    'no_mr' => '00238603',
    'nama_pasien_layan' => 'LINA PUSPITA HUTASOIT',
    'kode_kelompok' => 3,
    'kode_perusahaan' => 99,
    'tgl_transaksi' => '2019-06-06 01:00:00',
    'jenis_tindakan' => 1,
    'nama_tindakan' => 'Ruangan Wijayakusuma',
    'bill_rs' => '1200000.00',
    'jumlah' => 1,
    'kode_bagian' => '030101',
    'kode_bagian_asal' => '030101',
    'kode_klas' => 2,
    'no_kamar' => '6',
    'no_bed' => '1',
    'status_selesai' => 1,
    'id_dd_user' => 1,
    'kode_trans_pelayanan' => 4149218,
    'executed' => 'executed',
  ),
  5 => 
  array (
    'no_kunjungan' => 860424,
    'no_registrasi' => 580293,
    'no_mr' => '00238608',
    'nama_pasien_layan' => 'IRWIN ALBERTUS MAENGKOM',
    'kode_kelompok' => 3,
    'kode_perusahaan' => 120,
    'tgl_transaksi' => '2019-06-06 01:00:00',
    'jenis_tindakan' => 1,
    'nama_tindakan' => 'Ruangan Flamboyan',
    'bill_rs' => '310000.00',
    'jumlah' => 1,
    'kode_bagian' => '030601',
    'kode_bagian_asal' => '030601',
    'kode_klas' => 12,
    'no_kamar' => '1',
    'no_bed' => '1',
    'status_selesai' => 1,
    'id_dd_user' => 1,
    'kode_trans_pelayanan' => 4149219,
    'executed' => 'executed',
  ),
  6 => 
  array (
    'no_kunjungan' => 860467,
    'no_registrasi' => 580349,
    'no_mr' => '00199989',
    'nama_pasien_layan' => 'MEISA PUTRIA, NN.',
    'kode_kelompok' => 3,
    'kode_perusahaan' => 34,
    'tgl_transaksi' => '2019-06-06 01:00:01',
    'jenis_tindakan' => 1,
    'nama_tindakan' => 'Ruangan Melati',
    'bill_rs' => '250000.00',
    'jumlah' => 1,
    'kode_bagian' => '031401',
    'kode_bagian_asal' => '031401',
    'kode_klas' => 6,
    'no_kamar' => '1',
    'no_bed' => '1',
    'status_selesai' => 1,
    'id_dd_user' => 1,
    'kode_trans_pelayanan' => 4149220,
    'executed' => 'executed',
  ),
  7 => 
  array (
    'no_kunjungan' => 860539,
    'no_registrasi' => 580379,
    'no_mr' => '00200760',
    'nama_pasien_layan' => 'TAVIRULLAH HIDAYAT, Tn.',
    'kode_kelompok' => 1,
    'kode_perusahaan' => 0,
    'tgl_transaksi' => '2019-06-06 01:00:01',
    'jenis_tindakan' => 1,
    'nama_tindakan' => 'Ruangan Dahlia',
    'bill_rs' => '850000.00',
    'jumlah' => 1,
    'kode_bagian' => '030401',
    'kode_bagian_asal' => '030401',
    'kode_klas' => 4,
    'no_kamar' => '1',
    'no_bed' => '1',
    'status_selesai' => 1,
    'id_dd_user' => 1,
    'kode_trans_pelayanan' => 4149221,
    'executed' => 'executed',
  ),
  8 => 
  array (
    'no_kunjungan' => 860532,
    'no_registrasi' => 580381,
    'no_mr' => '00175337',
    'nama_pasien_layan' => 'UMAMAH, Ny.',
    'kode_kelompok' => 3,
    'kode_perusahaan' => 120,
    'tgl_transaksi' => '2019-06-06 01:00:01',
    'jenis_tindakan' => 1,
    'nama_tindakan' => 'Ruangan Flamboyan',
    'bill_rs' => '310000.00',
    'jumlah' => 1,
    'kode_bagian' => '030601',
    'kode_bagian_asal' => '030601',
    'kode_klas' => 12,
    'no_kamar' => '2',
    'no_bed' => '1',
    'status_selesai' => 1,
    'id_dd_user' => 1,
    'kode_trans_pelayanan' => 4149222,
    'executed' => 'executed',
  ),
)