Jumlah Record = 25, Eksekusi = 23, No Eksekusi = 2 
array (
  0 => 
  array (
    'no_kunjungan' => 861625,
    'no_registrasi' => 581111,
    'no_mr' => '00238743',
    'nama_pasien_layan' => 'HALWAH RANIAH',
    'kode_kelompok' => 3,
    'kode_perusahaan' => 120,
    'tgl_transaksi' => '2019-06-15 01:00:00',
    'jenis_tindakan' => 1,
    'nama_tindakan' => 'Ruangan Seruni',
    'bill_rs' => '210000.00',
    'jumlah' => 1,
    'kode_bagian' => '030301',
    'kode_bagian_asal' => '030301',
    'kode_klas' => 13,
    'no_kamar' => '4',
    'no_bed' => '1 ',
    'status_selesai' => 1,
    'id_dd_user' => 1,
    'kode_trans_pelayanan' => 4166007,
    'executed' => 'executed',
  ),
  1 => 
  array (
    'no_kunjungan' => 862366,
    'no_registrasi' => 581547,
    'no_mr' => '00179874',
    'nama_pasien_layan' => 'VERA GRACE TOBING, NY.',
    'kode_kelompok' => 3,
    'kode_perusahaan' => 120,
    'tgl_transaksi' => '2019-06-15 01:00:01',
    'jenis_tindakan' => 1,
    'nama_tindakan' => 'Ruangan Flamboyan',
    'bill_rs' => '310000.00',
    'jumlah' => 1,
    'kode_bagian' => '030601',
    'kode_bagian_asal' => '030601',
    'kode_klas' => 12,
    'no_kamar' => '2',
    'no_bed' => '1',
    'status_selesai' => 1,
    'id_dd_user' => 1,
    'kode_trans_pelayanan' => 4166008,
    'executed' => 'executed',
  ),
  2 => 
  array (
    'no_kunjungan' => 862721,
    'no_registrasi' => 581945,
    'no_mr' => '00106272',
    'nama_pasien_layan' => 'DJUDJU JURIAH, Ny.',
    'kode_kelompok' => 3,
    'kode_perusahaan' => 120,
    'tgl_transaksi' => '2019-06-15 01:00:01',
    'jenis_tindakan' => 1,
    'nama_tindakan' => 'Ruangan Mawar',
    'bill_rs' => '210000.00',
    'jumlah' => 1,
    'kode_bagian' => '031301',
    'kode_bagian_asal' => '031301',
    'kode_klas' => 13,
    'no_kamar' => '2',
    'no_bed' => '1',
    'status_selesai' => 1,
    'id_dd_user' => 1,
    'kode_trans_pelayanan' => 4166009,
    'executed' => 'executed',
  ),
  3 => 
  array (
    'no_kunjungan' => 862760,
    'no_registrasi' => 581993,
    'no_mr' => '00238881',
    'nama_pasien_layan' => 'LUTFIYAH',
    'kode_kelompok' => 1,
    'kode_perusahaan' => 0,
    'tgl_transaksi' => '2019-06-15 01:00:01',
    'jenis_tindakan' => 1,
    'nama_tindakan' => 'Ruangan Flamboyan',
    'bill_rs' => '670000.00',
    'jumlah' => 1,
    'kode_bagian' => '030601',
    'kode_bagian_asal' => '030601',
    'kode_klas' => 12,
    'no_kamar' => '1',
    'no_bed' => '1',
    'status_selesai' => 1,
    'id_dd_user' => 1,
    'kode_trans_pelayanan' => 4166010,
    'executed' => 'executed',
  ),
  4 => 
  array (
    'no_kunjungan' => 863077,
    'no_registrasi' => 582162,
    'no_mr' => '00175504',
    'nama_pasien_layan' => 'SHINTA OCTAVIA SRI U., Ny.',
    'kode_kelompok' => 3,
    'kode_perusahaan' => 120,
    'tgl_transaksi' => '2019-06-15 01:00:01',
    'jenis_tindakan' => 1,
    'nama_tindakan' => 'Ruangan Flamboyan',
    'bill_rs' => '310000.00',
    'jumlah' => 1,
    'kode_bagian' => '030601',
    'kode_bagian_asal' => '030601',
    'kode_klas' => 12,
    'no_kamar' => '1',
    'no_bed' => '2',
    'status_selesai' => 1,
    'id_dd_user' => 1,
    'kode_trans_pelayanan' => 4166011,
    'executed' => 'executed',
  ),
  5 => 
  array (
    'no_kunjungan' => 863315,
    'no_registrasi' => 582355,
    'no_mr' => '00038287',
    'nama_pasien_layan' => 'NILA SARI SYAHRIAL REKSOPRODJO, NY.',
    'kode_kelompok' => 11,
    'kode_perusahaan' => 0,
    'tgl_transaksi' => '2019-06-15 01:00:01',
    'jenis_tindakan' => 1,
    'nama_tindakan' => 'Ruangan Wijayakusuma',
    'bill_rs' => '1200000.00',
    'jumlah' => 1,
    'kode_bagian' => '030101',
    'kode_bagian_asal' => '030101',
    'kode_klas' => 2,
    'no_kamar' => '6',
    'no_bed' => '1',
    'status_selesai' => 1,
    'id_dd_user' => 1,
    'kode_trans_pelayanan' => 4166012,
    'executed' => 'executed',
  ),
  6 => 
  array (
    'no_kunjungan' => 863276,
    'no_registrasi' => 582378,
    'no_mr' => '00224758',
    'nama_pasien_layan' => 'ANISA SETIYA RINI, NY., Ny.',
    'kode_kelompok' => 3,
    'kode_perusahaan' => 120,
    'tgl_transaksi' => '2019-06-15 01:00:01',
    'jenis_tindakan' => 1,
    'nama_tindakan' => 'Ruangan Seruni Ruang Nifas',
    'bill_rs' => '310000.00',
    'jumlah' => 1,
    'kode_bagian' => '031601',
    'kode_bagian_asal' => '031601',
    'kode_klas' => 12,
    'no_kamar' => '1',
    'no_bed' => '1 ',
    'status_selesai' => 1,
    'id_dd_user' => 1,
    'kode_trans_pelayanan' => 4166013,
    'executed' => 'executed',
  ),
  7 => 
  array (
    'no_kunjungan' => 863318,
    'no_registrasi' => 582399,
    'no_mr' => '00238768',
    'nama_pasien_layan' => 'SUGIHARTI MURNI, Ny.',
    'kode_kelompok' => 3,
    'kode_perusahaan' => 120,
    'tgl_transaksi' => '2019-06-15 01:00:01',
    'jenis_tindakan' => 1,
    'nama_tindakan' => 'Ruangan Bougenvile',
    'bill_rs' => '140000.00',
    'jumlah' => 1,
    'kode_bagian' => '031701',
    'kode_bagian_asal' => '031701',
    'kode_klas' => 6,
    'no_kamar' => '1',
    'no_bed' => '1',
    'status_selesai' => 1,
    'id_dd_user' => 1,
    'kode_trans_pelayanan' => 4166014,
    'executed' => 'executed',
  ),
  8 => 
  array (
    'no_kunjungan' => 863575,
    'no_registrasi' => 582632,
    'no_mr' => '00238954',
    'nama_pasien_layan' => 'BY.NY.ANISA SETIYA RINI',
    'kode_kelompok' => 3,
    'kode_perusahaan' => 120,
    'tgl_transaksi' => '2019-06-15 01:00:01',
    'jenis_tindakan' => 1,
    'nama_tindakan' => 'Ruangan Kamar Bayi',
    'bill_rs' => '330000.00',
    'jumlah' => 1,
    'kode_bagian' => '031201',
    'kode_bagian_asal' => '031201',
    'kode_klas' => 12,
    'no_kamar' => '02',
    'no_bed' => '2',
    'status_selesai' => 1,
    'id_dd_user' => 1,
    'kode_trans_pelayanan' => 4166015,
    'executed' => 'executed',
  ),
  9 => 
  array (
    'no_kunjungan' => 863687,
    'no_registrasi' => 582710,
    'no_mr' => '00238965',
    'nama_pasien_layan' => 'BY.NY.SUGIHARTI MURNI',
    'kode_kelompok' => 3,
    'kode_perusahaan' => 120,
    'tgl_transaksi' => '2019-06-15 01:00:02',
    'jenis_tindakan' => 1,
    'nama_tindakan' => 'Ruangan Kamar Bayi',
    'bill_rs' => '120000.00',
    'jumlah' => 1,
    'kode_bagian' => '031201',
    'kode_bagian_asal' => '031201',
    'kode_klas' => 6,
    'no_kamar' => '03',
    'no_bed' => '1',
    'status_selesai' => 1,
    'id_dd_user' => 1,
    'kode_trans_pelayanan' => 4166016,
    'executed' => 'executed',
  ),
  10 => 
  array (
    'no_kunjungan' => 863751,
    'no_registrasi' => 582725,
    'no_mr' => '00198892',
    'nama_pasien_layan' => 'ANANG SUDIJARTO, Tn.',
    'kode_kelompok' => 3,
    'kode_perusahaan' => 120,
    'tgl_transaksi' => '2019-06-15 01:00:02',
    'jenis_tindakan' => 1,
    'nama_tindakan' => 'Ruangan Flamboyan',
    'bill_rs' => '310000.00',
    'jumlah' => 1,
    'kode_bagian' => '030601',
    'kode_bagian_asal' => '030601',
    'kode_klas' => 12,
    'no_kamar' => '3',
    'no_bed' => '1',
    'status_selesai' => 1,
    'id_dd_user' => 1,
    'kode_trans_pelayanan' => 4166017,
    'executed' => 'executed',
  ),
  11 => 
  array (
    'no_kunjungan' => 863818,
    'no_registrasi' => 582741,
    'no_mr' => '00238708',
    'nama_pasien_layan' => 'AGUNG DEDI SUTARDI, TN.',
    'kode_kelompok' => 3,
    'kode_perusahaan' => 338,
    'tgl_transaksi' => '2019-06-15 01:00:02',
    'jenis_tindakan' => 1,
    'nama_tindakan' => 'Ruangan Melati',
    'bill_rs' => '250000.00',
    'jumlah' => 1,
    'kode_bagian' => '031401',
    'kode_bagian_asal' => '031401',
    'kode_klas' => 6,
    'no_kamar' => '2',
    'no_bed' => '2',
    'status_selesai' => 1,
    'id_dd_user' => 1,
    'kode_trans_pelayanan' => 4166018,
    'executed' => 'executed',
  ),
  12 => 
  array (
    'no_kunjungan' => 863820,
    'no_registrasi' => 582742,
    'no_mr' => '00238009',
    'nama_pasien_layan' => 'DESTY WIJAYANTI, Ny.',
    'kode_kelompok' => 3,
    'kode_perusahaan' => 120,
    'tgl_transaksi' => '2019-06-15 01:00:02',
    'jenis_tindakan' => 1,
    'nama_tindakan' => 'Ruangan Mawar',
    'bill_rs' => '210000.00',
    'jumlah' => 1,
    'kode_bagian' => '031301',
    'kode_bagian_asal' => '031301',
    'kode_klas' => 13,
    'no_kamar' => '2',
    'no_bed' => '3',
    'status_selesai' => 1,
    'id_dd_user' => 1,
    'kode_trans_pelayanan' => 4166019,
    'executed' => 'executed',
  ),
  13 => 
  array (
    'no_kunjungan' => 863822,
    'no_registrasi' => 582743,
    'no_mr' => '00238710',
    'nama_pasien_layan' => 'MARJUKI, Tn.',
    'kode_kelompok' => 3,
    'kode_perusahaan' => 120,
    'tgl_transaksi' => '2019-06-15 01:00:02',
    'jenis_tindakan' => 1,
    'nama_tindakan' => 'Ruangan Flamboyan',
    'bill_rs' => '310000.00',
    'jumlah' => 1,
    'kode_bagian' => '030601',
    'kode_bagian_asal' => '030601',
    'kode_klas' => 12,
    'no_kamar' => '3',
    'no_bed' => '2',
    'status_selesai' => 1,
    'id_dd_user' => 1,
    'kode_trans_pelayanan' => 4166020,
    'executed' => 'executed',
  ),
  14 => 
  array (
    'no_kunjungan' => 863823,
    'no_registrasi' => 582744,
    'no_mr' => '00238695',
    'nama_pasien_layan' => 'WATINI, Ny.',
    'kode_kelompok' => 3,
    'kode_perusahaan' => 120,
    'tgl_transaksi' => '2019-06-15 01:00:02',
    'jenis_tindakan' => 1,
    'nama_tindakan' => 'Ruangan Mawar',
    'bill_rs' => '210000.00',
    'jumlah' => 1,
    'kode_bagian' => '031301',
    'kode_bagian_asal' => '031301',
    'kode_klas' => 13,
    'no_kamar' => '2',
    'no_bed' => '4',
    'status_selesai' => 1,
    'id_dd_user' => 1,
    'kode_trans_pelayanan' => 4166021,
    'executed' => 'executed',
  ),
  15 => 
  array (
    'no_kunjungan' => 863824,
    'no_registrasi' => 582745,
    'no_mr' => '00233708',
    'nama_pasien_layan' => 'RACHMI SAFRIANI, Ny.',
    'kode_kelompok' => 3,
    'kode_perusahaan' => 120,
    'tgl_transaksi' => '2019-06-15 01:00:02',
    'jenis_tindakan' => 1,
    'nama_tindakan' => 'Ruangan Anggrek',
    'bill_rs' => '310000.00',
    'jumlah' => 1,
    'kode_bagian' => '030201',
    'kode_bagian_asal' => '030201',
    'kode_klas' => 3,
    'no_kamar' => '1',
    'no_bed' => ' 1',
    'status_selesai' => 1,
    'id_dd_user' => 1,
    'kode_trans_pelayanan' => 4166022,
    'executed' => 'executed',
  ),
  16 => 
  array (
    'no_kunjungan' => 863826,
    'no_registrasi' => 582746,
    'no_mr' => '00238557',
    'nama_pasien_layan' => 'SITI ODJAH, Ny.',
    'kode_kelompok' => 3,
    'kode_perusahaan' => 120,
    'tgl_transaksi' => '2019-06-15 01:00:02',
    'jenis_tindakan' => 1,
    'nama_tindakan' => 'Ruangan Melati',
    'bill_rs' => '140000.00',
    'jumlah' => 1,
    'kode_bagian' => '031401',
    'kode_bagian_asal' => '031401',
    'kode_klas' => 6,
    'no_kamar' => '1',
    'no_bed' => '1',
    'status_selesai' => 1,
    'id_dd_user' => 1,
    'kode_trans_pelayanan' => 4166023,
    'executed' => 'executed',
  ),
  17 => 
  array (
    'no_kunjungan' => 863832,
    'no_registrasi' => 582747,
    'no_mr' => '00207751',
    'nama_pasien_layan' => 'RIFALI AZKA ALFATIH',
    'kode_kelompok' => 3,
    'kode_perusahaan' => 120,
    'tgl_transaksi' => '2019-06-15 01:00:02',
    'jenis_tindakan' => 1,
    'nama_tindakan' => 'Ruangan Seruni',
    'bill_rs' => '210000.00',
    'jumlah' => 1,
    'kode_bagian' => '030301',
    'kode_bagian_asal' => '030301',
    'kode_klas' => 13,
    'no_kamar' => '4',
    'no_bed' => '2',
    'status_selesai' => 1,
    'id_dd_user' => 1,
    'kode_trans_pelayanan' => 4166024,
    'executed' => 'executed',
  ),
  18 => 
  array (
    'no_kunjungan' => 864111,
    'no_registrasi' => 582992,
    'no_mr' => '00134464',
    'nama_pasien_layan' => 'AMINUDDIN IR',
    'kode_kelompok' => 1,
    'kode_perusahaan' => 0,
    'tgl_transaksi' => '2019-06-15 01:00:03',
    'jenis_tindakan' => 1,
    'nama_tindakan' => 'Ruangan Anggrek',
    'bill_rs' => '1000000.00',
    'jumlah' => 1,
    'kode_bagian' => '030201',
    'kode_bagian_asal' => '030201',
    'kode_klas' => 3,
    'no_kamar' => '2',
    'no_bed' => '1',
    'status_selesai' => 1,
    'id_dd_user' => 1,
    'kode_trans_pelayanan' => 4166025,
    'executed' => 'executed',
  ),
  19 => 
  array (
    'no_kunjungan' => 864122,
    'no_registrasi' => 582997,
    'no_mr' => '00239003',
    'nama_pasien_layan' => 'BY NY RACHMI SAFRIANI',
    'kode_kelompok' => 3,
    'kode_perusahaan' => 120,
    'tgl_transaksi' => '2019-06-15 01:00:03',
    'jenis_tindakan' => 1,
    'nama_tindakan' => 'Ruangan Kamar Bayi',
    'bill_rs' => '500000.00',
    'jumlah' => 1,
    'kode_bagian' => '031201',
    'kode_bagian_asal' => '031201',
    'kode_klas' => 3,
    'no_kamar' => '01',
    'no_bed' => '1',
    'status_selesai' => 1,
    'id_dd_user' => 1,
    'kode_trans_pelayanan' => 4166026,
    'executed' => 'executed',
  ),
  20 => 
  array (
    'no_kunjungan' => 864402,
    'no_registrasi' => 583087,
    'no_mr' => '00205985',
    'nama_pasien_layan' => 'DJAHAROH, Ny.',
    'kode_kelompok' => 3,
    'kode_perusahaan' => 120,
    'tgl_transaksi' => '2019-06-15 01:00:03',
    'jenis_tindakan' => 1,
    'nama_tindakan' => 'Ruangan Melati',
    'bill_rs' => '140000.00',
    'jumlah' => 1,
    'kode_bagian' => '031401',
    'kode_bagian_asal' => '031401',
    'kode_klas' => 6,
    'no_kamar' => '1',
    'no_bed' => '2',
    'status_selesai' => 1,
    'id_dd_user' => 1,
    'kode_trans_pelayanan' => 4166027,
    'executed' => 'executed',
  ),
  21 => 
  array (
    'no_kunjungan' => 864448,
    'no_registrasi' => 583212,
    'no_mr' => '00236642',
    'nama_pasien_layan' => 'ASMAK MADIJONO',
    'kode_kelompok' => 1,
    'kode_perusahaan' => 0,
    'tgl_transaksi' => '2019-06-15 01:00:03',
    'jenis_tindakan' => 1,
    'nama_tindakan' => 'Ruangan Dahlia',
    'bill_rs' => '850000.00',
    'jumlah' => 1,
    'kode_bagian' => '030401',
    'kode_bagian_asal' => '030401',
    'kode_klas' => 4,
    'no_kamar' => '1',
    'no_bed' => '1',
    'status_selesai' => 1,
    'id_dd_user' => 1,
    'kode_trans_pelayanan' => 4166028,
    'executed' => 'executed',
  ),
  22 => 
  array (
    'no_kunjungan' => 864468,
    'no_registrasi' => 583220,
    'no_mr' => '00174067',
    'nama_pasien_layan' => 'IR RUDIWAN SOEDHARDJI, Tn.',
    'kode_kelompok' => 3,
    'kode_perusahaan' => 120,
    'tgl_transaksi' => '2019-06-15 01:00:03',
    'jenis_tindakan' => 1,
    'nama_tindakan' => 'Ruangan Kenanga',
    'bill_rs' => '600000.00',
    'jumlah' => 1,
    'kode_bagian' => '030701',
    'kode_bagian_asal' => '030701',
    'kode_klas' => 5,
    'no_kamar' => '2',
    'no_bed' => '1',
    'status_selesai' => 1,
    'id_dd_user' => 1,
    'kode_trans_pelayanan' => 4166029,
    'executed' => 'executed',
  ),
  23 => 
  array (
    'no_kunjungan' => 864487,
    'no_registrasi' => 583232,
    'no_mr' => '00135220',
    'nama_pasien_layan' => 'H.SUPRAPTO ASMONO, TN.',
    'kode_kelompok' => 3,
    'kode_perusahaan' => 120,
    'tgl_transaksi' => '2019-06-15 01:00:03',
    'jenis_tindakan' => 1,
    'nama_tindakan' => 'Ruangan Flamboyan',
    'bill_rs' => '310000.00',
    'jumlah' => 1,
    'kode_bagian' => '030601',
    'kode_bagian_asal' => '030601',
    'kode_klas' => 12,
    'no_kamar' => '4',
    'no_bed' => '1',
    'status_selesai' => 1,
    'id_dd_user' => 1,
    'kode_trans_pelayanan' => 4165991,
    'executed' => 'not_executed',
  ),
  24 => 
  array (
    'no_kunjungan' => 864488,
    'no_registrasi' => 583233,
    'no_mr' => '00238503',
    'nama_pasien_layan' => 'ANITA PRATIWI',
    'kode_kelompok' => 3,
    'kode_perusahaan' => 120,
    'tgl_transaksi' => '2019-06-15 01:00:03',
    'jenis_tindakan' => 1,
    'nama_tindakan' => 'Ruangan Melati',
    'bill_rs' => '140000.00',
    'jumlah' => 1,
    'kode_bagian' => '031401',
    'kode_bagian_asal' => '031401',
    'kode_klas' => 6,
    'no_kamar' => '1',
    'no_bed' => '3',
    'status_selesai' => 1,
    'id_dd_user' => 1,
    'kode_trans_pelayanan' => 4165992,
    'executed' => 'not_executed',
  ),
)