Jumlah Record = 28, Eksekusi = 26, No Eksekusi = 2 
array (
  0 => 
  array (
    'no_kunjungan' => 864900,
    'no_registrasi' => 583356,
    'no_mr' => '00239044',
    'nama_pasien_layan' => 'SITI ROSITA',
    'kode_kelompok' => 3,
    'kode_perusahaan' => 120,
    'tgl_transaksi' => '2019-06-21 01:00:01',
    'jenis_tindakan' => 1,
    'nama_tindakan' => 'Ruangan Melati',
    'bill_rs' => '140000.00',
    'jumlah' => 1,
    'kode_bagian' => '031401',
    'kode_bagian_asal' => '031401',
    'kode_klas' => 6,
    'no_kamar' => '1',
    'no_bed' => '6 ',
    'status_selesai' => 1,
    'id_dd_user' => 1,
    'kode_trans_pelayanan' => 4182137,
    'executed' => 'executed',
  ),
  1 => 
  array (
    'no_kunjungan' => 865468,
    'no_registrasi' => 583849,
    'no_mr' => '00239130',
    'nama_pasien_layan' => 'HALIMAH',
    'kode_kelompok' => 3,
    'kode_perusahaan' => 120,
    'tgl_transaksi' => '2019-06-21 01:00:01',
    'jenis_tindakan' => 1,
    'nama_tindakan' => 'Ruangan Melati',
    'bill_rs' => '140000.00',
    'jumlah' => 1,
    'kode_bagian' => '031401',
    'kode_bagian_asal' => '031401',
    'kode_klas' => 6,
    'no_kamar' => '1',
    'no_bed' => '7 ',
    'status_selesai' => 1,
    'id_dd_user' => 1,
    'kode_trans_pelayanan' => 4182138,
    'executed' => 'executed',
  ),
  2 => 
  array (
    'no_kunjungan' => 865766,
    'no_registrasi' => 584115,
    'no_mr' => '00239140',
    'nama_pasien_layan' => 'ANDI DEA IHDINASARI',
    'kode_kelompok' => 3,
    'kode_perusahaan' => 226,
    'tgl_transaksi' => '2019-06-21 01:00:01',
    'jenis_tindakan' => 1,
    'nama_tindakan' => 'Ruangan Mawar',
    'bill_rs' => '410000.00',
    'jumlah' => 1,
    'kode_bagian' => '031301',
    'kode_bagian_asal' => '031301',
    'kode_klas' => 13,
    'no_kamar' => '2',
    'no_bed' => '1',
    'status_selesai' => 1,
    'id_dd_user' => 1,
    'kode_trans_pelayanan' => 4182139,
    'executed' => 'executed',
  ),
  3 => 
  array (
    'no_kunjungan' => 865967,
    'no_registrasi' => 584243,
    'no_mr' => '00234934',
    'nama_pasien_layan' => 'NY SITI IMRON',
    'kode_kelompok' => 3,
    'kode_perusahaan' => 120,
    'tgl_transaksi' => '2019-06-21 01:00:01',
    'jenis_tindakan' => 1,
    'nama_tindakan' => 'Ruangan Melati',
    'bill_rs' => '140000.00',
    'jumlah' => 1,
    'kode_bagian' => '031401',
    'kode_bagian_asal' => '031401',
    'kode_klas' => 6,
    'no_kamar' => '1',
    'no_bed' => '2',
    'status_selesai' => 1,
    'id_dd_user' => 1,
    'kode_trans_pelayanan' => 4182140,
    'executed' => 'executed',
  ),
  4 => 
  array (
    'no_kunjungan' => 866328,
    'no_registrasi' => 584442,
    'no_mr' => '00159128',
    'nama_pasien_layan' => 'RIZKY, NY.',
    'kode_kelompok' => 3,
    'kode_perusahaan' => 120,
    'tgl_transaksi' => '2019-06-21 01:00:02',
    'jenis_tindakan' => 1,
    'nama_tindakan' => 'Ruangan Melati',
    'bill_rs' => '140000.00',
    'jumlah' => 1,
    'kode_bagian' => '031401',
    'kode_bagian_asal' => '031401',
    'kode_klas' => 6,
    'no_kamar' => '1',
    'no_bed' => '1',
    'status_selesai' => 1,
    'id_dd_user' => 1,
    'kode_trans_pelayanan' => 4182141,
    'executed' => 'executed',
  ),
  5 => 
  array (
    'no_kunjungan' => 866388,
    'no_registrasi' => 584480,
    'no_mr' => '00165684',
    'nama_pasien_layan' => 'HADJIR, NY.',
    'kode_kelompok' => 3,
    'kode_perusahaan' => 120,
    'tgl_transaksi' => '2019-06-21 01:00:02',
    'jenis_tindakan' => 1,
    'nama_tindakan' => 'Ruangan Flamboyan',
    'bill_rs' => '310000.00',
    'jumlah' => 1,
    'kode_bagian' => '030601',
    'kode_bagian_asal' => '030601',
    'kode_klas' => 12,
    'no_kamar' => '3',
    'no_bed' => '1',
    'status_selesai' => 1,
    'id_dd_user' => 1,
    'kode_trans_pelayanan' => 4182142,
    'executed' => 'executed',
  ),
  6 => 
  array (
    'no_kunjungan' => 866330,
    'no_registrasi' => 584500,
    'no_mr' => '00236494',
    'nama_pasien_layan' => 'MAMAT, Tn.',
    'kode_kelompok' => 3,
    'kode_perusahaan' => 120,
    'tgl_transaksi' => '2019-06-21 01:00:02',
    'jenis_tindakan' => 1,
    'nama_tindakan' => 'Ruangan Melati',
    'bill_rs' => '140000.00',
    'jumlah' => 1,
    'kode_bagian' => '031401',
    'kode_bagian_asal' => '031401',
    'kode_klas' => 6,
    'no_kamar' => '2',
    'no_bed' => '1',
    'status_selesai' => 1,
    'id_dd_user' => 1,
    'kode_trans_pelayanan' => 4182143,
    'executed' => 'executed',
  ),
  7 => 
  array (
    'no_kunjungan' => 866749,
    'no_registrasi' => 584783,
    'no_mr' => '00184216',
    'nama_pasien_layan' => 'JUANINGSIH, Ny.',
    'kode_kelompok' => 3,
    'kode_perusahaan' => 120,
    'tgl_transaksi' => '2019-06-21 01:00:02',
    'jenis_tindakan' => 1,
    'nama_tindakan' => 'Ruangan Wijayakusuma',
    'bill_rs' => '1200000.00',
    'jumlah' => 1,
    'kode_bagian' => '030101',
    'kode_bagian_asal' => '030101',
    'kode_klas' => 2,
    'no_kamar' => '6',
    'no_bed' => '1',
    'status_selesai' => 1,
    'id_dd_user' => 1,
    'kode_trans_pelayanan' => 4182144,
    'executed' => 'executed',
  ),
  8 => 
  array (
    'no_kunjungan' => 866998,
    'no_registrasi' => 584794,
    'no_mr' => '00237870',
    'nama_pasien_layan' => 'DIAN PUSPITA SARI',
    'kode_kelompok' => 3,
    'kode_perusahaan' => 120,
    'tgl_transaksi' => '2019-06-21 01:00:02',
    'jenis_tindakan' => 1,
    'nama_tindakan' => 'Ruangan Bougenvile',
    'bill_rs' => '140000.00',
    'jumlah' => 1,
    'kode_bagian' => '031701',
    'kode_bagian_asal' => '031701',
    'kode_klas' => 6,
    'no_kamar' => '1',
    'no_bed' => '2',
    'status_selesai' => 1,
    'id_dd_user' => 1,
    'kode_trans_pelayanan' => 4182145,
    'executed' => 'executed',
  ),
  9 => 
  array (
    'no_kunjungan' => 866798,
    'no_registrasi' => 584795,
    'no_mr' => '00237699',
    'nama_pasien_layan' => 'IIN HAMSIAH, Ny.',
    'kode_kelompok' => 3,
    'kode_perusahaan' => 120,
    'tgl_transaksi' => '2019-06-21 01:00:03',
    'jenis_tindakan' => 1,
    'nama_tindakan' => 'Ruangan Bougenvile',
    'bill_rs' => '140000.00',
    'jumlah' => 1,
    'kode_bagian' => '031701',
    'kode_bagian_asal' => '031701',
    'kode_klas' => 6,
    'no_kamar' => '1',
    'no_bed' => '1',
    'status_selesai' => 1,
    'id_dd_user' => 1,
    'kode_trans_pelayanan' => 4182146,
    'executed' => 'executed',
  ),
  10 => 
  array (
    'no_kunjungan' => 866799,
    'no_registrasi' => 584796,
    'no_mr' => '00167539',
    'nama_pasien_layan' => 'RATIH VENTA LARASATI, NY',
    'kode_kelompok' => 3,
    'kode_perusahaan' => 120,
    'tgl_transaksi' => '2019-06-21 01:00:03',
    'jenis_tindakan' => 1,
    'nama_tindakan' => 'Ruangan Flamboyan',
    'bill_rs' => '310000.00',
    'jumlah' => 1,
    'kode_bagian' => '030601',
    'kode_bagian_asal' => '030601',
    'kode_klas' => 12,
    'no_kamar' => '4',
    'no_bed' => '2 ',
    'status_selesai' => 1,
    'id_dd_user' => 1,
    'kode_trans_pelayanan' => 4182147,
    'executed' => 'executed',
  ),
  11 => 
  array (
    'no_kunjungan' => 866930,
    'no_registrasi' => 584904,
    'no_mr' => '00239237',
    'nama_pasien_layan' => 'BY NY RATIH VENTA LARASATI',
    'kode_kelompok' => 3,
    'kode_perusahaan' => 120,
    'tgl_transaksi' => '2019-06-21 01:00:03',
    'jenis_tindakan' => 1,
    'nama_tindakan' => 'Ruangan Kamar Bayi',
    'bill_rs' => '330000.00',
    'jumlah' => 1,
    'kode_bagian' => '031201',
    'kode_bagian_asal' => '031201',
    'kode_klas' => 12,
    'no_kamar' => '01',
    'no_bed' => '2',
    'status_selesai' => 1,
    'id_dd_user' => 1,
    'kode_trans_pelayanan' => 4182148,
    'executed' => 'executed',
  ),
  12 => 
  array (
    'no_kunjungan' => 867035,
    'no_registrasi' => 584980,
    'no_mr' => '00239251',
    'nama_pasien_layan' => 'BY.NY. DIAN PUSPITA SARI',
    'kode_kelompok' => 3,
    'kode_perusahaan' => 120,
    'tgl_transaksi' => '2019-06-21 01:00:03',
    'jenis_tindakan' => 1,
    'nama_tindakan' => 'Ruangan Kamar Bayi',
    'bill_rs' => '120000.00',
    'jumlah' => 1,
    'kode_bagian' => '031201',
    'kode_bagian_asal' => '031201',
    'kode_klas' => 6,
    'no_kamar' => '01',
    'no_bed' => '4',
    'status_selesai' => 1,
    'id_dd_user' => 1,
    'kode_trans_pelayanan' => 4182149,
    'executed' => 'executed',
  ),
  13 => 
  array (
    'no_kunjungan' => 867059,
    'no_registrasi' => 584997,
    'no_mr' => '00239258',
    'nama_pasien_layan' => 'BY NY IIN HAMSIAH',
    'kode_kelompok' => 3,
    'kode_perusahaan' => 120,
    'tgl_transaksi' => '2019-06-21 01:00:03',
    'jenis_tindakan' => 1,
    'nama_tindakan' => 'Ruangan Kamar Bayi',
    'bill_rs' => '200000.00',
    'jumlah' => 1,
    'kode_bagian' => '031201',
    'kode_bagian_asal' => '031201',
    'kode_klas' => 13,
    'no_kamar' => '01',
    'no_bed' => '2',
    'status_selesai' => 1,
    'id_dd_user' => 1,
    'kode_trans_pelayanan' => 4182150,
    'executed' => 'executed',
  ),
  14 => 
  array (
    'no_kunjungan' => 867099,
    'no_registrasi' => 585028,
    'no_mr' => '00239150',
    'nama_pasien_layan' => 'TRI RAHAYU, Ny.',
    'kode_kelompok' => 3,
    'kode_perusahaan' => 120,
    'tgl_transaksi' => '2019-06-21 01:00:03',
    'jenis_tindakan' => 1,
    'nama_tindakan' => 'Ruangan Seruni Ruang Nifas',
    'bill_rs' => NULL,
    'jumlah' => 1,
    'kode_bagian' => '031601',
    'kode_bagian_asal' => '031601',
    'kode_klas' => 13,
    'no_kamar' => '2',
    'no_bed' => '1',
    'status_selesai' => 1,
    'id_dd_user' => 1,
    'kode_trans_pelayanan' => 4182151,
    'executed' => 'executed',
  ),
  15 => 
  array (
    'no_kunjungan' => 867534,
    'no_registrasi' => 585305,
    'no_mr' => '00212571',
    'nama_pasien_layan' => 'NURDJANAH, Ny.',
    'kode_kelompok' => 3,
    'kode_perusahaan' => 120,
    'tgl_transaksi' => '2019-06-21 01:00:04',
    'jenis_tindakan' => 1,
    'nama_tindakan' => 'Ruangan Mawar',
    'bill_rs' => '210000.00',
    'jumlah' => 1,
    'kode_bagian' => '031301',
    'kode_bagian_asal' => '031301',
    'kode_klas' => 13,
    'no_kamar' => '2',
    'no_bed' => '2',
    'status_selesai' => 1,
    'id_dd_user' => 1,
    'kode_trans_pelayanan' => 4182151,
    'executed' => 'executed',
  ),
  16 => 
  array (
    'no_kunjungan' => 867561,
    'no_registrasi' => 585342,
    'no_mr' => '00239292',
    'nama_pasien_layan' => 'BY NY TRI RAHAYU',
    'kode_kelompok' => 3,
    'kode_perusahaan' => 120,
    'tgl_transaksi' => '2019-06-21 01:00:04',
    'jenis_tindakan' => 1,
    'nama_tindakan' => 'Ruangan Kamar Bayi',
    'bill_rs' => '200000.00',
    'jumlah' => 1,
    'kode_bagian' => '031201',
    'kode_bagian_asal' => '031201',
    'kode_klas' => 13,
    'no_kamar' => '01',
    'no_bed' => '3',
    'status_selesai' => 1,
    'id_dd_user' => 1,
    'kode_trans_pelayanan' => 4182152,
    'executed' => 'executed',
  ),
  17 => 
  array (
    'no_kunjungan' => 867587,
    'no_registrasi' => 585351,
    'no_mr' => '00237172',
    'nama_pasien_layan' => 'NANI MINARNI',
    'kode_kelompok' => 3,
    'kode_perusahaan' => 120,
    'tgl_transaksi' => '2019-06-21 01:00:04',
    'jenis_tindakan' => 1,
    'nama_tindakan' => 'Ruangan Anggrek',
    'bill_rs' => '1000000.00',
    'jumlah' => 1,
    'kode_bagian' => '030201',
    'kode_bagian_asal' => '030201',
    'kode_klas' => 3,
    'no_kamar' => '1',
    'no_bed' => ' 1',
    'status_selesai' => 1,
    'id_dd_user' => 1,
    'kode_trans_pelayanan' => 4182153,
    'executed' => 'executed',
  ),
  18 => 
  array (
    'no_kunjungan' => 867772,
    'no_registrasi' => 585517,
    'no_mr' => '00238790',
    'nama_pasien_layan' => 'WAHYUDIN NASRULLOH',
    'kode_kelompok' => 3,
    'kode_perusahaan' => 120,
    'tgl_transaksi' => '2019-06-21 01:00:04',
    'jenis_tindakan' => 1,
    'nama_tindakan' => 'Ruangan Melati',
    'bill_rs' => '140000.00',
    'jumlah' => 1,
    'kode_bagian' => '031401',
    'kode_bagian_asal' => '031401',
    'kode_klas' => 6,
    'no_kamar' => '2',
    'no_bed' => '3',
    'status_selesai' => 1,
    'id_dd_user' => 1,
    'kode_trans_pelayanan' => 4182154,
    'executed' => 'executed',
  ),
  19 => 
  array (
    'no_kunjungan' => 867774,
    'no_registrasi' => 585519,
    'no_mr' => '00238203',
    'nama_pasien_layan' => 'RIO MUTAZ HARYADI',
    'kode_kelompok' => 3,
    'kode_perusahaan' => 120,
    'tgl_transaksi' => '2019-06-21 01:00:04',
    'jenis_tindakan' => 1,
    'nama_tindakan' => 'Ruangan Flamboyan',
    'bill_rs' => '310000.00',
    'jumlah' => 1,
    'kode_bagian' => '030601',
    'kode_bagian_asal' => '030601',
    'kode_klas' => 12,
    'no_kamar' => '2',
    'no_bed' => '1',
    'status_selesai' => 1,
    'id_dd_user' => 1,
    'kode_trans_pelayanan' => 4182155,
    'executed' => 'executed',
  ),
  20 => 
  array (
    'no_kunjungan' => 867837,
    'no_registrasi' => 585533,
    'no_mr' => '00239304',
    'nama_pasien_layan' => 'LI MUDRIKAH',
    'kode_kelompok' => 1,
    'kode_perusahaan' => 0,
    'tgl_transaksi' => '2019-06-21 01:00:05',
    'jenis_tindakan' => 1,
    'nama_tindakan' => 'Ruangan Wijayakusuma',
    'bill_rs' => '1200000.00',
    'jumlah' => 1,
    'kode_bagian' => '030101',
    'kode_bagian_asal' => '030101',
    'kode_klas' => 2,
    'no_kamar' => '5',
    'no_bed' => '1',
    'status_selesai' => 1,
    'id_dd_user' => 1,
    'kode_trans_pelayanan' => 4182156,
    'executed' => 'executed',
  ),
  21 => 
  array (
    'no_kunjungan' => 867800,
    'no_registrasi' => 585534,
    'no_mr' => '00238788',
    'nama_pasien_layan' => 'AHMAD NURWAHID',
    'kode_kelompok' => 3,
    'kode_perusahaan' => 120,
    'tgl_transaksi' => '2019-06-21 01:00:05',
    'jenis_tindakan' => 1,
    'nama_tindakan' => 'Ruangan Melati',
    'bill_rs' => '140000.00',
    'jumlah' => 1,
    'kode_bagian' => '031401',
    'kode_bagian_asal' => '031401',
    'kode_klas' => 6,
    'no_kamar' => '2',
    'no_bed' => '4',
    'status_selesai' => 1,
    'id_dd_user' => 1,
    'kode_trans_pelayanan' => 4182157,
    'executed' => 'executed',
  ),
  22 => 
  array (
    'no_kunjungan' => 868047,
    'no_registrasi' => 585719,
    'no_mr' => '00126729',
    'nama_pasien_layan' => 'RUSTINI, NY.',
    'kode_kelompok' => 3,
    'kode_perusahaan' => 120,
    'tgl_transaksi' => '2019-06-21 01:00:05',
    'jenis_tindakan' => 1,
    'nama_tindakan' => 'Ruangan Flamboyan',
    'bill_rs' => '310000.00',
    'jumlah' => 1,
    'kode_bagian' => '030601',
    'kode_bagian_asal' => '030601',
    'kode_klas' => 12,
    'no_kamar' => '3',
    'no_bed' => '2',
    'status_selesai' => 1,
    'id_dd_user' => 1,
    'kode_trans_pelayanan' => 4182158,
    'executed' => 'executed',
  ),
  23 => 
  array (
    'no_kunjungan' => 868345,
    'no_registrasi' => 585881,
    'no_mr' => '00211424',
    'nama_pasien_layan' => 'DORMA INDAH, Ny.',
    'kode_kelompok' => 3,
    'kode_perusahaan' => 120,
    'tgl_transaksi' => '2019-06-21 01:00:05',
    'jenis_tindakan' => 1,
    'nama_tindakan' => 'Ruangan Flamboyan',
    'bill_rs' => '310000.00',
    'jumlah' => 1,
    'kode_bagian' => '030601',
    'kode_bagian_asal' => '030601',
    'kode_klas' => 12,
    'no_kamar' => '1',
    'no_bed' => '1',
    'status_selesai' => 1,
    'id_dd_user' => 1,
    'kode_trans_pelayanan' => 4182159,
    'executed' => 'executed',
  ),
  24 => 
  array (
    'no_kunjungan' => 868355,
    'no_registrasi' => 585901,
    'no_mr' => '00239295',
    'nama_pasien_layan' => 'SUMADI USMAN',
    'kode_kelompok' => 1,
    'kode_perusahaan' => 0,
    'tgl_transaksi' => '2019-06-21 01:00:06',
    'jenis_tindakan' => 1,
    'nama_tindakan' => 'Ruangan Mawar',
    'bill_rs' => '410000.00',
    'jumlah' => 1,
    'kode_bagian' => '031301',
    'kode_bagian_asal' => '031301',
    'kode_klas' => 13,
    'no_kamar' => '1',
    'no_bed' => '1',
    'status_selesai' => 1,
    'id_dd_user' => 1,
    'kode_trans_pelayanan' => 4182160,
    'executed' => 'executed',
  ),
  25 => 
  array (
    'no_kunjungan' => 868363,
    'no_registrasi' => 585903,
    'no_mr' => '00238984',
    'nama_pasien_layan' => 'DIAH TRIASTUTI',
    'kode_kelompok' => 3,
    'kode_perusahaan' => 38,
    'tgl_transaksi' => '2019-06-21 01:00:06',
    'jenis_tindakan' => 1,
    'nama_tindakan' => 'Ruangan Mawar',
    'bill_rs' => '410000.00',
    'jumlah' => 1,
    'kode_bagian' => '031301',
    'kode_bagian_asal' => '031301',
    'kode_klas' => 13,
    'no_kamar' => '2',
    'no_bed' => '3',
    'status_selesai' => 1,
    'id_dd_user' => 1,
    'kode_trans_pelayanan' => 4182161,
    'executed' => 'executed',
  ),
  26 => 
  array (
    'no_kunjungan' => 868368,
    'no_registrasi' => 585907,
    'no_mr' => '00239321',
    'nama_pasien_layan' => 'LIDYA SAPUTRI P',
    'kode_kelompok' => 3,
    'kode_perusahaan' => 120,
    'tgl_transaksi' => '2019-06-21 01:00:06',
    'jenis_tindakan' => 1,
    'nama_tindakan' => 'Ruangan Melati',
    'bill_rs' => '140000.00',
    'jumlah' => 1,
    'kode_bagian' => '031401',
    'kode_bagian_asal' => '031401',
    'kode_klas' => 6,
    'no_kamar' => '1',
    'no_bed' => '3',
    'status_selesai' => 1,
    'id_dd_user' => 1,
    'kode_trans_pelayanan' => 4182132,
    'executed' => 'not_executed',
  ),
  27 => 
  array (
    'no_kunjungan' => 868369,
    'no_registrasi' => 585908,
    'no_mr' => '00178097',
    'nama_pasien_layan' => 'RITA MEDALIFA, Ny.',
    'kode_kelompok' => 3,
    'kode_perusahaan' => 120,
    'tgl_transaksi' => '2019-06-21 01:00:06',
    'jenis_tindakan' => 1,
    'nama_tindakan' => 'Ruangan Flamboyan',
    'bill_rs' => '310000.00',
    'jumlah' => 1,
    'kode_bagian' => '030601',
    'kode_bagian_asal' => '030601',
    'kode_klas' => 12,
    'no_kamar' => '1',
    'no_bed' => '2',
    'status_selesai' => 1,
    'id_dd_user' => 1,
    'kode_trans_pelayanan' => 4182133,
    'executed' => 'not_executed',
  ),
)