Jumlah Record = 15, Eksekusi = 15, No Eksekusi = 0 
array (
  0 => 
  array (
    'no_kunjungan' => 870205,
    'no_registrasi' => 587203,
    'no_mr' => '00239497',
    'nama_pasien_layan' => 'FADHLURRAHMAN',
    'kode_kelompok' => 1,
    'kode_perusahaan' => 0,
    'tgl_transaksi' => '2019-07-01 01:00:02',
    'jenis_tindakan' => 1,
    'nama_tindakan' => 'Ruangan Anggrek',
    'bill_rs' => '1000000.00',
    'jumlah' => 1,
    'kode_bagian' => '030201',
    'kode_bagian_asal' => '030201',
    'kode_klas' => 3,
    'no_kamar' => '5',
    'no_bed' => '1',
    'status_selesai' => 1,
    'id_dd_user' => 1,
    'kode_trans_pelayanan' => 4204460,
    'executed' => 'executed',
  ),
  1 => 
  array (
    'no_kunjungan' => 871421,
    'no_registrasi' => 588093,
    'no_mr' => '00232563',
    'nama_pasien_layan' => 'PERCOBAAN',
    'kode_kelompok' => 1,
    'kode_perusahaan' => 0,
    'tgl_transaksi' => '2019-07-01 01:00:02',
    'jenis_tindakan' => 1,
    'nama_tindakan' => 'Ruangan Wijayakusuma',
    'bill_rs' => '1200000.00',
    'jumlah' => 1,
    'kode_bagian' => '030101',
    'kode_bagian_asal' => '030101',
    'kode_klas' => 2,
    'no_kamar' => '4',
    'no_bed' => '1',
    'status_selesai' => 1,
    'id_dd_user' => 1,
    'kode_trans_pelayanan' => 4204461,
    'executed' => 'executed',
  ),
  2 => 
  array (
    'no_kunjungan' => 871713,
    'no_registrasi' => 588242,
    'no_mr' => '00052131',
    'nama_pasien_layan' => 'DAMAR LISTIYA, NY.',
    'kode_kelompok' => 3,
    'kode_perusahaan' => 120,
    'tgl_transaksi' => '2019-07-01 01:00:03',
    'jenis_tindakan' => 1,
    'nama_tindakan' => 'Ruangan Flamboyan',
    'bill_rs' => '310000.00',
    'jumlah' => 1,
    'kode_bagian' => '030601',
    'kode_bagian_asal' => '030601',
    'kode_klas' => 12,
    'no_kamar' => '2',
    'no_bed' => '2',
    'status_selesai' => 1,
    'id_dd_user' => 1,
    'kode_trans_pelayanan' => 4204462,
    'executed' => 'executed',
  ),
  3 => 
  array (
    'no_kunjungan' => 871727,
    'no_registrasi' => 588275,
    'no_mr' => '00166524',
    'nama_pasien_layan' => 'TJITJIH IDANENGSIH, NY.',
    'kode_kelompok' => 3,
    'kode_perusahaan' => 120,
    'tgl_transaksi' => '2019-07-01 01:00:03',
    'jenis_tindakan' => 1,
    'nama_tindakan' => 'Ruangan Dahlia',
    'bill_rs' => '850000.00',
    'jumlah' => 1,
    'kode_bagian' => '030401',
    'kode_bagian_asal' => '030401',
    'kode_klas' => 4,
    'no_kamar' => '1',
    'no_bed' => '1',
    'status_selesai' => 1,
    'id_dd_user' => 1,
    'kode_trans_pelayanan' => 4204463,
    'executed' => 'executed',
  ),
  4 => 
  array (
    'no_kunjungan' => 872974,
    'no_registrasi' => 589159,
    'no_mr' => '00239729',
    'nama_pasien_layan' => 'DARWATI',
    'kode_kelompok' => 1,
    'kode_perusahaan' => 0,
    'tgl_transaksi' => '2019-07-01 01:00:03',
    'jenis_tindakan' => 1,
    'nama_tindakan' => 'Ruangan Flamboyan',
    'bill_rs' => '670000.00',
    'jumlah' => 1,
    'kode_bagian' => '030601',
    'kode_bagian_asal' => '030601',
    'kode_klas' => 12,
    'no_kamar' => '1',
    'no_bed' => '2',
    'status_selesai' => 1,
    'id_dd_user' => 1,
    'kode_trans_pelayanan' => 4204464,
    'executed' => 'executed',
  ),
  5 => 
  array (
    'no_kunjungan' => 873145,
    'no_registrasi' => 589329,
    'no_mr' => '00239046',
    'nama_pasien_layan' => 'RIFKA HADODO SITANGGANG',
    'kode_kelompok' => 3,
    'kode_perusahaan' => 120,
    'tgl_transaksi' => '2019-07-01 01:00:03',
    'jenis_tindakan' => 1,
    'nama_tindakan' => 'Ruangan Flamboyan',
    'bill_rs' => '310000.00',
    'jumlah' => 1,
    'kode_bagian' => '030601',
    'kode_bagian_asal' => '030601',
    'kode_klas' => 12,
    'no_kamar' => '1',
    'no_bed' => '1',
    'status_selesai' => 1,
    'id_dd_user' => 1,
    'kode_trans_pelayanan' => 4204465,
    'executed' => 'executed',
  ),
  6 => 
  array (
    'no_kunjungan' => 873291,
    'no_registrasi' => 589455,
    'no_mr' => '00239475',
    'nama_pasien_layan' => 'REVA SELVIANA SAPUTRI',
    'kode_kelompok' => 3,
    'kode_perusahaan' => 120,
    'tgl_transaksi' => '2019-07-01 01:00:03',
    'jenis_tindakan' => 1,
    'nama_tindakan' => 'Ruangan Seruni Ruang Nifas',
    'bill_rs' => '140000.00',
    'jumlah' => 1,
    'kode_bagian' => '031601',
    'kode_bagian_asal' => '031601',
    'kode_klas' => 12,
    'no_kamar' => '1',
    'no_bed' => '2',
    'status_selesai' => 1,
    'id_dd_user' => 1,
    'kode_trans_pelayanan' => 4204466,
    'executed' => 'executed',
  ),
  7 => 
  array (
    'no_kunjungan' => 873462,
    'no_registrasi' => 589487,
    'no_mr' => '00239773',
    'nama_pasien_layan' => 'MAULANA IBRAHIM',
    'kode_kelompok' => 3,
    'kode_perusahaan' => 120,
    'tgl_transaksi' => '2019-07-01 01:00:04',
    'jenis_tindakan' => 1,
    'nama_tindakan' => 'Ruangan Melati',
    'bill_rs' => '140000.00',
    'jumlah' => 1,
    'kode_bagian' => '031401',
    'kode_bagian_asal' => '031401',
    'kode_klas' => 6,
    'no_kamar' => '2',
    'no_bed' => '2',
    'status_selesai' => 1,
    'id_dd_user' => 1,
    'kode_trans_pelayanan' => 4204467,
    'executed' => 'executed',
  ),
  8 => 
  array (
    'no_kunjungan' => 873474,
    'no_registrasi' => 589522,
    'no_mr' => '00162221',
    'nama_pasien_layan' => 'H HARTONO, Tn.',
    'kode_kelompok' => 3,
    'kode_perusahaan' => 120,
    'tgl_transaksi' => '2019-07-01 01:00:04',
    'jenis_tindakan' => 1,
    'nama_tindakan' => 'Ruangan Flamboyan',
    'bill_rs' => '310000.00',
    'jumlah' => 1,
    'kode_bagian' => '030601',
    'kode_bagian_asal' => '030601',
    'kode_klas' => 12,
    'no_kamar' => '4',
    'no_bed' => '1',
    'status_selesai' => 1,
    'id_dd_user' => 1,
    'kode_trans_pelayanan' => 4204468,
    'executed' => 'executed',
  ),
  9 => 
  array (
    'no_kunjungan' => 873469,
    'no_registrasi' => 589575,
    'no_mr' => '00239783',
    'nama_pasien_layan' => 'BY. NY. REVA SELVIANA SAPUTRI',
    'kode_kelompok' => 3,
    'kode_perusahaan' => 120,
    'tgl_transaksi' => '2019-07-01 01:00:04',
    'jenis_tindakan' => 1,
    'nama_tindakan' => 'Ruangan Kamar Bayi',
    'bill_rs' => '120000.00',
    'jumlah' => 1,
    'kode_bagian' => '031201',
    'kode_bagian_asal' => '031201',
    'kode_klas' => 6,
    'no_kamar' => '03',
    'no_bed' => '4',
    'status_selesai' => 1,
    'id_dd_user' => 1,
    'kode_trans_pelayanan' => 4204469,
    'executed' => 'executed',
  ),
  10 => 
  array (
    'no_kunjungan' => 873559,
    'no_registrasi' => 589608,
    'no_mr' => '00175116',
    'nama_pasien_layan' => 'SAMSIDAR, Ny.',
    'kode_kelompok' => 3,
    'kode_perusahaan' => 120,
    'tgl_transaksi' => '2019-07-01 01:00:04',
    'jenis_tindakan' => 1,
    'nama_tindakan' => 'Ruangan Kenanga',
    'bill_rs' => '600000.00',
    'jumlah' => 1,
    'kode_bagian' => '030701',
    'kode_bagian_asal' => '030701',
    'kode_klas' => 5,
    'no_kamar' => '3',
    'no_bed' => ' 1',
    'status_selesai' => 1,
    'id_dd_user' => 1,
    'kode_trans_pelayanan' => 4204470,
    'executed' => 'executed',
  ),
  11 => 
  array (
    'no_kunjungan' => 873558,
    'no_registrasi' => 589609,
    'no_mr' => '00129616',
    'nama_pasien_layan' => 'MARZUKI',
    'kode_kelompok' => 3,
    'kode_perusahaan' => 120,
    'tgl_transaksi' => '2019-07-01 01:00:04',
    'jenis_tindakan' => 1,
    'nama_tindakan' => 'Ruangan Melati',
    'bill_rs' => '140000.00',
    'jumlah' => 1,
    'kode_bagian' => '031401',
    'kode_bagian_asal' => '031401',
    'kode_klas' => 6,
    'no_kamar' => '2',
    'no_bed' => '3',
    'status_selesai' => 1,
    'id_dd_user' => 1,
    'kode_trans_pelayanan' => 4204471,
    'executed' => 'executed',
  ),
  12 => 
  array (
    'no_kunjungan' => 873586,
    'no_registrasi' => 589619,
    'no_mr' => '00221232',
    'nama_pasien_layan' => 'INDAH WIDIASTUTI, Ny.',
    'kode_kelompok' => 3,
    'kode_perusahaan' => 120,
    'tgl_transaksi' => '2019-07-01 01:00:05',
    'jenis_tindakan' => 1,
    'nama_tindakan' => 'Ruangan Mawar',
    'bill_rs' => '210000.00',
    'jumlah' => 1,
    'kode_bagian' => '031301',
    'kode_bagian_asal' => '031301',
    'kode_klas' => 13,
    'no_kamar' => '2',
    'no_bed' => '1',
    'status_selesai' => 1,
    'id_dd_user' => 1,
    'kode_trans_pelayanan' => 4204472,
    'executed' => 'executed',
  ),
  13 => 
  array (
    'no_kunjungan' => 873598,
    'no_registrasi' => 589626,
    'no_mr' => '00239795',
    'nama_pasien_layan' => 'HJ. MAIMUNAH',
    'kode_kelompok' => 3,
    'kode_perusahaan' => 120,
    'tgl_transaksi' => '2019-07-01 01:00:05',
    'jenis_tindakan' => 1,
    'nama_tindakan' => 'Ruangan Flamboyan',
    'bill_rs' => '310000.00',
    'jumlah' => 1,
    'kode_bagian' => '030601',
    'kode_bagian_asal' => '030601',
    'kode_klas' => 12,
    'no_kamar' => '3',
    'no_bed' => '2',
    'status_selesai' => 1,
    'id_dd_user' => 1,
    'kode_trans_pelayanan' => 4204473,
    'executed' => 'executed',
  ),
  14 => 
  array (
    'no_kunjungan' => 873607,
    'no_registrasi' => 589629,
    'no_mr' => '00155278',
    'nama_pasien_layan' => 'RICO BHAKTI LELONO P, AN.',
    'kode_kelompok' => 1,
    'kode_perusahaan' => 0,
    'tgl_transaksi' => '2019-07-01 01:00:05',
    'jenis_tindakan' => 1,
    'nama_tindakan' => 'Ruangan Seruni',
    'bill_rs' => '350000.00',
    'jumlah' => 1,
    'kode_bagian' => '030301',
    'kode_bagian_asal' => '030301',
    'kode_klas' => 13,
    'no_kamar' => '4',
    'no_bed' => '1 ',
    'status_selesai' => 1,
    'id_dd_user' => 1,
    'kode_trans_pelayanan' => 4204474,
    'executed' => 'executed',
  ),
)