Jumlah Record = 23, Eksekusi = 21, No Eksekusi = 2 
array (
  0 => 
  array (
    'no_kunjungan' => 877034,
    'no_registrasi' => 592188,
    'no_mr' => '00233880',
    'nama_pasien_layan' => 'SASHKIA ARDANI',
    'kode_kelompok' => 3,
    'kode_perusahaan' => 120,
    'tgl_transaksi' => '2019-07-11 01:00:00',
    'jenis_tindakan' => 1,
    'nama_tindakan' => 'Ruangan Mawar',
    'bill_rs' => '210000.00',
    'jumlah' => 1,
    'kode_bagian' => '031301',
    'kode_bagian_asal' => '031301',
    'kode_klas' => 13,
    'no_kamar' => '2',
    'no_bed' => '2',
    'status_selesai' => 1,
    'id_dd_user' => 1,
    'kode_trans_pelayanan' => 4227743,
    'executed' => 'executed',
  ),
  1 => 
  array (
    'no_kunjungan' => 877442,
    'no_registrasi' => 592480,
    'no_mr' => '00240194',
    'nama_pasien_layan' => 'ARTAYUDA RAHANDIKA HENDI',
    'kode_kelompok' => 3,
    'kode_perusahaan' => 120,
    'tgl_transaksi' => '2019-07-11 01:00:00',
    'jenis_tindakan' => 1,
    'nama_tindakan' => 'Ruangan Seruni',
    'bill_rs' => '310000.00',
    'jumlah' => 1,
    'kode_bagian' => '030301',
    'kode_bagian_asal' => '030301',
    'kode_klas' => 12,
    'no_kamar' => '3',
    'no_bed' => '1',
    'status_selesai' => 1,
    'id_dd_user' => 1,
    'kode_trans_pelayanan' => 4227744,
    'executed' => 'executed',
  ),
  2 => 
  array (
    'no_kunjungan' => 878158,
    'no_registrasi' => 593021,
    'no_mr' => '00135537',
    'nama_pasien_layan' => 'DERIA AISHAPUTRI, AN.',
    'kode_kelompok' => 3,
    'kode_perusahaan' => 250,
    'tgl_transaksi' => '2019-07-11 01:00:00',
    'jenis_tindakan' => 1,
    'nama_tindakan' => 'Ruangan Anggrek',
    'bill_rs' => '1000000.00',
    'jumlah' => 1,
    'kode_bagian' => '030201',
    'kode_bagian_asal' => '030201',
    'kode_klas' => 3,
    'no_kamar' => '1',
    'no_bed' => ' 1',
    'status_selesai' => 1,
    'id_dd_user' => 1,
    'kode_trans_pelayanan' => 4227745,
    'executed' => 'executed',
  ),
  3 => 
  array (
    'no_kunjungan' => 878152,
    'no_registrasi' => 593023,
    'no_mr' => '00178681',
    'nama_pasien_layan' => 'ERNA APRIANA, NY., Ny.',
    'kode_kelompok' => 3,
    'kode_perusahaan' => 120,
    'tgl_transaksi' => '2019-07-11 01:00:00',
    'jenis_tindakan' => 1,
    'nama_tindakan' => 'Ruangan Bougenvile',
    'bill_rs' => '140000.00',
    'jumlah' => 1,
    'kode_bagian' => '031701',
    'kode_bagian_asal' => '031701',
    'kode_klas' => 6,
    'no_kamar' => '1',
    'no_bed' => '1',
    'status_selesai' => 1,
    'id_dd_user' => 1,
    'kode_trans_pelayanan' => 4227746,
    'executed' => 'executed',
  ),
  4 => 
  array (
    'no_kunjungan' => 878706,
    'no_registrasi' => 593116,
    'no_mr' => '00238840',
    'nama_pasien_layan' => 'NURMAINI',
    'kode_kelompok' => 3,
    'kode_perusahaan' => 120,
    'tgl_transaksi' => '2019-07-11 01:00:00',
    'jenis_tindakan' => 1,
    'nama_tindakan' => 'Ruangan Flamboyan',
    'bill_rs' => '310000.00',
    'jumlah' => 1,
    'kode_bagian' => '030601',
    'kode_bagian_asal' => '030601',
    'kode_klas' => 12,
    'no_kamar' => '1',
    'no_bed' => '1',
    'status_selesai' => 1,
    'id_dd_user' => 1,
    'kode_trans_pelayanan' => 4227747,
    'executed' => 'executed',
  ),
  5 => 
  array (
    'no_kunjungan' => 878325,
    'no_registrasi' => 593170,
    'no_mr' => '00240288',
    'nama_pasien_layan' => 'BY NY ERNA APRIANA',
    'kode_kelompok' => 3,
    'kode_perusahaan' => 120,
    'tgl_transaksi' => '2019-07-11 01:00:01',
    'jenis_tindakan' => 1,
    'nama_tindakan' => 'Ruangan Kamar Bayi',
    'bill_rs' => '120000.00',
    'jumlah' => 1,
    'kode_bagian' => '031201',
    'kode_bagian_asal' => '031201',
    'kode_klas' => 6,
    'no_kamar' => '03',
    'no_bed' => '1',
    'status_selesai' => 1,
    'id_dd_user' => 1,
    'kode_trans_pelayanan' => 4227748,
    'executed' => 'executed',
  ),
  6 => 
  array (
    'no_kunjungan' => 878703,
    'no_registrasi' => 593197,
    'no_mr' => '00197017',
    'nama_pasien_layan' => 'MARPUAH, Ny.',
    'kode_kelompok' => 3,
    'kode_perusahaan' => 120,
    'tgl_transaksi' => '2019-07-11 01:00:01',
    'jenis_tindakan' => 1,
    'nama_tindakan' => 'Ruangan Kenanga',
    'bill_rs' => '600000.00',
    'jumlah' => 1,
    'kode_bagian' => '030701',
    'kode_bagian_asal' => '030701',
    'kode_klas' => 5,
    'no_kamar' => '2',
    'no_bed' => '1',
    'status_selesai' => 1,
    'id_dd_user' => 1,
    'kode_trans_pelayanan' => 4227749,
    'executed' => 'executed',
  ),
  7 => 
  array (
    'no_kunjungan' => 878373,
    'no_registrasi' => 593205,
    'no_mr' => '00207339',
    'nama_pasien_layan' => 'LAMBERTUS YOSEPH, TN.',
    'kode_kelompok' => 3,
    'kode_perusahaan' => 120,
    'tgl_transaksi' => '2019-07-11 01:00:01',
    'jenis_tindakan' => 1,
    'nama_tindakan' => 'Ruangan Melati',
    'bill_rs' => '140000.00',
    'jumlah' => 1,
    'kode_bagian' => '031401',
    'kode_bagian_asal' => '031401',
    'kode_klas' => 6,
    'no_kamar' => '2',
    'no_bed' => '2',
    'status_selesai' => 1,
    'id_dd_user' => 1,
    'kode_trans_pelayanan' => 4227750,
    'executed' => 'executed',
  ),
  8 => 
  array (
    'no_kunjungan' => 878686,
    'no_registrasi' => 593247,
    'no_mr' => '00240305',
    'nama_pasien_layan' => 'ARDIANSYAH',
    'kode_kelompok' => 3,
    'kode_perusahaan' => 120,
    'tgl_transaksi' => '2019-07-11 01:00:01',
    'jenis_tindakan' => 1,
    'nama_tindakan' => 'Ruangan Mawar',
    'bill_rs' => '210000.00',
    'jumlah' => 1,
    'kode_bagian' => '031301',
    'kode_bagian_asal' => '031301',
    'kode_klas' => 13,
    'no_kamar' => '1',
    'no_bed' => '1',
    'status_selesai' => 1,
    'id_dd_user' => 1,
    'kode_trans_pelayanan' => 4227751,
    'executed' => 'executed',
  ),
  9 => 
  array (
    'no_kunjungan' => 878660,
    'no_registrasi' => 593308,
    'no_mr' => '00150125',
    'nama_pasien_layan' => 'AHMAD FATIH',
    'kode_kelompok' => 3,
    'kode_perusahaan' => 120,
    'tgl_transaksi' => '2019-07-11 01:00:01',
    'jenis_tindakan' => 1,
    'nama_tindakan' => 'Ruangan Flamboyan',
    'bill_rs' => '310000.00',
    'jumlah' => 1,
    'kode_bagian' => '030601',
    'kode_bagian_asal' => '030601',
    'kode_klas' => 12,
    'no_kamar' => '4',
    'no_bed' => '1',
    'status_selesai' => 1,
    'id_dd_user' => 1,
    'kode_trans_pelayanan' => 4227752,
    'executed' => 'executed',
  ),
  10 => 
  array (
    'no_kunjungan' => 878788,
    'no_registrasi' => 593449,
    'no_mr' => '00235454',
    'nama_pasien_layan' => 'DEVI AMANDA RACHMAWATI',
    'kode_kelompok' => 3,
    'kode_perusahaan' => 39,
    'tgl_transaksi' => '2019-07-11 01:00:01',
    'jenis_tindakan' => 1,
    'nama_tindakan' => 'Ruangan Anggrek',
    'bill_rs' => '1000000.00',
    'jumlah' => 1,
    'kode_bagian' => '030201',
    'kode_bagian_asal' => '030201',
    'kode_klas' => 3,
    'no_kamar' => '4',
    'no_bed' => '1',
    'status_selesai' => 1,
    'id_dd_user' => 1,
    'kode_trans_pelayanan' => 4227753,
    'executed' => 'executed',
  ),
  11 => 
  array (
    'no_kunjungan' => 878783,
    'no_registrasi' => 593468,
    'no_mr' => '00165739',
    'nama_pasien_layan' => 'HJ DWI SUBACHTUTI',
    'kode_kelompok' => 1,
    'kode_perusahaan' => 0,
    'tgl_transaksi' => '2019-07-11 01:00:01',
    'jenis_tindakan' => 1,
    'nama_tindakan' => 'Ruangan Wijayakusuma',
    'bill_rs' => '1200000.00',
    'jumlah' => 1,
    'kode_bagian' => '030101',
    'kode_bagian_asal' => '030101',
    'kode_klas' => 2,
    'no_kamar' => '6',
    'no_bed' => '1',
    'status_selesai' => 1,
    'id_dd_user' => 1,
    'kode_trans_pelayanan' => 4227754,
    'executed' => 'executed',
  ),
  12 => 
  array (
    'no_kunjungan' => 878794,
    'no_registrasi' => 593473,
    'no_mr' => '00154922',
    'nama_pasien_layan' => 'MARIAH, Ny.',
    'kode_kelompok' => 3,
    'kode_perusahaan' => 48,
    'tgl_transaksi' => '2019-07-11 01:00:01',
    'jenis_tindakan' => 1,
    'nama_tindakan' => 'Ruangan Flamboyan',
    'bill_rs' => '670000.00',
    'jumlah' => 1,
    'kode_bagian' => '030601',
    'kode_bagian_asal' => '030601',
    'kode_klas' => 12,
    'no_kamar' => '3',
    'no_bed' => '1',
    'status_selesai' => 1,
    'id_dd_user' => 1,
    'kode_trans_pelayanan' => 4227755,
    'executed' => 'executed',
  ),
  13 => 
  array (
    'no_kunjungan' => 878803,
    'no_registrasi' => 593475,
    'no_mr' => '00240352',
    'nama_pasien_layan' => 'FEBY VALENTINA SUPIT',
    'kode_kelompok' => 3,
    'kode_perusahaan' => 39,
    'tgl_transaksi' => '2019-07-11 01:00:02',
    'jenis_tindakan' => 1,
    'nama_tindakan' => 'Ruangan Kenanga',
    'bill_rs' => '600000.00',
    'jumlah' => 1,
    'kode_bagian' => '030701',
    'kode_bagian_asal' => '030701',
    'kode_klas' => 5,
    'no_kamar' => '3',
    'no_bed' => ' 1',
    'status_selesai' => 1,
    'id_dd_user' => 1,
    'kode_trans_pelayanan' => 4227756,
    'executed' => 'executed',
  ),
  14 => 
  array (
    'no_kunjungan' => 878944,
    'no_registrasi' => 593506,
    'no_mr' => '00201039',
    'nama_pasien_layan' => 'AGUNG HARYANTO, Tn.',
    'kode_kelompok' => 3,
    'kode_perusahaan' => 256,
    'tgl_transaksi' => '2019-07-11 01:00:02',
    'jenis_tindakan' => 1,
    'nama_tindakan' => 'Ruangan Dahlia',
    'bill_rs' => '850000.00',
    'jumlah' => 1,
    'kode_bagian' => '030401',
    'kode_bagian_asal' => '030401',
    'kode_klas' => 4,
    'no_kamar' => '1',
    'no_bed' => '1',
    'status_selesai' => 1,
    'id_dd_user' => 1,
    'kode_trans_pelayanan' => 4227757,
    'executed' => 'executed',
  ),
  15 => 
  array (
    'no_kunjungan' => 879015,
    'no_registrasi' => 593656,
    'no_mr' => '00239772',
    'nama_pasien_layan' => 'IARA RAHMA DIRA',
    'kode_kelompok' => 3,
    'kode_perusahaan' => 120,
    'tgl_transaksi' => '2019-07-11 01:00:02',
    'jenis_tindakan' => 1,
    'nama_tindakan' => 'Ruangan Melati',
    'bill_rs' => '140000.00',
    'jumlah' => 1,
    'kode_bagian' => '031401',
    'kode_bagian_asal' => '031401',
    'kode_klas' => 6,
    'no_kamar' => '1',
    'no_bed' => '8',
    'status_selesai' => 1,
    'id_dd_user' => 1,
    'kode_trans_pelayanan' => 4227758,
    'executed' => 'executed',
  ),
  16 => 
  array (
    'no_kunjungan' => 879021,
    'no_registrasi' => 593660,
    'no_mr' => '00239619',
    'nama_pasien_layan' => 'AMIR BIN H MUCHTAR',
    'kode_kelompok' => 3,
    'kode_perusahaan' => 120,
    'tgl_transaksi' => '2019-07-11 01:00:02',
    'jenis_tindakan' => 1,
    'nama_tindakan' => 'Ruangan Melati',
    'bill_rs' => '140000.00',
    'jumlah' => 1,
    'kode_bagian' => '031401',
    'kode_bagian_asal' => '031401',
    'kode_klas' => 6,
    'no_kamar' => '2',
    'no_bed' => '1',
    'status_selesai' => 1,
    'id_dd_user' => 1,
    'kode_trans_pelayanan' => 4227759,
    'executed' => 'executed',
  ),
  17 => 
  array (
    'no_kunjungan' => 879159,
    'no_registrasi' => 593779,
    'no_mr' => '00210101',
    'nama_pasien_layan' => 'ASTI, NY.',
    'kode_kelompok' => 1,
    'kode_perusahaan' => 0,
    'tgl_transaksi' => '2019-07-11 01:00:02',
    'jenis_tindakan' => 1,
    'nama_tindakan' => 'Ruangan Anggrek',
    'bill_rs' => '1000000.00',
    'jumlah' => 1,
    'kode_bagian' => '030201',
    'kode_bagian_asal' => '030201',
    'kode_klas' => 3,
    'no_kamar' => '2',
    'no_bed' => '1',
    'status_selesai' => 1,
    'id_dd_user' => 1,
    'kode_trans_pelayanan' => 4227760,
    'executed' => 'executed',
  ),
  18 => 
  array (
    'no_kunjungan' => 879368,
    'no_registrasi' => 593902,
    'no_mr' => '00238908',
    'nama_pasien_layan' => 'RACHMANIAWATI',
    'kode_kelompok' => 3,
    'kode_perusahaan' => 120,
    'tgl_transaksi' => '2019-07-11 01:00:02',
    'jenis_tindakan' => 1,
    'nama_tindakan' => 'Ruangan Bougenvile',
    'bill_rs' => '140000.00',
    'jumlah' => 1,
    'kode_bagian' => '031701',
    'kode_bagian_asal' => '031701',
    'kode_klas' => 6,
    'no_kamar' => '1',
    'no_bed' => '2',
    'status_selesai' => 1,
    'id_dd_user' => 1,
    'kode_trans_pelayanan' => 4227761,
    'executed' => 'executed',
  ),
  19 => 
  array (
    'no_kunjungan' => 879365,
    'no_registrasi' => 593911,
    'no_mr' => '00211246',
    'nama_pasien_layan' => 'SRI WAHYUNI, Ny.',
    'kode_kelompok' => 3,
    'kode_perusahaan' => 120,
    'tgl_transaksi' => '2019-07-11 01:00:02',
    'jenis_tindakan' => 1,
    'nama_tindakan' => 'Ruangan ICU ',
    'bill_rs' => '1350000.00',
    'jumlah' => 1,
    'kode_bagian' => '031001',
    'kode_bagian_asal' => '031001',
    'kode_klas' => 10,
    'no_kamar' => '1',
    'no_bed' => '1',
    'status_selesai' => 1,
    'id_dd_user' => 1,
    'kode_trans_pelayanan' => 4227762,
    'executed' => 'executed',
  ),
  20 => 
  array (
    'no_kunjungan' => 879394,
    'no_registrasi' => 593928,
    'no_mr' => '00240408',
    'nama_pasien_layan' => 'BY NY RACHMANIAWATI',
    'kode_kelompok' => 3,
    'kode_perusahaan' => 120,
    'tgl_transaksi' => '2019-07-11 01:00:02',
    'jenis_tindakan' => 1,
    'nama_tindakan' => 'Ruangan Kamar Bayi',
    'bill_rs' => '120000.00',
    'jumlah' => 1,
    'kode_bagian' => '031201',
    'kode_bagian_asal' => '031201',
    'kode_klas' => 6,
    'no_kamar' => '01',
    'no_bed' => '4',
    'status_selesai' => 1,
    'id_dd_user' => 1,
    'kode_trans_pelayanan' => 4227763,
    'executed' => 'executed',
  ),
  21 => 
  array (
    'no_kunjungan' => 879396,
    'no_registrasi' => 593930,
    'no_mr' => '00240347',
    'nama_pasien_layan' => 'KELLY AFRILIANTY',
    'kode_kelompok' => 1,
    'kode_perusahaan' => 0,
    'tgl_transaksi' => '2019-07-11 01:00:03',
    'jenis_tindakan' => 1,
    'nama_tindakan' => 'Ruangan Kenanga',
    'bill_rs' => '600000.00',
    'jumlah' => 1,
    'kode_bagian' => '030701',
    'kode_bagian_asal' => '030701',
    'kode_klas' => 5,
    'no_kamar' => '4',
    'no_bed' => ' 1',
    'status_selesai' => 1,
    'id_dd_user' => 1,
    'kode_trans_pelayanan' => 4227711,
    'executed' => 'not_executed',
  ),
  22 => 
  array (
    'no_kunjungan' => 879397,
    'no_registrasi' => 593931,
    'no_mr' => '00239976',
    'nama_pasien_layan' => 'MUN FAIZAH, Ny.',
    'kode_kelompok' => 3,
    'kode_perusahaan' => 120,
    'tgl_transaksi' => '2019-07-11 01:00:03',
    'jenis_tindakan' => 1,
    'nama_tindakan' => 'Ruangan Mawar',
    'bill_rs' => '210000.00',
    'jumlah' => 1,
    'kode_bagian' => '031301',
    'kode_bagian_asal' => '031301',
    'kode_klas' => 13,
    'no_kamar' => '2',
    'no_bed' => '1',
    'status_selesai' => 1,
    'id_dd_user' => 1,
    'kode_trans_pelayanan' => 4227719,
    'executed' => 'not_executed',
  ),
)