Jumlah Record = 19, Eksekusi = 19, No Eksekusi = 0 
array (
  0 => 
  array (
    'no_kunjungan' => 857059,
    'no_registrasi' => 578008,
    'no_mr' => '00238326',
    'nama_pasien_layan' => 'R ALINAH ROESBANDI',
    'kode_kelompok' => 3,
    'kode_perusahaan' => 120,
    'tgl_transaksi' => '2019-06-01 01:00:00',
    'jenis_tindakan' => 1,
    'nama_tindakan' => 'Ruangan Wijayakusuma',
    'bill_rs' => '1200000.00',
    'jumlah' => 1,
    'kode_bagian' => '030101',
    'kode_bagian_asal' => '030101',
    'kode_klas' => 2,
    'no_kamar' => '5',
    'no_bed' => '1',
    'status_selesai' => 1,
    'id_dd_user' => 1,
    'kode_trans_pelayanan' => 4145835,
    'executed' => 'executed',
  ),
  1 => 
  array (
    'no_kunjungan' => 857833,
    'no_registrasi' => 578541,
    'no_mr' => '00126828',
    'nama_pasien_layan' => 'H. MIRZA MOHAMAD, TN.',
    'kode_kelompok' => 1,
    'kode_perusahaan' => 0,
    'tgl_transaksi' => '2019-06-01 01:00:00',
    'jenis_tindakan' => 1,
    'nama_tindakan' => 'Ruangan Kenanga',
    'bill_rs' => '600000.00',
    'jumlah' => 1,
    'kode_bagian' => '030701',
    'kode_bagian_asal' => '030701',
    'kode_klas' => 5,
    'no_kamar' => '2',
    'no_bed' => '1',
    'status_selesai' => 1,
    'id_dd_user' => 1,
    'kode_trans_pelayanan' => 4145836,
    'executed' => 'executed',
  ),
  2 => 
  array (
    'no_kunjungan' => 858299,
    'no_registrasi' => 578805,
    'no_mr' => '00231450',
    'nama_pasien_layan' => 'ENDANG HADIANI DJOKO',
    'kode_kelompok' => 3,
    'kode_perusahaan' => 120,
    'tgl_transaksi' => '2019-06-01 01:00:00',
    'jenis_tindakan' => 1,
    'nama_tindakan' => 'Ruangan Wijayakusuma',
    'bill_rs' => '1200000.00',
    'jumlah' => 1,
    'kode_bagian' => '030101',
    'kode_bagian_asal' => '030101',
    'kode_klas' => 2,
    'no_kamar' => '6',
    'no_bed' => '1',
    'status_selesai' => 1,
    'id_dd_user' => 1,
    'kode_trans_pelayanan' => 4145837,
    'executed' => 'executed',
  ),
  3 => 
  array (
    'no_kunjungan' => 858621,
    'no_registrasi' => 579039,
    'no_mr' => '00116664',
    'nama_pasien_layan' => 'ELIZABETH NADA TRISUCI W, Nn.',
    'kode_kelompok' => 1,
    'kode_perusahaan' => 0,
    'tgl_transaksi' => '2019-06-01 01:00:00',
    'jenis_tindakan' => 1,
    'nama_tindakan' => 'Ruangan Anggrek',
    'bill_rs' => '1000000.00',
    'jumlah' => 1,
    'kode_bagian' => '030201',
    'kode_bagian_asal' => '030201',
    'kode_klas' => 3,
    'no_kamar' => '4',
    'no_bed' => '1',
    'status_selesai' => 1,
    'id_dd_user' => 1,
    'kode_trans_pelayanan' => 4145838,
    'executed' => 'executed',
  ),
  4 => 
  array (
    'no_kunjungan' => 859212,
    'no_registrasi' => 579462,
    'no_mr' => '00238507',
    'nama_pasien_layan' => 'HERDITIA TRISNA ARIF PUTRA',
    'kode_kelompok' => 1,
    'kode_perusahaan' => 0,
    'tgl_transaksi' => '2019-06-01 01:00:00',
    'jenis_tindakan' => 1,
    'nama_tindakan' => 'Ruangan Teratai',
    'bill_rs' => '600000.00',
    'jumlah' => 1,
    'kode_bagian' => '030801',
    'kode_bagian_asal' => '030801',
    'kode_klas' => 5,
    'no_kamar' => '2',
    'no_bed' => '1',
    'status_selesai' => 1,
    'id_dd_user' => 1,
    'kode_trans_pelayanan' => 4145839,
    'executed' => 'executed',
  ),
  5 => 
  array (
    'no_kunjungan' => 859311,
    'no_registrasi' => 579518,
    'no_mr' => '00152911',
    'nama_pasien_layan' => 'SAfWAN MIRZA, An.',
    'kode_kelompok' => 1,
    'kode_perusahaan' => 0,
    'tgl_transaksi' => '2019-06-01 01:00:01',
    'jenis_tindakan' => 1,
    'nama_tindakan' => 'Ruangan Flamboyan',
    'bill_rs' => '670000.00',
    'jumlah' => 1,
    'kode_bagian' => '030601',
    'kode_bagian_asal' => '030601',
    'kode_klas' => 12,
    'no_kamar' => '1',
    'no_bed' => '1',
    'status_selesai' => 1,
    'id_dd_user' => 1,
    'kode_trans_pelayanan' => 4145840,
    'executed' => 'executed',
  ),
  6 => 
  array (
    'no_kunjungan' => 859321,
    'no_registrasi' => 579525,
    'no_mr' => '00237706',
    'nama_pasien_layan' => 'JURIYATUN',
    'kode_kelompok' => 3,
    'kode_perusahaan' => 120,
    'tgl_transaksi' => '2019-06-01 01:00:01',
    'jenis_tindakan' => 1,
    'nama_tindakan' => 'Ruangan Bougenvile',
    'bill_rs' => '140000.00',
    'jumlah' => 1,
    'kode_bagian' => '031701',
    'kode_bagian_asal' => '031701',
    'kode_klas' => 6,
    'no_kamar' => '1',
    'no_bed' => '1',
    'status_selesai' => 1,
    'id_dd_user' => 1,
    'kode_trans_pelayanan' => 4145841,
    'executed' => 'executed',
  ),
  7 => 
  array (
    'no_kunjungan' => 859322,
    'no_registrasi' => 579526,
    'no_mr' => '00237810',
    'nama_pasien_layan' => 'DIANA AGUSTIN',
    'kode_kelompok' => 3,
    'kode_perusahaan' => 120,
    'tgl_transaksi' => '2019-06-01 01:00:01',
    'jenis_tindakan' => 1,
    'nama_tindakan' => 'Ruangan Seruni Ruang Nifas',
    'bill_rs' => '310000.00',
    'jumlah' => 1,
    'kode_bagian' => '031601',
    'kode_bagian_asal' => '031601',
    'kode_klas' => 12,
    'no_kamar' => '1',
    'no_bed' => '1 ',
    'status_selesai' => 1,
    'id_dd_user' => 1,
    'kode_trans_pelayanan' => 4145842,
    'executed' => 'executed',
  ),
  8 => 
  array (
    'no_kunjungan' => 859324,
    'no_registrasi' => 579527,
    'no_mr' => '00236964',
    'nama_pasien_layan' => 'TATI MASWATI',
    'kode_kelompok' => 3,
    'kode_perusahaan' => 120,
    'tgl_transaksi' => '2019-06-01 01:00:01',
    'jenis_tindakan' => 1,
    'nama_tindakan' => 'Ruangan Bougenvile',
    'bill_rs' => '140000.00',
    'jumlah' => 1,
    'kode_bagian' => '031701',
    'kode_bagian_asal' => '031701',
    'kode_klas' => 6,
    'no_kamar' => '1',
    'no_bed' => '2',
    'status_selesai' => 1,
    'id_dd_user' => 1,
    'kode_trans_pelayanan' => 4145843,
    'executed' => 'executed',
  ),
  9 => 
  array (
    'no_kunjungan' => 859494,
    'no_registrasi' => 579677,
    'no_mr' => '00238536',
    'nama_pasien_layan' => 'BY NY TATI MASWATI',
    'kode_kelompok' => 3,
    'kode_perusahaan' => 120,
    'tgl_transaksi' => '2019-06-01 01:00:01',
    'jenis_tindakan' => 1,
    'nama_tindakan' => 'Ruangan Kamar Bayi',
    'bill_rs' => '120000.00',
    'jumlah' => 1,
    'kode_bagian' => '031201',
    'kode_bagian_asal' => '031201',
    'kode_klas' => 6,
    'no_kamar' => '03',
    'no_bed' => '1',
    'status_selesai' => 1,
    'id_dd_user' => 1,
    'kode_trans_pelayanan' => 4145844,
    'executed' => 'executed',
  ),
  10 => 
  array (
    'no_kunjungan' => 859569,
    'no_registrasi' => 579685,
    'no_mr' => '00222393',
    'nama_pasien_layan' => 'RUJITO, Tn.',
    'kode_kelompok' => 3,
    'kode_perusahaan' => 120,
    'tgl_transaksi' => '2019-06-01 01:00:01',
    'jenis_tindakan' => 1,
    'nama_tindakan' => 'Ruangan Flamboyan',
    'bill_rs' => '310000.00',
    'jumlah' => 1,
    'kode_bagian' => '030601',
    'kode_bagian_asal' => '030601',
    'kode_klas' => 12,
    'no_kamar' => '3',
    'no_bed' => '1',
    'status_selesai' => 1,
    'id_dd_user' => 1,
    'kode_trans_pelayanan' => 4145845,
    'executed' => 'executed',
  ),
  11 => 
  array (
    'no_kunjungan' => 859605,
    'no_registrasi' => 579689,
    'no_mr' => '00229866',
    'nama_pasien_layan' => 'RENNA ZUNTIA SEPTIANA, Nn.',
    'kode_kelompok' => 1,
    'kode_perusahaan' => 0,
    'tgl_transaksi' => '2019-06-01 01:00:01',
    'jenis_tindakan' => 1,
    'nama_tindakan' => 'Ruangan Melati',
    'bill_rs' => '250000.00',
    'jumlah' => 1,
    'kode_bagian' => '031401',
    'kode_bagian_asal' => '031401',
    'kode_klas' => 6,
    'no_kamar' => '1',
    'no_bed' => '1',
    'status_selesai' => 1,
    'id_dd_user' => 1,
    'kode_trans_pelayanan' => 4145846,
    'executed' => 'executed',
  ),
  12 => 
  array (
    'no_kunjungan' => 859566,
    'no_registrasi' => 579698,
    'no_mr' => '00237454',
    'nama_pasien_layan' => 'VALENCIA ADZANI AKBARINA',
    'kode_kelompok' => 3,
    'kode_perusahaan' => 120,
    'tgl_transaksi' => '2019-06-01 01:00:02',
    'jenis_tindakan' => 1,
    'nama_tindakan' => 'Ruangan Seruni Ruang Nifas',
    'bill_rs' => '310000.00',
    'jumlah' => 1,
    'kode_bagian' => '031601',
    'kode_bagian_asal' => '031601',
    'kode_klas' => 12,
    'no_kamar' => '1',
    'no_bed' => '2',
    'status_selesai' => 1,
    'id_dd_user' => 1,
    'kode_trans_pelayanan' => 4145847,
    'executed' => 'executed',
  ),
  13 => 
  array (
    'no_kunjungan' => 859558,
    'no_registrasi' => 579721,
    'no_mr' => '00238544',
    'nama_pasien_layan' => 'BY NY JURIYATUN',
    'kode_kelompok' => 3,
    'kode_perusahaan' => 120,
    'tgl_transaksi' => '2019-06-01 01:00:02',
    'jenis_tindakan' => 1,
    'nama_tindakan' => 'Ruangan Kamar Bayi',
    'bill_rs' => '120000.00',
    'jumlah' => 1,
    'kode_bagian' => '031201',
    'kode_bagian_asal' => '031201',
    'kode_klas' => 6,
    'no_kamar' => '03',
    'no_bed' => '2',
    'status_selesai' => 1,
    'id_dd_user' => 1,
    'kode_trans_pelayanan' => 4145848,
    'executed' => 'executed',
  ),
  14 => 
  array (
    'no_kunjungan' => 859587,
    'no_registrasi' => 579736,
    'no_mr' => '00238547',
    'nama_pasien_layan' => 'BY NY DIANA AGUSTIN',
    'kode_kelompok' => 3,
    'kode_perusahaan' => 120,
    'tgl_transaksi' => '2019-06-01 01:00:02',
    'jenis_tindakan' => 1,
    'nama_tindakan' => 'Ruangan Kamar Bayi',
    'bill_rs' => '330000.00',
    'jumlah' => 1,
    'kode_bagian' => '031201',
    'kode_bagian_asal' => '031201',
    'kode_klas' => 12,
    'no_kamar' => '01',
    'no_bed' => '2',
    'status_selesai' => 1,
    'id_dd_user' => 1,
    'kode_trans_pelayanan' => 4145849,
    'executed' => 'executed',
  ),
  15 => 
  array (
    'no_kunjungan' => 859641,
    'no_registrasi' => 579747,
    'no_mr' => '00166374',
    'nama_pasien_layan' => 'HASAN, Tn.',
    'kode_kelompok' => 3,
    'kode_perusahaan' => 120,
    'tgl_transaksi' => '2019-06-01 01:00:02',
    'jenis_tindakan' => 1,
    'nama_tindakan' => 'Ruangan Flamboyan',
    'bill_rs' => '310000.00',
    'jumlah' => 1,
    'kode_bagian' => '030601',
    'kode_bagian_asal' => '030601',
    'kode_klas' => 12,
    'no_kamar' => '3',
    'no_bed' => '2',
    'status_selesai' => 1,
    'id_dd_user' => 1,
    'kode_trans_pelayanan' => 4145850,
    'executed' => 'executed',
  ),
  16 => 
  array (
    'no_kunjungan' => 859689,
    'no_registrasi' => 579825,
    'no_mr' => '00238552',
    'nama_pasien_layan' => 'BY NY VALENCIA ADZANI AKBARINA',
    'kode_kelompok' => 3,
    'kode_perusahaan' => 120,
    'tgl_transaksi' => '2019-06-01 01:00:02',
    'jenis_tindakan' => 1,
    'nama_tindakan' => 'Ruangan Kamar Bayi',
    'bill_rs' => '330000.00',
    'jumlah' => 1,
    'kode_bagian' => '031201',
    'kode_bagian_asal' => '031201',
    'kode_klas' => 12,
    'no_kamar' => '02',
    'no_bed' => '2',
    'status_selesai' => 1,
    'id_dd_user' => 1,
    'kode_trans_pelayanan' => 4145851,
    'executed' => 'executed',
  ),
  17 => 
  array (
    'no_kunjungan' => 859003,
    'no_registrasi' => 579884,
    'no_mr' => '00238487',
    'nama_pasien_layan' => 'ELNIKO ARSYAD ADHICANDRA',
    'kode_kelompok' => 1,
    'kode_perusahaan' => 0,
    'tgl_transaksi' => '2019-06-01 01:00:02',
    'jenis_tindakan' => 1,
    'nama_tindakan' => 'Ruangan Seruni',
    'bill_rs' => '500000.00',
    'jumlah' => 1,
    'kode_bagian' => '030301',
    'kode_bagian_asal' => '030301',
    'kode_klas' => 12,
    'no_kamar' => '3',
    'no_bed' => '1',
    'status_selesai' => 1,
    'id_dd_user' => 1,
    'kode_trans_pelayanan' => 4145852,
    'executed' => 'executed',
  ),
  18 => 
  array (
    'no_kunjungan' => 859800,
    'no_registrasi' => 579907,
    'no_mr' => '00235592',
    'nama_pasien_layan' => 'SRI SUNARTI',
    'kode_kelompok' => 1,
    'kode_perusahaan' => 0,
    'tgl_transaksi' => '2019-06-01 01:00:02',
    'jenis_tindakan' => 1,
    'nama_tindakan' => 'Ruangan Wijayakusuma',
    'bill_rs' => '1200000.00',
    'jumlah' => 1,
    'kode_bagian' => '030101',
    'kode_bagian_asal' => '030101',
    'kode_klas' => 2,
    'no_kamar' => '4',
    'no_bed' => '1',
    'status_selesai' => 1,
    'id_dd_user' => 1,
    'kode_trans_pelayanan' => 4145853,
    'executed' => 'executed',
  ),
)