Jumlah Record = 34, Eksekusi = 26, No Eksekusi = 8 
array (
  0 => 
  array (
    'no_kunjungan' => 861625,
    'no_registrasi' => 581111,
    'no_mr' => '00238743',
    'nama_pasien_layan' => 'HALWAH RANIAH',
    'kode_kelompok' => 3,
    'kode_perusahaan' => 120,
    'tgl_transaksi' => '2019-06-14 01:00:00',
    'jenis_tindakan' => 1,
    'nama_tindakan' => 'Ruangan Seruni',
    'bill_rs' => '210000.00',
    'jumlah' => 1,
    'kode_bagian' => '030301',
    'kode_bagian_asal' => '030301',
    'kode_klas' => 13,
    'no_kamar' => '4',
    'no_bed' => '1 ',
    'status_selesai' => 1,
    'id_dd_user' => 1,
    'kode_trans_pelayanan' => 4163198,
    'executed' => 'executed',
  ),
  1 => 
  array (
    'no_kunjungan' => 861672,
    'no_registrasi' => 581195,
    'no_mr' => '00238722',
    'nama_pasien_layan' => 'YAJIANTO',
    'kode_kelompok' => 1,
    'kode_perusahaan' => 0,
    'tgl_transaksi' => '2019-06-14 01:00:00',
    'jenis_tindakan' => 1,
    'nama_tindakan' => 'Ruangan Mawar',
    'bill_rs' => '410000.00',
    'jumlah' => 1,
    'kode_bagian' => '031301',
    'kode_bagian_asal' => '031301',
    'kode_klas' => 13,
    'no_kamar' => '1',
    'no_bed' => '1',
    'status_selesai' => 1,
    'id_dd_user' => 1,
    'kode_trans_pelayanan' => 4163199,
    'executed' => 'executed',
  ),
  2 => 
  array (
    'no_kunjungan' => 862366,
    'no_registrasi' => 581547,
    'no_mr' => '00179874',
    'nama_pasien_layan' => 'VERA GRACE TOBING, NY.',
    'kode_kelompok' => 3,
    'kode_perusahaan' => 120,
    'tgl_transaksi' => '2019-06-14 01:00:00',
    'jenis_tindakan' => 1,
    'nama_tindakan' => 'Ruangan Flamboyan',
    'bill_rs' => '310000.00',
    'jumlah' => 1,
    'kode_bagian' => '030601',
    'kode_bagian_asal' => '030601',
    'kode_klas' => 12,
    'no_kamar' => '2',
    'no_bed' => '1',
    'status_selesai' => 1,
    'id_dd_user' => 1,
    'kode_trans_pelayanan' => 4163200,
    'executed' => 'executed',
  ),
  3 => 
  array (
    'no_kunjungan' => 862367,
    'no_registrasi' => 581643,
    'no_mr' => '00238811',
    'nama_pasien_layan' => 'TESHA ANINDITHA',
    'kode_kelompok' => 3,
    'kode_perusahaan' => 120,
    'tgl_transaksi' => '2019-06-14 01:00:00',
    'jenis_tindakan' => 1,
    'nama_tindakan' => 'Ruangan Flamboyan',
    'bill_rs' => '310000.00',
    'jumlah' => 1,
    'kode_bagian' => '030601',
    'kode_bagian_asal' => '030601',
    'kode_klas' => 12,
    'no_kamar' => '1',
    'no_bed' => '1',
    'status_selesai' => 1,
    'id_dd_user' => 1,
    'kode_trans_pelayanan' => 4163201,
    'executed' => 'executed',
  ),
  4 => 
  array (
    'no_kunjungan' => 862416,
    'no_registrasi' => 581721,
    'no_mr' => '00237796',
    'nama_pasien_layan' => 'MULYANI, Ny.',
    'kode_kelompok' => 3,
    'kode_perusahaan' => 120,
    'tgl_transaksi' => '2019-06-14 01:00:01',
    'jenis_tindakan' => 1,
    'nama_tindakan' => 'Ruangan Seruni Ruang Nifas',
    'bill_rs' => '140000.00',
    'jumlah' => 1,
    'kode_bagian' => '031601',
    'kode_bagian_asal' => '031601',
    'kode_klas' => 13,
    'no_kamar' => '2',
    'no_bed' => '1',
    'status_selesai' => 1,
    'id_dd_user' => 1,
    'kode_trans_pelayanan' => 4163202,
    'executed' => 'executed',
  ),
  5 => 
  array (
    'no_kunjungan' => 862417,
    'no_registrasi' => 581722,
    'no_mr' => '00237827',
    'nama_pasien_layan' => 'FEBY TRIANA',
    'kode_kelompok' => 3,
    'kode_perusahaan' => 120,
    'tgl_transaksi' => '2019-06-14 01:00:01',
    'jenis_tindakan' => 1,
    'nama_tindakan' => 'Ruangan Seruni Ruang Nifas',
    'bill_rs' => '310000.00',
    'jumlah' => 1,
    'kode_bagian' => '031601',
    'kode_bagian_asal' => '031601',
    'kode_klas' => 12,
    'no_kamar' => '1',
    'no_bed' => '2',
    'status_selesai' => 1,
    'id_dd_user' => 1,
    'kode_trans_pelayanan' => 4163203,
    'executed' => 'executed',
  ),
  6 => 
  array (
    'no_kunjungan' => 862723,
    'no_registrasi' => 581886,
    'no_mr' => '00238852',
    'nama_pasien_layan' => 'MELLY TRI TAURISTDANIA',
    'kode_kelompok' => 3,
    'kode_perusahaan' => 120,
    'tgl_transaksi' => '2019-06-14 01:00:01',
    'jenis_tindakan' => 1,
    'nama_tindakan' => 'Ruangan Flamboyan',
    'bill_rs' => '310000.00',
    'jumlah' => 1,
    'kode_bagian' => '030601',
    'kode_bagian_asal' => '030601',
    'kode_klas' => 12,
    'no_kamar' => '2',
    'no_bed' => '2',
    'status_selesai' => 1,
    'id_dd_user' => 1,
    'kode_trans_pelayanan' => 4163204,
    'executed' => 'executed',
  ),
  7 => 
  array (
    'no_kunjungan' => 862649,
    'no_registrasi' => 581925,
    'no_mr' => '00238863',
    'nama_pasien_layan' => 'BY.NY. FEBY TRIANA',
    'kode_kelompok' => 3,
    'kode_perusahaan' => 120,
    'tgl_transaksi' => '2019-06-14 01:00:01',
    'jenis_tindakan' => 1,
    'nama_tindakan' => 'Ruangan Kamar Bayi',
    'bill_rs' => '330000.00',
    'jumlah' => 1,
    'kode_bagian' => '031201',
    'kode_bagian_asal' => '031201',
    'kode_klas' => 12,
    'no_kamar' => '01',
    'no_bed' => '2',
    'status_selesai' => 1,
    'id_dd_user' => 1,
    'kode_trans_pelayanan' => 4163205,
    'executed' => 'executed',
  ),
  8 => 
  array (
    'no_kunjungan' => 862663,
    'no_registrasi' => 581935,
    'no_mr' => '00171313',
    'nama_pasien_layan' => 'EKO DARMINTO, TN.',
    'kode_kelompok' => 3,
    'kode_perusahaan' => 120,
    'tgl_transaksi' => '2019-06-14 01:00:01',
    'jenis_tindakan' => 1,
    'nama_tindakan' => 'Ruangan Mawar',
    'bill_rs' => '210000.00',
    'jumlah' => 1,
    'kode_bagian' => '031301',
    'kode_bagian_asal' => '031301',
    'kode_klas' => 13,
    'no_kamar' => '1',
    'no_bed' => '2',
    'status_selesai' => 1,
    'id_dd_user' => 1,
    'kode_trans_pelayanan' => 4163206,
    'executed' => 'executed',
  ),
  9 => 
  array (
    'no_kunjungan' => 862665,
    'no_registrasi' => 581937,
    'no_mr' => '00237554',
    'nama_pasien_layan' => 'DIAN YULIANTI, Ny.',
    'kode_kelompok' => 3,
    'kode_perusahaan' => 120,
    'tgl_transaksi' => '2019-06-14 01:00:01',
    'jenis_tindakan' => 1,
    'nama_tindakan' => 'Ruangan Bougenvile',
    'bill_rs' => '140000.00',
    'jumlah' => 1,
    'kode_bagian' => '031701',
    'kode_bagian_asal' => '031701',
    'kode_klas' => 6,
    'no_kamar' => '1',
    'no_bed' => '2',
    'status_selesai' => 1,
    'id_dd_user' => 1,
    'kode_trans_pelayanan' => 4163207,
    'executed' => 'executed',
  ),
  10 => 
  array (
    'no_kunjungan' => 862721,
    'no_registrasi' => 581945,
    'no_mr' => '00106272',
    'nama_pasien_layan' => 'DJUDJU JURIAH, Ny.',
    'kode_kelompok' => 3,
    'kode_perusahaan' => 120,
    'tgl_transaksi' => '2019-06-14 01:00:01',
    'jenis_tindakan' => 1,
    'nama_tindakan' => 'Ruangan Mawar',
    'bill_rs' => '210000.00',
    'jumlah' => 1,
    'kode_bagian' => '031301',
    'kode_bagian_asal' => '031301',
    'kode_klas' => 13,
    'no_kamar' => '2',
    'no_bed' => '1',
    'status_selesai' => 1,
    'id_dd_user' => 1,
    'kode_trans_pelayanan' => 4163208,
    'executed' => 'executed',
  ),
  11 => 
  array (
    'no_kunjungan' => 862686,
    'no_registrasi' => 581955,
    'no_mr' => '00238870',
    'nama_pasien_layan' => 'BY. NY MULYANI',
    'kode_kelompok' => 3,
    'kode_perusahaan' => 120,
    'tgl_transaksi' => '2019-06-14 01:00:02',
    'jenis_tindakan' => 1,
    'nama_tindakan' => 'Ruangan Kamar Bayi',
    'bill_rs' => '120000.00',
    'jumlah' => 1,
    'kode_bagian' => '031201',
    'kode_bagian_asal' => '031201',
    'kode_klas' => 6,
    'no_kamar' => '01',
    'no_bed' => '4',
    'status_selesai' => 1,
    'id_dd_user' => 1,
    'kode_trans_pelayanan' => 4163209,
    'executed' => 'executed',
  ),
  12 => 
  array (
    'no_kunjungan' => 862760,
    'no_registrasi' => 581993,
    'no_mr' => '00238881',
    'nama_pasien_layan' => 'LUTFIYAH',
    'kode_kelompok' => 1,
    'kode_perusahaan' => 0,
    'tgl_transaksi' => '2019-06-14 01:00:02',
    'jenis_tindakan' => 1,
    'nama_tindakan' => 'Ruangan Flamboyan',
    'bill_rs' => '670000.00',
    'jumlah' => 1,
    'kode_bagian' => '030601',
    'kode_bagian_asal' => '030601',
    'kode_klas' => 12,
    'no_kamar' => '4',
    'no_bed' => '1',
    'status_selesai' => 1,
    'id_dd_user' => 1,
    'kode_trans_pelayanan' => 4163210,
    'executed' => 'executed',
  ),
  13 => 
  array (
    'no_kunjungan' => 862900,
    'no_registrasi' => 582126,
    'no_mr' => '00238731',
    'nama_pasien_layan' => 'ZUL FAHMI AKMAL',
    'kode_kelompok' => 3,
    'kode_perusahaan' => 120,
    'tgl_transaksi' => '2019-06-14 01:00:02',
    'jenis_tindakan' => 1,
    'nama_tindakan' => 'Ruangan Mawar',
    'bill_rs' => '210000.00',
    'jumlah' => 1,
    'kode_bagian' => '031301',
    'kode_bagian_asal' => '031301',
    'kode_klas' => 13,
    'no_kamar' => '1',
    'no_bed' => '3',
    'status_selesai' => 1,
    'id_dd_user' => 1,
    'kode_trans_pelayanan' => 4163211,
    'executed' => 'executed',
  ),
  14 => 
  array (
    'no_kunjungan' => 863077,
    'no_registrasi' => 582162,
    'no_mr' => '00175504',
    'nama_pasien_layan' => 'SHINTA OCTAVIA SRI U., Ny.',
    'kode_kelompok' => 3,
    'kode_perusahaan' => 120,
    'tgl_transaksi' => '2019-06-14 01:00:02',
    'jenis_tindakan' => 1,
    'nama_tindakan' => 'Ruangan Flamboyan',
    'bill_rs' => '310000.00',
    'jumlah' => 1,
    'kode_bagian' => '030601',
    'kode_bagian_asal' => '030601',
    'kode_klas' => 12,
    'no_kamar' => '1',
    'no_bed' => '2',
    'status_selesai' => 1,
    'id_dd_user' => 1,
    'kode_trans_pelayanan' => 4163212,
    'executed' => 'executed',
  ),
  15 => 
  array (
    'no_kunjungan' => 863078,
    'no_registrasi' => 582206,
    'no_mr' => '00141396',
    'nama_pasien_layan' => 'ENI NURHAENI, NY.',
    'kode_kelompok' => 1,
    'kode_perusahaan' => 0,
    'tgl_transaksi' => '2019-06-14 01:00:02',
    'jenis_tindakan' => 1,
    'nama_tindakan' => 'Ruangan Melati',
    'bill_rs' => '250000.00',
    'jumlah' => 1,
    'kode_bagian' => '031401',
    'kode_bagian_asal' => '031401',
    'kode_klas' => 6,
    'no_kamar' => '1',
    'no_bed' => '3',
    'status_selesai' => 1,
    'id_dd_user' => 1,
    'kode_trans_pelayanan' => 4163213,
    'executed' => 'executed',
  ),
  16 => 
  array (
    'no_kunjungan' => 863048,
    'no_registrasi' => 582208,
    'no_mr' => '00238914',
    'nama_pasien_layan' => 'BY NY DIAN YULIANTI',
    'kode_kelompok' => 3,
    'kode_perusahaan' => 120,
    'tgl_transaksi' => '2019-06-14 01:00:02',
    'jenis_tindakan' => 1,
    'nama_tindakan' => 'Ruangan Kamar Bayi',
    'bill_rs' => '140000.00',
    'jumlah' => 1,
    'kode_bagian' => '031201',
    'kode_bagian_asal' => '031201',
    'kode_klas' => 13,
    'no_kamar' => '02',
    'no_bed' => '1',
    'status_selesai' => 1,
    'id_dd_user' => 1,
    'kode_trans_pelayanan' => 4163214,
    'executed' => 'executed',
  ),
  17 => 
  array (
    'no_kunjungan' => 863104,
    'no_registrasi' => 582231,
    'no_mr' => '00235792',
    'nama_pasien_layan' => 'SYIFA SHAYNA, An.',
    'kode_kelompok' => 3,
    'kode_perusahaan' => 120,
    'tgl_transaksi' => '2019-06-14 01:00:02',
    'jenis_tindakan' => 1,
    'nama_tindakan' => 'Ruangan Melati',
    'bill_rs' => '140000.00',
    'jumlah' => 1,
    'kode_bagian' => '031401',
    'kode_bagian_asal' => '031401',
    'kode_klas' => 6,
    'no_kamar' => '1',
    'no_bed' => '7 ',
    'status_selesai' => 1,
    'id_dd_user' => 1,
    'kode_trans_pelayanan' => 4163215,
    'executed' => 'executed',
  ),
  18 => 
  array (
    'no_kunjungan' => 863231,
    'no_registrasi' => 582350,
    'no_mr' => '00237723',
    'nama_pasien_layan' => 'KRISMAN NAINGGOLAN, Tn.',
    'kode_kelompok' => 3,
    'kode_perusahaan' => 120,
    'tgl_transaksi' => '2019-06-14 01:00:03',
    'jenis_tindakan' => 1,
    'nama_tindakan' => 'Ruangan Mawar',
    'bill_rs' => '210000.00',
    'jumlah' => 1,
    'kode_bagian' => '031301',
    'kode_bagian_asal' => '031301',
    'kode_klas' => 13,
    'no_kamar' => '1',
    'no_bed' => '4',
    'status_selesai' => 1,
    'id_dd_user' => 1,
    'kode_trans_pelayanan' => 4163216,
    'executed' => 'executed',
  ),
  19 => 
  array (
    'no_kunjungan' => 863315,
    'no_registrasi' => 582355,
    'no_mr' => '00038287',
    'nama_pasien_layan' => 'NILA SARI SYAHRIAL REKSOPRODJO, NY.',
    'kode_kelompok' => 11,
    'kode_perusahaan' => 0,
    'tgl_transaksi' => '2019-06-14 01:00:03',
    'jenis_tindakan' => 1,
    'nama_tindakan' => 'Ruangan Wijayakusuma',
    'bill_rs' => '1200000.00',
    'jumlah' => 1,
    'kode_bagian' => '030101',
    'kode_bagian_asal' => '030101',
    'kode_klas' => 2,
    'no_kamar' => '6',
    'no_bed' => '1',
    'status_selesai' => 1,
    'id_dd_user' => 1,
    'kode_trans_pelayanan' => 4163217,
    'executed' => 'executed',
  ),
  20 => 
  array (
    'no_kunjungan' => 863272,
    'no_registrasi' => 582374,
    'no_mr' => '00189832',
    'nama_pasien_layan' => 'SRI WAHYUNI, Ny.',
    'kode_kelompok' => 3,
    'kode_perusahaan' => 120,
    'tgl_transaksi' => '2019-06-14 01:00:03',
    'jenis_tindakan' => 1,
    'nama_tindakan' => 'Ruangan Mawar',
    'bill_rs' => '210000.00',
    'jumlah' => 1,
    'kode_bagian' => '031301',
    'kode_bagian_asal' => '031301',
    'kode_klas' => 13,
    'no_kamar' => '2',
    'no_bed' => '2',
    'status_selesai' => 1,
    'id_dd_user' => 1,
    'kode_trans_pelayanan' => 4163218,
    'executed' => 'executed',
  ),
  21 => 
  array (
    'no_kunjungan' => 863276,
    'no_registrasi' => 582378,
    'no_mr' => '00224758',
    'nama_pasien_layan' => 'ANISA SETIYA RINI, NY., Ny.',
    'kode_kelompok' => 3,
    'kode_perusahaan' => 120,
    'tgl_transaksi' => '2019-06-14 01:00:03',
    'jenis_tindakan' => 1,
    'nama_tindakan' => 'Ruangan Seruni Ruang Nifas',
    'bill_rs' => '310000.00',
    'jumlah' => 1,
    'kode_bagian' => '031601',
    'kode_bagian_asal' => '031601',
    'kode_klas' => 12,
    'no_kamar' => '1',
    'no_bed' => '1 ',
    'status_selesai' => 1,
    'id_dd_user' => 1,
    'kode_trans_pelayanan' => 4163219,
    'executed' => 'executed',
  ),
  22 => 
  array (
    'no_kunjungan' => 863318,
    'no_registrasi' => 582399,
    'no_mr' => '00238768',
    'nama_pasien_layan' => 'SUGIHARTI MURNI, Ny.',
    'kode_kelompok' => 3,
    'kode_perusahaan' => 120,
    'tgl_transaksi' => '2019-06-14 01:00:03',
    'jenis_tindakan' => 1,
    'nama_tindakan' => 'Ruangan Bougenvile',
    'bill_rs' => '140000.00',
    'jumlah' => 1,
    'kode_bagian' => '031701',
    'kode_bagian_asal' => '031701',
    'kode_klas' => 6,
    'no_kamar' => '1',
    'no_bed' => '1',
    'status_selesai' => 1,
    'id_dd_user' => 1,
    'kode_trans_pelayanan' => 4163220,
    'executed' => 'executed',
  ),
  23 => 
  array (
    'no_kunjungan' => 863575,
    'no_registrasi' => 582632,
    'no_mr' => '00238954',
    'nama_pasien_layan' => 'BY.NY.ANISA SETIYA RINI',
    'kode_kelompok' => 3,
    'kode_perusahaan' => 120,
    'tgl_transaksi' => '2019-06-14 01:00:03',
    'jenis_tindakan' => 1,
    'nama_tindakan' => 'Ruangan Kamar Bayi',
    'bill_rs' => '330000.00',
    'jumlah' => 1,
    'kode_bagian' => '031201',
    'kode_bagian_asal' => '031201',
    'kode_klas' => 12,
    'no_kamar' => '02',
    'no_bed' => '2',
    'status_selesai' => 1,
    'id_dd_user' => 1,
    'kode_trans_pelayanan' => 4163221,
    'executed' => 'executed',
  ),
  24 => 
  array (
    'no_kunjungan' => 863687,
    'no_registrasi' => 582710,
    'no_mr' => '00238965',
    'nama_pasien_layan' => 'BY.NY.SUGIHARTI MURNI',
    'kode_kelompok' => 3,
    'kode_perusahaan' => 120,
    'tgl_transaksi' => '2019-06-14 01:00:03',
    'jenis_tindakan' => 1,
    'nama_tindakan' => 'Ruangan Kamar Bayi',
    'bill_rs' => '120000.00',
    'jumlah' => 1,
    'kode_bagian' => '031201',
    'kode_bagian_asal' => '031201',
    'kode_klas' => 6,
    'no_kamar' => '03',
    'no_bed' => '1',
    'status_selesai' => 1,
    'id_dd_user' => 1,
    'kode_trans_pelayanan' => 4163222,
    'executed' => 'executed',
  ),
  25 => 
  array (
    'no_kunjungan' => 863751,
    'no_registrasi' => 582725,
    'no_mr' => '00198892',
    'nama_pasien_layan' => 'ANANG SUDIJARTO, Tn.',
    'kode_kelompok' => 3,
    'kode_perusahaan' => 120,
    'tgl_transaksi' => '2019-06-14 01:00:04',
    'jenis_tindakan' => 1,
    'nama_tindakan' => 'Ruangan Flamboyan',
    'bill_rs' => '310000.00',
    'jumlah' => 1,
    'kode_bagian' => '030601',
    'kode_bagian_asal' => '030601',
    'kode_klas' => 12,
    'no_kamar' => '3',
    'no_bed' => '1',
    'status_selesai' => 1,
    'id_dd_user' => 1,
    'kode_trans_pelayanan' => 4163223,
    'executed' => 'executed',
  ),
  26 => 
  array (
    'no_kunjungan' => 863815,
    'no_registrasi' => 582738,
    'no_mr' => '00237780',
    'nama_pasien_layan' => 'LEFTI MELLA SARI',
    'kode_kelompok' => 3,
    'kode_perusahaan' => 120,
    'tgl_transaksi' => '2019-06-14 01:00:04',
    'jenis_tindakan' => 1,
    'nama_tindakan' => 'Ruangan ICU ',
    'bill_rs' => '1350000.00',
    'jumlah' => 1,
    'kode_bagian' => '031001',
    'kode_bagian_asal' => '031001',
    'kode_klas' => 10,
    'no_kamar' => '1',
    'no_bed' => '1',
    'status_selesai' => 1,
    'id_dd_user' => 1,
    'kode_trans_pelayanan' => 4163141,
    'executed' => 'not_executed',
  ),
  27 => 
  array (
    'no_kunjungan' => 863817,
    'no_registrasi' => 582739,
    'no_mr' => '00238973',
    'nama_pasien_layan' => 'ANDIEN ERNA SUDIRMAN',
    'kode_kelompok' => 1,
    'kode_perusahaan' => 0,
    'tgl_transaksi' => '2019-06-14 01:00:04',
    'jenis_tindakan' => 1,
    'nama_tindakan' => 'Ruangan Wijayakusuma',
    'bill_rs' => '1200000.00',
    'jumlah' => 1,
    'kode_bagian' => '030101',
    'kode_bagian_asal' => '030101',
    'kode_klas' => 2,
    'no_kamar' => '5',
    'no_bed' => '1',
    'status_selesai' => 1,
    'id_dd_user' => 1,
    'kode_trans_pelayanan' => 4163143,
    'executed' => 'not_executed',
  ),
  28 => 
  array (
    'no_kunjungan' => 863818,
    'no_registrasi' => 582741,
    'no_mr' => '00238708',
    'nama_pasien_layan' => 'AGUNG DEDI SUTARDI, TN.',
    'kode_kelompok' => 3,
    'kode_perusahaan' => 338,
    'tgl_transaksi' => '2019-06-14 01:00:04',
    'jenis_tindakan' => 1,
    'nama_tindakan' => 'Ruangan Melati',
    'bill_rs' => '250000.00',
    'jumlah' => 1,
    'kode_bagian' => '031401',
    'kode_bagian_asal' => '031401',
    'kode_klas' => 6,
    'no_kamar' => '2',
    'no_bed' => '2',
    'status_selesai' => 1,
    'id_dd_user' => 1,
    'kode_trans_pelayanan' => 4163144,
    'executed' => 'not_executed',
  ),
  29 => 
  array (
    'no_kunjungan' => 863820,
    'no_registrasi' => 582742,
    'no_mr' => '00238009',
    'nama_pasien_layan' => 'DESTY WIJAYANTI, Ny.',
    'kode_kelompok' => 3,
    'kode_perusahaan' => 120,
    'tgl_transaksi' => '2019-06-14 01:00:04',
    'jenis_tindakan' => 1,
    'nama_tindakan' => 'Ruangan Mawar',
    'bill_rs' => '210000.00',
    'jumlah' => 1,
    'kode_bagian' => '031301',
    'kode_bagian_asal' => '031301',
    'kode_klas' => 13,
    'no_kamar' => '2',
    'no_bed' => '3',
    'status_selesai' => 1,
    'id_dd_user' => 1,
    'kode_trans_pelayanan' => 4163148,
    'executed' => 'not_executed',
  ),
  30 => 
  array (
    'no_kunjungan' => 863822,
    'no_registrasi' => 582743,
    'no_mr' => '00238710',
    'nama_pasien_layan' => 'MARJUKI, Tn.',
    'kode_kelompok' => 3,
    'kode_perusahaan' => 120,
    'tgl_transaksi' => '2019-06-14 01:00:04',
    'jenis_tindakan' => 1,
    'nama_tindakan' => 'Ruangan Flamboyan',
    'bill_rs' => '310000.00',
    'jumlah' => 1,
    'kode_bagian' => '030601',
    'kode_bagian_asal' => '030601',
    'kode_klas' => 12,
    'no_kamar' => '3',
    'no_bed' => '2',
    'status_selesai' => 1,
    'id_dd_user' => 1,
    'kode_trans_pelayanan' => 4163153,
    'executed' => 'not_executed',
  ),
  31 => 
  array (
    'no_kunjungan' => 863823,
    'no_registrasi' => 582744,
    'no_mr' => '00238695',
    'nama_pasien_layan' => 'WATINI, Ny.',
    'kode_kelompok' => 3,
    'kode_perusahaan' => 120,
    'tgl_transaksi' => '2019-06-14 01:00:04',
    'jenis_tindakan' => 1,
    'nama_tindakan' => 'Ruangan Mawar',
    'bill_rs' => '210000.00',
    'jumlah' => 1,
    'kode_bagian' => '031301',
    'kode_bagian_asal' => '031301',
    'kode_klas' => 13,
    'no_kamar' => '2',
    'no_bed' => '4',
    'status_selesai' => 1,
    'id_dd_user' => 1,
    'kode_trans_pelayanan' => 4163155,
    'executed' => 'not_executed',
  ),
  32 => 
  array (
    'no_kunjungan' => 863824,
    'no_registrasi' => 582745,
    'no_mr' => '00233708',
    'nama_pasien_layan' => 'RACHMI SAFRIANI, Ny.',
    'kode_kelompok' => 3,
    'kode_perusahaan' => 120,
    'tgl_transaksi' => '2019-06-14 01:00:04',
    'jenis_tindakan' => 1,
    'nama_tindakan' => 'Ruangan Seruni Ruang Nifas',
    'bill_rs' => '310000.00',
    'jumlah' => 1,
    'kode_bagian' => '031601',
    'kode_bagian_asal' => '031601',
    'kode_klas' => 13,
    'no_kamar' => '2',
    'no_bed' => '2',
    'status_selesai' => 1,
    'id_dd_user' => 1,
    'kode_trans_pelayanan' => 4163156,
    'executed' => 'not_executed',
  ),
  33 => 
  array (
    'no_kunjungan' => 863826,
    'no_registrasi' => 582746,
    'no_mr' => '00238557',
    'nama_pasien_layan' => 'SITI ODJAH, Ny.',
    'kode_kelompok' => 3,
    'kode_perusahaan' => 120,
    'tgl_transaksi' => '2019-06-14 01:00:05',
    'jenis_tindakan' => 1,
    'nama_tindakan' => 'Ruangan Melati',
    'bill_rs' => '140000.00',
    'jumlah' => 1,
    'kode_bagian' => '031401',
    'kode_bagian_asal' => '031401',
    'kode_klas' => 6,
    'no_kamar' => '1',
    'no_bed' => '1',
    'status_selesai' => 1,
    'id_dd_user' => 1,
    'kode_trans_pelayanan' => 4163160,
    'executed' => 'not_executed',
  ),
)