Jumlah Record = 21, Eksekusi = 16, No Eksekusi = 5 
array (
  0 => 
  array (
    'no_kunjungan' => 873777,
    'no_registrasi' => 589707,
    'no_mr' => '00165739',
    'nama_pasien_layan' => 'HJ DWI SUBACHTUTI, NY., NY., NY.',
    'kode_kelompok' => 3,
    'kode_perusahaan' => 120,
    'tgl_transaksi' => '2019-07-09 01:00:00',
    'jenis_tindakan' => 1,
    'nama_tindakan' => 'Ruangan Wijayakusuma',
    'bill_rs' => '1200000.00',
    'jumlah' => 1,
    'kode_bagian' => '030101',
    'kode_bagian_asal' => '030101',
    'kode_klas' => 2,
    'no_kamar' => '6',
    'no_bed' => '1',
    'status_selesai' => 1,
    'id_dd_user' => 1,
    'kode_trans_pelayanan' => 4222723,
    'executed' => 'executed',
  ),
  1 => 
  array (
    'no_kunjungan' => 876269,
    'no_registrasi' => 591581,
    'no_mr' => '00177987',
    'nama_pasien_layan' => 'RAHMAH EL NASIAH, Ny.',
    'kode_kelompok' => 1,
    'kode_perusahaan' => 0,
    'tgl_transaksi' => '2019-07-09 01:00:00',
    'jenis_tindakan' => 1,
    'nama_tindakan' => 'Ruangan Kenanga',
    'bill_rs' => '600000.00',
    'jumlah' => 1,
    'kode_bagian' => '030701',
    'kode_bagian_asal' => '030701',
    'kode_klas' => 5,
    'no_kamar' => '3',
    'no_bed' => ' 1',
    'status_selesai' => 1,
    'id_dd_user' => 1,
    'kode_trans_pelayanan' => 4222724,
    'executed' => 'executed',
  ),
  2 => 
  array (
    'no_kunjungan' => 877034,
    'no_registrasi' => 592188,
    'no_mr' => '00233880',
    'nama_pasien_layan' => 'SASHKIA ARDANI',
    'kode_kelompok' => 3,
    'kode_perusahaan' => 120,
    'tgl_transaksi' => '2019-07-09 01:00:00',
    'jenis_tindakan' => 1,
    'nama_tindakan' => 'Ruangan Mawar',
    'bill_rs' => '210000.00',
    'jumlah' => 1,
    'kode_bagian' => '031301',
    'kode_bagian_asal' => '031301',
    'kode_klas' => 13,
    'no_kamar' => '2',
    'no_bed' => '2',
    'status_selesai' => 1,
    'id_dd_user' => 1,
    'kode_trans_pelayanan' => 4222725,
    'executed' => 'executed',
  ),
  3 => 
  array (
    'no_kunjungan' => 877272,
    'no_registrasi' => 592359,
    'no_mr' => '00240176',
    'nama_pasien_layan' => 'S ACHMAD HANAFI',
    'kode_kelompok' => 3,
    'kode_perusahaan' => 120,
    'tgl_transaksi' => '2019-07-09 01:00:00',
    'jenis_tindakan' => 1,
    'nama_tindakan' => 'Ruangan Flamboyan',
    'bill_rs' => '310000.00',
    'jumlah' => 1,
    'kode_bagian' => '030601',
    'kode_bagian_asal' => '030601',
    'kode_klas' => 12,
    'no_kamar' => '3',
    'no_bed' => '1',
    'status_selesai' => 1,
    'id_dd_user' => 1,
    'kode_trans_pelayanan' => 4222726,
    'executed' => 'executed',
  ),
  4 => 
  array (
    'no_kunjungan' => 877423,
    'no_registrasi' => 592464,
    'no_mr' => '00194553',
    'nama_pasien_layan' => 'RADITYA ARKANA WIJAYA, AN.',
    'kode_kelompok' => 3,
    'kode_perusahaan' => 250,
    'tgl_transaksi' => '2019-07-09 01:00:01',
    'jenis_tindakan' => 1,
    'nama_tindakan' => 'Ruangan Seruni',
    'bill_rs' => '350000.00',
    'jumlah' => 1,
    'kode_bagian' => '030301',
    'kode_bagian_asal' => '030301',
    'kode_klas' => 13,
    'no_kamar' => '4',
    'no_bed' => '2',
    'status_selesai' => 1,
    'id_dd_user' => 1,
    'kode_trans_pelayanan' => 4222727,
    'executed' => 'executed',
  ),
  5 => 
  array (
    'no_kunjungan' => 877424,
    'no_registrasi' => 592465,
    'no_mr' => '00197584',
    'nama_pasien_layan' => 'RAFANDRA AQLAN WIJAYA, An.',
    'kode_kelompok' => 3,
    'kode_perusahaan' => 250,
    'tgl_transaksi' => '2019-07-09 01:00:01',
    'jenis_tindakan' => 1,
    'nama_tindakan' => 'Ruangan Seruni',
    'bill_rs' => '350000.00',
    'jumlah' => 1,
    'kode_bagian' => '030301',
    'kode_bagian_asal' => '030301',
    'kode_klas' => 13,
    'no_kamar' => '4',
    'no_bed' => '3',
    'status_selesai' => 1,
    'id_dd_user' => 1,
    'kode_trans_pelayanan' => 4222728,
    'executed' => 'executed',
  ),
  6 => 
  array (
    'no_kunjungan' => 877441,
    'no_registrasi' => 592479,
    'no_mr' => '00240193',
    'nama_pasien_layan' => 'KARYONO',
    'kode_kelompok' => 3,
    'kode_perusahaan' => 120,
    'tgl_transaksi' => '2019-07-09 01:00:01',
    'jenis_tindakan' => 1,
    'nama_tindakan' => 'Ruangan Wijayakusuma',
    'bill_rs' => '1200000.00',
    'jumlah' => 1,
    'kode_bagian' => '030101',
    'kode_bagian_asal' => '030101',
    'kode_klas' => 2,
    'no_kamar' => '5',
    'no_bed' => '1',
    'status_selesai' => 1,
    'id_dd_user' => 1,
    'kode_trans_pelayanan' => 4222729,
    'executed' => 'executed',
  ),
  7 => 
  array (
    'no_kunjungan' => 877442,
    'no_registrasi' => 592480,
    'no_mr' => '00240194',
    'nama_pasien_layan' => 'ARTAYUDA RAHANDIKA HENDI',
    'kode_kelompok' => 3,
    'kode_perusahaan' => 120,
    'tgl_transaksi' => '2019-07-09 01:00:01',
    'jenis_tindakan' => 1,
    'nama_tindakan' => 'Ruangan Seruni',
    'bill_rs' => '310000.00',
    'jumlah' => 1,
    'kode_bagian' => '030301',
    'kode_bagian_asal' => '030301',
    'kode_klas' => 12,
    'no_kamar' => '3',
    'no_bed' => '1',
    'status_selesai' => 1,
    'id_dd_user' => 1,
    'kode_trans_pelayanan' => 4222730,
    'executed' => 'executed',
  ),
  8 => 
  array (
    'no_kunjungan' => 877463,
    'no_registrasi' => 592487,
    'no_mr' => '00210832',
    'nama_pasien_layan' => 'RATIH JUMIATY, Ny.',
    'kode_kelompok' => 3,
    'kode_perusahaan' => 120,
    'tgl_transaksi' => '2019-07-09 01:00:01',
    'jenis_tindakan' => 1,
    'nama_tindakan' => 'Ruangan Mawar',
    'bill_rs' => '210000.00',
    'jumlah' => 1,
    'kode_bagian' => '031301',
    'kode_bagian_asal' => '031301',
    'kode_klas' => 13,
    'no_kamar' => '2',
    'no_bed' => '4',
    'status_selesai' => 1,
    'id_dd_user' => 1,
    'kode_trans_pelayanan' => 4222731,
    'executed' => 'executed',
  ),
  9 => 
  array (
    'no_kunjungan' => 877478,
    'no_registrasi' => 592495,
    'no_mr' => '00240089',
    'nama_pasien_layan' => 'EKA RUSTIANI',
    'kode_kelompok' => 3,
    'kode_perusahaan' => 120,
    'tgl_transaksi' => '2019-07-09 01:00:01',
    'jenis_tindakan' => 1,
    'nama_tindakan' => 'Ruangan Flamboyan',
    'bill_rs' => '310000.00',
    'jumlah' => 1,
    'kode_bagian' => '030601',
    'kode_bagian_asal' => '030601',
    'kode_klas' => 12,
    'no_kamar' => '1',
    'no_bed' => '1',
    'status_selesai' => 1,
    'id_dd_user' => 1,
    'kode_trans_pelayanan' => 4222732,
    'executed' => 'executed',
  ),
  10 => 
  array (
    'no_kunjungan' => 877479,
    'no_registrasi' => 592496,
    'no_mr' => '00239823',
    'nama_pasien_layan' => 'OTI SUJIANTI, Ny.',
    'kode_kelompok' => 3,
    'kode_perusahaan' => 120,
    'tgl_transaksi' => '2019-07-09 01:00:01',
    'jenis_tindakan' => 1,
    'nama_tindakan' => 'Ruangan Mawar',
    'bill_rs' => '210000.00',
    'jumlah' => 1,
    'kode_bagian' => '031301',
    'kode_bagian_asal' => '031301',
    'kode_klas' => 13,
    'no_kamar' => '2',
    'no_bed' => '1',
    'status_selesai' => 1,
    'id_dd_user' => 1,
    'kode_trans_pelayanan' => 4222733,
    'executed' => 'executed',
  ),
  11 => 
  array (
    'no_kunjungan' => 877480,
    'no_registrasi' => 592497,
    'no_mr' => '00221038',
    'nama_pasien_layan' => 'RESMA FAUZIAH, Nn.',
    'kode_kelompok' => 3,
    'kode_perusahaan' => 120,
    'tgl_transaksi' => '2019-07-09 01:00:02',
    'jenis_tindakan' => 1,
    'nama_tindakan' => 'Ruangan Mawar',
    'bill_rs' => '210000.00',
    'jumlah' => 1,
    'kode_bagian' => '031301',
    'kode_bagian_asal' => '031301',
    'kode_klas' => 13,
    'no_kamar' => '2',
    'no_bed' => '3',
    'status_selesai' => 1,
    'id_dd_user' => 1,
    'kode_trans_pelayanan' => 4222734,
    'executed' => 'executed',
  ),
  12 => 
  array (
    'no_kunjungan' => 877742,
    'no_registrasi' => 592719,
    'no_mr' => '00238890',
    'nama_pasien_layan' => 'NIA YULIANA',
    'kode_kelompok' => 3,
    'kode_perusahaan' => 120,
    'tgl_transaksi' => '2019-07-09 01:00:02',
    'jenis_tindakan' => 1,
    'nama_tindakan' => 'Ruangan Melati',
    'bill_rs' => '140000.00',
    'jumlah' => 1,
    'kode_bagian' => '031401',
    'kode_bagian_asal' => '031401',
    'kode_klas' => 6,
    'no_kamar' => '1',
    'no_bed' => '8',
    'status_selesai' => 1,
    'id_dd_user' => 1,
    'kode_trans_pelayanan' => 4222735,
    'executed' => 'executed',
  ),
  13 => 
  array (
    'no_kunjungan' => 877744,
    'no_registrasi' => 592721,
    'no_mr' => '00237557',
    'nama_pasien_layan' => 'RAISYA BEBY SEPTIANI',
    'kode_kelompok' => 3,
    'kode_perusahaan' => 120,
    'tgl_transaksi' => '2019-07-09 01:00:02',
    'jenis_tindakan' => 1,
    'nama_tindakan' => 'Ruangan Melati',
    'bill_rs' => '140000.00',
    'jumlah' => 1,
    'kode_bagian' => '031401',
    'kode_bagian_asal' => '031401',
    'kode_klas' => 6,
    'no_kamar' => '1',
    'no_bed' => '1',
    'status_selesai' => 1,
    'id_dd_user' => 1,
    'kode_trans_pelayanan' => 4222736,
    'executed' => 'executed',
  ),
  14 => 
  array (
    'no_kunjungan' => 877779,
    'no_registrasi' => 592752,
    'no_mr' => '00164700',
    'nama_pasien_layan' => 'FARIDA MAJAR, Ny.',
    'kode_kelompok' => 3,
    'kode_perusahaan' => 120,
    'tgl_transaksi' => '2019-07-09 01:00:02',
    'jenis_tindakan' => 1,
    'nama_tindakan' => 'Ruangan Flamboyan',
    'bill_rs' => '310000.00',
    'jumlah' => 1,
    'kode_bagian' => '030601',
    'kode_bagian_asal' => '030601',
    'kode_klas' => 12,
    'no_kamar' => '3',
    'no_bed' => '2',
    'status_selesai' => 1,
    'id_dd_user' => 1,
    'kode_trans_pelayanan' => 4222737,
    'executed' => 'executed',
  ),
  15 => 
  array (
    'no_kunjungan' => 877890,
    'no_registrasi' => 592774,
    'no_mr' => '00239882',
    'nama_pasien_layan' => 'AULIA SARIHATI',
    'kode_kelompok' => 3,
    'kode_perusahaan' => 120,
    'tgl_transaksi' => '2019-07-09 01:00:02',
    'jenis_tindakan' => 1,
    'nama_tindakan' => 'Ruangan Melati',
    'bill_rs' => '140000.00',
    'jumlah' => 1,
    'kode_bagian' => '031401',
    'kode_bagian_asal' => '031401',
    'kode_klas' => 6,
    'no_kamar' => '1',
    'no_bed' => '2',
    'status_selesai' => 1,
    'id_dd_user' => 1,
    'kode_trans_pelayanan' => 4222738,
    'executed' => 'executed',
  ),
  16 => 
  array (
    'no_kunjungan' => 878158,
    'no_registrasi' => 593021,
    'no_mr' => '00135537',
    'nama_pasien_layan' => 'DERIA AISHAPUTRI, AN.',
    'kode_kelompok' => 3,
    'kode_perusahaan' => 250,
    'tgl_transaksi' => '2019-07-09 01:00:02',
    'jenis_tindakan' => 1,
    'nama_tindakan' => 'Ruangan Anggrek',
    'bill_rs' => '1000000.00',
    'jumlah' => 1,
    'kode_bagian' => '030201',
    'kode_bagian_asal' => '030201',
    'kode_klas' => 3,
    'no_kamar' => '1',
    'no_bed' => ' 1',
    'status_selesai' => 1,
    'id_dd_user' => 1,
    'kode_trans_pelayanan' => 4222717,
    'executed' => 'not_executed',
  ),
  17 => 
  array (
    'no_kunjungan' => 878151,
    'no_registrasi' => 593022,
    'no_mr' => '00239351',
    'nama_pasien_layan' => 'ADE KASIYAH',
    'kode_kelompok' => 3,
    'kode_perusahaan' => 120,
    'tgl_transaksi' => '2019-07-09 01:00:03',
    'jenis_tindakan' => 1,
    'nama_tindakan' => 'Ruangan Flamboyan',
    'bill_rs' => '310000.00',
    'jumlah' => 1,
    'kode_bagian' => '030601',
    'kode_bagian_asal' => '030601',
    'kode_klas' => 12,
    'no_kamar' => '1',
    'no_bed' => '2',
    'status_selesai' => 1,
    'id_dd_user' => 1,
    'kode_trans_pelayanan' => 4222694,
    'executed' => 'not_executed',
  ),
  18 => 
  array (
    'no_kunjungan' => 878152,
    'no_registrasi' => 593023,
    'no_mr' => '00178681',
    'nama_pasien_layan' => 'ERNA APRIANA, NY., Ny.',
    'kode_kelompok' => 3,
    'kode_perusahaan' => 120,
    'tgl_transaksi' => '2019-07-09 01:00:03',
    'jenis_tindakan' => 1,
    'nama_tindakan' => 'Ruangan Bougenvile',
    'bill_rs' => '140000.00',
    'jumlah' => 1,
    'kode_bagian' => '031701',
    'kode_bagian_asal' => '031701',
    'kode_klas' => 6,
    'no_kamar' => '1',
    'no_bed' => '1',
    'status_selesai' => 1,
    'id_dd_user' => 1,
    'kode_trans_pelayanan' => 4222695,
    'executed' => 'not_executed',
  ),
  19 => 
  array (
    'no_kunjungan' => 878153,
    'no_registrasi' => 593024,
    'no_mr' => '00239712',
    'nama_pasien_layan' => 'M. ZIDANE FIRMANSYAH',
    'kode_kelompok' => 3,
    'kode_perusahaan' => 120,
    'tgl_transaksi' => '2019-07-09 01:00:03',
    'jenis_tindakan' => 1,
    'nama_tindakan' => 'Ruangan Flamboyan',
    'bill_rs' => '310000.00',
    'jumlah' => 1,
    'kode_bagian' => '030601',
    'kode_bagian_asal' => '030601',
    'kode_klas' => 12,
    'no_kamar' => '2',
    'no_bed' => '2',
    'status_selesai' => 1,
    'id_dd_user' => 1,
    'kode_trans_pelayanan' => 4222696,
    'executed' => 'not_executed',
  ),
  20 => 
  array (
    'no_kunjungan' => 878156,
    'no_registrasi' => 593025,
    'no_mr' => '00239960',
    'nama_pasien_layan' => 'MOHAMAD ARRASYID',
    'kode_kelompok' => 3,
    'kode_perusahaan' => 120,
    'tgl_transaksi' => '2019-07-09 01:00:03',
    'jenis_tindakan' => 1,
    'nama_tindakan' => 'Ruangan Melati',
    'bill_rs' => '140000.00',
    'jumlah' => 1,
    'kode_bagian' => '031401',
    'kode_bagian_asal' => '031401',
    'kode_klas' => 6,
    'no_kamar' => '2',
    'no_bed' => '1',
    'status_selesai' => 1,
    'id_dd_user' => 1,
    'kode_trans_pelayanan' => 4222712,
    'executed' => 'not_executed',
  ),
)