Jumlah Record = 27, Eksekusi = 27, No Eksekusi = 0 
array (
  0 => 
  array (
    'no_kunjungan' => 868866,
    'no_registrasi' => 586085,
    'no_mr' => '00239361',
    'nama_pasien_layan' => 'NURMIATI',
    'kode_kelompok' => 1,
    'kode_perusahaan' => 0,
    'tgl_transaksi' => '2019-06-26 01:00:00',
    'jenis_tindakan' => 1,
    'nama_tindakan' => 'Ruangan Mawar',
    'bill_rs' => '410000.00',
    'jumlah' => 1,
    'kode_bagian' => '031301',
    'kode_bagian_asal' => '031301',
    'kode_klas' => 13,
    'no_kamar' => '2',
    'no_bed' => '4',
    'status_selesai' => 1,
    'id_dd_user' => 1,
    'kode_trans_pelayanan' => 4193200,
    'executed' => 'executed',
  ),
  1 => 
  array (
    'no_kunjungan' => 868934,
    'no_registrasi' => 586336,
    'no_mr' => '00195152',
    'nama_pasien_layan' => 'DENNY RACHMAT SYAHPUTRA, TN.',
    'kode_kelompok' => 3,
    'kode_perusahaan' => 29,
    'tgl_transaksi' => '2019-06-26 01:00:00',
    'jenis_tindakan' => 1,
    'nama_tindakan' => 'Ruangan Kenanga',
    'bill_rs' => '600000.00',
    'jumlah' => 1,
    'kode_bagian' => '030701',
    'kode_bagian_asal' => '030701',
    'kode_klas' => 5,
    'no_kamar' => '2',
    'no_bed' => '1',
    'status_selesai' => 1,
    'id_dd_user' => 1,
    'kode_trans_pelayanan' => 4193201,
    'executed' => 'executed',
  ),
  2 => 
  array (
    'no_kunjungan' => 869227,
    'no_registrasi' => 586455,
    'no_mr' => '00197153',
    'nama_pasien_layan' => 'J SAMBUDI, H, Tn.',
    'kode_kelompok' => 3,
    'kode_perusahaan' => 120,
    'tgl_transaksi' => '2019-06-26 01:00:00',
    'jenis_tindakan' => 1,
    'nama_tindakan' => 'Ruangan Flamboyan',
    'bill_rs' => '310000.00',
    'jumlah' => 1,
    'kode_bagian' => '030601',
    'kode_bagian_asal' => '030601',
    'kode_klas' => 12,
    'no_kamar' => '2',
    'no_bed' => '1',
    'status_selesai' => 1,
    'id_dd_user' => 1,
    'kode_trans_pelayanan' => 4193202,
    'executed' => 'executed',
  ),
  3 => 
  array (
    'no_kunjungan' => 869300,
    'no_registrasi' => 586570,
    'no_mr' => '00131098',
    'nama_pasien_layan' => 'HJ. YUMENIH, Ny.',
    'kode_kelompok' => 1,
    'kode_perusahaan' => 0,
    'tgl_transaksi' => '2019-06-26 01:00:01',
    'jenis_tindakan' => 1,
    'nama_tindakan' => 'Ruangan Teratai',
    'bill_rs' => '600000.00',
    'jumlah' => 1,
    'kode_bagian' => '030801',
    'kode_bagian_asal' => '030801',
    'kode_klas' => 5,
    'no_kamar' => '2',
    'no_bed' => '1',
    'status_selesai' => 1,
    'id_dd_user' => 1,
    'kode_trans_pelayanan' => 4193203,
    'executed' => 'executed',
  ),
  4 => 
  array (
    'no_kunjungan' => 869384,
    'no_registrasi' => 586613,
    'no_mr' => '00003467',
    'nama_pasien_layan' => 'AI SUWANGSIH, NY.',
    'kode_kelompok' => 3,
    'kode_perusahaan' => 120,
    'tgl_transaksi' => '2019-06-26 01:00:01',
    'jenis_tindakan' => 1,
    'nama_tindakan' => 'Ruangan Flamboyan',
    'bill_rs' => '310000.00',
    'jumlah' => 1,
    'kode_bagian' => '030601',
    'kode_bagian_asal' => '030601',
    'kode_klas' => 12,
    'no_kamar' => '1',
    'no_bed' => '1',
    'status_selesai' => 1,
    'id_dd_user' => 1,
    'kode_trans_pelayanan' => 4193204,
    'executed' => 'executed',
  ),
  5 => 
  array (
    'no_kunjungan' => 869390,
    'no_registrasi' => 586620,
    'no_mr' => '00230574',
    'nama_pasien_layan' => 'N YEYET SUPRIYETI, Ny.',
    'kode_kelompok' => 3,
    'kode_perusahaan' => 120,
    'tgl_transaksi' => '2019-06-26 01:00:01',
    'jenis_tindakan' => 1,
    'nama_tindakan' => 'Ruangan Melati',
    'bill_rs' => '140000.00',
    'jumlah' => 1,
    'kode_bagian' => '031401',
    'kode_bagian_asal' => '031401',
    'kode_klas' => 6,
    'no_kamar' => '1',
    'no_bed' => '1',
    'status_selesai' => 1,
    'id_dd_user' => 1,
    'kode_trans_pelayanan' => 4193205,
    'executed' => 'executed',
  ),
  6 => 
  array (
    'no_kunjungan' => 869714,
    'no_registrasi' => 586892,
    'no_mr' => '00238698',
    'nama_pasien_layan' => 'SURYA PURNAJA',
    'kode_kelompok' => 3,
    'kode_perusahaan' => 120,
    'tgl_transaksi' => '2019-06-26 01:00:01',
    'jenis_tindakan' => 1,
    'nama_tindakan' => 'Ruangan Melati',
    'bill_rs' => '140000.00',
    'jumlah' => 1,
    'kode_bagian' => '031401',
    'kode_bagian_asal' => '031401',
    'kode_klas' => 6,
    'no_kamar' => '2',
    'no_bed' => '4',
    'status_selesai' => 1,
    'id_dd_user' => 1,
    'kode_trans_pelayanan' => 4193206,
    'executed' => 'executed',
  ),
  7 => 
  array (
    'no_kunjungan' => 869716,
    'no_registrasi' => 586894,
    'no_mr' => '00178134',
    'nama_pasien_layan' => 'TUKINO ARI PRIHANTO, Tn.',
    'kode_kelompok' => 3,
    'kode_perusahaan' => 120,
    'tgl_transaksi' => '2019-06-26 01:00:01',
    'jenis_tindakan' => 1,
    'nama_tindakan' => 'Ruangan Melati',
    'bill_rs' => '140000.00',
    'jumlah' => 1,
    'kode_bagian' => '031401',
    'kode_bagian_asal' => '031401',
    'kode_klas' => 6,
    'no_kamar' => '2',
    'no_bed' => '1',
    'status_selesai' => 1,
    'id_dd_user' => 1,
    'kode_trans_pelayanan' => 4193207,
    'executed' => 'executed',
  ),
  8 => 
  array (
    'no_kunjungan' => 870111,
    'no_registrasi' => 587005,
    'no_mr' => '00072030',
    'nama_pasien_layan' => 'FARHANAH, NY.',
    'kode_kelompok' => 3,
    'kode_perusahaan' => 120,
    'tgl_transaksi' => '2019-06-26 01:00:01',
    'jenis_tindakan' => 1,
    'nama_tindakan' => 'Ruangan Mawar',
    'bill_rs' => '210000.00',
    'jumlah' => 1,
    'kode_bagian' => '031301',
    'kode_bagian_asal' => '031301',
    'kode_klas' => 13,
    'no_kamar' => '2',
    'no_bed' => '3',
    'status_selesai' => 1,
    'id_dd_user' => 1,
    'kode_trans_pelayanan' => 4193208,
    'executed' => 'executed',
  ),
  9 => 
  array (
    'no_kunjungan' => 870133,
    'no_registrasi' => 587061,
    'no_mr' => '00239481',
    'nama_pasien_layan' => 'KAYSHA NAURA P',
    'kode_kelompok' => 3,
    'kode_perusahaan' => 288,
    'tgl_transaksi' => '2019-06-26 01:00:01',
    'jenis_tindakan' => 1,
    'nama_tindakan' => 'Ruangan Kenanga',
    'bill_rs' => '600000.00',
    'jumlah' => 1,
    'kode_bagian' => '030701',
    'kode_bagian_asal' => '030701',
    'kode_klas' => 5,
    'no_kamar' => '5',
    'no_bed' => '1 ',
    'status_selesai' => 1,
    'id_dd_user' => 1,
    'kode_trans_pelayanan' => 4193209,
    'executed' => 'executed',
  ),
  10 => 
  array (
    'no_kunjungan' => 870205,
    'no_registrasi' => 587203,
    'no_mr' => '00239497',
    'nama_pasien_layan' => 'FADHLURRAHMAN',
    'kode_kelompok' => 1,
    'kode_perusahaan' => 0,
    'tgl_transaksi' => '2019-06-26 01:00:01',
    'jenis_tindakan' => 1,
    'nama_tindakan' => 'Ruangan Anggrek',
    'bill_rs' => '1000000.00',
    'jumlah' => 1,
    'kode_bagian' => '030201',
    'kode_bagian_asal' => '030201',
    'kode_klas' => 3,
    'no_kamar' => '5',
    'no_bed' => '1',
    'status_selesai' => 1,
    'id_dd_user' => 1,
    'kode_trans_pelayanan' => 4193210,
    'executed' => 'executed',
  ),
  11 => 
  array (
    'no_kunjungan' => 870197,
    'no_registrasi' => 587204,
    'no_mr' => '00236517',
    'nama_pasien_layan' => 'NGATINI',
    'kode_kelompok' => 3,
    'kode_perusahaan' => 120,
    'tgl_transaksi' => '2019-06-26 01:00:02',
    'jenis_tindakan' => 1,
    'nama_tindakan' => 'Ruangan Melati',
    'bill_rs' => '140000.00',
    'jumlah' => 1,
    'kode_bagian' => '031401',
    'kode_bagian_asal' => '031401',
    'kode_klas' => 6,
    'no_kamar' => '1',
    'no_bed' => '2',
    'status_selesai' => 1,
    'id_dd_user' => 1,
    'kode_trans_pelayanan' => 4193211,
    'executed' => 'executed',
  ),
  12 => 
  array (
    'no_kunjungan' => 870198,
    'no_registrasi' => 587205,
    'no_mr' => '00238065',
    'nama_pasien_layan' => 'SUPRIYATI HANDRAYASIH',
    'kode_kelompok' => 3,
    'kode_perusahaan' => 120,
    'tgl_transaksi' => '2019-06-26 01:00:02',
    'jenis_tindakan' => 1,
    'nama_tindakan' => 'Ruangan Seruni Ruang Nifas',
    'bill_rs' => '310000.00',
    'jumlah' => 1,
    'kode_bagian' => '031601',
    'kode_bagian_asal' => '031601',
    'kode_klas' => 12,
    'no_kamar' => '1',
    'no_bed' => '1 ',
    'status_selesai' => 1,
    'id_dd_user' => 1,
    'kode_trans_pelayanan' => 4193212,
    'executed' => 'executed',
  ),
  13 => 
  array (
    'no_kunjungan' => 870211,
    'no_registrasi' => 587207,
    'no_mr' => '00184445',
    'nama_pasien_layan' => 'SUKIRAH, Ny.',
    'kode_kelompok' => 3,
    'kode_perusahaan' => 120,
    'tgl_transaksi' => '2019-06-26 01:00:02',
    'jenis_tindakan' => 1,
    'nama_tindakan' => 'Ruangan Anggrek',
    'bill_rs' => '1000000.00',
    'jumlah' => 1,
    'kode_bagian' => '030201',
    'kode_bagian_asal' => '030201',
    'kode_klas' => 3,
    'no_kamar' => '1',
    'no_bed' => ' 1',
    'status_selesai' => 1,
    'id_dd_user' => 1,
    'kode_trans_pelayanan' => 4193213,
    'executed' => 'executed',
  ),
  14 => 
  array (
    'no_kunjungan' => 870476,
    'no_registrasi' => 587291,
    'no_mr' => '00238688',
    'nama_pasien_layan' => 'SITI RAIHANUN',
    'kode_kelompok' => 3,
    'kode_perusahaan' => 120,
    'tgl_transaksi' => '2019-06-26 01:00:02',
    'jenis_tindakan' => 1,
    'nama_tindakan' => 'Ruangan Bougenvile',
    'bill_rs' => '140000.00',
    'jumlah' => 1,
    'kode_bagian' => '031701',
    'kode_bagian_asal' => '031701',
    'kode_klas' => 6,
    'no_kamar' => '1',
    'no_bed' => '2',
    'status_selesai' => 1,
    'id_dd_user' => 1,
    'kode_trans_pelayanan' => 4193214,
    'executed' => 'executed',
  ),
  15 => 
  array (
    'no_kunjungan' => 870388,
    'no_registrasi' => 587363,
    'no_mr' => '00197751',
    'nama_pasien_layan' => 'SITI KADARNINGSIH, NY.',
    'kode_kelompok' => 3,
    'kode_perusahaan' => 120,
    'tgl_transaksi' => '2019-06-26 01:00:02',
    'jenis_tindakan' => 1,
    'nama_tindakan' => 'Ruangan Flamboyan',
    'bill_rs' => '310000.00',
    'jumlah' => 1,
    'kode_bagian' => '030601',
    'kode_bagian_asal' => '030601',
    'kode_klas' => 12,
    'no_kamar' => '3',
    'no_bed' => '1',
    'status_selesai' => 1,
    'id_dd_user' => 1,
    'kode_trans_pelayanan' => 4193215,
    'executed' => 'executed',
  ),
  16 => 
  array (
    'no_kunjungan' => 870392,
    'no_registrasi' => 587366,
    'no_mr' => '00225192',
    'nama_pasien_layan' => 'ELLY OKTAVIATI, NY.',
    'kode_kelompok' => 3,
    'kode_perusahaan' => 120,
    'tgl_transaksi' => '2019-06-26 01:00:02',
    'jenis_tindakan' => 1,
    'nama_tindakan' => 'Ruangan Melati',
    'bill_rs' => '140000.00',
    'jumlah' => 1,
    'kode_bagian' => '031401',
    'kode_bagian_asal' => '031401',
    'kode_klas' => 6,
    'no_kamar' => '1',
    'no_bed' => '8',
    'status_selesai' => 1,
    'id_dd_user' => 1,
    'kode_trans_pelayanan' => 4193216,
    'executed' => 'executed',
  ),
  17 => 
  array (
    'no_kunjungan' => 870397,
    'no_registrasi' => 587370,
    'no_mr' => '00190582',
    'nama_pasien_layan' => 'NASYRAH INES KIRANA, Nn.',
    'kode_kelompok' => 3,
    'kode_perusahaan' => 320,
    'tgl_transaksi' => '2019-06-26 01:00:02',
    'jenis_tindakan' => 1,
    'nama_tindakan' => 'Ruangan Dahlia',
    'bill_rs' => '850000.00',
    'jumlah' => 1,
    'kode_bagian' => '030401',
    'kode_bagian_asal' => '030401',
    'kode_klas' => 4,
    'no_kamar' => '1',
    'no_bed' => '1',
    'status_selesai' => 1,
    'id_dd_user' => 1,
    'kode_trans_pelayanan' => 4193217,
    'executed' => 'executed',
  ),
  18 => 
  array (
    'no_kunjungan' => 870399,
    'no_registrasi' => 587372,
    'no_mr' => '00239400',
    'nama_pasien_layan' => 'SRI MULYATI',
    'kode_kelompok' => 3,
    'kode_perusahaan' => 120,
    'tgl_transaksi' => '2019-06-26 01:00:03',
    'jenis_tindakan' => 1,
    'nama_tindakan' => 'Ruangan Bougenvile',
    'bill_rs' => '140000.00',
    'jumlah' => 1,
    'kode_bagian' => '031701',
    'kode_bagian_asal' => '031701',
    'kode_klas' => 6,
    'no_kamar' => '1',
    'no_bed' => '1',
    'status_selesai' => 1,
    'id_dd_user' => 1,
    'kode_trans_pelayanan' => 4193218,
    'executed' => 'executed',
  ),
  19 => 
  array (
    'no_kunjungan' => 870445,
    'no_registrasi' => 587400,
    'no_mr' => '00238235',
    'nama_pasien_layan' => 'NUR KHASANAH',
    'kode_kelompok' => 3,
    'kode_perusahaan' => 120,
    'tgl_transaksi' => '2019-06-26 01:00:03',
    'jenis_tindakan' => 1,
    'nama_tindakan' => 'Ruangan Melati',
    'bill_rs' => '140000.00',
    'jumlah' => 1,
    'kode_bagian' => '031401',
    'kode_bagian_asal' => '031401',
    'kode_klas' => 6,
    'no_kamar' => '1',
    'no_bed' => '3',
    'status_selesai' => 1,
    'id_dd_user' => 1,
    'kode_trans_pelayanan' => 4193219,
    'executed' => 'executed',
  ),
  20 => 
  array (
    'no_kunjungan' => 870486,
    'no_registrasi' => 587430,
    'no_mr' => '00239510',
    'nama_pasien_layan' => 'BY NY SITI RAIHANUN',
    'kode_kelompok' => 3,
    'kode_perusahaan' => 120,
    'tgl_transaksi' => '2019-06-26 01:00:03',
    'jenis_tindakan' => 1,
    'nama_tindakan' => 'Ruangan Kamar Bayi',
    'bill_rs' => '120000.00',
    'jumlah' => 1,
    'kode_bagian' => '031201',
    'kode_bagian_asal' => '031201',
    'kode_klas' => 6,
    'no_kamar' => '03',
    'no_bed' => '1',
    'status_selesai' => 1,
    'id_dd_user' => 1,
    'kode_trans_pelayanan' => 4193220,
    'executed' => 'executed',
  ),
  21 => 
  array (
    'no_kunjungan' => 870501,
    'no_registrasi' => 587437,
    'no_mr' => '00189346',
    'nama_pasien_layan' => 'H. ALI AFAS, TN.',
    'kode_kelompok' => 1,
    'kode_perusahaan' => 0,
    'tgl_transaksi' => '2019-06-26 01:00:03',
    'jenis_tindakan' => 1,
    'nama_tindakan' => 'Ruangan Wijayakusuma',
    'bill_rs' => '1200000.00',
    'jumlah' => 1,
    'kode_bagian' => '030101',
    'kode_bagian_asal' => '030101',
    'kode_klas' => 2,
    'no_kamar' => '5',
    'no_bed' => '1',
    'status_selesai' => 1,
    'id_dd_user' => 1,
    'kode_trans_pelayanan' => 4193221,
    'executed' => 'executed',
  ),
  22 => 
  array (
    'no_kunjungan' => 870513,
    'no_registrasi' => 587445,
    'no_mr' => '00239513',
    'nama_pasien_layan' => 'BY NY SUPRIYATI HANDRAYASIH',
    'kode_kelompok' => 3,
    'kode_perusahaan' => 120,
    'tgl_transaksi' => '2019-06-26 01:00:03',
    'jenis_tindakan' => 1,
    'nama_tindakan' => 'Ruangan Kamar Bayi',
    'bill_rs' => '330000.00',
    'jumlah' => 1,
    'kode_bagian' => '031201',
    'kode_bagian_asal' => '031201',
    'kode_klas' => 12,
    'no_kamar' => '01',
    'no_bed' => '2',
    'status_selesai' => 1,
    'id_dd_user' => 1,
    'kode_trans_pelayanan' => 4193222,
    'executed' => 'executed',
  ),
  23 => 
  array (
    'no_kunjungan' => 870591,
    'no_registrasi' => 587500,
    'no_mr' => '00180923',
    'nama_pasien_layan' => 'SITI UMAEROH, NY.',
    'kode_kelompok' => 3,
    'kode_perusahaan' => 120,
    'tgl_transaksi' => '2019-06-26 01:00:03',
    'jenis_tindakan' => 1,
    'nama_tindakan' => 'Ruangan Melati',
    'bill_rs' => '140000.00',
    'jumlah' => 1,
    'kode_bagian' => '031401',
    'kode_bagian_asal' => '031401',
    'kode_klas' => 6,
    'no_kamar' => '1',
    'no_bed' => '4',
    'status_selesai' => 1,
    'id_dd_user' => 1,
    'kode_trans_pelayanan' => 4193223,
    'executed' => 'executed',
  ),
  24 => 
  array (
    'no_kunjungan' => 870621,
    'no_registrasi' => 587523,
    'no_mr' => '00239334',
    'nama_pasien_layan' => 'BAGAS PARTONO MANU PERKASA',
    'kode_kelompok' => 3,
    'kode_perusahaan' => 120,
    'tgl_transaksi' => '2019-06-26 01:00:03',
    'jenis_tindakan' => 1,
    'nama_tindakan' => 'Ruangan Flamboyan',
    'bill_rs' => '310000.00',
    'jumlah' => 1,
    'kode_bagian' => '030601',
    'kode_bagian_asal' => '030601',
    'kode_klas' => 12,
    'no_kamar' => '2',
    'no_bed' => '2',
    'status_selesai' => 1,
    'id_dd_user' => 1,
    'kode_trans_pelayanan' => 4193224,
    'executed' => 'executed',
  ),
  25 => 
  array (
    'no_kunjungan' => 870669,
    'no_registrasi' => 587531,
    'no_mr' => '00239524',
    'nama_pasien_layan' => 'BY NY SRI MULYATI',
    'kode_kelompok' => 3,
    'kode_perusahaan' => 120,
    'tgl_transaksi' => '2019-06-26 01:00:04',
    'jenis_tindakan' => 1,
    'nama_tindakan' => 'Ruangan Kamar Bayi',
    'bill_rs' => '120000.00',
    'jumlah' => 1,
    'kode_bagian' => '031201',
    'kode_bagian_asal' => '031201',
    'kode_klas' => 6,
    'no_kamar' => '03',
    'no_bed' => '2',
    'status_selesai' => 1,
    'id_dd_user' => 1,
    'kode_trans_pelayanan' => 4193225,
    'executed' => 'executed',
  ),
  26 => 
  array (
    'no_kunjungan' => 870813,
    'no_registrasi' => 587651,
    'no_mr' => '00139784',
    'nama_pasien_layan' => 'BANGBANG IRAWAN, Tn.',
    'kode_kelompok' => 3,
    'kode_perusahaan' => 120,
    'tgl_transaksi' => '2019-06-26 01:00:04',
    'jenis_tindakan' => 1,
    'nama_tindakan' => 'Ruangan Flamboyan',
    'bill_rs' => '310000.00',
    'jumlah' => 1,
    'kode_bagian' => '030601',
    'kode_bagian_asal' => '030601',
    'kode_klas' => 12,
    'no_kamar' => '4',
    'no_bed' => '1',
    'status_selesai' => 1,
    'id_dd_user' => 1,
    'kode_trans_pelayanan' => 4193226,
    'executed' => 'executed',
  ),
)