Jumlah Record = 10, Eksekusi = 10, No Eksekusi = 0 
array (
  0 => 
  array (
    'no_kunjungan' => 859311,
    'no_registrasi' => 579518,
    'no_mr' => '00152911',
    'nama_pasien_layan' => 'SAfWAN MIRZA, An.',
    'kode_kelompok' => 1,
    'kode_perusahaan' => 0,
    'tgl_transaksi' => '2019-06-04 01:00:00',
    'jenis_tindakan' => 1,
    'nama_tindakan' => 'Ruangan Flamboyan',
    'bill_rs' => '670000.00',
    'jumlah' => 1,
    'kode_bagian' => '030601',
    'kode_bagian_asal' => '030601',
    'kode_klas' => 12,
    'no_kamar' => '1',
    'no_bed' => '1',
    'status_selesai' => 1,
    'id_dd_user' => 1,
    'kode_trans_pelayanan' => 4147899,
    'executed' => 'executed',
  ),
  1 => 
  array (
    'no_kunjungan' => 859800,
    'no_registrasi' => 579907,
    'no_mr' => '00235592',
    'nama_pasien_layan' => 'SRI SUNARTI',
    'kode_kelompok' => 3,
    'kode_perusahaan' => 15,
    'tgl_transaksi' => '2019-06-04 01:00:00',
    'jenis_tindakan' => 1,
    'nama_tindakan' => 'Ruangan Wijayakusuma',
    'bill_rs' => '1200000.00',
    'jumlah' => 1,
    'kode_bagian' => '030101',
    'kode_bagian_asal' => '030101',
    'kode_klas' => 2,
    'no_kamar' => '4',
    'no_bed' => '1',
    'status_selesai' => 1,
    'id_dd_user' => 1,
    'kode_trans_pelayanan' => 4147900,
    'executed' => 'executed',
  ),
  2 => 
  array (
    'no_kunjungan' => 859934,
    'no_registrasi' => 579981,
    'no_mr' => '00116648',
    'nama_pasien_layan' => 'RAHMAN HARY CAHYADI',
    'kode_kelompok' => 3,
    'kode_perusahaan' => 38,
    'tgl_transaksi' => '2019-06-04 01:00:00',
    'jenis_tindakan' => 1,
    'nama_tindakan' => 'Ruangan Wijayakusuma',
    'bill_rs' => '1200000.00',
    'jumlah' => 1,
    'kode_bagian' => '030101',
    'kode_bagian_asal' => '030101',
    'kode_klas' => 2,
    'no_kamar' => '5',
    'no_bed' => '1',
    'status_selesai' => 1,
    'id_dd_user' => 1,
    'kode_trans_pelayanan' => 4147901,
    'executed' => 'executed',
  ),
  3 => 
  array (
    'no_kunjungan' => 859980,
    'no_registrasi' => 580010,
    'no_mr' => '00238576',
    'nama_pasien_layan' => 'RIZALDY RIZKY ANWAR',
    'kode_kelompok' => 3,
    'kode_perusahaan' => 120,
    'tgl_transaksi' => '2019-06-04 01:00:00',
    'jenis_tindakan' => 1,
    'nama_tindakan' => 'Ruangan Melati',
    'bill_rs' => '140000.00',
    'jumlah' => 1,
    'kode_bagian' => '031401',
    'kode_bagian_asal' => '031401',
    'kode_klas' => 6,
    'no_kamar' => '2',
    'no_bed' => '1',
    'status_selesai' => 1,
    'id_dd_user' => 1,
    'kode_trans_pelayanan' => 4147902,
    'executed' => 'executed',
  ),
  4 => 
  array (
    'no_kunjungan' => 860010,
    'no_registrasi' => 580028,
    'no_mr' => '00238518',
    'nama_pasien_layan' => 'SARA MAHARANI SANDY',
    'kode_kelompok' => 3,
    'kode_perusahaan' => 120,
    'tgl_transaksi' => '2019-06-04 01:00:00',
    'jenis_tindakan' => 1,
    'nama_tindakan' => 'Ruangan Bougenvile',
    'bill_rs' => '140000.00',
    'jumlah' => 1,
    'kode_bagian' => '031701',
    'kode_bagian_asal' => '031701',
    'kode_klas' => 6,
    'no_kamar' => '1',
    'no_bed' => '1',
    'status_selesai' => 1,
    'id_dd_user' => 1,
    'kode_trans_pelayanan' => 4147903,
    'executed' => 'executed',
  ),
  5 => 
  array (
    'no_kunjungan' => 860066,
    'no_registrasi' => 580078,
    'no_mr' => '00238587',
    'nama_pasien_layan' => 'BY NY SARA MAHARANI SANDY',
    'kode_kelompok' => 3,
    'kode_perusahaan' => 120,
    'tgl_transaksi' => '2019-06-04 01:00:01',
    'jenis_tindakan' => 1,
    'nama_tindakan' => 'Ruangan Kamar Bayi',
    'bill_rs' => '120000.00',
    'jumlah' => 1,
    'kode_bagian' => '031201',
    'kode_bagian_asal' => '031201',
    'kode_klas' => 6,
    'no_kamar' => '01',
    'no_bed' => '4',
    'status_selesai' => 1,
    'id_dd_user' => 1,
    'kode_trans_pelayanan' => 4147904,
    'executed' => 'executed',
  ),
  6 => 
  array (
    'no_kunjungan' => 860182,
    'no_registrasi' => 580150,
    'no_mr' => '00198736',
    'nama_pasien_layan' => 'YULIEN THOMAS, Ny.',
    'kode_kelompok' => 3,
    'kode_perusahaan' => 120,
    'tgl_transaksi' => '2019-06-04 01:00:01',
    'jenis_tindakan' => 1,
    'nama_tindakan' => 'Ruangan Flamboyan',
    'bill_rs' => '310000.00',
    'jumlah' => 1,
    'kode_bagian' => '030601',
    'kode_bagian_asal' => '030601',
    'kode_klas' => 12,
    'no_kamar' => '2',
    'no_bed' => '2',
    'status_selesai' => 1,
    'id_dd_user' => 1,
    'kode_trans_pelayanan' => 4147905,
    'executed' => 'executed',
  ),
  7 => 
  array (
    'no_kunjungan' => 860278,
    'no_registrasi' => 580166,
    'no_mr' => '00121394',
    'nama_pasien_layan' => 'HJ MASPAH, NY.',
    'kode_kelompok' => 1,
    'kode_perusahaan' => 0,
    'tgl_transaksi' => '2019-06-04 01:00:01',
    'jenis_tindakan' => 1,
    'nama_tindakan' => 'Ruangan Kenanga',
    'bill_rs' => '600000.00',
    'jumlah' => 1,
    'kode_bagian' => '030701',
    'kode_bagian_asal' => '030701',
    'kode_klas' => 5,
    'no_kamar' => '2',
    'no_bed' => '1',
    'status_selesai' => 1,
    'id_dd_user' => 1,
    'kode_trans_pelayanan' => 4147906,
    'executed' => 'executed',
  ),
  8 => 
  array (
    'no_kunjungan' => 860277,
    'no_registrasi' => 580205,
    'no_mr' => '00175116',
    'nama_pasien_layan' => 'SAMSIDAR, Ny.',
    'kode_kelompok' => 3,
    'kode_perusahaan' => 120,
    'tgl_transaksi' => '2019-06-04 01:00:01',
    'jenis_tindakan' => 1,
    'nama_tindakan' => 'Ruangan Mawar',
    'bill_rs' => '210000.00',
    'jumlah' => 1,
    'kode_bagian' => '031301',
    'kode_bagian_asal' => '031301',
    'kode_klas' => 13,
    'no_kamar' => '2',
    'no_bed' => '1',
    'status_selesai' => 1,
    'id_dd_user' => 1,
    'kode_trans_pelayanan' => 4147907,
    'executed' => 'executed',
  ),
  9 => 
  array (
    'no_kunjungan' => 860285,
    'no_registrasi' => 580219,
    'no_mr' => '00238601',
    'nama_pasien_layan' => 'SUDARSONO',
    'kode_kelompok' => 3,
    'kode_perusahaan' => 120,
    'tgl_transaksi' => '2019-06-04 01:00:01',
    'jenis_tindakan' => 1,
    'nama_tindakan' => 'Ruangan Melati',
    'bill_rs' => '140000.00',
    'jumlah' => 1,
    'kode_bagian' => '031401',
    'kode_bagian_asal' => '031401',
    'kode_klas' => 6,
    'no_kamar' => '2',
    'no_bed' => '2',
    'status_selesai' => 1,
    'id_dd_user' => 1,
    'kode_trans_pelayanan' => 4147908,
    'executed' => 'executed',
  ),
)