Jumlah Record = 43, Eksekusi = 20, No Eksekusi = 23 
array (
  0 => 
  array (
    'no_kunjungan' => 856913,
    'no_registrasi' => 577885,
    'no_mr' => '00238303',
    'nama_pasien_layan' => 'SYIFA AWALIYAH',
    'kode_kelompok' => 3,
    'kode_perusahaan' => 198,
    'tgl_transaksi' => '2019-05-28 13:52:20',
    'jenis_tindakan' => 1,
    'nama_tindakan' => 'Ruangan Kenanga',
    'bill_rs' => '600000.00',
    'jumlah' => 1,
    'kode_bagian' => '030701',
    'kode_bagian_asal' => '030701',
    'kode_klas' => 5,
    'no_kamar' => '2',
    'no_bed' => '1',
    'status_selesai' => 1,
    'id_dd_user' => 1,
    'kode_trans_pelayanan' => 4138445,
    'executed' => 'not_executed',
  ),
  1 => 
  array (
    'no_kunjungan' => 856984,
    'no_registrasi' => 577972,
    'no_mr' => '00121394',
    'nama_pasien_layan' => 'HJ MASPAH, NY.',
    'kode_kelompok' => 1,
    'kode_perusahaan' => 0,
    'tgl_transaksi' => '2019-05-28 13:52:20',
    'jenis_tindakan' => 1,
    'nama_tindakan' => 'Ruangan Flamboyan',
    'bill_rs' => '670000.00',
    'jumlah' => 1,
    'kode_bagian' => '030601',
    'kode_bagian_asal' => '030601',
    'kode_klas' => 12,
    'no_kamar' => '2',
    'no_bed' => '1',
    'status_selesai' => 1,
    'id_dd_user' => 1,
    'kode_trans_pelayanan' => 4138446,
    'executed' => 'not_executed',
  ),
  2 => 
  array (
    'no_kunjungan' => 857041,
    'no_registrasi' => 578002,
    'no_mr' => '00238312',
    'nama_pasien_layan' => 'PRISKA MARINA',
    'kode_kelompok' => 1,
    'kode_perusahaan' => 0,
    'tgl_transaksi' => '2019-05-28 13:52:20',
    'jenis_tindakan' => 1,
    'nama_tindakan' => 'Ruangan Flamboyan',
    'bill_rs' => '670000.00',
    'jumlah' => 1,
    'kode_bagian' => '030601',
    'kode_bagian_asal' => '030601',
    'kode_klas' => 12,
    'no_kamar' => '2',
    'no_bed' => '2',
    'status_selesai' => 1,
    'id_dd_user' => 1,
    'kode_trans_pelayanan' => 4138439,
    'executed' => 'not_executed',
  ),
  3 => 
  array (
    'no_kunjungan' => 857039,
    'no_registrasi' => 578003,
    'no_mr' => '00187111',
    'nama_pasien_layan' => 'DIANA FATRIANA, Ny.',
    'kode_kelompok' => 3,
    'kode_perusahaan' => 120,
    'tgl_transaksi' => '2019-05-28 13:52:20',
    'jenis_tindakan' => 1,
    'nama_tindakan' => 'Ruangan Bougenvile',
    'bill_rs' => '140000.00',
    'jumlah' => 1,
    'kode_bagian' => '031701',
    'kode_bagian_asal' => '031701',
    'kode_klas' => 6,
    'no_kamar' => '1',
    'no_bed' => '3',
    'status_selesai' => 1,
    'id_dd_user' => 1,
    'kode_trans_pelayanan' => 4139358,
    'executed' => 'executed',
  ),
  4 => 
  array (
    'no_kunjungan' => 857057,
    'no_registrasi' => 578004,
    'no_mr' => '00238325',
    'nama_pasien_layan' => 'NARTI',
    'kode_kelompok' => 1,
    'kode_perusahaan' => 0,
    'tgl_transaksi' => '2019-05-28 13:52:21',
    'jenis_tindakan' => 1,
    'nama_tindakan' => 'Ruangan Mawar',
    'bill_rs' => '410000.00',
    'jumlah' => 1,
    'kode_bagian' => '031301',
    'kode_bagian_asal' => '031301',
    'kode_klas' => 13,
    'no_kamar' => '2',
    'no_bed' => '1',
    'status_selesai' => 1,
    'id_dd_user' => 1,
    'kode_trans_pelayanan' => 4138447,
    'executed' => 'not_executed',
  ),
  5 => 
  array (
    'no_kunjungan' => 857059,
    'no_registrasi' => 578008,
    'no_mr' => '00238326',
    'nama_pasien_layan' => 'R ALINAH ROESBANDI',
    'kode_kelompok' => 3,
    'kode_perusahaan' => 120,
    'tgl_transaksi' => '2019-05-28 13:52:21',
    'jenis_tindakan' => 1,
    'nama_tindakan' => 'Ruangan Wijayakusuma',
    'bill_rs' => '1200000.00',
    'jumlah' => 1,
    'kode_bagian' => '030101',
    'kode_bagian_asal' => '030101',
    'kode_klas' => 2,
    'no_kamar' => '5',
    'no_bed' => '1',
    'status_selesai' => 1,
    'id_dd_user' => 1,
    'kode_trans_pelayanan' => 4139359,
    'executed' => 'executed',
  ),
  6 => 
  array (
    'no_kunjungan' => 857078,
    'no_registrasi' => 578010,
    'no_mr' => '00106133',
    'nama_pasien_layan' => 'PRAMADITYA FAJRI MIGFAR',
    'kode_kelompok' => 1,
    'kode_perusahaan' => 0,
    'tgl_transaksi' => '2019-05-28 13:52:21',
    'jenis_tindakan' => 1,
    'nama_tindakan' => 'Ruangan Anggrek',
    'bill_rs' => '1000000.00',
    'jumlah' => 1,
    'kode_bagian' => '030201',
    'kode_bagian_asal' => '030201',
    'kode_klas' => 3,
    'no_kamar' => '1',
    'no_bed' => ' 1',
    'status_selesai' => 1,
    'id_dd_user' => 1,
    'kode_trans_pelayanan' => 4138435,
    'executed' => 'not_executed',
  ),
  7 => 
  array (
    'no_kunjungan' => 857090,
    'no_registrasi' => 578016,
    'no_mr' => '00234494',
    'nama_pasien_layan' => 'SUPRIYANTO',
    'kode_kelompok' => 3,
    'kode_perusahaan' => 120,
    'tgl_transaksi' => '2019-05-28 13:52:22',
    'jenis_tindakan' => 1,
    'nama_tindakan' => 'Ruangan Mawar',
    'bill_rs' => '210000.00',
    'jumlah' => 1,
    'kode_bagian' => '031301',
    'kode_bagian_asal' => '031301',
    'kode_klas' => 13,
    'no_kamar' => '1',
    'no_bed' => '2',
    'status_selesai' => 1,
    'id_dd_user' => 1,
    'kode_trans_pelayanan' => 4139360,
    'executed' => 'executed',
  ),
  8 => 
  array (
    'no_kunjungan' => 857101,
    'no_registrasi' => 578027,
    'no_mr' => '00180085',
    'nama_pasien_layan' => 'SEPRIRA DWI RAHAYU,',
    'kode_kelompok' => 3,
    'kode_perusahaan' => 120,
    'tgl_transaksi' => '2019-05-28 13:52:22',
    'jenis_tindakan' => 1,
    'nama_tindakan' => 'Ruangan Seruni Ruang Nifas',
    'bill_rs' => '310000.00',
    'jumlah' => 1,
    'kode_bagian' => '031601',
    'kode_bagian_asal' => '031601',
    'kode_klas' => 12,
    'no_kamar' => '1',
    'no_bed' => '2',
    'status_selesai' => 1,
    'id_dd_user' => 1,
    'kode_trans_pelayanan' => 4139361,
    'executed' => 'executed',
  ),
  9 => 
  array (
    'no_kunjungan' => 857102,
    'no_registrasi' => 578028,
    'no_mr' => '00079889',
    'nama_pasien_layan' => 'AGUS KUSNANDAR, Tn.',
    'kode_kelompok' => 1,
    'kode_perusahaan' => 0,
    'tgl_transaksi' => '2019-05-28 13:52:22',
    'jenis_tindakan' => 1,
    'nama_tindakan' => 'Ruangan Melati',
    'bill_rs' => '250000.00',
    'jumlah' => 1,
    'kode_bagian' => '031401',
    'kode_bagian_asal' => '031401',
    'kode_klas' => 6,
    'no_kamar' => '2',
    'no_bed' => '3',
    'status_selesai' => 1,
    'id_dd_user' => 1,
    'kode_trans_pelayanan' => 4138442,
    'executed' => 'not_executed',
  ),
  10 => 
  array (
    'no_kunjungan' => 857149,
    'no_registrasi' => 578030,
    'no_mr' => '00238236',
    'nama_pasien_layan' => 'PRIYATININGSIH',
    'kode_kelompok' => 3,
    'kode_perusahaan' => 120,
    'tgl_transaksi' => '2019-05-28 13:52:22',
    'jenis_tindakan' => 1,
    'nama_tindakan' => 'Ruangan Seruni Ruang Nifas',
    'bill_rs' => '140000.00',
    'jumlah' => 1,
    'kode_bagian' => '031601',
    'kode_bagian_asal' => '031601',
    'kode_klas' => 13,
    'no_kamar' => '2',
    'no_bed' => '1',
    'status_selesai' => 1,
    'id_dd_user' => 1,
    'kode_trans_pelayanan' => 4139362,
    'executed' => 'executed',
  ),
  11 => 
  array (
    'no_kunjungan' => 857424,
    'no_registrasi' => 578086,
    'no_mr' => '00237290',
    'nama_pasien_layan' => 'NUR ANISYAH',
    'kode_kelompok' => 3,
    'kode_perusahaan' => 120,
    'tgl_transaksi' => '2019-05-28 13:52:22',
    'jenis_tindakan' => 1,
    'nama_tindakan' => 'Ruangan Mawar',
    'bill_rs' => '210000.00',
    'jumlah' => 1,
    'kode_bagian' => '031301',
    'kode_bagian_asal' => '031301',
    'kode_klas' => 13,
    'no_kamar' => '2',
    'no_bed' => '2',
    'status_selesai' => 1,
    'id_dd_user' => 1,
    'kode_trans_pelayanan' => 4139363,
    'executed' => 'executed',
  ),
  12 => 
  array (
    'no_kunjungan' => 857463,
    'no_registrasi' => 578162,
    'no_mr' => '00177869',
    'nama_pasien_layan' => 'ANNISA NINDYA R, An.',
    'kode_kelompok' => 3,
    'kode_perusahaan' => 15,
    'tgl_transaksi' => '2019-05-28 13:52:23',
    'jenis_tindakan' => 1,
    'nama_tindakan' => 'Ruangan Anggrek',
    'bill_rs' => '1000000.00',
    'jumlah' => 1,
    'kode_bagian' => '030201',
    'kode_bagian_asal' => '030201',
    'kode_klas' => 3,
    'no_kamar' => '2',
    'no_bed' => '1',
    'status_selesai' => 1,
    'id_dd_user' => 1,
    'kode_trans_pelayanan' => 4139352,
    'executed' => 'not_executed',
  ),
  13 => 
  array (
    'no_kunjungan' => 857469,
    'no_registrasi' => 578164,
    'no_mr' => '00212774',
    'nama_pasien_layan' => 'TRI DAMAYANTI, Ny.',
    'kode_kelompok' => 3,
    'kode_perusahaan' => 120,
    'tgl_transaksi' => '2019-05-28 13:52:23',
    'jenis_tindakan' => 1,
    'nama_tindakan' => 'Ruangan Bougenvile',
    'bill_rs' => '140000.00',
    'jumlah' => 1,
    'kode_bagian' => '031701',
    'kode_bagian_asal' => '031701',
    'kode_klas' => 6,
    'no_kamar' => '2',
    'no_bed' => '4',
    'status_selesai' => 1,
    'id_dd_user' => 1,
    'kode_trans_pelayanan' => 4139364,
    'executed' => 'executed',
  ),
  14 => 
  array (
    'no_kunjungan' => 857266,
    'no_registrasi' => 578167,
    'no_mr' => '00238343',
    'nama_pasien_layan' => 'BY.NY.PRIYATININGSIH',
    'kode_kelompok' => 3,
    'kode_perusahaan' => 120,
    'tgl_transaksi' => '2019-05-28 13:52:23',
    'jenis_tindakan' => 1,
    'nama_tindakan' => 'Ruangan Kamar Bayi',
    'bill_rs' => '120000.00',
    'jumlah' => 1,
    'kode_bagian' => '031201',
    'kode_bagian_asal' => '031201',
    'kode_klas' => 6,
    'no_kamar' => '01',
    'no_bed' => '4',
    'status_selesai' => 1,
    'id_dd_user' => 1,
    'kode_trans_pelayanan' => 4139365,
    'executed' => 'executed',
  ),
  15 => 
  array (
    'no_kunjungan' => 857465,
    'no_registrasi' => 578180,
    'no_mr' => '00205635',
    'nama_pasien_layan' => 'MATRODJI, Tn.',
    'kode_kelompok' => 3,
    'kode_perusahaan' => 120,
    'tgl_transaksi' => '2019-05-28 13:52:23',
    'jenis_tindakan' => 1,
    'nama_tindakan' => 'Ruangan Flamboyan',
    'bill_rs' => '310000.00',
    'jumlah' => 1,
    'kode_bagian' => '030601',
    'kode_bagian_asal' => '030601',
    'kode_klas' => 12,
    'no_kamar' => '1',
    'no_bed' => '1',
    'status_selesai' => 1,
    'id_dd_user' => 1,
    'kode_trans_pelayanan' => 4139366,
    'executed' => 'executed',
  ),
  16 => 
  array (
    'no_kunjungan' => 857330,
    'no_registrasi' => 578221,
    'no_mr' => '00238352',
    'nama_pasien_layan' => 'BY NY SEPRIRA DWI RAHAYU',
    'kode_kelompok' => 3,
    'kode_perusahaan' => 120,
    'tgl_transaksi' => '2019-05-28 13:52:23',
    'jenis_tindakan' => 1,
    'nama_tindakan' => 'Ruangan Kamar Bayi',
    'bill_rs' => '330000.00',
    'jumlah' => 1,
    'kode_bagian' => '031201',
    'kode_bagian_asal' => '031201',
    'kode_klas' => 12,
    'no_kamar' => '02',
    'no_bed' => '2',
    'status_selesai' => 1,
    'id_dd_user' => 1,
    'kode_trans_pelayanan' => 4139367,
    'executed' => 'executed',
  ),
  17 => 
  array (
    'no_kunjungan' => 857344,
    'no_registrasi' => 578232,
    'no_mr' => '00233568',
    'nama_pasien_layan' => 'NURBAITI',
    'kode_kelompok' => 3,
    'kode_perusahaan' => 120,
    'tgl_transaksi' => '2019-05-28 13:52:24',
    'jenis_tindakan' => 1,
    'nama_tindakan' => 'Ruangan Bougenvile',
    'bill_rs' => '140000.00',
    'jumlah' => 1,
    'kode_bagian' => '031701',
    'kode_bagian_asal' => '031701',
    'kode_klas' => 6,
    'no_kamar' => '1',
    'no_bed' => '2',
    'status_selesai' => 1,
    'id_dd_user' => 1,
    'kode_trans_pelayanan' => 4139369,
    'executed' => 'executed',
  ),
  18 => 
  array (
    'no_kunjungan' => 857421,
    'no_registrasi' => 578244,
    'no_mr' => '00227116',
    'nama_pasien_layan' => 'YONO, Tn.',
    'kode_kelompok' => 3,
    'kode_perusahaan' => 120,
    'tgl_transaksi' => '2019-05-28 13:52:24',
    'jenis_tindakan' => 1,
    'nama_tindakan' => 'Ruangan Melati',
    'bill_rs' => '140000.00',
    'jumlah' => 1,
    'kode_bagian' => '031401',
    'kode_bagian_asal' => '031401',
    'kode_klas' => 6,
    'no_kamar' => '1',
    'no_bed' => '4',
    'status_selesai' => 1,
    'id_dd_user' => 1,
    'kode_trans_pelayanan' => 4139370,
    'executed' => 'executed',
  ),
  19 => 
  array (
    'no_kunjungan' => 857385,
    'no_registrasi' => 578255,
    'no_mr' => '00238365',
    'nama_pasien_layan' => 'BY NY DIANA FATRIANA',
    'kode_kelompok' => 3,
    'kode_perusahaan' => 120,
    'tgl_transaksi' => '2019-05-28 13:52:24',
    'jenis_tindakan' => 1,
    'nama_tindakan' => 'Ruangan Kamar Bayi',
    'bill_rs' => '120000.00',
    'jumlah' => 1,
    'kode_bagian' => '031201',
    'kode_bagian_asal' => '031201',
    'kode_klas' => 6,
    'no_kamar' => '02',
    'no_bed' => '2',
    'status_selesai' => 1,
    'id_dd_user' => 1,
    'kode_trans_pelayanan' => 4139371,
    'executed' => 'executed',
  ),
  20 => 
  array (
    'no_kunjungan' => 857517,
    'no_registrasi' => 578263,
    'no_mr' => '00214688',
    'nama_pasien_layan' => 'NADYA SAPHYRA K, An.',
    'kode_kelompok' => 3,
    'kode_perusahaan' => 120,
    'tgl_transaksi' => '2019-05-28 13:52:25',
    'jenis_tindakan' => 1,
    'nama_tindakan' => 'Ruangan Melati',
    'bill_rs' => '140000.00',
    'jumlah' => 1,
    'kode_bagian' => '031401',
    'kode_bagian_asal' => '031401',
    'kode_klas' => 6,
    'no_kamar' => '1',
    'no_bed' => '2',
    'status_selesai' => 1,
    'id_dd_user' => 1,
    'kode_trans_pelayanan' => 4138099,
    'executed' => 'not_executed',
  ),
  21 => 
  array (
    'no_kunjungan' => 857479,
    'no_registrasi' => 578328,
    'no_mr' => '00219467',
    'nama_pasien_layan' => 'FARIDA, Ny.',
    'kode_kelompok' => 3,
    'kode_perusahaan' => 120,
    'tgl_transaksi' => '2019-05-28 13:52:25',
    'jenis_tindakan' => 1,
    'nama_tindakan' => 'Ruangan Seruni Ruang Nifas',
    'bill_rs' => '210000.00',
    'jumlah' => 1,
    'kode_bagian' => '031601',
    'kode_bagian_asal' => '031601',
    'kode_klas' => 12,
    'no_kamar' => '1',
    'no_bed' => '1 ',
    'status_selesai' => 1,
    'id_dd_user' => 1,
    'kode_trans_pelayanan' => 4139372,
    'executed' => 'executed',
  ),
  22 => 
  array (
    'no_kunjungan' => 857601,
    'no_registrasi' => 578358,
    'no_mr' => '00217203',
    'nama_pasien_layan' => 'BENITA RACHMADINA S, NN.',
    'kode_kelompok' => 3,
    'kode_perusahaan' => 120,
    'tgl_transaksi' => '2019-05-28 13:52:25',
    'jenis_tindakan' => 1,
    'nama_tindakan' => 'Ruangan Dahlia',
    'bill_rs' => '850000.00',
    'jumlah' => 1,
    'kode_bagian' => '030401',
    'kode_bagian_asal' => '030401',
    'kode_klas' => 4,
    'no_kamar' => '1',
    'no_bed' => '1',
    'status_selesai' => 1,
    'id_dd_user' => 1,
    'kode_trans_pelayanan' => 4139353,
    'executed' => 'not_executed',
  ),
  23 => 
  array (
    'no_kunjungan' => 857933,
    'no_registrasi' => 578453,
    'no_mr' => '00236702',
    'nama_pasien_layan' => 'JACINDA PUTRI ARGUNTERA',
    'kode_kelompok' => 3,
    'kode_perusahaan' => 120,
    'tgl_transaksi' => '2019-05-28 13:52:25',
    'jenis_tindakan' => 1,
    'nama_tindakan' => 'Ruangan Mawar',
    'bill_rs' => '210000.00',
    'jumlah' => 1,
    'kode_bagian' => '031301',
    'kode_bagian_asal' => '031301',
    'kode_klas' => 13,
    'no_kamar' => '2',
    'no_bed' => '3',
    'status_selesai' => 1,
    'id_dd_user' => 1,
    'kode_trans_pelayanan' => 4139373,
    'executed' => 'executed',
  ),
  24 => 
  array (
    'no_kunjungan' => 857831,
    'no_registrasi' => 578492,
    'no_mr' => '00238390',
    'nama_pasien_layan' => 'FITRIANI SYARIF',
    'kode_kelompok' => 3,
    'kode_perusahaan' => 120,
    'tgl_transaksi' => '2019-05-28 13:52:25',
    'jenis_tindakan' => 1,
    'nama_tindakan' => 'Ruangan Melati',
    'bill_rs' => '140000.00',
    'jumlah' => 1,
    'kode_bagian' => '031401',
    'kode_bagian_asal' => '031401',
    'kode_klas' => 6,
    'no_kamar' => '1',
    'no_bed' => '3',
    'status_selesai' => 1,
    'id_dd_user' => 1,
    'kode_trans_pelayanan' => 4139374,
    'executed' => 'executed',
  ),
  25 => 
  array (
    'no_kunjungan' => 857833,
    'no_registrasi' => 578541,
    'no_mr' => '00126828',
    'nama_pasien_layan' => 'H. MIRZA MOHAMAD, TN.',
    'kode_kelompok' => 1,
    'kode_perusahaan' => 0,
    'tgl_transaksi' => '2019-05-28 13:52:26',
    'jenis_tindakan' => 1,
    'nama_tindakan' => 'Ruangan Flamboyan',
    'bill_rs' => '670000.00',
    'jumlah' => 1,
    'kode_bagian' => '030601',
    'kode_bagian_asal' => '030601',
    'kode_klas' => 12,
    'no_kamar' => '4',
    'no_bed' => '1',
    'status_selesai' => 1,
    'id_dd_user' => 1,
    'kode_trans_pelayanan' => 4138456,
    'executed' => 'not_executed',
  ),
  26 => 
  array (
    'no_kunjungan' => 857839,
    'no_registrasi' => 578592,
    'no_mr' => '00238241',
    'nama_pasien_layan' => 'SANI',
    'kode_kelompok' => 3,
    'kode_perusahaan' => 120,
    'tgl_transaksi' => '2019-05-28 13:52:26',
    'jenis_tindakan' => 1,
    'nama_tindakan' => 'Ruangan ICU ',
    'bill_rs' => '1350000.00',
    'jumlah' => 1,
    'kode_bagian' => '031001',
    'kode_bagian_asal' => '031001',
    'kode_klas' => 10,
    'no_kamar' => '1',
    'no_bed' => '1',
    'status_selesai' => 1,
    'id_dd_user' => 1,
    'kode_trans_pelayanan' => 4139375,
    'executed' => 'executed',
  ),
  27 => 
  array (
    'no_kunjungan' => 857887,
    'no_registrasi' => 578597,
    'no_mr' => '00238400',
    'nama_pasien_layan' => 'BY NY NURBAITI',
    'kode_kelompok' => 3,
    'kode_perusahaan' => 120,
    'tgl_transaksi' => '2019-05-28 13:52:26',
    'jenis_tindakan' => 1,
    'nama_tindakan' => 'Ruangan Kamar Bayi',
    'bill_rs' => '120000.00',
    'jumlah' => 1,
    'kode_bagian' => '031201',
    'kode_bagian_asal' => '031201',
    'kode_klas' => 6,
    'no_kamar' => '03',
    'no_bed' => '1',
    'status_selesai' => 1,
    'id_dd_user' => 1,
    'kode_trans_pelayanan' => 4139376,
    'executed' => 'executed',
  ),
  28 => 
  array (
    'no_kunjungan' => 857918,
    'no_registrasi' => 578598,
    'no_mr' => '00100816',
    'nama_pasien_layan' => 'ENDAH',
    'kode_kelompok' => 1,
    'kode_perusahaan' => 0,
    'tgl_transaksi' => '2019-05-28 13:52:26',
    'jenis_tindakan' => 1,
    'nama_tindakan' => 'Ruangan Melati',
    'bill_rs' => '250000.00',
    'jumlah' => 1,
    'kode_bagian' => '031401',
    'kode_bagian_asal' => '031401',
    'kode_klas' => 6,
    'no_kamar' => '1',
    'no_bed' => '1',
    'status_selesai' => 1,
    'id_dd_user' => 1,
    'kode_trans_pelayanan' => 4138455,
    'executed' => 'not_executed',
  ),
  29 => 
  array (
    'no_kunjungan' => 857911,
    'no_registrasi' => 578606,
    'no_mr' => '00238403',
    'nama_pasien_layan' => 'BY NY TRI DAMAYANTI',
    'kode_kelompok' => 3,
    'kode_perusahaan' => 120,
    'tgl_transaksi' => '2019-05-28 13:52:26',
    'jenis_tindakan' => 1,
    'nama_tindakan' => 'Ruangan Kamar Bayi',
    'bill_rs' => '120000.00',
    'jumlah' => 1,
    'kode_bagian' => '031201',
    'kode_bagian_asal' => '031201',
    'kode_klas' => 6,
    'no_kamar' => '03',
    'no_bed' => '2',
    'status_selesai' => 1,
    'id_dd_user' => 1,
    'kode_trans_pelayanan' => 4139377,
    'executed' => 'executed',
  ),
  30 => 
  array (
    'no_kunjungan' => 857926,
    'no_registrasi' => 578610,
    'no_mr' => '00238404',
    'nama_pasien_layan' => 'BY NY FARIDA',
    'kode_kelompok' => 3,
    'kode_perusahaan' => 120,
    'tgl_transaksi' => '2019-05-28 13:52:27',
    'jenis_tindakan' => 1,
    'nama_tindakan' => 'Ruangan Kamar Bayi',
    'bill_rs' => '120000.00',
    'jumlah' => 1,
    'kode_bagian' => '031201',
    'kode_bagian_asal' => '031201',
    'kode_klas' => 6,
    'no_kamar' => '03',
    'no_bed' => '3',
    'status_selesai' => 1,
    'id_dd_user' => 1,
    'kode_trans_pelayanan' => 4139378,
    'executed' => 'executed',
  ),
  31 => 
  array (
    'no_kunjungan' => 857946,
    'no_registrasi' => 578614,
    'no_mr' => '00236933',
    'nama_pasien_layan' => 'NINA APRIYANTI',
    'kode_kelompok' => 3,
    'kode_perusahaan' => 120,
    'tgl_transaksi' => '2019-05-28 13:52:27',
    'jenis_tindakan' => 1,
    'nama_tindakan' => 'Ruangan Seruni Ruang Nifas',
    'bill_rs' => '140000.00',
    'jumlah' => 1,
    'kode_bagian' => '031601',
    'kode_bagian_asal' => '031601',
    'kode_klas' => 13,
    'no_kamar' => '2',
    'no_bed' => '2',
    'status_selesai' => 1,
    'id_dd_user' => 1,
    'kode_trans_pelayanan' => 4137903,
    'executed' => 'not_executed',
  ),
  32 => 
  array (
    'no_kunjungan' => 857947,
    'no_registrasi' => 578615,
    'no_mr' => '00238235',
    'nama_pasien_layan' => 'NUR KHASANAH',
    'kode_kelompok' => 3,
    'kode_perusahaan' => 120,
    'tgl_transaksi' => '2019-05-28 13:52:27',
    'jenis_tindakan' => 1,
    'nama_tindakan' => 'Ruangan Melati',
    'bill_rs' => '140000.00',
    'jumlah' => 1,
    'kode_bagian' => '031401',
    'kode_bagian_asal' => '031401',
    'kode_klas' => 6,
    'no_kamar' => '1',
    'no_bed' => '8',
    'status_selesai' => 1,
    'id_dd_user' => 1,
    'kode_trans_pelayanan' => 4137904,
    'executed' => 'not_executed',
  ),
  33 => 
  array (
    'no_kunjungan' => 857956,
    'no_registrasi' => 578617,
    'no_mr' => '00238371',
    'nama_pasien_layan' => 'TRIMO SUSILO',
    'kode_kelompok' => 1,
    'kode_perusahaan' => 0,
    'tgl_transaksi' => '2019-05-28 13:52:27',
    'jenis_tindakan' => 1,
    'nama_tindakan' => 'Ruangan Mawar',
    'bill_rs' => '410000.00',
    'jumlah' => 1,
    'kode_bagian' => '031301',
    'kode_bagian_asal' => '031301',
    'kode_klas' => 13,
    'no_kamar' => '1',
    'no_bed' => '3',
    'status_selesai' => 1,
    'id_dd_user' => 1,
    'kode_trans_pelayanan' => 4137994,
    'executed' => 'not_executed',
  ),
  34 => 
  array (
    'no_kunjungan' => 858017,
    'no_registrasi' => 578620,
    'no_mr' => '00177680',
    'nama_pasien_layan' => 'LIS INDRIYATI, Ny.',
    'kode_kelompok' => 3,
    'kode_perusahaan' => 120,
    'tgl_transaksi' => '2019-05-28 13:52:28',
    'jenis_tindakan' => 1,
    'nama_tindakan' => 'Ruangan Anggrek',
    'bill_rs' => '1000000.00',
    'jumlah' => 1,
    'kode_bagian' => '030201',
    'kode_bagian_asal' => '030201',
    'kode_klas' => 3,
    'no_kamar' => '3',
    'no_bed' => '1',
    'status_selesai' => 1,
    'id_dd_user' => 1,
    'kode_trans_pelayanan' => 4138083,
    'executed' => 'not_executed',
  ),
  35 => 
  array (
    'no_kunjungan' => 858202,
    'no_registrasi' => 578711,
    'no_mr' => '00047121',
    'nama_pasien_layan' => 'MILA NOVIA',
    'kode_kelompok' => 3,
    'kode_perusahaan' => 120,
    'tgl_transaksi' => '2019-05-28 13:52:28',
    'jenis_tindakan' => 1,
    'nama_tindakan' => 'Ruangan Flamboyan',
    'bill_rs' => '310000.00',
    'jumlah' => 1,
    'kode_bagian' => '030601',
    'kode_bagian_asal' => '030601',
    'kode_klas' => 12,
    'no_kamar' => '3',
    'no_bed' => '2',
    'status_selesai' => 1,
    'id_dd_user' => 1,
    'kode_trans_pelayanan' => 4138669,
    'executed' => 'not_executed',
  ),
  36 => 
  array (
    'no_kunjungan' => 858178,
    'no_registrasi' => 578790,
    'no_mr' => '00238422',
    'nama_pasien_layan' => 'BY.NY.NINA APRIYANTI',
    'kode_kelompok' => 3,
    'kode_perusahaan' => 120,
    'tgl_transaksi' => '2019-05-28 13:52:28',
    'jenis_tindakan' => 1,
    'nama_tindakan' => 'Ruangan Kamar Bayi',
    'bill_rs' => '120000.00',
    'jumlah' => 1,
    'kode_bagian' => '031201',
    'kode_bagian_asal' => '031201',
    'kode_klas' => 6,
    'no_kamar' => '03',
    'no_bed' => '4',
    'status_selesai' => 1,
    'id_dd_user' => 1,
    'kode_trans_pelayanan' => 4138553,
    'executed' => 'not_executed',
  ),
  37 => 
  array (
    'no_kunjungan' => 858299,
    'no_registrasi' => 578805,
    'no_mr' => '00231450',
    'nama_pasien_layan' => 'ENDANG HADIANI DJOKO',
    'kode_kelompok' => 3,
    'kode_perusahaan' => 120,
    'tgl_transaksi' => '2019-05-28 13:52:28',
    'jenis_tindakan' => 1,
    'nama_tindakan' => 'Ruangan Wijayakusuma',
    'bill_rs' => '1200000.00',
    'jumlah' => 1,
    'kode_bagian' => '030101',
    'kode_bagian_asal' => '030101',
    'kode_klas' => 2,
    'no_kamar' => '6',
    'no_bed' => '1',
    'status_selesai' => 1,
    'id_dd_user' => 1,
    'kode_trans_pelayanan' => 4139236,
    'executed' => 'not_executed',
  ),
  38 => 
  array (
    'no_kunjungan' => 858300,
    'no_registrasi' => 578832,
    'no_mr' => '00238430',
    'nama_pasien_layan' => 'RADITYA JUNAEDI AR RASYID',
    'kode_kelompok' => 1,
    'kode_perusahaan' => 0,
    'tgl_transaksi' => '2019-05-28 13:52:28',
    'jenis_tindakan' => 1,
    'nama_tindakan' => 'Ruangan Mawar',
    'bill_rs' => '410000.00',
    'jumlah' => 1,
    'kode_bagian' => '031301',
    'kode_bagian_asal' => '031301',
    'kode_klas' => 13,
    'no_kamar' => '1',
    'no_bed' => '1',
    'status_selesai' => 1,
    'id_dd_user' => 1,
    'kode_trans_pelayanan' => 4139242,
    'executed' => 'not_executed',
  ),
  39 => 
  array (
    'no_kunjungan' => 858263,
    'no_registrasi' => 578862,
    'no_mr' => '00234742',
    'nama_pasien_layan' => 'FIRDAUS',
    'kode_kelompok' => 3,
    'kode_perusahaan' => 120,
    'tgl_transaksi' => '2019-05-28 13:52:28',
    'jenis_tindakan' => 1,
    'nama_tindakan' => 'Ruangan Melati',
    'bill_rs' => '140000.00',
    'jumlah' => 1,
    'kode_bagian' => '031401',
    'kode_bagian_asal' => '031401',
    'kode_klas' => 6,
    'no_kamar' => '2',
    'no_bed' => '1',
    'status_selesai' => 1,
    'id_dd_user' => 1,
    'kode_trans_pelayanan' => 4139006,
    'executed' => 'not_executed',
  ),
  40 => 
  array (
    'no_kunjungan' => 858267,
    'no_registrasi' => 578864,
    'no_mr' => '00236514',
    'nama_pasien_layan' => 'BAMBANG SUPRIYADI',
    'kode_kelompok' => 3,
    'kode_perusahaan' => 120,
    'tgl_transaksi' => '2019-05-28 13:52:28',
    'jenis_tindakan' => 1,
    'nama_tindakan' => 'Ruangan Melati',
    'bill_rs' => '140000.00',
    'jumlah' => 1,
    'kode_bagian' => '031401',
    'kode_bagian_asal' => '031401',
    'kode_klas' => 6,
    'no_kamar' => '2',
    'no_bed' => '2',
    'status_selesai' => 1,
    'id_dd_user' => 1,
    'kode_trans_pelayanan' => 4139014,
    'executed' => 'not_executed',
  ),
  41 => 
  array (
    'no_kunjungan' => 858273,
    'no_registrasi' => 578870,
    'no_mr' => '00237617',
    'nama_pasien_layan' => 'SRI YUARSIH',
    'kode_kelompok' => 3,
    'kode_perusahaan' => 120,
    'tgl_transaksi' => '2019-05-28 13:52:29',
    'jenis_tindakan' => 1,
    'nama_tindakan' => 'Ruangan Flamboyan',
    'bill_rs' => '310000.00',
    'jumlah' => 1,
    'kode_bagian' => '030601',
    'kode_bagian_asal' => '030601',
    'kode_klas' => 12,
    'no_kamar' => '3',
    'no_bed' => '1',
    'status_selesai' => 1,
    'id_dd_user' => 1,
    'kode_trans_pelayanan' => 4139028,
    'executed' => 'not_executed',
  ),
  42 => 
  array (
    'no_kunjungan' => 858276,
    'no_registrasi' => 578872,
    'no_mr' => '00185109',
    'nama_pasien_layan' => 'OJAHAN PANAHAN L PAKPAHAN, TN., TN.',
    'kode_kelompok' => 3,
    'kode_perusahaan' => 120,
    'tgl_transaksi' => '2019-05-28 13:52:29',
    'jenis_tindakan' => 1,
    'nama_tindakan' => 'Ruangan Flamboyan',
    'bill_rs' => '310000.00',
    'jumlah' => 1,
    'kode_bagian' => '030601',
    'kode_bagian_asal' => '030601',
    'kode_klas' => 12,
    'no_kamar' => '4',
    'no_bed' => '2 ',
    'status_selesai' => 1,
    'id_dd_user' => 1,
    'kode_trans_pelayanan' => 4139037,
    'executed' => 'not_executed',
  ),
)