Jumlah Record = 17, Eksekusi = 17, No Eksekusi = 0 
array (
  0 => 
  array (
    'no_kunjungan' => 870205,
    'no_registrasi' => 587203,
    'no_mr' => '00239497',
    'nama_pasien_layan' => 'FADHLURRAHMAN',
    'kode_kelompok' => 1,
    'kode_perusahaan' => 0,
    'tgl_transaksi' => '2019-07-02 01:00:02',
    'jenis_tindakan' => 1,
    'nama_tindakan' => 'Ruangan Anggrek',
    'bill_rs' => '1000000.00',
    'jumlah' => 1,
    'kode_bagian' => '030201',
    'kode_bagian_asal' => '030201',
    'kode_klas' => 3,
    'no_kamar' => '5',
    'no_bed' => '1',
    'status_selesai' => 1,
    'id_dd_user' => 1,
    'kode_trans_pelayanan' => 4207342,
    'executed' => 'executed',
  ),
  1 => 
  array (
    'no_kunjungan' => 871421,
    'no_registrasi' => 588093,
    'no_mr' => '00232563',
    'nama_pasien_layan' => 'PERCOBAAN',
    'kode_kelompok' => 1,
    'kode_perusahaan' => 0,
    'tgl_transaksi' => '2019-07-02 01:00:02',
    'jenis_tindakan' => 1,
    'nama_tindakan' => 'Ruangan Wijayakusuma',
    'bill_rs' => '1200000.00',
    'jumlah' => 1,
    'kode_bagian' => '030101',
    'kode_bagian_asal' => '030101',
    'kode_klas' => 2,
    'no_kamar' => '4',
    'no_bed' => '1',
    'status_selesai' => 1,
    'id_dd_user' => 1,
    'kode_trans_pelayanan' => 4207343,
    'executed' => 'executed',
  ),
  2 => 
  array (
    'no_kunjungan' => 871713,
    'no_registrasi' => 588242,
    'no_mr' => '00052131',
    'nama_pasien_layan' => 'DAMAR LISTIYA, NY.',
    'kode_kelompok' => 3,
    'kode_perusahaan' => 120,
    'tgl_transaksi' => '2019-07-02 01:00:02',
    'jenis_tindakan' => 1,
    'nama_tindakan' => 'Ruangan Flamboyan',
    'bill_rs' => '310000.00',
    'jumlah' => 1,
    'kode_bagian' => '030601',
    'kode_bagian_asal' => '030601',
    'kode_klas' => 12,
    'no_kamar' => '2',
    'no_bed' => '2',
    'status_selesai' => 1,
    'id_dd_user' => 1,
    'kode_trans_pelayanan' => 4207344,
    'executed' => 'executed',
  ),
  3 => 
  array (
    'no_kunjungan' => 871727,
    'no_registrasi' => 588275,
    'no_mr' => '00166524',
    'nama_pasien_layan' => 'TJITJIH IDANENGSIH, NY.',
    'kode_kelompok' => 3,
    'kode_perusahaan' => 120,
    'tgl_transaksi' => '2019-07-02 01:00:03',
    'jenis_tindakan' => 1,
    'nama_tindakan' => 'Ruangan Dahlia',
    'bill_rs' => '850000.00',
    'jumlah' => 1,
    'kode_bagian' => '030401',
    'kode_bagian_asal' => '030401',
    'kode_klas' => 4,
    'no_kamar' => '1',
    'no_bed' => '1',
    'status_selesai' => 1,
    'id_dd_user' => 1,
    'kode_trans_pelayanan' => 4207345,
    'executed' => 'executed',
  ),
  4 => 
  array (
    'no_kunjungan' => 872974,
    'no_registrasi' => 589159,
    'no_mr' => '00239729',
    'nama_pasien_layan' => 'DARWATI',
    'kode_kelompok' => 1,
    'kode_perusahaan' => 0,
    'tgl_transaksi' => '2019-07-02 01:00:03',
    'jenis_tindakan' => 1,
    'nama_tindakan' => 'Ruangan Flamboyan',
    'bill_rs' => '670000.00',
    'jumlah' => 1,
    'kode_bagian' => '030601',
    'kode_bagian_asal' => '030601',
    'kode_klas' => 12,
    'no_kamar' => '1',
    'no_bed' => '2',
    'status_selesai' => 1,
    'id_dd_user' => 1,
    'kode_trans_pelayanan' => 4207346,
    'executed' => 'executed',
  ),
  5 => 
  array (
    'no_kunjungan' => 873462,
    'no_registrasi' => 589487,
    'no_mr' => '00239773',
    'nama_pasien_layan' => 'MAULANA IBRAHIM',
    'kode_kelompok' => 3,
    'kode_perusahaan' => 120,
    'tgl_transaksi' => '2019-07-02 01:00:03',
    'jenis_tindakan' => 1,
    'nama_tindakan' => 'Ruangan Melati',
    'bill_rs' => '140000.00',
    'jumlah' => 1,
    'kode_bagian' => '031401',
    'kode_bagian_asal' => '031401',
    'kode_klas' => 6,
    'no_kamar' => '2',
    'no_bed' => '2',
    'status_selesai' => 1,
    'id_dd_user' => 1,
    'kode_trans_pelayanan' => 4207347,
    'executed' => 'executed',
  ),
  6 => 
  array (
    'no_kunjungan' => 873559,
    'no_registrasi' => 589608,
    'no_mr' => '00175116',
    'nama_pasien_layan' => 'SAMSIDAR, Ny.',
    'kode_kelompok' => 3,
    'kode_perusahaan' => 120,
    'tgl_transaksi' => '2019-07-02 01:00:03',
    'jenis_tindakan' => 1,
    'nama_tindakan' => 'Ruangan Kenanga',
    'bill_rs' => '600000.00',
    'jumlah' => 1,
    'kode_bagian' => '030701',
    'kode_bagian_asal' => '030701',
    'kode_klas' => 5,
    'no_kamar' => '3',
    'no_bed' => ' 1',
    'status_selesai' => 1,
    'id_dd_user' => 1,
    'kode_trans_pelayanan' => 4207348,
    'executed' => 'executed',
  ),
  7 => 
  array (
    'no_kunjungan' => 873558,
    'no_registrasi' => 589609,
    'no_mr' => '00129616',
    'nama_pasien_layan' => 'MARZUKI',
    'kode_kelompok' => 3,
    'kode_perusahaan' => 120,
    'tgl_transaksi' => '2019-07-02 01:00:03',
    'jenis_tindakan' => 1,
    'nama_tindakan' => 'Ruangan Melati',
    'bill_rs' => '140000.00',
    'jumlah' => 1,
    'kode_bagian' => '031401',
    'kode_bagian_asal' => '031401',
    'kode_klas' => 6,
    'no_kamar' => '2',
    'no_bed' => '1',
    'status_selesai' => 1,
    'id_dd_user' => 1,
    'kode_trans_pelayanan' => 4207349,
    'executed' => 'executed',
  ),
  8 => 
  array (
    'no_kunjungan' => 873586,
    'no_registrasi' => 589619,
    'no_mr' => '00221232',
    'nama_pasien_layan' => 'INDAH WIDIASTUTI, Ny.',
    'kode_kelompok' => 3,
    'kode_perusahaan' => 120,
    'tgl_transaksi' => '2019-07-02 01:00:04',
    'jenis_tindakan' => 1,
    'nama_tindakan' => 'Ruangan Mawar',
    'bill_rs' => '210000.00',
    'jumlah' => 1,
    'kode_bagian' => '031301',
    'kode_bagian_asal' => '031301',
    'kode_klas' => 13,
    'no_kamar' => '2',
    'no_bed' => '1',
    'status_selesai' => 1,
    'id_dd_user' => 1,
    'kode_trans_pelayanan' => 4207350,
    'executed' => 'executed',
  ),
  9 => 
  array (
    'no_kunjungan' => 873598,
    'no_registrasi' => 589626,
    'no_mr' => '00239795',
    'nama_pasien_layan' => 'HJ. MAIMUNAH',
    'kode_kelompok' => 3,
    'kode_perusahaan' => 120,
    'tgl_transaksi' => '2019-07-02 01:00:04',
    'jenis_tindakan' => 1,
    'nama_tindakan' => 'Ruangan Flamboyan',
    'bill_rs' => '310000.00',
    'jumlah' => 1,
    'kode_bagian' => '030601',
    'kode_bagian_asal' => '030601',
    'kode_klas' => 12,
    'no_kamar' => '3',
    'no_bed' => '2',
    'status_selesai' => 1,
    'id_dd_user' => 1,
    'kode_trans_pelayanan' => 4207351,
    'executed' => 'executed',
  ),
  10 => 
  array (
    'no_kunjungan' => 873607,
    'no_registrasi' => 589629,
    'no_mr' => '00155278',
    'nama_pasien_layan' => 'RICO BHAKTI LELONO P, AN.',
    'kode_kelompok' => 1,
    'kode_perusahaan' => 0,
    'tgl_transaksi' => '2019-07-02 01:00:04',
    'jenis_tindakan' => 1,
    'nama_tindakan' => 'Ruangan Seruni',
    'bill_rs' => '350000.00',
    'jumlah' => 1,
    'kode_bagian' => '030301',
    'kode_bagian_asal' => '030301',
    'kode_klas' => 13,
    'no_kamar' => '4',
    'no_bed' => '1 ',
    'status_selesai' => 1,
    'id_dd_user' => 1,
    'kode_trans_pelayanan' => 4207352,
    'executed' => 'executed',
  ),
  11 => 
  array (
    'no_kunjungan' => 873632,
    'no_registrasi' => 589639,
    'no_mr' => '00226914',
    'nama_pasien_layan' => 'NS. KAHAR LUBIS, Tn.',
    'kode_kelompok' => 3,
    'kode_perusahaan' => 120,
    'tgl_transaksi' => '2019-07-02 01:00:04',
    'jenis_tindakan' => 1,
    'nama_tindakan' => 'Ruangan Melati',
    'bill_rs' => '140000.00',
    'jumlah' => 1,
    'kode_bagian' => '031401',
    'kode_bagian_asal' => '031401',
    'kode_klas' => 6,
    'no_kamar' => '2',
    'no_bed' => '1',
    'status_selesai' => 1,
    'id_dd_user' => 1,
    'kode_trans_pelayanan' => 4207353,
    'executed' => 'executed',
  ),
  12 => 
  array (
    'no_kunjungan' => 873633,
    'no_registrasi' => 589640,
    'no_mr' => '00239692',
    'nama_pasien_layan' => 'WAKINO',
    'kode_kelompok' => 3,
    'kode_perusahaan' => 120,
    'tgl_transaksi' => '2019-07-02 01:00:04',
    'jenis_tindakan' => 1,
    'nama_tindakan' => 'Ruangan Melati',
    'bill_rs' => '140000.00',
    'jumlah' => 1,
    'kode_bagian' => '031401',
    'kode_bagian_asal' => '031401',
    'kode_klas' => 6,
    'no_kamar' => '2',
    'no_bed' => '4',
    'status_selesai' => 1,
    'id_dd_user' => 1,
    'kode_trans_pelayanan' => 4207354,
    'executed' => 'executed',
  ),
  13 => 
  array (
    'no_kunjungan' => 873777,
    'no_registrasi' => 589707,
    'no_mr' => '00165739',
    'nama_pasien_layan' => 'HJ DWI SUBACHTUTI, NY., NY., NY.',
    'kode_kelompok' => 3,
    'kode_perusahaan' => 120,
    'tgl_transaksi' => '2019-07-02 01:00:05',
    'jenis_tindakan' => 1,
    'nama_tindakan' => 'Ruangan Wijayakusuma',
    'bill_rs' => '1200000.00',
    'jumlah' => 1,
    'kode_bagian' => '030101',
    'kode_bagian_asal' => '030101',
    'kode_klas' => 2,
    'no_kamar' => '6',
    'no_bed' => '1',
    'status_selesai' => 1,
    'id_dd_user' => 1,
    'kode_trans_pelayanan' => 4207355,
    'executed' => 'executed',
  ),
  14 => 
  array (
    'no_kunjungan' => 873959,
    'no_registrasi' => 589715,
    'no_mr' => '00194840',
    'nama_pasien_layan' => 'FITRI ROSITA, Ny.',
    'kode_kelompok' => 3,
    'kode_perusahaan' => 256,
    'tgl_transaksi' => '2019-07-02 01:00:05',
    'jenis_tindakan' => 1,
    'nama_tindakan' => 'Ruangan Flamboyan',
    'bill_rs' => '670000.00',
    'jumlah' => 1,
    'kode_bagian' => '030601',
    'kode_bagian_asal' => '030601',
    'kode_klas' => 12,
    'no_kamar' => '1',
    'no_bed' => '1',
    'status_selesai' => 1,
    'id_dd_user' => 1,
    'kode_trans_pelayanan' => 4207356,
    'executed' => 'executed',
  ),
  15 => 
  array (
    'no_kunjungan' => 873890,
    'no_registrasi' => 589865,
    'no_mr' => '00239160',
    'nama_pasien_layan' => 'PAIJO, Tn.',
    'kode_kelompok' => 3,
    'kode_perusahaan' => 120,
    'tgl_transaksi' => '2019-07-02 01:00:05',
    'jenis_tindakan' => 1,
    'nama_tindakan' => 'Ruangan Mawar',
    'bill_rs' => '210000.00',
    'jumlah' => 1,
    'kode_bagian' => '031301',
    'kode_bagian_asal' => '031301',
    'kode_klas' => 13,
    'no_kamar' => '1',
    'no_bed' => '1',
    'status_selesai' => 1,
    'id_dd_user' => 1,
    'kode_trans_pelayanan' => 4207357,
    'executed' => 'executed',
  ),
  16 => 
  array (
    'no_kunjungan' => 873894,
    'no_registrasi' => 589867,
    'no_mr' => '00110828',
    'nama_pasien_layan' => 'MUHAMAD NOOR HSN, TN., TN.',
    'kode_kelompok' => 3,
    'kode_perusahaan' => 120,
    'tgl_transaksi' => '2019-07-02 01:00:05',
    'jenis_tindakan' => 1,
    'nama_tindakan' => 'Ruangan Mawar',
    'bill_rs' => '140000.00',
    'jumlah' => 1,
    'kode_bagian' => '031301',
    'kode_bagian_asal' => '031301',
    'kode_klas' => 13,
    'no_kamar' => '1',
    'no_bed' => '2',
    'status_selesai' => 1,
    'id_dd_user' => 1,
    'kode_trans_pelayanan' => 4207358,
    'executed' => 'executed',
  ),
)