Jumlah Record = 45, Eksekusi = 45, No Eksekusi = 0 
array (
  0 => 
  array (
    'no_kunjungan' => 864900,
    'no_registrasi' => 583356,
    'no_mr' => '00239044',
    'nama_pasien_layan' => 'SITI ROSITA',
    'kode_kelompok' => 3,
    'kode_perusahaan' => 120,
    'tgl_transaksi' => '2019-06-20 01:00:00',
    'jenis_tindakan' => 1,
    'nama_tindakan' => 'Ruangan Melati',
    'bill_rs' => '140000.00',
    'jumlah' => 1,
    'kode_bagian' => '031401',
    'kode_bagian_asal' => '031401',
    'kode_klas' => 6,
    'no_kamar' => '1',
    'no_bed' => '6 ',
    'status_selesai' => 1,
    'id_dd_user' => 1,
    'kode_trans_pelayanan' => 4178821,
    'executed' => 'executed',
  ),
  1 => 
  array (
    'no_kunjungan' => 865027,
    'no_registrasi' => 583587,
    'no_mr' => '00198379',
    'nama_pasien_layan' => 'RIADI SOERJANTO, Tn.',
    'kode_kelompok' => 3,
    'kode_perusahaan' => 120,
    'tgl_transaksi' => '2019-06-20 01:00:00',
    'jenis_tindakan' => 1,
    'nama_tindakan' => 'Ruangan Flamboyan',
    'bill_rs' => '310000.00',
    'jumlah' => 1,
    'kode_bagian' => '030601',
    'kode_bagian_asal' => '030601',
    'kode_klas' => 12,
    'no_kamar' => '2',
    'no_bed' => '1',
    'status_selesai' => 1,
    'id_dd_user' => 1,
    'kode_trans_pelayanan' => 4178822,
    'executed' => 'executed',
  ),
  2 => 
  array (
    'no_kunjungan' => 865313,
    'no_registrasi' => 583656,
    'no_mr' => '00239016',
    'nama_pasien_layan' => 'ARWANDI SE',
    'kode_kelompok' => 3,
    'kode_perusahaan' => 120,
    'tgl_transaksi' => '2019-06-20 01:00:00',
    'jenis_tindakan' => 1,
    'nama_tindakan' => 'Ruangan Flamboyan',
    'bill_rs' => '310000.00',
    'jumlah' => 1,
    'kode_bagian' => '030601',
    'kode_bagian_asal' => '030601',
    'kode_klas' => 12,
    'no_kamar' => '2',
    'no_bed' => '2',
    'status_selesai' => 1,
    'id_dd_user' => 1,
    'kode_trans_pelayanan' => 4178823,
    'executed' => 'executed',
  ),
  3 => 
  array (
    'no_kunjungan' => 865469,
    'no_registrasi' => 583724,
    'no_mr' => '00239101',
    'nama_pasien_layan' => 'GUFRION ELMART S',
    'kode_kelompok' => 3,
    'kode_perusahaan' => 219,
    'tgl_transaksi' => '2019-06-20 01:00:00',
    'jenis_tindakan' => 1,
    'nama_tindakan' => 'Ruangan Mawar',
    'bill_rs' => '410000.00',
    'jumlah' => 1,
    'kode_bagian' => '031301',
    'kode_bagian_asal' => '031301',
    'kode_klas' => 13,
    'no_kamar' => '1',
    'no_bed' => '3',
    'status_selesai' => 1,
    'id_dd_user' => 1,
    'kode_trans_pelayanan' => 4178824,
    'executed' => 'executed',
  ),
  4 => 
  array (
    'no_kunjungan' => 865468,
    'no_registrasi' => 583849,
    'no_mr' => '00239130',
    'nama_pasien_layan' => 'HALIMAH',
    'kode_kelompok' => 3,
    'kode_perusahaan' => 120,
    'tgl_transaksi' => '2019-06-20 01:00:00',
    'jenis_tindakan' => 1,
    'nama_tindakan' => 'Ruangan Melati',
    'bill_rs' => '140000.00',
    'jumlah' => 1,
    'kode_bagian' => '031401',
    'kode_bagian_asal' => '031401',
    'kode_klas' => 6,
    'no_kamar' => '1',
    'no_bed' => '7 ',
    'status_selesai' => 1,
    'id_dd_user' => 1,
    'kode_trans_pelayanan' => 4178825,
    'executed' => 'executed',
  ),
  5 => 
  array (
    'no_kunjungan' => 865842,
    'no_registrasi' => 583890,
    'no_mr' => '00206108',
    'nama_pasien_layan' => 'ROSILAWATI, NY.',
    'kode_kelompok' => 3,
    'kode_perusahaan' => 120,
    'tgl_transaksi' => '2019-06-20 01:00:01',
    'jenis_tindakan' => 1,
    'nama_tindakan' => 'Ruangan Melati',
    'bill_rs' => '140000.00',
    'jumlah' => 1,
    'kode_bagian' => '031401',
    'kode_bagian_asal' => '031401',
    'kode_klas' => 6,
    'no_kamar' => '2',
    'no_bed' => '1',
    'status_selesai' => 1,
    'id_dd_user' => 1,
    'kode_trans_pelayanan' => 4178826,
    'executed' => 'executed',
  ),
  6 => 
  array (
    'no_kunjungan' => 865766,
    'no_registrasi' => 584115,
    'no_mr' => '00239140',
    'nama_pasien_layan' => 'ANDI DEA IHDINASARI',
    'kode_kelompok' => 3,
    'kode_perusahaan' => 226,
    'tgl_transaksi' => '2019-06-20 01:00:01',
    'jenis_tindakan' => 1,
    'nama_tindakan' => 'Ruangan Mawar',
    'bill_rs' => '410000.00',
    'jumlah' => 1,
    'kode_bagian' => '031301',
    'kode_bagian_asal' => '031301',
    'kode_klas' => 13,
    'no_kamar' => '2',
    'no_bed' => '1',
    'status_selesai' => 1,
    'id_dd_user' => 1,
    'kode_trans_pelayanan' => 4178827,
    'executed' => 'executed',
  ),
  7 => 
  array (
    'no_kunjungan' => 865750,
    'no_registrasi' => 584150,
    'no_mr' => '00239134',
    'nama_pasien_layan' => 'IBRAHIM ALFARIZZI',
    'kode_kelompok' => 3,
    'kode_perusahaan' => 120,
    'tgl_transaksi' => '2019-06-20 01:00:01',
    'jenis_tindakan' => 1,
    'nama_tindakan' => 'Ruangan Seruni',
    'bill_rs' => '210000.00',
    'jumlah' => 1,
    'kode_bagian' => '030301',
    'kode_bagian_asal' => '030301',
    'kode_klas' => 13,
    'no_kamar' => '4',
    'no_bed' => '1 ',
    'status_selesai' => 1,
    'id_dd_user' => 1,
    'kode_trans_pelayanan' => 4178828,
    'executed' => 'executed',
  ),
  8 => 
  array (
    'no_kunjungan' => 865918,
    'no_registrasi' => 584227,
    'no_mr' => '00239166',
    'nama_pasien_layan' => 'KHALIF AZZAM PUTRA',
    'kode_kelompok' => 3,
    'kode_perusahaan' => 120,
    'tgl_transaksi' => '2019-06-20 01:00:01',
    'jenis_tindakan' => 1,
    'nama_tindakan' => 'Ruangan Seruni',
    'bill_rs' => '210000.00',
    'jumlah' => 1,
    'kode_bagian' => '030301',
    'kode_bagian_asal' => '030301',
    'kode_klas' => 13,
    'no_kamar' => '4',
    'no_bed' => '2',
    'status_selesai' => 1,
    'id_dd_user' => 1,
    'kode_trans_pelayanan' => 4178829,
    'executed' => 'executed',
  ),
  9 => 
  array (
    'no_kunjungan' => 865975,
    'no_registrasi' => 584239,
    'no_mr' => '00160963',
    'nama_pasien_layan' => 'FAWZIA RAHMAH GIEZA I , Nn.',
    'kode_kelompok' => 1,
    'kode_perusahaan' => 0,
    'tgl_transaksi' => '2019-06-20 01:00:01',
    'jenis_tindakan' => 1,
    'nama_tindakan' => 'Ruangan Dahlia',
    'bill_rs' => '850000.00',
    'jumlah' => 1,
    'kode_bagian' => '030401',
    'kode_bagian_asal' => '030401',
    'kode_klas' => 4,
    'no_kamar' => '1',
    'no_bed' => '1',
    'status_selesai' => 1,
    'id_dd_user' => 1,
    'kode_trans_pelayanan' => 4178830,
    'executed' => 'executed',
  ),
  10 => 
  array (
    'no_kunjungan' => 865967,
    'no_registrasi' => 584243,
    'no_mr' => '00234934',
    'nama_pasien_layan' => 'NY SITI IMRON',
    'kode_kelompok' => 3,
    'kode_perusahaan' => 120,
    'tgl_transaksi' => '2019-06-20 01:00:01',
    'jenis_tindakan' => 1,
    'nama_tindakan' => 'Ruangan Melati',
    'bill_rs' => '140000.00',
    'jumlah' => 1,
    'kode_bagian' => '031401',
    'kode_bagian_asal' => '031401',
    'kode_klas' => 6,
    'no_kamar' => '1',
    'no_bed' => '2',
    'status_selesai' => 1,
    'id_dd_user' => 1,
    'kode_trans_pelayanan' => 4178831,
    'executed' => 'executed',
  ),
  11 => 
  array (
    'no_kunjungan' => 865973,
    'no_registrasi' => 584244,
    'no_mr' => '00235805',
    'nama_pasien_layan' => 'YATIH, Ny.',
    'kode_kelompok' => 3,
    'kode_perusahaan' => 120,
    'tgl_transaksi' => '2019-06-20 01:00:01',
    'jenis_tindakan' => 1,
    'nama_tindakan' => 'Ruangan Mawar',
    'bill_rs' => '210000.00',
    'jumlah' => 1,
    'kode_bagian' => '031301',
    'kode_bagian_asal' => '031301',
    'kode_klas' => 13,
    'no_kamar' => '2',
    'no_bed' => '2',
    'status_selesai' => 1,
    'id_dd_user' => 1,
    'kode_trans_pelayanan' => 4178832,
    'executed' => 'executed',
  ),
  12 => 
  array (
    'no_kunjungan' => 865974,
    'no_registrasi' => 584245,
    'no_mr' => '00226473',
    'nama_pasien_layan' => 'JUMANIK, NY., Ny.',
    'kode_kelompok' => 3,
    'kode_perusahaan' => 120,
    'tgl_transaksi' => '2019-06-20 01:00:02',
    'jenis_tindakan' => 1,
    'nama_tindakan' => 'Ruangan Bougenvile',
    'bill_rs' => '140000.00',
    'jumlah' => 1,
    'kode_bagian' => '031701',
    'kode_bagian_asal' => '031701',
    'kode_klas' => 6,
    'no_kamar' => '1',
    'no_bed' => '2',
    'status_selesai' => 1,
    'id_dd_user' => 1,
    'kode_trans_pelayanan' => 4178833,
    'executed' => 'executed',
  ),
  13 => 
  array (
    'no_kunjungan' => 866151,
    'no_registrasi' => 584392,
    'no_mr' => '00239184',
    'nama_pasien_layan' => 'BY NY JUMANIK',
    'kode_kelompok' => 3,
    'kode_perusahaan' => 120,
    'tgl_transaksi' => '2019-06-20 01:00:02',
    'jenis_tindakan' => 1,
    'nama_tindakan' => 'Ruangan Kamar Bayi',
    'bill_rs' => '120000.00',
    'jumlah' => 1,
    'kode_bagian' => '031201',
    'kode_bagian_asal' => '031201',
    'kode_klas' => 6,
    'no_kamar' => '03',
    'no_bed' => '2',
    'status_selesai' => 1,
    'id_dd_user' => 1,
    'kode_trans_pelayanan' => 4178834,
    'executed' => 'executed',
  ),
  14 => 
  array (
    'no_kunjungan' => 866255,
    'no_registrasi' => 584441,
    'no_mr' => '00213967',
    'nama_pasien_layan' => 'SITI MARLINA, NY., NY.',
    'kode_kelompok' => 3,
    'kode_perusahaan' => 120,
    'tgl_transaksi' => '2019-06-20 01:00:02',
    'jenis_tindakan' => 1,
    'nama_tindakan' => 'Ruangan Seruni Ruang Nifas',
    'bill_rs' => NULL,
    'jumlah' => 1,
    'kode_bagian' => '031601',
    'kode_bagian_asal' => '031601',
    'kode_klas' => 13,
    'no_kamar' => '2',
    'no_bed' => '2',
    'status_selesai' => 1,
    'id_dd_user' => 1,
    'kode_trans_pelayanan' => 4178835,
    'executed' => 'executed',
  ),
  15 => 
  array (
    'no_kunjungan' => 866328,
    'no_registrasi' => 584442,
    'no_mr' => '00159128',
    'nama_pasien_layan' => 'RIZKY, NY.',
    'kode_kelompok' => 3,
    'kode_perusahaan' => 120,
    'tgl_transaksi' => '2019-06-20 01:00:02',
    'jenis_tindakan' => 1,
    'nama_tindakan' => 'Ruangan Melati',
    'bill_rs' => '140000.00',
    'jumlah' => 1,
    'kode_bagian' => '031401',
    'kode_bagian_asal' => '031401',
    'kode_klas' => 6,
    'no_kamar' => '1',
    'no_bed' => '1',
    'status_selesai' => 1,
    'id_dd_user' => 1,
    'kode_trans_pelayanan' => 4178835,
    'executed' => 'executed',
  ),
  16 => 
  array (
    'no_kunjungan' => 866261,
    'no_registrasi' => 584446,
    'no_mr' => '00238809',
    'nama_pasien_layan' => 'TASRI, Ny.',
    'kode_kelompok' => 3,
    'kode_perusahaan' => 120,
    'tgl_transaksi' => '2019-06-20 01:00:02',
    'jenis_tindakan' => 1,
    'nama_tindakan' => 'Ruangan Melati',
    'bill_rs' => '140000.00',
    'jumlah' => 1,
    'kode_bagian' => '031401',
    'kode_bagian_asal' => '031401',
    'kode_klas' => 6,
    'no_kamar' => '1',
    'no_bed' => '3',
    'status_selesai' => 1,
    'id_dd_user' => 1,
    'kode_trans_pelayanan' => 4178836,
    'executed' => 'executed',
  ),
  17 => 
  array (
    'no_kunjungan' => 866262,
    'no_registrasi' => 584447,
    'no_mr' => '00238443',
    'nama_pasien_layan' => 'STEFANUS SLAMET WIDODO, Tn.',
    'kode_kelompok' => 3,
    'kode_perusahaan' => 120,
    'tgl_transaksi' => '2019-06-20 01:00:02',
    'jenis_tindakan' => 1,
    'nama_tindakan' => 'Ruangan Mawar',
    'bill_rs' => '210000.00',
    'jumlah' => 1,
    'kode_bagian' => '031301',
    'kode_bagian_asal' => '031301',
    'kode_klas' => 13,
    'no_kamar' => '1',
    'no_bed' => '4',
    'status_selesai' => 1,
    'id_dd_user' => 1,
    'kode_trans_pelayanan' => 4178837,
    'executed' => 'executed',
  ),
  18 => 
  array (
    'no_kunjungan' => 866263,
    'no_registrasi' => 584448,
    'no_mr' => '00236126',
    'nama_pasien_layan' => 'MUKHAMIMAH, Ny.',
    'kode_kelompok' => 3,
    'kode_perusahaan' => 120,
    'tgl_transaksi' => '2019-06-20 01:00:02',
    'jenis_tindakan' => 1,
    'nama_tindakan' => 'Ruangan Melati',
    'bill_rs' => '140000.00',
    'jumlah' => 1,
    'kode_bagian' => '031401',
    'kode_bagian_asal' => '031401',
    'kode_klas' => 6,
    'no_kamar' => '1',
    'no_bed' => '4',
    'status_selesai' => 1,
    'id_dd_user' => 1,
    'kode_trans_pelayanan' => 4178838,
    'executed' => 'executed',
  ),
  19 => 
  array (
    'no_kunjungan' => 866264,
    'no_registrasi' => 584449,
    'no_mr' => '00238786',
    'nama_pasien_layan' => 'KAMARUDIN, Tn.',
    'kode_kelompok' => 3,
    'kode_perusahaan' => 120,
    'tgl_transaksi' => '2019-06-20 01:00:02',
    'jenis_tindakan' => 1,
    'nama_tindakan' => 'Ruangan Flamboyan',
    'bill_rs' => '310000.00',
    'jumlah' => 1,
    'kode_bagian' => '030601',
    'kode_bagian_asal' => '030601',
    'kode_klas' => 12,
    'no_kamar' => '4',
    'no_bed' => '1',
    'status_selesai' => 1,
    'id_dd_user' => 1,
    'kode_trans_pelayanan' => 4178839,
    'executed' => 'executed',
  ),
  20 => 
  array (
    'no_kunjungan' => 866265,
    'no_registrasi' => 584450,
    'no_mr' => '00213277',
    'nama_pasien_layan' => 'ENDANG YUSMIATI, NY.',
    'kode_kelompok' => 3,
    'kode_perusahaan' => 120,
    'tgl_transaksi' => '2019-06-20 01:00:02',
    'jenis_tindakan' => 1,
    'nama_tindakan' => 'Ruangan Bougenvile',
    'bill_rs' => '140000.00',
    'jumlah' => 1,
    'kode_bagian' => '031701',
    'kode_bagian_asal' => '031701',
    'kode_klas' => 6,
    'no_kamar' => '1',
    'no_bed' => '3',
    'status_selesai' => 1,
    'id_dd_user' => 1,
    'kode_trans_pelayanan' => 4178840,
    'executed' => 'executed',
  ),
  21 => 
  array (
    'no_kunjungan' => 866267,
    'no_registrasi' => 584452,
    'no_mr' => '00238441',
    'nama_pasien_layan' => 'NINI ANISAH, Ny.',
    'kode_kelompok' => 3,
    'kode_perusahaan' => 120,
    'tgl_transaksi' => '2019-06-20 01:00:03',
    'jenis_tindakan' => 1,
    'nama_tindakan' => 'Ruangan Melati',
    'bill_rs' => '140000.00',
    'jumlah' => 1,
    'kode_bagian' => '031401',
    'kode_bagian_asal' => '031401',
    'kode_klas' => 6,
    'no_kamar' => '1',
    'no_bed' => '5',
    'status_selesai' => 1,
    'id_dd_user' => 1,
    'kode_trans_pelayanan' => 4178841,
    'executed' => 'executed',
  ),
  22 => 
  array (
    'no_kunjungan' => 866388,
    'no_registrasi' => 584480,
    'no_mr' => '00165684',
    'nama_pasien_layan' => 'HADJIR, NY.',
    'kode_kelompok' => 3,
    'kode_perusahaan' => 120,
    'tgl_transaksi' => '2019-06-20 01:00:03',
    'jenis_tindakan' => 1,
    'nama_tindakan' => 'Ruangan Flamboyan',
    'bill_rs' => '310000.00',
    'jumlah' => 1,
    'kode_bagian' => '030601',
    'kode_bagian_asal' => '030601',
    'kode_klas' => 12,
    'no_kamar' => '3',
    'no_bed' => '1',
    'status_selesai' => 1,
    'id_dd_user' => 1,
    'kode_trans_pelayanan' => 4178842,
    'executed' => 'executed',
  ),
  23 => 
  array (
    'no_kunjungan' => 866330,
    'no_registrasi' => 584500,
    'no_mr' => '00236494',
    'nama_pasien_layan' => 'MAMAT, Tn.',
    'kode_kelompok' => 3,
    'kode_perusahaan' => 120,
    'tgl_transaksi' => '2019-06-20 01:00:03',
    'jenis_tindakan' => 1,
    'nama_tindakan' => 'Ruangan Melati',
    'bill_rs' => '140000.00',
    'jumlah' => 1,
    'kode_bagian' => '031401',
    'kode_bagian_asal' => '031401',
    'kode_klas' => 6,
    'no_kamar' => '2',
    'no_bed' => '1',
    'status_selesai' => 1,
    'id_dd_user' => 1,
    'kode_trans_pelayanan' => 4178843,
    'executed' => 'executed',
  ),
  24 => 
  array (
    'no_kunjungan' => 866332,
    'no_registrasi' => 584502,
    'no_mr' => '00238955',
    'nama_pasien_layan' => 'RIZKY AZZAHRI PERMANA PUTRA',
    'kode_kelompok' => 3,
    'kode_perusahaan' => 120,
    'tgl_transaksi' => '2019-06-20 01:00:03',
    'jenis_tindakan' => 1,
    'nama_tindakan' => 'Ruangan Melati',
    'bill_rs' => '140000.00',
    'jumlah' => 1,
    'kode_bagian' => '031401',
    'kode_bagian_asal' => '031401',
    'kode_klas' => 6,
    'no_kamar' => '2',
    'no_bed' => '3',
    'status_selesai' => 1,
    'id_dd_user' => 1,
    'kode_trans_pelayanan' => 4178844,
    'executed' => 'executed',
  ),
  25 => 
  array (
    'no_kunjungan' => 866377,
    'no_registrasi' => 584543,
    'no_mr' => '00239193',
    'nama_pasien_layan' => 'BY NY SITI MARLINA',
    'kode_kelompok' => 3,
    'kode_perusahaan' => 120,
    'tgl_transaksi' => '2019-06-20 01:00:03',
    'jenis_tindakan' => 1,
    'nama_tindakan' => 'Ruangan Kamar Bayi',
    'bill_rs' => '200000.00',
    'jumlah' => 1,
    'kode_bagian' => '031201',
    'kode_bagian_asal' => '031201',
    'kode_klas' => 13,
    'no_kamar' => '01',
    'no_bed' => '1',
    'status_selesai' => 1,
    'id_dd_user' => 1,
    'kode_trans_pelayanan' => 4178845,
    'executed' => 'executed',
  ),
  26 => 
  array (
    'no_kunjungan' => 866531,
    'no_registrasi' => 584666,
    'no_mr' => '00239207',
    'nama_pasien_layan' => 'BY. NY MUKHAMIMAH',
    'kode_kelompok' => 3,
    'kode_perusahaan' => 120,
    'tgl_transaksi' => '2019-06-20 01:00:03',
    'jenis_tindakan' => 1,
    'nama_tindakan' => 'Ruangan Kamar Bayi',
    'bill_rs' => '120000.00',
    'jumlah' => 1,
    'kode_bagian' => '031201',
    'kode_bagian_asal' => '031201',
    'kode_klas' => 6,
    'no_kamar' => '03',
    'no_bed' => '3',
    'status_selesai' => 1,
    'id_dd_user' => 1,
    'kode_trans_pelayanan' => 4178846,
    'executed' => 'executed',
  ),
  27 => 
  array (
    'no_kunjungan' => 866610,
    'no_registrasi' => 584720,
    'no_mr' => '00239218',
    'nama_pasien_layan' => 'BY.NY.TASRI',
    'kode_kelompok' => 3,
    'kode_perusahaan' => 120,
    'tgl_transaksi' => '2019-06-20 01:00:03',
    'jenis_tindakan' => 1,
    'nama_tindakan' => 'Ruangan Kamar Bayi',
    'bill_rs' => '120000.00',
    'jumlah' => 1,
    'kode_bagian' => '031201',
    'kode_bagian_asal' => '031201',
    'kode_klas' => 6,
    'no_kamar' => '03',
    'no_bed' => '4',
    'status_selesai' => 1,
    'id_dd_user' => 1,
    'kode_trans_pelayanan' => 4178847,
    'executed' => 'executed',
  ),
  28 => 
  array (
    'no_kunjungan' => 866711,
    'no_registrasi' => 584752,
    'no_mr' => '00225833',
    'nama_pasien_layan' => 'RISKA ROCHMA RAGIL, Ny.',
    'kode_kelompok' => 3,
    'kode_perusahaan' => 120,
    'tgl_transaksi' => '2019-06-20 01:00:04',
    'jenis_tindakan' => 1,
    'nama_tindakan' => 'Ruangan Seruni Ruang Nifas',
    'bill_rs' => '210000.00',
    'jumlah' => 1,
    'kode_bagian' => '031601',
    'kode_bagian_asal' => '031601',
    'kode_klas' => 12,
    'no_kamar' => '1',
    'no_bed' => '1 ',
    'status_selesai' => 1,
    'id_dd_user' => 1,
    'kode_trans_pelayanan' => 4178848,
    'executed' => 'executed',
  ),
  29 => 
  array (
    'no_kunjungan' => 866707,
    'no_registrasi' => 584771,
    'no_mr' => '00239223',
    'nama_pasien_layan' => 'BY NY ENDANG YUSMIATI',
    'kode_kelompok' => 3,
    'kode_perusahaan' => 120,
    'tgl_transaksi' => '2019-06-20 01:00:04',
    'jenis_tindakan' => 1,
    'nama_tindakan' => 'Ruangan Kamar Bayi',
    'bill_rs' => '120000.00',
    'jumlah' => 1,
    'kode_bagian' => '031201',
    'kode_bagian_asal' => '031201',
    'kode_klas' => 6,
    'no_kamar' => '02',
    'no_bed' => '2',
    'status_selesai' => 1,
    'id_dd_user' => 1,
    'kode_trans_pelayanan' => 4178849,
    'executed' => 'executed',
  ),
  30 => 
  array (
    'no_kunjungan' => 866749,
    'no_registrasi' => 584783,
    'no_mr' => '00184216',
    'nama_pasien_layan' => 'JUANINGSIH, Ny.',
    'kode_kelompok' => 3,
    'kode_perusahaan' => 120,
    'tgl_transaksi' => '2019-06-20 01:00:04',
    'jenis_tindakan' => 1,
    'nama_tindakan' => 'Ruangan Wijayakusuma',
    'bill_rs' => '1200000.00',
    'jumlah' => 1,
    'kode_bagian' => '030101',
    'kode_bagian_asal' => '030101',
    'kode_klas' => 2,
    'no_kamar' => '6',
    'no_bed' => '1',
    'status_selesai' => 1,
    'id_dd_user' => 1,
    'kode_trans_pelayanan' => 4178850,
    'executed' => 'executed',
  ),
  31 => 
  array (
    'no_kunjungan' => 866755,
    'no_registrasi' => 584787,
    'no_mr' => '00239225',
    'nama_pasien_layan' => 'BY.NY.RISKA ROCHMA RAGIL',
    'kode_kelompok' => 3,
    'kode_perusahaan' => 120,
    'tgl_transaksi' => '2019-06-20 01:00:04',
    'jenis_tindakan' => 1,
    'nama_tindakan' => 'Ruangan Kamar Bayi',
    'bill_rs' => '200000.00',
    'jumlah' => 1,
    'kode_bagian' => '031201',
    'kode_bagian_asal' => '031201',
    'kode_klas' => 13,
    'no_kamar' => '02',
    'no_bed' => '2',
    'status_selesai' => 1,
    'id_dd_user' => 1,
    'kode_trans_pelayanan' => 4178851,
    'executed' => 'executed',
  ),
  32 => 
  array (
    'no_kunjungan' => 866998,
    'no_registrasi' => 584794,
    'no_mr' => '00237870',
    'nama_pasien_layan' => 'DIAN PUSPITA SARI',
    'kode_kelompok' => 3,
    'kode_perusahaan' => 120,
    'tgl_transaksi' => '2019-06-20 01:00:04',
    'jenis_tindakan' => 1,
    'nama_tindakan' => 'Ruangan Flamboyan',
    'bill_rs' => '140000.00',
    'jumlah' => 1,
    'kode_bagian' => '030601',
    'kode_bagian_asal' => '030601',
    'kode_klas' => 12,
    'no_kamar' => '1',
    'no_bed' => '1',
    'status_selesai' => 1,
    'id_dd_user' => 1,
    'kode_trans_pelayanan' => 4178852,
    'executed' => 'executed',
  ),
  33 => 
  array (
    'no_kunjungan' => 866798,
    'no_registrasi' => 584795,
    'no_mr' => '00237699',
    'nama_pasien_layan' => 'IIN HAMSIAH, Ny.',
    'kode_kelompok' => 3,
    'kode_perusahaan' => 120,
    'tgl_transaksi' => '2019-06-20 01:00:04',
    'jenis_tindakan' => 1,
    'nama_tindakan' => 'Ruangan Melati',
    'bill_rs' => '140000.00',
    'jumlah' => 1,
    'kode_bagian' => '031401',
    'kode_bagian_asal' => '031401',
    'kode_klas' => 6,
    'no_kamar' => '1',
    'no_bed' => '8',
    'status_selesai' => 1,
    'id_dd_user' => 1,
    'kode_trans_pelayanan' => 4178853,
    'executed' => 'executed',
  ),
  34 => 
  array (
    'no_kunjungan' => 866799,
    'no_registrasi' => 584796,
    'no_mr' => '00167539',
    'nama_pasien_layan' => 'RATIH VENTA LARASATI, NY',
    'kode_kelompok' => 3,
    'kode_perusahaan' => 120,
    'tgl_transaksi' => '2019-06-20 01:00:04',
    'jenis_tindakan' => 1,
    'nama_tindakan' => 'Ruangan Flamboyan',
    'bill_rs' => '310000.00',
    'jumlah' => 1,
    'kode_bagian' => '030601',
    'kode_bagian_asal' => '030601',
    'kode_klas' => 12,
    'no_kamar' => '4',
    'no_bed' => '2 ',
    'status_selesai' => 1,
    'id_dd_user' => 1,
    'kode_trans_pelayanan' => 4178854,
    'executed' => 'executed',
  ),
  35 => 
  array (
    'no_kunjungan' => 866930,
    'no_registrasi' => 584904,
    'no_mr' => '00239237',
    'nama_pasien_layan' => 'BY NY RATIH VENTA LARASATI',
    'kode_kelompok' => 3,
    'kode_perusahaan' => 120,
    'tgl_transaksi' => '2019-06-20 01:00:04',
    'jenis_tindakan' => 1,
    'nama_tindakan' => 'Ruangan Kamar Bayi',
    'bill_rs' => '330000.00',
    'jumlah' => 1,
    'kode_bagian' => '031201',
    'kode_bagian_asal' => '031201',
    'kode_klas' => 12,
    'no_kamar' => '01',
    'no_bed' => '2',
    'status_selesai' => 1,
    'id_dd_user' => 1,
    'kode_trans_pelayanan' => 4178855,
    'executed' => 'executed',
  ),
  36 => 
  array (
    'no_kunjungan' => 867035,
    'no_registrasi' => 584980,
    'no_mr' => '00239251',
    'nama_pasien_layan' => 'BY.NY. DIAN PUSPITA SARI',
    'kode_kelompok' => 3,
    'kode_perusahaan' => 120,
    'tgl_transaksi' => '2019-06-20 01:00:05',
    'jenis_tindakan' => 1,
    'nama_tindakan' => 'Ruangan Kamar Bayi',
    'bill_rs' => '120000.00',
    'jumlah' => 1,
    'kode_bagian' => '031201',
    'kode_bagian_asal' => '031201',
    'kode_klas' => 6,
    'no_kamar' => '01',
    'no_bed' => '4',
    'status_selesai' => 1,
    'id_dd_user' => 1,
    'kode_trans_pelayanan' => 4178856,
    'executed' => 'executed',
  ),
  37 => 
  array (
    'no_kunjungan' => 867059,
    'no_registrasi' => 584997,
    'no_mr' => '00239258',
    'nama_pasien_layan' => 'BY NY IIN HAMSIAH',
    'kode_kelompok' => 3,
    'kode_perusahaan' => 120,
    'tgl_transaksi' => '2019-06-20 01:00:05',
    'jenis_tindakan' => 1,
    'nama_tindakan' => 'Ruangan Kamar Bayi',
    'bill_rs' => '200000.00',
    'jumlah' => 1,
    'kode_bagian' => '031201',
    'kode_bagian_asal' => '031201',
    'kode_klas' => 13,
    'no_kamar' => '01',
    'no_bed' => '2',
    'status_selesai' => 1,
    'id_dd_user' => 1,
    'kode_trans_pelayanan' => 4178857,
    'executed' => 'executed',
  ),
  38 => 
  array (
    'no_kunjungan' => 867086,
    'no_registrasi' => 585019,
    'no_mr' => '00198258',
    'nama_pasien_layan' => 'SITI MUFRODAH, NY.',
    'kode_kelompok' => 3,
    'kode_perusahaan' => 120,
    'tgl_transaksi' => '2019-06-20 01:00:05',
    'jenis_tindakan' => 1,
    'nama_tindakan' => 'Ruangan Kenanga',
    'bill_rs' => '310000.00',
    'jumlah' => 1,
    'kode_bagian' => '030701',
    'kode_bagian_asal' => '030701',
    'kode_klas' => 5,
    'no_kamar' => '5',
    'no_bed' => '1 ',
    'status_selesai' => 1,
    'id_dd_user' => 1,
    'kode_trans_pelayanan' => 4178858,
    'executed' => 'executed',
  ),
  39 => 
  array (
    'no_kunjungan' => 867089,
    'no_registrasi' => 585020,
    'no_mr' => '00238133',
    'nama_pasien_layan' => 'ABINAYA AWAB ALEXI, AN.',
    'kode_kelompok' => 3,
    'kode_perusahaan' => 120,
    'tgl_transaksi' => '2019-06-20 01:00:05',
    'jenis_tindakan' => 1,
    'nama_tindakan' => 'Ruangan Seruni',
    'bill_rs' => '210000.00',
    'jumlah' => 1,
    'kode_bagian' => '030301',
    'kode_bagian_asal' => '030301',
    'kode_klas' => 13,
    'no_kamar' => '4',
    'no_bed' => '3',
    'status_selesai' => 1,
    'id_dd_user' => 1,
    'kode_trans_pelayanan' => 4178859,
    'executed' => 'executed',
  ),
  40 => 
  array (
    'no_kunjungan' => 867095,
    'no_registrasi' => 585024,
    'no_mr' => '00237802',
    'nama_pasien_layan' => 'ADELLIA SULISTYO, An.',
    'kode_kelompok' => 3,
    'kode_perusahaan' => 120,
    'tgl_transaksi' => '2019-06-20 01:00:05',
    'jenis_tindakan' => 1,
    'nama_tindakan' => 'Ruangan Mawar',
    'bill_rs' => '210000.00',
    'jumlah' => 1,
    'kode_bagian' => '031301',
    'kode_bagian_asal' => '031301',
    'kode_klas' => 13,
    'no_kamar' => '2',
    'no_bed' => '4',
    'status_selesai' => 1,
    'id_dd_user' => 1,
    'kode_trans_pelayanan' => 4178860,
    'executed' => 'executed',
  ),
  41 => 
  array (
    'no_kunjungan' => 867099,
    'no_registrasi' => 585028,
    'no_mr' => '00239150',
    'nama_pasien_layan' => 'TRI RAHAYU, Ny.',
    'kode_kelompok' => 3,
    'kode_perusahaan' => 120,
    'tgl_transaksi' => '2019-06-20 01:00:05',
    'jenis_tindakan' => 1,
    'nama_tindakan' => 'Ruangan Seruni Ruang Nifas',
    'bill_rs' => NULL,
    'jumlah' => 1,
    'kode_bagian' => '031601',
    'kode_bagian_asal' => '031601',
    'kode_klas' => 13,
    'no_kamar' => '2',
    'no_bed' => '1',
    'status_selesai' => 1,
    'id_dd_user' => 1,
    'kode_trans_pelayanan' => 4178861,
    'executed' => 'executed',
  ),
  42 => 
  array (
    'no_kunjungan' => 867534,
    'no_registrasi' => 585305,
    'no_mr' => '00212571',
    'nama_pasien_layan' => 'NURDJANAH, Ny.',
    'kode_kelompok' => 3,
    'kode_perusahaan' => 120,
    'tgl_transaksi' => '2019-06-20 01:00:05',
    'jenis_tindakan' => 1,
    'nama_tindakan' => 'Ruangan Flamboyan',
    'bill_rs' => '210000.00',
    'jumlah' => 1,
    'kode_bagian' => '030601',
    'kode_bagian_asal' => '030601',
    'kode_klas' => 12,
    'no_kamar' => '3',
    'no_bed' => '2',
    'status_selesai' => 1,
    'id_dd_user' => 1,
    'kode_trans_pelayanan' => 4178861,
    'executed' => 'executed',
  ),
  43 => 
  array (
    'no_kunjungan' => 867561,
    'no_registrasi' => 585342,
    'no_mr' => '00239292',
    'nama_pasien_layan' => 'BY NY TRI RAHAYU',
    'kode_kelompok' => 3,
    'kode_perusahaan' => 120,
    'tgl_transaksi' => '2019-06-20 01:00:05',
    'jenis_tindakan' => 1,
    'nama_tindakan' => 'Ruangan Kamar Bayi',
    'bill_rs' => '200000.00',
    'jumlah' => 1,
    'kode_bagian' => '031201',
    'kode_bagian_asal' => '031201',
    'kode_klas' => 13,
    'no_kamar' => '01',
    'no_bed' => '3',
    'status_selesai' => 1,
    'id_dd_user' => 1,
    'kode_trans_pelayanan' => 4178862,
    'executed' => 'executed',
  ),
  44 => 
  array (
    'no_kunjungan' => 867587,
    'no_registrasi' => 585351,
    'no_mr' => '00237172',
    'nama_pasien_layan' => 'NANI MINARNI',
    'kode_kelompok' => 3,
    'kode_perusahaan' => 120,
    'tgl_transaksi' => '2019-06-20 01:00:06',
    'jenis_tindakan' => 1,
    'nama_tindakan' => 'Ruangan Anggrek',
    'bill_rs' => '1000000.00',
    'jumlah' => 1,
    'kode_bagian' => '030201',
    'kode_bagian_asal' => '030201',
    'kode_klas' => 3,
    'no_kamar' => '1',
    'no_bed' => ' 1',
    'status_selesai' => 1,
    'id_dd_user' => 1,
    'kode_trans_pelayanan' => 4178863,
    'executed' => 'executed',
  ),
)