Jumlah Record = 30, Eksekusi = 27, No Eksekusi = 3 
array (
  0 => 
  array (
    'no_kunjungan' => 870205,
    'no_registrasi' => 587203,
    'no_mr' => '00239497',
    'nama_pasien_layan' => 'FADHLURRAHMAN',
    'kode_kelompok' => 1,
    'kode_perusahaan' => 0,
    'tgl_transaksi' => '2019-07-06 01:00:55',
    'jenis_tindakan' => 1,
    'nama_tindakan' => 'Ruangan Anggrek',
    'bill_rs' => '1000000.00',
    'jumlah' => 1,
    'kode_bagian' => '030201',
    'kode_bagian_asal' => '030201',
    'kode_klas' => 3,
    'no_kamar' => '5',
    'no_bed' => '1',
    'status_selesai' => 1,
    'id_dd_user' => 1,
    'kode_trans_pelayanan' => 4217939,
    'executed' => 'executed',
  ),
  1 => 
  array (
    'no_kunjungan' => 871713,
    'no_registrasi' => 588242,
    'no_mr' => '00052131',
    'nama_pasien_layan' => 'DAMAR LISTIYA, NY.',
    'kode_kelompok' => 3,
    'kode_perusahaan' => 120,
    'tgl_transaksi' => '2019-07-06 01:00:55',
    'jenis_tindakan' => 1,
    'nama_tindakan' => 'Ruangan Flamboyan',
    'bill_rs' => '310000.00',
    'jumlah' => 1,
    'kode_bagian' => '030601',
    'kode_bagian_asal' => '030601',
    'kode_klas' => 12,
    'no_kamar' => '2',
    'no_bed' => '2',
    'status_selesai' => 1,
    'id_dd_user' => 1,
    'kode_trans_pelayanan' => 4217940,
    'executed' => 'executed',
  ),
  2 => 
  array (
    'no_kunjungan' => 873777,
    'no_registrasi' => 589707,
    'no_mr' => '00165739',
    'nama_pasien_layan' => 'HJ DWI SUBACHTUTI, NY., NY., NY.',
    'kode_kelompok' => 3,
    'kode_perusahaan' => 120,
    'tgl_transaksi' => '2019-07-06 01:00:55',
    'jenis_tindakan' => 1,
    'nama_tindakan' => 'Ruangan Wijayakusuma',
    'bill_rs' => '1200000.00',
    'jumlah' => 1,
    'kode_bagian' => '030101',
    'kode_bagian_asal' => '030101',
    'kode_klas' => 2,
    'no_kamar' => '6',
    'no_bed' => '1',
    'status_selesai' => 1,
    'id_dd_user' => 1,
    'kode_trans_pelayanan' => 4217941,
    'executed' => 'executed',
  ),
  3 => 
  array (
    'no_kunjungan' => 874684,
    'no_registrasi' => 590450,
    'no_mr' => '00238886',
    'nama_pasien_layan' => 'HARY KRISTANTO, Tn.',
    'kode_kelompok' => 3,
    'kode_perusahaan' => 120,
    'tgl_transaksi' => '2019-07-06 01:00:56',
    'jenis_tindakan' => 1,
    'nama_tindakan' => 'Ruangan Flamboyan',
    'bill_rs' => '310000.00',
    'jumlah' => 1,
    'kode_bagian' => '030601',
    'kode_bagian_asal' => '030601',
    'kode_klas' => 12,
    'no_kamar' => '4',
    'no_bed' => '1',
    'status_selesai' => 1,
    'id_dd_user' => 1,
    'kode_trans_pelayanan' => 4217942,
    'executed' => 'executed',
  ),
  4 => 
  array (
    'no_kunjungan' => 875888,
    'no_registrasi' => 591319,
    'no_mr' => '00235276',
    'nama_pasien_layan' => 'TITI MULYATI BINTI KARNO',
    'kode_kelompok' => 3,
    'kode_perusahaan' => 120,
    'tgl_transaksi' => '2019-07-06 01:00:56',
    'jenis_tindakan' => 1,
    'nama_tindakan' => 'Ruangan Melati',
    'bill_rs' => '140000.00',
    'jumlah' => 1,
    'kode_bagian' => '031401',
    'kode_bagian_asal' => '031401',
    'kode_klas' => 6,
    'no_kamar' => '1',
    'no_bed' => '8',
    'status_selesai' => 1,
    'id_dd_user' => 1,
    'kode_trans_pelayanan' => 4217943,
    'executed' => 'executed',
  ),
  5 => 
  array (
    'no_kunjungan' => 875988,
    'no_registrasi' => 591407,
    'no_mr' => '00239981',
    'nama_pasien_layan' => 'G. MADE PRISSA CALLISTA WIRAWAN',
    'kode_kelompok' => 1,
    'kode_perusahaan' => 0,
    'tgl_transaksi' => '2019-07-06 01:00:56',
    'jenis_tindakan' => 1,
    'nama_tindakan' => 'Ruangan Wijayakusuma',
    'bill_rs' => '1200000.00',
    'jumlah' => 1,
    'kode_bagian' => '030101',
    'kode_bagian_asal' => '030101',
    'kode_klas' => 2,
    'no_kamar' => '7',
    'no_bed' => '1',
    'status_selesai' => 1,
    'id_dd_user' => 1,
    'kode_trans_pelayanan' => 4217944,
    'executed' => 'executed',
  ),
  6 => 
  array (
    'no_kunjungan' => 876074,
    'no_registrasi' => 591465,
    'no_mr' => '00213753',
    'nama_pasien_layan' => 'SYIFA FADILLA, NY.',
    'kode_kelompok' => 3,
    'kode_perusahaan' => 120,
    'tgl_transaksi' => '2019-07-06 01:00:56',
    'jenis_tindakan' => 1,
    'nama_tindakan' => 'Ruangan Bougenvile',
    'bill_rs' => '210000.00',
    'jumlah' => 1,
    'kode_bagian' => '031701',
    'kode_bagian_asal' => '031701',
    'kode_klas' => 6,
    'no_kamar' => '1',
    'no_bed' => '2',
    'status_selesai' => 1,
    'id_dd_user' => 1,
    'kode_trans_pelayanan' => 4217945,
    'executed' => 'executed',
  ),
  7 => 
  array (
    'no_kunjungan' => 876148,
    'no_registrasi' => 591522,
    'no_mr' => '00003467',
    'nama_pasien_layan' => 'AI SUWANGSIH, NY.',
    'kode_kelompok' => 3,
    'kode_perusahaan' => 120,
    'tgl_transaksi' => '2019-07-06 01:00:56',
    'jenis_tindakan' => 1,
    'nama_tindakan' => 'Ruangan Flamboyan',
    'bill_rs' => '310000.00',
    'jumlah' => 1,
    'kode_bagian' => '030601',
    'kode_bagian_asal' => '030601',
    'kode_klas' => 12,
    'no_kamar' => '1',
    'no_bed' => '1',
    'status_selesai' => 1,
    'id_dd_user' => 1,
    'kode_trans_pelayanan' => 4217946,
    'executed' => 'executed',
  ),
  8 => 
  array (
    'no_kunjungan' => 876269,
    'no_registrasi' => 591581,
    'no_mr' => '00177987',
    'nama_pasien_layan' => 'RAHMAH EL NASIAH, Ny.',
    'kode_kelompok' => 1,
    'kode_perusahaan' => 0,
    'tgl_transaksi' => '2019-07-06 01:00:56',
    'jenis_tindakan' => 1,
    'nama_tindakan' => 'Ruangan Kenanga',
    'bill_rs' => '600000.00',
    'jumlah' => 1,
    'kode_bagian' => '030701',
    'kode_bagian_asal' => '030701',
    'kode_klas' => 5,
    'no_kamar' => '3',
    'no_bed' => ' 1',
    'status_selesai' => 1,
    'id_dd_user' => 1,
    'kode_trans_pelayanan' => 4217947,
    'executed' => 'executed',
  ),
  9 => 
  array (
    'no_kunjungan' => 876373,
    'no_registrasi' => 591689,
    'no_mr' => '00240067',
    'nama_pasien_layan' => 'BY.NY.SYIFA FADILLA',
    'kode_kelompok' => 3,
    'kode_perusahaan' => 120,
    'tgl_transaksi' => '2019-07-06 01:00:57',
    'jenis_tindakan' => 1,
    'nama_tindakan' => 'Ruangan Kamar Bayi',
    'bill_rs' => '120000.00',
    'jumlah' => 1,
    'kode_bagian' => '031201',
    'kode_bagian_asal' => '031201',
    'kode_klas' => 6,
    'no_kamar' => '03',
    'no_bed' => '2',
    'status_selesai' => 1,
    'id_dd_user' => 1,
    'kode_trans_pelayanan' => 4217948,
    'executed' => 'executed',
  ),
  10 => 
  array (
    'no_kunjungan' => 876380,
    'no_registrasi' => 591692,
    'no_mr' => '00240068',
    'nama_pasien_layan' => 'DINO RODIANSYAH',
    'kode_kelompok' => 3,
    'kode_perusahaan' => 120,
    'tgl_transaksi' => '2019-07-06 01:00:57',
    'jenis_tindakan' => 1,
    'nama_tindakan' => 'Ruangan Melati',
    'bill_rs' => '140000.00',
    'jumlah' => 1,
    'kode_bagian' => '031401',
    'kode_bagian_asal' => '031401',
    'kode_klas' => 6,
    'no_kamar' => '2',
    'no_bed' => '3',
    'status_selesai' => 1,
    'id_dd_user' => 1,
    'kode_trans_pelayanan' => 4217949,
    'executed' => 'executed',
  ),
  11 => 
  array (
    'no_kunjungan' => 876377,
    'no_registrasi' => 591693,
    'no_mr' => '00221383',
    'nama_pasien_layan' => 'PRAKASITA WIGATI, NN.',
    'kode_kelompok' => 3,
    'kode_perusahaan' => 41,
    'tgl_transaksi' => '2019-07-06 01:00:57',
    'jenis_tindakan' => 1,
    'nama_tindakan' => 'Ruangan Mawar',
    'bill_rs' => '410000.00',
    'jumlah' => 1,
    'kode_bagian' => '031301',
    'kode_bagian_asal' => '031301',
    'kode_klas' => 13,
    'no_kamar' => '2',
    'no_bed' => '1',
    'status_selesai' => 1,
    'id_dd_user' => 1,
    'kode_trans_pelayanan' => 4217950,
    'executed' => 'executed',
  ),
  12 => 
  array (
    'no_kunjungan' => 876383,
    'no_registrasi' => 591695,
    'no_mr' => '00237913',
    'nama_pasien_layan' => 'YULIANA, Ny.',
    'kode_kelompok' => 3,
    'kode_perusahaan' => 120,
    'tgl_transaksi' => '2019-07-06 01:00:57',
    'jenis_tindakan' => 1,
    'nama_tindakan' => 'Ruangan Melati',
    'bill_rs' => '140000.00',
    'jumlah' => 1,
    'kode_bagian' => '031401',
    'kode_bagian_asal' => '031401',
    'kode_klas' => 6,
    'no_kamar' => '1',
    'no_bed' => '1',
    'status_selesai' => 1,
    'id_dd_user' => 1,
    'kode_trans_pelayanan' => 4217951,
    'executed' => 'executed',
  ),
  13 => 
  array (
    'no_kunjungan' => 876385,
    'no_registrasi' => 591697,
    'no_mr' => '00230827',
    'nama_pasien_layan' => 'IKE KURNIAWATI, Ny.',
    'kode_kelompok' => 3,
    'kode_perusahaan' => 120,
    'tgl_transaksi' => '2019-07-06 01:00:57',
    'jenis_tindakan' => 1,
    'nama_tindakan' => 'Ruangan Melati',
    'bill_rs' => '140000.00',
    'jumlah' => 1,
    'kode_bagian' => '031401',
    'kode_bagian_asal' => '031401',
    'kode_klas' => 6,
    'no_kamar' => '1',
    'no_bed' => '2',
    'status_selesai' => 1,
    'id_dd_user' => 1,
    'kode_trans_pelayanan' => 4217952,
    'executed' => 'executed',
  ),
  14 => 
  array (
    'no_kunjungan' => 876386,
    'no_registrasi' => 591698,
    'no_mr' => '00208000',
    'nama_pasien_layan' => 'ALIKA KHANZA MAULIDA, An.',
    'kode_kelompok' => 3,
    'kode_perusahaan' => 120,
    'tgl_transaksi' => '2019-07-06 01:00:58',
    'jenis_tindakan' => 1,
    'nama_tindakan' => 'Ruangan Melati',
    'bill_rs' => '140000.00',
    'jumlah' => 1,
    'kode_bagian' => '031401',
    'kode_bagian_asal' => '031401',
    'kode_klas' => 6,
    'no_kamar' => '1',
    'no_bed' => '7 ',
    'status_selesai' => 1,
    'id_dd_user' => 1,
    'kode_trans_pelayanan' => 4217953,
    'executed' => 'executed',
  ),
  15 => 
  array (
    'no_kunjungan' => 876487,
    'no_registrasi' => 591787,
    'no_mr' => '00236925',
    'nama_pasien_layan' => 'SULAEHA',
    'kode_kelompok' => 3,
    'kode_perusahaan' => 120,
    'tgl_transaksi' => '2019-07-06 01:00:58',
    'jenis_tindakan' => 1,
    'nama_tindakan' => 'Ruangan Bougenvile',
    'bill_rs' => '140000.00',
    'jumlah' => 1,
    'kode_bagian' => '031701',
    'kode_bagian_asal' => '031701',
    'kode_klas' => 6,
    'no_kamar' => '1',
    'no_bed' => '1',
    'status_selesai' => 1,
    'id_dd_user' => 1,
    'kode_trans_pelayanan' => 4217954,
    'executed' => 'executed',
  ),
  16 => 
  array (
    'no_kunjungan' => 876505,
    'no_registrasi' => 591804,
    'no_mr' => '00220006',
    'nama_pasien_layan' => 'NURAENI, NY.',
    'kode_kelompok' => 3,
    'kode_perusahaan' => 120,
    'tgl_transaksi' => '2019-07-06 01:00:58',
    'jenis_tindakan' => 1,
    'nama_tindakan' => 'Ruangan Bougenvile',
    'bill_rs' => '140000.00',
    'jumlah' => 1,
    'kode_bagian' => '031701',
    'kode_bagian_asal' => '031701',
    'kode_klas' => 6,
    'no_kamar' => '1',
    'no_bed' => '3',
    'status_selesai' => 1,
    'id_dd_user' => 1,
    'kode_trans_pelayanan' => 4217955,
    'executed' => 'executed',
  ),
  17 => 
  array (
    'no_kunjungan' => 876751,
    'no_registrasi' => 591991,
    'no_mr' => '00239988',
    'nama_pasien_layan' => 'EMBAY SUHASTI',
    'kode_kelompok' => 3,
    'kode_perusahaan' => 120,
    'tgl_transaksi' => '2019-07-06 01:00:58',
    'jenis_tindakan' => 1,
    'nama_tindakan' => 'Ruangan Melati',
    'bill_rs' => '140000.00',
    'jumlah' => 1,
    'kode_bagian' => '031401',
    'kode_bagian_asal' => '031401',
    'kode_klas' => 6,
    'no_kamar' => '1',
    'no_bed' => '6 ',
    'status_selesai' => 1,
    'id_dd_user' => 1,
    'kode_trans_pelayanan' => 4217956,
    'executed' => 'executed',
  ),
  18 => 
  array (
    'no_kunjungan' => 876757,
    'no_registrasi' => 591997,
    'no_mr' => '00239884',
    'nama_pasien_layan' => 'NUR ANNISA AMELIA OLII',
    'kode_kelompok' => 3,
    'kode_perusahaan' => 120,
    'tgl_transaksi' => '2019-07-06 01:00:58',
    'jenis_tindakan' => 1,
    'nama_tindakan' => 'Ruangan Mawar',
    'bill_rs' => '210000.00',
    'jumlah' => 1,
    'kode_bagian' => '031301',
    'kode_bagian_asal' => '031301',
    'kode_klas' => 13,
    'no_kamar' => '2',
    'no_bed' => '3',
    'status_selesai' => 1,
    'id_dd_user' => 1,
    'kode_trans_pelayanan' => 4217957,
    'executed' => 'executed',
  ),
  19 => 
  array (
    'no_kunjungan' => 876951,
    'no_registrasi' => 592002,
    'no_mr' => '00240116',
    'nama_pasien_layan' => 'BONITA DEFY FERANI',
    'kode_kelompok' => 3,
    'kode_perusahaan' => 38,
    'tgl_transaksi' => '2019-07-06 01:00:59',
    'jenis_tindakan' => 1,
    'nama_tindakan' => 'Ruangan Flamboyan',
    'bill_rs' => '670000.00',
    'jumlah' => 1,
    'kode_bagian' => '030601',
    'kode_bagian_asal' => '030601',
    'kode_klas' => 12,
    'no_kamar' => '1',
    'no_bed' => '2',
    'status_selesai' => 1,
    'id_dd_user' => 1,
    'kode_trans_pelayanan' => 4217958,
    'executed' => 'executed',
  ),
  20 => 
  array (
    'no_kunjungan' => 876868,
    'no_registrasi' => 592012,
    'no_mr' => '00240121',
    'nama_pasien_layan' => 'SUBARDI',
    'kode_kelompok' => 3,
    'kode_perusahaan' => 226,
    'tgl_transaksi' => '2019-07-06 01:00:59',
    'jenis_tindakan' => 1,
    'nama_tindakan' => 'Ruangan Mawar',
    'bill_rs' => '410000.00',
    'jumlah' => 1,
    'kode_bagian' => '031301',
    'kode_bagian_asal' => '031301',
    'kode_klas' => 13,
    'no_kamar' => '1',
    'no_bed' => '4',
    'status_selesai' => 1,
    'id_dd_user' => 1,
    'kode_trans_pelayanan' => 4217959,
    'executed' => 'executed',
  ),
  21 => 
  array (
    'no_kunjungan' => 876809,
    'no_registrasi' => 592046,
    'no_mr' => '00240122',
    'nama_pasien_layan' => 'BY NY NUR ANNISA AMELIA',
    'kode_kelompok' => 3,
    'kode_perusahaan' => 120,
    'tgl_transaksi' => '2019-07-06 01:00:59',
    'jenis_tindakan' => 1,
    'nama_tindakan' => 'Ruangan Kamar Bayi',
    'bill_rs' => '200000.00',
    'jumlah' => 1,
    'kode_bagian' => '031201',
    'kode_bagian_asal' => '031201',
    'kode_klas' => 13,
    'no_kamar' => '01',
    'no_bed' => '1',
    'status_selesai' => 1,
    'id_dd_user' => 1,
    'kode_trans_pelayanan' => 4217960,
    'executed' => 'executed',
  ),
  22 => 
  array (
    'no_kunjungan' => 876904,
    'no_registrasi' => 592124,
    'no_mr' => '00240132',
    'nama_pasien_layan' => 'BY NY SULAEHA',
    'kode_kelompok' => 3,
    'kode_perusahaan' => 120,
    'tgl_transaksi' => '2019-07-06 01:00:59',
    'jenis_tindakan' => 1,
    'nama_tindakan' => 'Ruangan Kamar Bayi',
    'bill_rs' => '120000.00',
    'jumlah' => 1,
    'kode_bagian' => '031201',
    'kode_bagian_asal' => '031201',
    'kode_klas' => 6,
    'no_kamar' => '03',
    'no_bed' => '1',
    'status_selesai' => 1,
    'id_dd_user' => 1,
    'kode_trans_pelayanan' => 4217961,
    'executed' => 'executed',
  ),
  23 => 
  array (
    'no_kunjungan' => 876933,
    'no_registrasi' => 592152,
    'no_mr' => '00240135',
    'nama_pasien_layan' => 'BY.NY NURAENI',
    'kode_kelompok' => 3,
    'kode_perusahaan' => 120,
    'tgl_transaksi' => '2019-07-06 01:01:00',
    'jenis_tindakan' => 1,
    'nama_tindakan' => 'Ruangan Kamar Bayi',
    'bill_rs' => '120000.00',
    'jumlah' => 1,
    'kode_bagian' => '031201',
    'kode_bagian_asal' => '031201',
    'kode_klas' => 6,
    'no_kamar' => '03',
    'no_bed' => '3',
    'status_selesai' => 1,
    'id_dd_user' => 1,
    'kode_trans_pelayanan' => 4217962,
    'executed' => 'executed',
  ),
  24 => 
  array (
    'no_kunjungan' => 877017,
    'no_registrasi' => 592176,
    'no_mr' => '00240141',
    'nama_pasien_layan' => 'TUAH ERSADA',
    'kode_kelompok' => 1,
    'kode_perusahaan' => 0,
    'tgl_transaksi' => '2019-07-06 01:01:00',
    'jenis_tindakan' => 1,
    'nama_tindakan' => 'Ruangan Melati',
    'bill_rs' => '250000.00',
    'jumlah' => 1,
    'kode_bagian' => '031401',
    'kode_bagian_asal' => '031401',
    'kode_klas' => 6,
    'no_kamar' => '2',
    'no_bed' => '1',
    'status_selesai' => 1,
    'id_dd_user' => 1,
    'kode_trans_pelayanan' => 4217963,
    'executed' => 'executed',
  ),
  25 => 
  array (
    'no_kunjungan' => 877003,
    'no_registrasi' => 592181,
    'no_mr' => '00240138',
    'nama_pasien_layan' => 'SHAZIA NAEEMA TSABITA',
    'kode_kelompok' => 1,
    'kode_perusahaan' => 0,
    'tgl_transaksi' => '2019-07-06 01:01:00',
    'jenis_tindakan' => 1,
    'nama_tindakan' => 'Ruangan Seruni',
    'bill_rs' => '350000.00',
    'jumlah' => 1,
    'kode_bagian' => '030301',
    'kode_bagian_asal' => '030301',
    'kode_klas' => 13,
    'no_kamar' => '4',
    'no_bed' => '2',
    'status_selesai' => 1,
    'id_dd_user' => 1,
    'kode_trans_pelayanan' => 4217964,
    'executed' => 'executed',
  ),
  26 => 
  array (
    'no_kunjungan' => 877004,
    'no_registrasi' => 592182,
    'no_mr' => '00240074',
    'nama_pasien_layan' => 'SYAMSURI',
    'kode_kelompok' => 3,
    'kode_perusahaan' => 120,
    'tgl_transaksi' => '2019-07-06 01:01:00',
    'jenis_tindakan' => 1,
    'nama_tindakan' => 'Ruangan Flamboyan',
    'bill_rs' => '310000.00',
    'jumlah' => 1,
    'kode_bagian' => '030601',
    'kode_bagian_asal' => '030601',
    'kode_klas' => 12,
    'no_kamar' => '4',
    'no_bed' => '2 ',
    'status_selesai' => 1,
    'id_dd_user' => 1,
    'kode_trans_pelayanan' => 4217965,
    'executed' => 'executed',
  ),
  27 => 
  array (
    'no_kunjungan' => 877027,
    'no_registrasi' => 592189,
    'no_mr' => '00196769',
    'nama_pasien_layan' => 'SOENARTO HS, Tn.',
    'kode_kelompok' => 3,
    'kode_perusahaan' => 120,
    'tgl_transaksi' => '2019-07-06 01:01:00',
    'jenis_tindakan' => 1,
    'nama_tindakan' => 'Ruangan Flamboyan',
    'bill_rs' => '310000.00',
    'jumlah' => 1,
    'kode_bagian' => '030601',
    'kode_bagian_asal' => '030601',
    'kode_klas' => 12,
    'no_kamar' => '3',
    'no_bed' => '1',
    'status_selesai' => 1,
    'id_dd_user' => 1,
    'kode_trans_pelayanan' => 4217921,
    'executed' => 'not_executed',
  ),
  28 => 
  array (
    'no_kunjungan' => 877028,
    'no_registrasi' => 592190,
    'no_mr' => '00239033',
    'nama_pasien_layan' => 'JUSMANETI',
    'kode_kelompok' => 3,
    'kode_perusahaan' => 120,
    'tgl_transaksi' => '2019-07-06 01:01:01',
    'jenis_tindakan' => 1,
    'nama_tindakan' => 'Ruangan Flamboyan',
    'bill_rs' => '310000.00',
    'jumlah' => 1,
    'kode_bagian' => '030601',
    'kode_bagian_asal' => '030601',
    'kode_klas' => 12,
    'no_kamar' => '2',
    'no_bed' => '1',
    'status_selesai' => 1,
    'id_dd_user' => 1,
    'kode_trans_pelayanan' => 4217924,
    'executed' => 'not_executed',
  ),
  29 => 
  array (
    'no_kunjungan' => 877029,
    'no_registrasi' => 592191,
    'no_mr' => '00239609',
    'nama_pasien_layan' => 'SUGIYONO, Tn.',
    'kode_kelompok' => 3,
    'kode_perusahaan' => 120,
    'tgl_transaksi' => '2019-07-06 01:01:01',
    'jenis_tindakan' => 1,
    'nama_tindakan' => 'Ruangan Melati',
    'bill_rs' => '140000.00',
    'jumlah' => 1,
    'kode_bagian' => '031401',
    'kode_bagian_asal' => '031401',
    'kode_klas' => 6,
    'no_kamar' => '2',
    'no_bed' => '2',
    'status_selesai' => 1,
    'id_dd_user' => 1,
    'kode_trans_pelayanan' => 4217925,
    'executed' => 'not_executed',
  ),
)