Jumlah Record = 27, Eksekusi = 26, No Eksekusi = 1 
array (
  0 => 
  array (
    'no_kunjungan' => 870205,
    'no_registrasi' => 587203,
    'no_mr' => '00239497',
    'nama_pasien_layan' => 'FADHLURRAHMAN',
    'kode_kelompok' => 1,
    'kode_perusahaan' => 0,
    'tgl_transaksi' => '2019-07-04 01:00:02',
    'jenis_tindakan' => 1,
    'nama_tindakan' => 'Ruangan Anggrek',
    'bill_rs' => '1000000.00',
    'jumlah' => 1,
    'kode_bagian' => '030201',
    'kode_bagian_asal' => '030201',
    'kode_klas' => 3,
    'no_kamar' => '5',
    'no_bed' => '1',
    'status_selesai' => 1,
    'id_dd_user' => 1,
    'kode_trans_pelayanan' => 4212993,
    'executed' => 'executed',
  ),
  1 => 
  array (
    'no_kunjungan' => 871713,
    'no_registrasi' => 588242,
    'no_mr' => '00052131',
    'nama_pasien_layan' => 'DAMAR LISTIYA, NY.',
    'kode_kelompok' => 3,
    'kode_perusahaan' => 120,
    'tgl_transaksi' => '2019-07-04 01:00:02',
    'jenis_tindakan' => 1,
    'nama_tindakan' => 'Ruangan Flamboyan',
    'bill_rs' => '310000.00',
    'jumlah' => 1,
    'kode_bagian' => '030601',
    'kode_bagian_asal' => '030601',
    'kode_klas' => 12,
    'no_kamar' => '2',
    'no_bed' => '2',
    'status_selesai' => 1,
    'id_dd_user' => 1,
    'kode_trans_pelayanan' => 4212994,
    'executed' => 'executed',
  ),
  2 => 
  array (
    'no_kunjungan' => 873462,
    'no_registrasi' => 589487,
    'no_mr' => '00239773',
    'nama_pasien_layan' => 'MAULANA IBRAHIM',
    'kode_kelompok' => 3,
    'kode_perusahaan' => 120,
    'tgl_transaksi' => '2019-07-04 01:00:03',
    'jenis_tindakan' => 1,
    'nama_tindakan' => 'Ruangan Melati',
    'bill_rs' => '140000.00',
    'jumlah' => 1,
    'kode_bagian' => '031401',
    'kode_bagian_asal' => '031401',
    'kode_klas' => 6,
    'no_kamar' => '2',
    'no_bed' => '2',
    'status_selesai' => 1,
    'id_dd_user' => 1,
    'kode_trans_pelayanan' => 4212995,
    'executed' => 'executed',
  ),
  3 => 
  array (
    'no_kunjungan' => 873558,
    'no_registrasi' => 589609,
    'no_mr' => '00129616',
    'nama_pasien_layan' => 'MARZUKI',
    'kode_kelompok' => 3,
    'kode_perusahaan' => 120,
    'tgl_transaksi' => '2019-07-04 01:00:03',
    'jenis_tindakan' => 1,
    'nama_tindakan' => 'Ruangan Melati',
    'bill_rs' => '140000.00',
    'jumlah' => 1,
    'kode_bagian' => '031401',
    'kode_bagian_asal' => '031401',
    'kode_klas' => 6,
    'no_kamar' => '2',
    'no_bed' => '1',
    'status_selesai' => 1,
    'id_dd_user' => 1,
    'kode_trans_pelayanan' => 4212996,
    'executed' => 'executed',
  ),
  4 => 
  array (
    'no_kunjungan' => 873777,
    'no_registrasi' => 589707,
    'no_mr' => '00165739',
    'nama_pasien_layan' => 'HJ DWI SUBACHTUTI, NY., NY., NY.',
    'kode_kelompok' => 3,
    'kode_perusahaan' => 120,
    'tgl_transaksi' => '2019-07-04 01:00:03',
    'jenis_tindakan' => 1,
    'nama_tindakan' => 'Ruangan Wijayakusuma',
    'bill_rs' => '1200000.00',
    'jumlah' => 1,
    'kode_bagian' => '030101',
    'kode_bagian_asal' => '030101',
    'kode_klas' => 2,
    'no_kamar' => '6',
    'no_bed' => '1',
    'status_selesai' => 1,
    'id_dd_user' => 1,
    'kode_trans_pelayanan' => 4212997,
    'executed' => 'executed',
  ),
  5 => 
  array (
    'no_kunjungan' => 874432,
    'no_registrasi' => 590243,
    'no_mr' => '00239886',
    'nama_pasien_layan' => 'AZDAN PUTRA SUTRISNO',
    'kode_kelompok' => 3,
    'kode_perusahaan' => 120,
    'tgl_transaksi' => '2019-07-04 01:00:03',
    'jenis_tindakan' => 1,
    'nama_tindakan' => 'Ruangan Seruni',
    'bill_rs' => '210000.00',
    'jumlah' => 1,
    'kode_bagian' => '030301',
    'kode_bagian_asal' => '030301',
    'kode_klas' => 13,
    'no_kamar' => '4',
    'no_bed' => '3',
    'status_selesai' => 1,
    'id_dd_user' => 1,
    'kode_trans_pelayanan' => 4212998,
    'executed' => 'executed',
  ),
  6 => 
  array (
    'no_kunjungan' => 874628,
    'no_registrasi' => 590303,
    'no_mr' => '00211065',
    'nama_pasien_layan' => 'MUSTOFA, TN.',
    'kode_kelompok' => 3,
    'kode_perusahaan' => 120,
    'tgl_transaksi' => '2019-07-04 01:00:03',
    'jenis_tindakan' => 1,
    'nama_tindakan' => 'Ruangan Flamboyan',
    'bill_rs' => '310000.00',
    'jumlah' => 1,
    'kode_bagian' => '030601',
    'kode_bagian_asal' => '030601',
    'kode_klas' => 12,
    'no_kamar' => '4',
    'no_bed' => '2 ',
    'status_selesai' => 1,
    'id_dd_user' => 1,
    'kode_trans_pelayanan' => 4212999,
    'executed' => 'executed',
  ),
  7 => 
  array (
    'no_kunjungan' => 874592,
    'no_registrasi' => 590386,
    'no_mr' => '00238040',
    'nama_pasien_layan' => 'DHEANDRA ANDWITA',
    'kode_kelompok' => 3,
    'kode_perusahaan' => 120,
    'tgl_transaksi' => '2019-07-04 01:00:03',
    'jenis_tindakan' => 1,
    'nama_tindakan' => 'Ruangan Seruni Ruang Nifas',
    'bill_rs' => '310000.00',
    'jumlah' => 1,
    'kode_bagian' => '031601',
    'kode_bagian_asal' => '031601',
    'kode_klas' => 12,
    'no_kamar' => '1',
    'no_bed' => '1 ',
    'status_selesai' => 1,
    'id_dd_user' => 1,
    'kode_trans_pelayanan' => 4213000,
    'executed' => 'executed',
  ),
  8 => 
  array (
    'no_kunjungan' => 874641,
    'no_registrasi' => 590421,
    'no_mr' => '00239271',
    'nama_pasien_layan' => 'ULFA NURLITA',
    'kode_kelompok' => 3,
    'kode_perusahaan' => 120,
    'tgl_transaksi' => '2019-07-04 01:00:04',
    'jenis_tindakan' => 1,
    'nama_tindakan' => 'Ruangan Mawar',
    'bill_rs' => '210000.00',
    'jumlah' => 1,
    'kode_bagian' => '031301',
    'kode_bagian_asal' => '031301',
    'kode_klas' => 13,
    'no_kamar' => '2',
    'no_bed' => '2',
    'status_selesai' => 1,
    'id_dd_user' => 1,
    'kode_trans_pelayanan' => 4213001,
    'executed' => 'executed',
  ),
  9 => 
  array (
    'no_kunjungan' => 874643,
    'no_registrasi' => 590422,
    'no_mr' => '00239120',
    'nama_pasien_layan' => 'SUBARI, Tn.',
    'kode_kelompok' => 3,
    'kode_perusahaan' => 120,
    'tgl_transaksi' => '2019-07-04 01:00:04',
    'jenis_tindakan' => 1,
    'nama_tindakan' => 'Ruangan Melati',
    'bill_rs' => '140000.00',
    'jumlah' => 1,
    'kode_bagian' => '031401',
    'kode_bagian_asal' => '031401',
    'kode_klas' => 6,
    'no_kamar' => '2',
    'no_bed' => '2',
    'status_selesai' => 1,
    'id_dd_user' => 1,
    'kode_trans_pelayanan' => 4213002,
    'executed' => 'executed',
  ),
  10 => 
  array (
    'no_kunjungan' => 874684,
    'no_registrasi' => 590450,
    'no_mr' => '00238886',
    'nama_pasien_layan' => 'HARY KRISTANTO, Tn.',
    'kode_kelompok' => 3,
    'kode_perusahaan' => 120,
    'tgl_transaksi' => '2019-07-04 01:00:04',
    'jenis_tindakan' => 1,
    'nama_tindakan' => 'Ruangan Flamboyan',
    'bill_rs' => '310000.00',
    'jumlah' => 1,
    'kode_bagian' => '030601',
    'kode_bagian_asal' => '030601',
    'kode_klas' => 12,
    'no_kamar' => '4',
    'no_bed' => '1',
    'status_selesai' => 1,
    'id_dd_user' => 1,
    'kode_trans_pelayanan' => 4213003,
    'executed' => 'executed',
  ),
  11 => 
  array (
    'no_kunjungan' => 874771,
    'no_registrasi' => 590529,
    'no_mr' => '00239914',
    'nama_pasien_layan' => 'BY NY DHEANDRA ANDWITA',
    'kode_kelompok' => 3,
    'kode_perusahaan' => 120,
    'tgl_transaksi' => '2019-07-04 01:00:04',
    'jenis_tindakan' => 1,
    'nama_tindakan' => 'Ruangan Kamar Bayi',
    'bill_rs' => '330000.00',
    'jumlah' => 1,
    'kode_bagian' => '031201',
    'kode_bagian_asal' => '031201',
    'kode_klas' => 12,
    'no_kamar' => '01',
    'no_bed' => '2',
    'status_selesai' => 1,
    'id_dd_user' => 1,
    'kode_trans_pelayanan' => 4213004,
    'executed' => 'executed',
  ),
  12 => 
  array (
    'no_kunjungan' => 874909,
    'no_registrasi' => 590593,
    'no_mr' => '00239925',
    'nama_pasien_layan' => 'TINEKE',
    'kode_kelompok' => 3,
    'kode_perusahaan' => 120,
    'tgl_transaksi' => '2019-07-04 01:00:05',
    'jenis_tindakan' => 1,
    'nama_tindakan' => 'Ruangan Anggrek',
    'bill_rs' => '1000000.00',
    'jumlah' => 1,
    'kode_bagian' => '030201',
    'kode_bagian_asal' => '030201',
    'kode_klas' => 3,
    'no_kamar' => '3',
    'no_bed' => '1',
    'status_selesai' => 1,
    'id_dd_user' => 1,
    'kode_trans_pelayanan' => 4213005,
    'executed' => 'executed',
  ),
  13 => 
  array (
    'no_kunjungan' => 875128,
    'no_registrasi' => 590740,
    'no_mr' => '00154969',
    'nama_pasien_layan' => 'DR.MUSLIMAH LUHUNA, SPPD, NY.',
    'kode_kelompok' => 3,
    'kode_perusahaan' => 120,
    'tgl_transaksi' => '2019-07-04 01:00:05',
    'jenis_tindakan' => 1,
    'nama_tindakan' => 'Ruangan Wijayakusuma',
    'bill_rs' => '1200000.00',
    'jumlah' => 1,
    'kode_bagian' => '030101',
    'kode_bagian_asal' => '030101',
    'kode_klas' => 2,
    'no_kamar' => '5',
    'no_bed' => '1',
    'status_selesai' => 1,
    'id_dd_user' => 1,
    'kode_trans_pelayanan' => 4213006,
    'executed' => 'executed',
  ),
  14 => 
  array (
    'no_kunjungan' => 875131,
    'no_registrasi' => 590744,
    'no_mr' => '00239490',
    'nama_pasien_layan' => 'NABILLAH AYU NINGTYAS',
    'kode_kelompok' => 1,
    'kode_perusahaan' => 0,
    'tgl_transaksi' => '2019-07-04 01:00:05',
    'jenis_tindakan' => 1,
    'nama_tindakan' => 'Ruangan Wijayakusuma',
    'bill_rs' => '1200000.00',
    'jumlah' => 1,
    'kode_bagian' => '030101',
    'kode_bagian_asal' => '030101',
    'kode_klas' => 2,
    'no_kamar' => '7',
    'no_bed' => '1',
    'status_selesai' => 1,
    'id_dd_user' => 1,
    'kode_trans_pelayanan' => 4213007,
    'executed' => 'executed',
  ),
  15 => 
  array (
    'no_kunjungan' => 875133,
    'no_registrasi' => 590745,
    'no_mr' => '00235866',
    'nama_pasien_layan' => 'MUFTYA RASSULINA',
    'kode_kelompok' => 3,
    'kode_perusahaan' => 120,
    'tgl_transaksi' => '2019-07-04 01:00:05',
    'jenis_tindakan' => 1,
    'nama_tindakan' => 'Ruangan Bougenvile',
    'bill_rs' => '140000.00',
    'jumlah' => 1,
    'kode_bagian' => '031701',
    'kode_bagian_asal' => '031701',
    'kode_klas' => 6,
    'no_kamar' => '1',
    'no_bed' => '1',
    'status_selesai' => 1,
    'id_dd_user' => 1,
    'kode_trans_pelayanan' => 4213008,
    'executed' => 'executed',
  ),
  16 => 
  array (
    'no_kunjungan' => 875134,
    'no_registrasi' => 590746,
    'no_mr' => '00194378',
    'nama_pasien_layan' => 'TRI AGUSTIN, NN.',
    'kode_kelompok' => 3,
    'kode_perusahaan' => 120,
    'tgl_transaksi' => '2019-07-04 01:00:05',
    'jenis_tindakan' => 1,
    'nama_tindakan' => 'Ruangan Seruni Ruang Nifas',
    'bill_rs' => NULL,
    'jumlah' => 1,
    'kode_bagian' => '031601',
    'kode_bagian_asal' => '031601',
    'kode_klas' => 13,
    'no_kamar' => '2',
    'no_bed' => '1',
    'status_selesai' => 1,
    'id_dd_user' => 1,
    'kode_trans_pelayanan' => 4213009,
    'executed' => 'executed',
  ),
  17 => 
  array (
    'no_kunjungan' => 875135,
    'no_registrasi' => 590747,
    'no_mr' => '00239376',
    'nama_pasien_layan' => 'GLORIA SIMATUPANG',
    'kode_kelompok' => 3,
    'kode_perusahaan' => 120,
    'tgl_transaksi' => '2019-07-04 01:00:05',
    'jenis_tindakan' => 1,
    'nama_tindakan' => 'Ruangan Seruni Ruang Nifas',
    'bill_rs' => '310000.00',
    'jumlah' => 1,
    'kode_bagian' => '031601',
    'kode_bagian_asal' => '031601',
    'kode_klas' => 12,
    'no_kamar' => '1',
    'no_bed' => '2',
    'status_selesai' => 1,
    'id_dd_user' => 1,
    'kode_trans_pelayanan' => 4213009,
    'executed' => 'executed',
  ),
  18 => 
  array (
    'no_kunjungan' => 875351,
    'no_registrasi' => 590932,
    'no_mr' => '00239970',
    'nama_pasien_layan' => 'BY. NY GLORIA SIMATUPANG',
    'kode_kelompok' => 3,
    'kode_perusahaan' => 120,
    'tgl_transaksi' => '2019-07-04 01:00:06',
    'jenis_tindakan' => 1,
    'nama_tindakan' => 'Ruangan Kamar Bayi',
    'bill_rs' => '330000.00',
    'jumlah' => 1,
    'kode_bagian' => '031201',
    'kode_bagian_asal' => '031201',
    'kode_klas' => 12,
    'no_kamar' => '02',
    'no_bed' => '2',
    'status_selesai' => 1,
    'id_dd_user' => 1,
    'kode_trans_pelayanan' => 4213010,
    'executed' => 'executed',
  ),
  19 => 
  array (
    'no_kunjungan' => 875368,
    'no_registrasi' => 590948,
    'no_mr' => '00239974',
    'nama_pasien_layan' => 'BY.NY.TRI AGUSTIN',
    'kode_kelompok' => 3,
    'kode_perusahaan' => 120,
    'tgl_transaksi' => '2019-07-04 01:00:06',
    'jenis_tindakan' => 1,
    'nama_tindakan' => 'Ruangan Kamar Bayi',
    'bill_rs' => '200000.00',
    'jumlah' => 1,
    'kode_bagian' => '031201',
    'kode_bagian_asal' => '031201',
    'kode_klas' => 13,
    'no_kamar' => '01',
    'no_bed' => '1',
    'status_selesai' => 1,
    'id_dd_user' => 1,
    'kode_trans_pelayanan' => 4213011,
    'executed' => 'executed',
  ),
  20 => 
  array (
    'no_kunjungan' => 875456,
    'no_registrasi' => 591025,
    'no_mr' => '00239989',
    'nama_pasien_layan' => 'BY.NY.MUFTYA RASSULINA',
    'kode_kelompok' => 3,
    'kode_perusahaan' => 120,
    'tgl_transaksi' => '2019-07-04 01:00:06',
    'jenis_tindakan' => 1,
    'nama_tindakan' => 'Ruangan Kamar Bayi',
    'bill_rs' => '120000.00',
    'jumlah' => 1,
    'kode_bagian' => '031201',
    'kode_bagian_asal' => '031201',
    'kode_klas' => 6,
    'no_kamar' => '03',
    'no_bed' => '1',
    'status_selesai' => 1,
    'id_dd_user' => 1,
    'kode_trans_pelayanan' => 4213012,
    'executed' => 'executed',
  ),
  21 => 
  array (
    'no_kunjungan' => 875525,
    'no_registrasi' => 591079,
    'no_mr' => '00222545',
    'nama_pasien_layan' => 'TUTI LESTARI, Ny.',
    'kode_kelompok' => 3,
    'kode_perusahaan' => 120,
    'tgl_transaksi' => '2019-07-04 01:00:06',
    'jenis_tindakan' => 1,
    'nama_tindakan' => 'Ruangan Seruni Ruang Nifas',
    'bill_rs' => NULL,
    'jumlah' => 1,
    'kode_bagian' => '031601',
    'kode_bagian_asal' => '031601',
    'kode_klas' => 13,
    'no_kamar' => '2',
    'no_bed' => '2',
    'status_selesai' => 1,
    'id_dd_user' => 1,
    'kode_trans_pelayanan' => 4213013,
    'executed' => 'executed',
  ),
  22 => 
  array (
    'no_kunjungan' => 875714,
    'no_registrasi' => 591238,
    'no_mr' => '00231825',
    'nama_pasien_layan' => 'MASKUR SODIK',
    'kode_kelompok' => 3,
    'kode_perusahaan' => 120,
    'tgl_transaksi' => '2019-07-04 01:00:06',
    'jenis_tindakan' => 1,
    'nama_tindakan' => 'Ruangan Mawar',
    'bill_rs' => '140000.00',
    'jumlah' => 1,
    'kode_bagian' => '031301',
    'kode_bagian_asal' => '031301',
    'kode_klas' => 13,
    'no_kamar' => '1',
    'no_bed' => '3',
    'status_selesai' => 1,
    'id_dd_user' => 1,
    'kode_trans_pelayanan' => 4213013,
    'executed' => 'executed',
  ),
  23 => 
  array (
    'no_kunjungan' => 875722,
    'no_registrasi' => 591243,
    'no_mr' => '00232954',
    'nama_pasien_layan' => 'MAKIAH, NY.',
    'kode_kelompok' => 3,
    'kode_perusahaan' => 120,
    'tgl_transaksi' => '2019-07-04 01:00:06',
    'jenis_tindakan' => 1,
    'nama_tindakan' => 'Ruangan Flamboyan',
    'bill_rs' => '310000.00',
    'jumlah' => 1,
    'kode_bagian' => '030601',
    'kode_bagian_asal' => '030601',
    'kode_klas' => 12,
    'no_kamar' => '1',
    'no_bed' => '1',
    'status_selesai' => 1,
    'id_dd_user' => 1,
    'kode_trans_pelayanan' => 4213014,
    'executed' => 'executed',
  ),
  24 => 
  array (
    'no_kunjungan' => 875820,
    'no_registrasi' => 591301,
    'no_mr' => '00240024',
    'nama_pasien_layan' => 'BY NY TUTI LESTARI',
    'kode_kelompok' => 3,
    'kode_perusahaan' => 120,
    'tgl_transaksi' => '2019-07-04 01:00:07',
    'jenis_tindakan' => 1,
    'nama_tindakan' => 'Ruangan Kamar Bayi',
    'bill_rs' => '200000.00',
    'jumlah' => 1,
    'kode_bagian' => '031201',
    'kode_bagian_asal' => '031201',
    'kode_klas' => 13,
    'no_kamar' => '02',
    'no_bed' => '1',
    'status_selesai' => 1,
    'id_dd_user' => 1,
    'kode_trans_pelayanan' => 4213015,
    'executed' => 'executed',
  ),
  25 => 
  array (
    'no_kunjungan' => 875839,
    'no_registrasi' => 591308,
    'no_mr' => '00187761',
    'nama_pasien_layan' => 'STELLA SHINTAWATI, NY., NY.',
    'kode_kelompok' => 3,
    'kode_perusahaan' => 120,
    'tgl_transaksi' => '2019-07-04 01:00:07',
    'jenis_tindakan' => 1,
    'nama_tindakan' => 'Ruangan Kenanga',
    'bill_rs' => '600000.00',
    'jumlah' => 1,
    'kode_bagian' => '030701',
    'kode_bagian_asal' => '030701',
    'kode_klas' => 5,
    'no_kamar' => '2',
    'no_bed' => '1',
    'status_selesai' => 1,
    'id_dd_user' => 1,
    'kode_trans_pelayanan' => 4213016,
    'executed' => 'executed',
  ),
  26 => 
  array (
    'no_kunjungan' => 875864,
    'no_registrasi' => 591315,
    'no_mr' => '00239014',
    'nama_pasien_layan' => 'RAYYA FAWNIA JANNAH',
    'kode_kelompok' => 3,
    'kode_perusahaan' => 120,
    'tgl_transaksi' => '2019-07-04 01:00:07',
    'jenis_tindakan' => 1,
    'nama_tindakan' => 'Ruangan Seruni',
    'bill_rs' => '210000.00',
    'jumlah' => 1,
    'kode_bagian' => '030301',
    'kode_bagian_asal' => '030301',
    'kode_klas' => 13,
    'no_kamar' => '4',
    'no_bed' => '2',
    'status_selesai' => 1,
    'id_dd_user' => 1,
    'kode_trans_pelayanan' => 4212930,
    'executed' => 'not_executed',
  ),
)