Jumlah Record = 22, Eksekusi = 20, No Eksekusi = 2 
array (
  0 => 
  array (
    'no_kunjungan' => 868934,
    'no_registrasi' => 586336,
    'no_mr' => '00195152',
    'nama_pasien_layan' => 'DENNY RACHMAT SYAHPUTRA, TN.',
    'kode_kelompok' => 3,
    'kode_perusahaan' => 29,
    'tgl_transaksi' => '2019-06-28 01:00:02',
    'jenis_tindakan' => 1,
    'nama_tindakan' => 'Ruangan Kenanga',
    'bill_rs' => '600000.00',
    'jumlah' => 1,
    'kode_bagian' => '030701',
    'kode_bagian_asal' => '030701',
    'kode_klas' => 5,
    'no_kamar' => '2',
    'no_bed' => '1',
    'status_selesai' => 1,
    'id_dd_user' => 1,
    'kode_trans_pelayanan' => 4199244,
    'executed' => 'executed',
  ),
  1 => 
  array (
    'no_kunjungan' => 869384,
    'no_registrasi' => 586613,
    'no_mr' => '00003467',
    'nama_pasien_layan' => 'AI SUWANGSIH, NY.',
    'kode_kelompok' => 3,
    'kode_perusahaan' => 120,
    'tgl_transaksi' => '2019-06-28 01:00:02',
    'jenis_tindakan' => 1,
    'nama_tindakan' => 'Ruangan Flamboyan',
    'bill_rs' => '310000.00',
    'jumlah' => 1,
    'kode_bagian' => '030601',
    'kode_bagian_asal' => '030601',
    'kode_klas' => 12,
    'no_kamar' => '1',
    'no_bed' => '1',
    'status_selesai' => 1,
    'id_dd_user' => 1,
    'kode_trans_pelayanan' => 4199245,
    'executed' => 'executed',
  ),
  2 => 
  array (
    'no_kunjungan' => 870205,
    'no_registrasi' => 587203,
    'no_mr' => '00239497',
    'nama_pasien_layan' => 'FADHLURRAHMAN',
    'kode_kelompok' => 1,
    'kode_perusahaan' => 0,
    'tgl_transaksi' => '2019-06-28 01:00:02',
    'jenis_tindakan' => 1,
    'nama_tindakan' => 'Ruangan Anggrek',
    'bill_rs' => '1000000.00',
    'jumlah' => 1,
    'kode_bagian' => '030201',
    'kode_bagian_asal' => '030201',
    'kode_klas' => 3,
    'no_kamar' => '5',
    'no_bed' => '1',
    'status_selesai' => 1,
    'id_dd_user' => 1,
    'kode_trans_pelayanan' => 4199246,
    'executed' => 'executed',
  ),
  3 => 
  array (
    'no_kunjungan' => 870501,
    'no_registrasi' => 587437,
    'no_mr' => '00189346',
    'nama_pasien_layan' => 'H. ALI AFAS, TN.',
    'kode_kelompok' => 1,
    'kode_perusahaan' => 0,
    'tgl_transaksi' => '2019-06-28 01:00:03',
    'jenis_tindakan' => 1,
    'nama_tindakan' => 'Ruangan Wijayakusuma',
    'bill_rs' => '1200000.00',
    'jumlah' => 1,
    'kode_bagian' => '030101',
    'kode_bagian_asal' => '030101',
    'kode_klas' => 2,
    'no_kamar' => '5',
    'no_bed' => '1',
    'status_selesai' => 1,
    'id_dd_user' => 1,
    'kode_trans_pelayanan' => 4199247,
    'executed' => 'executed',
  ),
  4 => 
  array (
    'no_kunjungan' => 871307,
    'no_registrasi' => 587880,
    'no_mr' => '00239575',
    'nama_pasien_layan' => 'MULIAH',
    'kode_kelompok' => 3,
    'kode_perusahaan' => 120,
    'tgl_transaksi' => '2019-06-28 01:00:03',
    'jenis_tindakan' => 1,
    'nama_tindakan' => 'Ruangan Flamboyan',
    'bill_rs' => '310000.00',
    'jumlah' => 1,
    'kode_bagian' => '030601',
    'kode_bagian_asal' => '030601',
    'kode_klas' => 12,
    'no_kamar' => '1',
    'no_bed' => '2',
    'status_selesai' => 1,
    'id_dd_user' => 1,
    'kode_trans_pelayanan' => 4199248,
    'executed' => 'executed',
  ),
  5 => 
  array (
    'no_kunjungan' => 871216,
    'no_registrasi' => 587937,
    'no_mr' => '00239277',
    'nama_pasien_layan' => 'RACHMA RIASARY',
    'kode_kelompok' => 3,
    'kode_perusahaan' => 120,
    'tgl_transaksi' => '2019-06-28 01:00:03',
    'jenis_tindakan' => 1,
    'nama_tindakan' => 'Ruangan Melati',
    'bill_rs' => '140000.00',
    'jumlah' => 1,
    'kode_bagian' => '031401',
    'kode_bagian_asal' => '031401',
    'kode_klas' => 6,
    'no_kamar' => '1',
    'no_bed' => '5',
    'status_selesai' => 1,
    'id_dd_user' => 1,
    'kode_trans_pelayanan' => 4199249,
    'executed' => 'executed',
  ),
  6 => 
  array (
    'no_kunjungan' => 871220,
    'no_registrasi' => 587941,
    'no_mr' => '00235875',
    'nama_pasien_layan' => 'GHAZALI ALI',
    'kode_kelompok' => 3,
    'kode_perusahaan' => 120,
    'tgl_transaksi' => '2019-06-28 01:00:03',
    'jenis_tindakan' => 1,
    'nama_tindakan' => 'Ruangan Melati',
    'bill_rs' => '140000.00',
    'jumlah' => 1,
    'kode_bagian' => '031401',
    'kode_bagian_asal' => '031401',
    'kode_klas' => 6,
    'no_kamar' => '2',
    'no_bed' => '2',
    'status_selesai' => 1,
    'id_dd_user' => 1,
    'kode_trans_pelayanan' => 4199250,
    'executed' => 'executed',
  ),
  7 => 
  array (
    'no_kunjungan' => 871442,
    'no_registrasi' => 588072,
    'no_mr' => '00239602',
    'nama_pasien_layan' => 'KHOTIMAH',
    'kode_kelompok' => 3,
    'kode_perusahaan' => 120,
    'tgl_transaksi' => '2019-06-28 01:00:03',
    'jenis_tindakan' => 1,
    'nama_tindakan' => 'Ruangan Melati',
    'bill_rs' => '140000.00',
    'jumlah' => 1,
    'kode_bagian' => '031401',
    'kode_bagian_asal' => '031401',
    'kode_klas' => 6,
    'no_kamar' => '1',
    'no_bed' => '8',
    'status_selesai' => 1,
    'id_dd_user' => 1,
    'kode_trans_pelayanan' => 4199251,
    'executed' => 'executed',
  ),
  8 => 
  array (
    'no_kunjungan' => 871421,
    'no_registrasi' => 588093,
    'no_mr' => '00232563',
    'nama_pasien_layan' => 'PERCOBAAN',
    'kode_kelompok' => 1,
    'kode_perusahaan' => 0,
    'tgl_transaksi' => '2019-06-28 01:00:04',
    'jenis_tindakan' => 1,
    'nama_tindakan' => 'Ruangan Wijayakusuma',
    'bill_rs' => '1200000.00',
    'jumlah' => 1,
    'kode_bagian' => '030101',
    'kode_bagian_asal' => '030101',
    'kode_klas' => 2,
    'no_kamar' => '4',
    'no_bed' => '1',
    'status_selesai' => 1,
    'id_dd_user' => 1,
    'kode_trans_pelayanan' => 4199252,
    'executed' => 'executed',
  ),
  9 => 
  array (
    'no_kunjungan' => 871713,
    'no_registrasi' => 588242,
    'no_mr' => '00052131',
    'nama_pasien_layan' => 'DAMAR LISTIYA, NY.',
    'kode_kelompok' => 3,
    'kode_perusahaan' => 120,
    'tgl_transaksi' => '2019-06-28 01:00:04',
    'jenis_tindakan' => 1,
    'nama_tindakan' => 'Ruangan Flamboyan',
    'bill_rs' => '310000.00',
    'jumlah' => 1,
    'kode_bagian' => '030601',
    'kode_bagian_asal' => '030601',
    'kode_klas' => 12,
    'no_kamar' => '2',
    'no_bed' => '2',
    'status_selesai' => 1,
    'id_dd_user' => 1,
    'kode_trans_pelayanan' => 4199253,
    'executed' => 'executed',
  ),
  10 => 
  array (
    'no_kunjungan' => 871707,
    'no_registrasi' => 588270,
    'no_mr' => '00188952',
    'nama_pasien_layan' => 'METI KARTIKA , NY.',
    'kode_kelompok' => 3,
    'kode_perusahaan' => 235,
    'tgl_transaksi' => '2019-06-28 01:00:04',
    'jenis_tindakan' => 1,
    'nama_tindakan' => 'Ruangan Anggrek',
    'bill_rs' => '1000000.00',
    'jumlah' => 1,
    'kode_bagian' => '030201',
    'kode_bagian_asal' => '030201',
    'kode_klas' => 3,
    'no_kamar' => '3',
    'no_bed' => '1',
    'status_selesai' => 1,
    'id_dd_user' => 1,
    'kode_trans_pelayanan' => 4199254,
    'executed' => 'executed',
  ),
  11 => 
  array (
    'no_kunjungan' => 871727,
    'no_registrasi' => 588275,
    'no_mr' => '00166524',
    'nama_pasien_layan' => 'TJITJIH IDANENGSIH, NY.',
    'kode_kelompok' => 3,
    'kode_perusahaan' => 120,
    'tgl_transaksi' => '2019-06-28 01:00:04',
    'jenis_tindakan' => 1,
    'nama_tindakan' => 'Ruangan Dahlia',
    'bill_rs' => '850000.00',
    'jumlah' => 1,
    'kode_bagian' => '030401',
    'kode_bagian_asal' => '030401',
    'kode_klas' => 4,
    'no_kamar' => '1',
    'no_bed' => '1',
    'status_selesai' => 1,
    'id_dd_user' => 1,
    'kode_trans_pelayanan' => 4199255,
    'executed' => 'executed',
  ),
  12 => 
  array (
    'no_kunjungan' => 871910,
    'no_registrasi' => 588328,
    'no_mr' => '00134529',
    'nama_pasien_layan' => 'SURIYA',
    'kode_kelompok' => 3,
    'kode_perusahaan' => 139,
    'tgl_transaksi' => '2019-06-28 01:00:05',
    'jenis_tindakan' => 1,
    'nama_tindakan' => 'Ruangan Kenanga',
    'bill_rs' => '600000.00',
    'jumlah' => 1,
    'kode_bagian' => '030701',
    'kode_bagian_asal' => '030701',
    'kode_klas' => 5,
    'no_kamar' => '4',
    'no_bed' => ' 1',
    'status_selesai' => 1,
    'id_dd_user' => 1,
    'kode_trans_pelayanan' => 4199256,
    'executed' => 'executed',
  ),
  13 => 
  array (
    'no_kunjungan' => 872025,
    'no_registrasi' => 588500,
    'no_mr' => '00239553',
    'nama_pasien_layan' => 'YANI BT SUYONO',
    'kode_kelompok' => 3,
    'kode_perusahaan' => 120,
    'tgl_transaksi' => '2019-06-28 01:00:05',
    'jenis_tindakan' => 1,
    'nama_tindakan' => 'Ruangan Bougenvile',
    'bill_rs' => '140000.00',
    'jumlah' => 1,
    'kode_bagian' => '031701',
    'kode_bagian_asal' => '031701',
    'kode_klas' => 6,
    'no_kamar' => '1',
    'no_bed' => '1',
    'status_selesai' => 1,
    'id_dd_user' => 1,
    'kode_trans_pelayanan' => 4199257,
    'executed' => 'executed',
  ),
  14 => 
  array (
    'no_kunjungan' => 872027,
    'no_registrasi' => 588502,
    'no_mr' => '00235339',
    'nama_pasien_layan' => 'EDWARD P.GINTINGS . BE. SE, Tn.',
    'kode_kelompok' => 3,
    'kode_perusahaan' => 120,
    'tgl_transaksi' => '2019-06-28 01:00:05',
    'jenis_tindakan' => 1,
    'nama_tindakan' => 'Ruangan Mawar',
    'bill_rs' => '210000.00',
    'jumlah' => 1,
    'kode_bagian' => '031301',
    'kode_bagian_asal' => '031301',
    'kode_klas' => 13,
    'no_kamar' => '1',
    'no_bed' => '1',
    'status_selesai' => 1,
    'id_dd_user' => 1,
    'kode_trans_pelayanan' => 4199258,
    'executed' => 'executed',
  ),
  15 => 
  array (
    'no_kunjungan' => 872035,
    'no_registrasi' => 588508,
    'no_mr' => '00145450',
    'nama_pasien_layan' => 'HERIYANTO, TN.',
    'kode_kelompok' => 3,
    'kode_perusahaan' => 120,
    'tgl_transaksi' => '2019-06-28 01:00:05',
    'jenis_tindakan' => 1,
    'nama_tindakan' => 'Ruangan Melati',
    'bill_rs' => '140000.00',
    'jumlah' => 1,
    'kode_bagian' => '031401',
    'kode_bagian_asal' => '031401',
    'kode_klas' => 6,
    'no_kamar' => '2',
    'no_bed' => '3',
    'status_selesai' => 1,
    'id_dd_user' => 1,
    'kode_trans_pelayanan' => 4199259,
    'executed' => 'executed',
  ),
  16 => 
  array (
    'no_kunjungan' => 872037,
    'no_registrasi' => 588510,
    'no_mr' => '00239200',
    'nama_pasien_layan' => 'MASPIYAH, Ny.',
    'kode_kelompok' => 3,
    'kode_perusahaan' => 120,
    'tgl_transaksi' => '2019-06-28 01:00:06',
    'jenis_tindakan' => 1,
    'nama_tindakan' => 'Ruangan Melati',
    'bill_rs' => '140000.00',
    'jumlah' => 1,
    'kode_bagian' => '031401',
    'kode_bagian_asal' => '031401',
    'kode_klas' => 6,
    'no_kamar' => '1',
    'no_bed' => '6 ',
    'status_selesai' => 1,
    'id_dd_user' => 1,
    'kode_trans_pelayanan' => 4199260,
    'executed' => 'executed',
  ),
  17 => 
  array (
    'no_kunjungan' => 872146,
    'no_registrasi' => 588610,
    'no_mr' => '00227097',
    'nama_pasien_layan' => 'SURIP, TN.',
    'kode_kelompok' => 3,
    'kode_perusahaan' => 120,
    'tgl_transaksi' => '2019-06-28 01:00:06',
    'jenis_tindakan' => 1,
    'nama_tindakan' => 'Ruangan Melati',
    'bill_rs' => '140000.00',
    'jumlah' => 1,
    'kode_bagian' => '031401',
    'kode_bagian_asal' => '031401',
    'kode_klas' => 6,
    'no_kamar' => '2',
    'no_bed' => '4',
    'status_selesai' => 1,
    'id_dd_user' => 1,
    'kode_trans_pelayanan' => 4199261,
    'executed' => 'executed',
  ),
  18 => 
  array (
    'no_kunjungan' => 872329,
    'no_registrasi' => 588701,
    'no_mr' => '00221994',
    'nama_pasien_layan' => 'NURAETI, Ny.',
    'kode_kelompok' => 3,
    'kode_perusahaan' => 120,
    'tgl_transaksi' => '2019-06-28 01:00:06',
    'jenis_tindakan' => 1,
    'nama_tindakan' => 'Ruangan Melati',
    'bill_rs' => '140000.00',
    'jumlah' => 1,
    'kode_bagian' => '031401',
    'kode_bagian_asal' => '031401',
    'kode_klas' => 6,
    'no_kamar' => '1',
    'no_bed' => '1',
    'status_selesai' => 1,
    'id_dd_user' => 1,
    'kode_trans_pelayanan' => 4199262,
    'executed' => 'executed',
  ),
  19 => 
  array (
    'no_kunjungan' => 872410,
    'no_registrasi' => 588778,
    'no_mr' => '00239673',
    'nama_pasien_layan' => 'DAVID EFFENDI',
    'kode_kelompok' => 3,
    'kode_perusahaan' => 120,
    'tgl_transaksi' => '2019-06-28 01:00:06',
    'jenis_tindakan' => 1,
    'nama_tindakan' => 'Ruangan Mawar',
    'bill_rs' => '210000.00',
    'jumlah' => 1,
    'kode_bagian' => '031301',
    'kode_bagian_asal' => '031301',
    'kode_klas' => 13,
    'no_kamar' => '1',
    'no_bed' => '2',
    'status_selesai' => 1,
    'id_dd_user' => 1,
    'kode_trans_pelayanan' => 4199263,
    'executed' => 'executed',
  ),
  20 => 
  array (
    'no_kunjungan' => 872441,
    'no_registrasi' => 588789,
    'no_mr' => '00239354',
    'nama_pasien_layan' => 'M. ANANG JATMIKO, Tn.',
    'kode_kelompok' => 3,
    'kode_perusahaan' => 120,
    'tgl_transaksi' => '2019-06-28 01:00:07',
    'jenis_tindakan' => 1,
    'nama_tindakan' => 'Ruangan Melati',
    'bill_rs' => '140000.00',
    'jumlah' => 1,
    'kode_bagian' => '031401',
    'kode_bagian_asal' => '031401',
    'kode_klas' => 6,
    'no_kamar' => '2',
    'no_bed' => '1',
    'status_selesai' => 1,
    'id_dd_user' => 1,
    'kode_trans_pelayanan' => 4199241,
    'executed' => 'not_executed',
  ),
  21 => 
  array (
    'no_kunjungan' => 872442,
    'no_registrasi' => 588790,
    'no_mr' => '00229975',
    'nama_pasien_layan' => 'FIRLIANZA DHIFAFSARI, Nn.',
    'kode_kelompok' => 3,
    'kode_perusahaan' => 120,
    'tgl_transaksi' => '2019-06-28 01:00:07',
    'jenis_tindakan' => 1,
    'nama_tindakan' => 'Ruangan Melati',
    'bill_rs' => '140000.00',
    'jumlah' => 1,
    'kode_bagian' => '031401',
    'kode_bagian_asal' => '031401',
    'kode_klas' => 6,
    'no_kamar' => '1',
    'no_bed' => '7 ',
    'status_selesai' => 1,
    'id_dd_user' => 1,
    'kode_trans_pelayanan' => 4199242,
    'executed' => 'not_executed',
  ),
)