Jumlah Record = 12, Eksekusi = 11, No Eksekusi = 1 
array (
  0 => 
  array (
    'no_kunjungan' => 863078,
    'no_registrasi' => 582206,
    'no_mr' => '00141396',
    'nama_pasien_layan' => 'ENI NURHAENI, NY.',
    'kode_kelompok' => 1,
    'kode_perusahaan' => 0,
    'tgl_transaksi' => '2019-07-28 01:00:00',
    'jenis_tindakan' => 1,
    'nama_tindakan' => 'Ruangan Melati',
    'bill_rs' => '250000.00',
    'jumlah' => 1,
    'kode_bagian' => '031401',
    'kode_bagian_asal' => '031401',
    'kode_klas' => 6,
    'no_kamar' => '1',
    'no_bed' => '3',
    'status_selesai' => 1,
    'id_dd_user' => 1,
    'kode_trans_pelayanan' => 4268347,
    'executed' => 'executed',
  ),
  1 => 
  array (
    'no_kunjungan' => 886059,
    'no_registrasi' => 598846,
    'no_mr' => '00131413',
    'nama_pasien_layan' => 'SUMINI, NY.',
    'kode_kelompok' => 3,
    'kode_perusahaan' => 120,
    'tgl_transaksi' => '2019-07-28 01:00:01',
    'jenis_tindakan' => 1,
    'nama_tindakan' => 'Ruangan Kenanga',
    'bill_rs' => '600000.00',
    'jumlah' => 1,
    'kode_bagian' => '030701',
    'kode_bagian_asal' => '030701',
    'kode_klas' => 5,
    'no_kamar' => '5',
    'no_bed' => '1 ',
    'status_selesai' => 1,
    'id_dd_user' => 1,
    'kode_trans_pelayanan' => 4268348,
    'executed' => 'executed',
  ),
  2 => 
  array (
    'no_kunjungan' => 886118,
    'no_registrasi' => 598867,
    'no_mr' => '00156328',
    'nama_pasien_layan' => 'ST GATOT PURWANTO, TN.',
    'kode_kelompok' => 3,
    'kode_perusahaan' => 120,
    'tgl_transaksi' => '2019-07-28 01:00:01',
    'jenis_tindakan' => 1,
    'nama_tindakan' => 'Ruangan Anggrek',
    'bill_rs' => '1000000.00',
    'jumlah' => 1,
    'kode_bagian' => '030201',
    'kode_bagian_asal' => '030201',
    'kode_klas' => 3,
    'no_kamar' => '4',
    'no_bed' => '1',
    'status_selesai' => 1,
    'id_dd_user' => 1,
    'kode_trans_pelayanan' => 4268349,
    'executed' => 'executed',
  ),
  3 => 
  array (
    'no_kunjungan' => 886373,
    'no_registrasi' => 599082,
    'no_mr' => '00240433',
    'nama_pasien_layan' => 'UBAIDILLAH',
    'kode_kelompok' => 3,
    'kode_perusahaan' => 120,
    'tgl_transaksi' => '2019-07-28 01:00:01',
    'jenis_tindakan' => 1,
    'nama_tindakan' => 'Ruangan Melati',
    'bill_rs' => '140000.00',
    'jumlah' => 1,
    'kode_bagian' => '031401',
    'kode_bagian_asal' => '031401',
    'kode_klas' => 6,
    'no_kamar' => '2',
    'no_bed' => '1',
    'status_selesai' => 1,
    'id_dd_user' => 1,
    'kode_trans_pelayanan' => 4268350,
    'executed' => 'executed',
  ),
  4 => 
  array (
    'no_kunjungan' => 887247,
    'no_registrasi' => 599626,
    'no_mr' => '00241104',
    'nama_pasien_layan' => 'WITRI YUNITA',
    'kode_kelompok' => 3,
    'kode_perusahaan' => 120,
    'tgl_transaksi' => '2019-07-28 01:00:02',
    'jenis_tindakan' => 1,
    'nama_tindakan' => 'Ruangan Melati',
    'bill_rs' => '140000.00',
    'jumlah' => 1,
    'kode_bagian' => '031401',
    'kode_bagian_asal' => '031401',
    'kode_klas' => 6,
    'no_kamar' => '1',
    'no_bed' => '2',
    'status_selesai' => 1,
    'id_dd_user' => 1,
    'kode_trans_pelayanan' => 4268351,
    'executed' => 'executed',
  ),
  5 => 
  array (
    'no_kunjungan' => 887786,
    'no_registrasi' => 600132,
    'no_mr' => '00240790',
    'nama_pasien_layan' => 'MOH.NAIM, Tn.',
    'kode_kelompok' => 3,
    'kode_perusahaan' => 120,
    'tgl_transaksi' => '2019-07-28 01:00:02',
    'jenis_tindakan' => 1,
    'nama_tindakan' => 'Ruangan Melati',
    'bill_rs' => '140000.00',
    'jumlah' => 1,
    'kode_bagian' => '031401',
    'kode_bagian_asal' => '031401',
    'kode_klas' => 6,
    'no_kamar' => '2',
    'no_bed' => '4',
    'status_selesai' => 1,
    'id_dd_user' => 1,
    'kode_trans_pelayanan' => 4268352,
    'executed' => 'executed',
  ),
  6 => 
  array (
    'no_kunjungan' => 887789,
    'no_registrasi' => 600135,
    'no_mr' => '00240634',
    'nama_pasien_layan' => 'ISDRIATMOKO, Tn.',
    'kode_kelompok' => 3,
    'kode_perusahaan' => 120,
    'tgl_transaksi' => '2019-07-28 01:00:02',
    'jenis_tindakan' => 1,
    'nama_tindakan' => 'Ruangan Melati',
    'bill_rs' => '140000.00',
    'jumlah' => 1,
    'kode_bagian' => '031401',
    'kode_bagian_asal' => '031401',
    'kode_klas' => 6,
    'no_kamar' => '2',
    'no_bed' => '2',
    'status_selesai' => 1,
    'id_dd_user' => 1,
    'kode_trans_pelayanan' => 4268353,
    'executed' => 'executed',
  ),
  7 => 
  array (
    'no_kunjungan' => 888200,
    'no_registrasi' => 600433,
    'no_mr' => '00192806',
    'nama_pasien_layan' => 'DJAFAR, H, TN.',
    'kode_kelompok' => 3,
    'kode_perusahaan' => 120,
    'tgl_transaksi' => '2019-07-28 01:00:02',
    'jenis_tindakan' => 1,
    'nama_tindakan' => 'Ruangan Dahlia',
    'bill_rs' => '850000.00',
    'jumlah' => 1,
    'kode_bagian' => '030401',
    'kode_bagian_asal' => '030401',
    'kode_klas' => 4,
    'no_kamar' => '1',
    'no_bed' => '1',
    'status_selesai' => 1,
    'id_dd_user' => 1,
    'kode_trans_pelayanan' => 4268354,
    'executed' => 'executed',
  ),
  8 => 
  array (
    'no_kunjungan' => 888492,
    'no_registrasi' => 600450,
    'no_mr' => '00234449',
    'nama_pasien_layan' => 'ARIE BOWO RACHMADI',
    'kode_kelompok' => 3,
    'kode_perusahaan' => 15,
    'tgl_transaksi' => '2019-07-28 01:00:02',
    'jenis_tindakan' => 1,
    'nama_tindakan' => 'Ruangan Kenanga',
    'bill_rs' => '600000.00',
    'jumlah' => 1,
    'kode_bagian' => '030701',
    'kode_bagian_asal' => '030701',
    'kode_klas' => 5,
    'no_kamar' => '2',
    'no_bed' => '1',
    'status_selesai' => 1,
    'id_dd_user' => 1,
    'kode_trans_pelayanan' => 4268355,
    'executed' => 'executed',
  ),
  9 => 
  array (
    'no_kunjungan' => 889024,
    'no_registrasi' => 600955,
    'no_mr' => '00214880',
    'nama_pasien_layan' => 'ELZA ALFATIR PUTRA MARZA, An.',
    'kode_kelompok' => 3,
    'kode_perusahaan' => 120,
    'tgl_transaksi' => '2019-07-28 01:00:03',
    'jenis_tindakan' => 1,
    'nama_tindakan' => 'Ruangan Seruni',
    'bill_rs' => '310000.00',
    'jumlah' => 1,
    'kode_bagian' => '030301',
    'kode_bagian_asal' => '030301',
    'kode_klas' => 12,
    'no_kamar' => '3',
    'no_bed' => '1',
    'status_selesai' => 1,
    'id_dd_user' => 1,
    'kode_trans_pelayanan' => 4268356,
    'executed' => 'executed',
  ),
  10 => 
  array (
    'no_kunjungan' => 889169,
    'no_registrasi' => 601109,
    'no_mr' => '00204288',
    'nama_pasien_layan' => 'GWEN ALLERY LENDE, AN.',
    'kode_kelompok' => 3,
    'kode_perusahaan' => 36,
    'tgl_transaksi' => '2019-07-28 01:00:03',
    'jenis_tindakan' => 1,
    'nama_tindakan' => 'Ruangan Seruni',
    'bill_rs' => '350000.00',
    'jumlah' => 1,
    'kode_bagian' => '030301',
    'kode_bagian_asal' => '030301',
    'kode_klas' => 13,
    'no_kamar' => '4',
    'no_bed' => '1 ',
    'status_selesai' => 1,
    'id_dd_user' => 1,
    'kode_trans_pelayanan' => 4268357,
    'executed' => 'executed',
  ),
  11 => 
  array (
    'no_kunjungan' => 889198,
    'no_registrasi' => 601191,
    'no_mr' => '00166710',
    'nama_pasien_layan' => 'ZAHIRA NAVIZA FEBRIANSYAH, AN.',
    'kode_kelompok' => 3,
    'kode_perusahaan' => 10,
    'tgl_transaksi' => '2019-07-28 01:00:03',
    'jenis_tindakan' => 1,
    'nama_tindakan' => 'Ruangan Seruni',
    'bill_rs' => '350000.00',
    'jumlah' => 1,
    'kode_bagian' => '030301',
    'kode_bagian_asal' => '030301',
    'kode_klas' => 13,
    'no_kamar' => '4',
    'no_bed' => '2',
    'status_selesai' => 1,
    'id_dd_user' => 1,
    'kode_trans_pelayanan' => 4268346,
    'executed' => 'not_executed',
  ),
)