Jumlah Record = 18, Eksekusi = 18, No Eksekusi = 0 
array (
  0 => 
  array (
    'no_kunjungan' => 862366,
    'no_registrasi' => 581547,
    'no_mr' => '00179874',
    'nama_pasien_layan' => 'VERA GRACE TOBING, NY.',
    'kode_kelompok' => 3,
    'kode_perusahaan' => 120,
    'tgl_transaksi' => '2019-06-16 01:00:00',
    'jenis_tindakan' => 1,
    'nama_tindakan' => 'Ruangan Flamboyan',
    'bill_rs' => '310000.00',
    'jumlah' => 1,
    'kode_bagian' => '030601',
    'kode_bagian_asal' => '030601',
    'kode_klas' => 12,
    'no_kamar' => '2',
    'no_bed' => '1',
    'status_selesai' => 1,
    'id_dd_user' => 1,
    'kode_trans_pelayanan' => 4167970,
    'executed' => 'executed',
  ),
  1 => 
  array (
    'no_kunjungan' => 862760,
    'no_registrasi' => 581993,
    'no_mr' => '00238881',
    'nama_pasien_layan' => 'LUTFIYAH',
    'kode_kelompok' => 1,
    'kode_perusahaan' => 0,
    'tgl_transaksi' => '2019-06-16 01:00:00',
    'jenis_tindakan' => 1,
    'nama_tindakan' => 'Ruangan Flamboyan',
    'bill_rs' => '670000.00',
    'jumlah' => 1,
    'kode_bagian' => '030601',
    'kode_bagian_asal' => '030601',
    'kode_klas' => 12,
    'no_kamar' => '1',
    'no_bed' => '1',
    'status_selesai' => 1,
    'id_dd_user' => 1,
    'kode_trans_pelayanan' => 4167971,
    'executed' => 'executed',
  ),
  2 => 
  array (
    'no_kunjungan' => 863824,
    'no_registrasi' => 582745,
    'no_mr' => '00233708',
    'nama_pasien_layan' => 'RACHMI SAFRIANI, Ny.',
    'kode_kelompok' => 3,
    'kode_perusahaan' => 120,
    'tgl_transaksi' => '2019-06-16 01:00:00',
    'jenis_tindakan' => 1,
    'nama_tindakan' => 'Ruangan Anggrek',
    'bill_rs' => '310000.00',
    'jumlah' => 1,
    'kode_bagian' => '030201',
    'kode_bagian_asal' => '030201',
    'kode_klas' => 3,
    'no_kamar' => '1',
    'no_bed' => ' 1',
    'status_selesai' => 1,
    'id_dd_user' => 1,
    'kode_trans_pelayanan' => 4167972,
    'executed' => 'executed',
  ),
  3 => 
  array (
    'no_kunjungan' => 863826,
    'no_registrasi' => 582746,
    'no_mr' => '00238557',
    'nama_pasien_layan' => 'SITI ODJAH, Ny.',
    'kode_kelompok' => 3,
    'kode_perusahaan' => 120,
    'tgl_transaksi' => '2019-06-16 01:00:00',
    'jenis_tindakan' => 1,
    'nama_tindakan' => 'Ruangan Melati',
    'bill_rs' => '140000.00',
    'jumlah' => 1,
    'kode_bagian' => '031401',
    'kode_bagian_asal' => '031401',
    'kode_klas' => 6,
    'no_kamar' => '1',
    'no_bed' => '1',
    'status_selesai' => 1,
    'id_dd_user' => 1,
    'kode_trans_pelayanan' => 4167973,
    'executed' => 'executed',
  ),
  4 => 
  array (
    'no_kunjungan' => 864111,
    'no_registrasi' => 582992,
    'no_mr' => '00134464',
    'nama_pasien_layan' => 'AMINUDDIN IR',
    'kode_kelompok' => 1,
    'kode_perusahaan' => 0,
    'tgl_transaksi' => '2019-06-16 01:00:00',
    'jenis_tindakan' => 1,
    'nama_tindakan' => 'Ruangan Anggrek',
    'bill_rs' => '1000000.00',
    'jumlah' => 1,
    'kode_bagian' => '030201',
    'kode_bagian_asal' => '030201',
    'kode_klas' => 3,
    'no_kamar' => '2',
    'no_bed' => '1',
    'status_selesai' => 1,
    'id_dd_user' => 1,
    'kode_trans_pelayanan' => 4167974,
    'executed' => 'executed',
  ),
  5 => 
  array (
    'no_kunjungan' => 864122,
    'no_registrasi' => 582997,
    'no_mr' => '00239003',
    'nama_pasien_layan' => 'BY NY RACHMI SAFRIANI',
    'kode_kelompok' => 3,
    'kode_perusahaan' => 120,
    'tgl_transaksi' => '2019-06-16 01:00:00',
    'jenis_tindakan' => 1,
    'nama_tindakan' => 'Ruangan Kamar Bayi',
    'bill_rs' => '500000.00',
    'jumlah' => 1,
    'kode_bagian' => '031201',
    'kode_bagian_asal' => '031201',
    'kode_klas' => 3,
    'no_kamar' => '01',
    'no_bed' => '1',
    'status_selesai' => 1,
    'id_dd_user' => 1,
    'kode_trans_pelayanan' => 4167975,
    'executed' => 'executed',
  ),
  6 => 
  array (
    'no_kunjungan' => 864402,
    'no_registrasi' => 583087,
    'no_mr' => '00205985',
    'nama_pasien_layan' => 'DJAHAROH, Ny.',
    'kode_kelompok' => 3,
    'kode_perusahaan' => 120,
    'tgl_transaksi' => '2019-06-16 01:00:01',
    'jenis_tindakan' => 1,
    'nama_tindakan' => 'Ruangan Melati',
    'bill_rs' => '140000.00',
    'jumlah' => 1,
    'kode_bagian' => '031401',
    'kode_bagian_asal' => '031401',
    'kode_klas' => 6,
    'no_kamar' => '1',
    'no_bed' => '2',
    'status_selesai' => 1,
    'id_dd_user' => 1,
    'kode_trans_pelayanan' => 4167976,
    'executed' => 'executed',
  ),
  7 => 
  array (
    'no_kunjungan' => 864448,
    'no_registrasi' => 583212,
    'no_mr' => '00236642',
    'nama_pasien_layan' => 'ASMAK MADIJONO',
    'kode_kelompok' => 1,
    'kode_perusahaan' => 0,
    'tgl_transaksi' => '2019-06-16 01:00:01',
    'jenis_tindakan' => 1,
    'nama_tindakan' => 'Ruangan Dahlia',
    'bill_rs' => '850000.00',
    'jumlah' => 1,
    'kode_bagian' => '030401',
    'kode_bagian_asal' => '030401',
    'kode_klas' => 4,
    'no_kamar' => '1',
    'no_bed' => '1',
    'status_selesai' => 1,
    'id_dd_user' => 1,
    'kode_trans_pelayanan' => 4167977,
    'executed' => 'executed',
  ),
  8 => 
  array (
    'no_kunjungan' => 864468,
    'no_registrasi' => 583220,
    'no_mr' => '00174067',
    'nama_pasien_layan' => 'IR RUDIWAN SOEDHARDJI, Tn.',
    'kode_kelompok' => 3,
    'kode_perusahaan' => 120,
    'tgl_transaksi' => '2019-06-16 01:00:01',
    'jenis_tindakan' => 1,
    'nama_tindakan' => 'Ruangan Kenanga',
    'bill_rs' => '600000.00',
    'jumlah' => 1,
    'kode_bagian' => '030701',
    'kode_bagian_asal' => '030701',
    'kode_klas' => 5,
    'no_kamar' => '2',
    'no_bed' => '1',
    'status_selesai' => 1,
    'id_dd_user' => 1,
    'kode_trans_pelayanan' => 4167978,
    'executed' => 'executed',
  ),
  9 => 
  array (
    'no_kunjungan' => 864487,
    'no_registrasi' => 583232,
    'no_mr' => '00135220',
    'nama_pasien_layan' => 'H.SUPRAPTO ASMONO, TN.',
    'kode_kelompok' => 3,
    'kode_perusahaan' => 120,
    'tgl_transaksi' => '2019-06-16 01:00:01',
    'jenis_tindakan' => 1,
    'nama_tindakan' => 'Ruangan Flamboyan',
    'bill_rs' => '310000.00',
    'jumlah' => 1,
    'kode_bagian' => '030601',
    'kode_bagian_asal' => '030601',
    'kode_klas' => 12,
    'no_kamar' => '4',
    'no_bed' => '1',
    'status_selesai' => 1,
    'id_dd_user' => 1,
    'kode_trans_pelayanan' => 4167979,
    'executed' => 'executed',
  ),
  10 => 
  array (
    'no_kunjungan' => 864488,
    'no_registrasi' => 583233,
    'no_mr' => '00238503',
    'nama_pasien_layan' => 'ANITA PRATIWI',
    'kode_kelompok' => 3,
    'kode_perusahaan' => 120,
    'tgl_transaksi' => '2019-06-16 01:00:01',
    'jenis_tindakan' => 1,
    'nama_tindakan' => 'Ruangan Melati',
    'bill_rs' => '140000.00',
    'jumlah' => 1,
    'kode_bagian' => '031401',
    'kode_bagian_asal' => '031401',
    'kode_klas' => 6,
    'no_kamar' => '1',
    'no_bed' => '3',
    'status_selesai' => 1,
    'id_dd_user' => 1,
    'kode_trans_pelayanan' => 4167980,
    'executed' => 'executed',
  ),
  11 => 
  array (
    'no_kunjungan' => 864501,
    'no_registrasi' => 583236,
    'no_mr' => '00189652',
    'nama_pasien_layan' => 'MUHAMMAD DANISH ANSHORI, An.',
    'kode_kelompok' => 3,
    'kode_perusahaan' => 120,
    'tgl_transaksi' => '2019-06-16 01:00:01',
    'jenis_tindakan' => 1,
    'nama_tindakan' => 'Ruangan Flamboyan',
    'bill_rs' => '310000.00',
    'jumlah' => 1,
    'kode_bagian' => '030601',
    'kode_bagian_asal' => '030601',
    'kode_klas' => 12,
    'no_kamar' => '4',
    'no_bed' => '2 ',
    'status_selesai' => 1,
    'id_dd_user' => 1,
    'kode_trans_pelayanan' => 4167981,
    'executed' => 'executed',
  ),
  12 => 
  array (
    'no_kunjungan' => 864694,
    'no_registrasi' => 583251,
    'no_mr' => '00106658',
    'nama_pasien_layan' => 'ALI JAMHURI, TN.',
    'kode_kelompok' => 3,
    'kode_perusahaan' => 30,
    'tgl_transaksi' => '2019-06-16 01:00:01',
    'jenis_tindakan' => 1,
    'nama_tindakan' => 'Ruangan Teratai',
    'bill_rs' => '600000.00',
    'jumlah' => 1,
    'kode_bagian' => '030801',
    'kode_bagian_asal' => '030801',
    'kode_klas' => 5,
    'no_kamar' => '2',
    'no_bed' => '1',
    'status_selesai' => 1,
    'id_dd_user' => 1,
    'kode_trans_pelayanan' => 4167982,
    'executed' => 'executed',
  ),
  13 => 
  array (
    'no_kunjungan' => 864701,
    'no_registrasi' => 583261,
    'no_mr' => '00239032',
    'nama_pasien_layan' => 'ASELIH',
    'kode_kelompok' => 3,
    'kode_perusahaan' => 120,
    'tgl_transaksi' => '2019-06-16 01:00:01',
    'jenis_tindakan' => 1,
    'nama_tindakan' => 'Ruangan Kenanga',
    'bill_rs' => '600000.00',
    'jumlah' => 1,
    'kode_bagian' => '030701',
    'kode_bagian_asal' => '030701',
    'kode_klas' => 5,
    'no_kamar' => '1',
    'no_bed' => '1 ',
    'status_selesai' => 1,
    'id_dd_user' => 1,
    'kode_trans_pelayanan' => 4167983,
    'executed' => 'executed',
  ),
  14 => 
  array (
    'no_kunjungan' => 864705,
    'no_registrasi' => 583297,
    'no_mr' => '00207926',
    'nama_pasien_layan' => 'SISWADI, TN.',
    'kode_kelompok' => 1,
    'kode_perusahaan' => 0,
    'tgl_transaksi' => '2019-06-16 01:00:02',
    'jenis_tindakan' => 1,
    'nama_tindakan' => 'Ruangan Melati',
    'bill_rs' => '250000.00',
    'jumlah' => 1,
    'kode_bagian' => '031401',
    'kode_bagian_asal' => '031401',
    'kode_klas' => 6,
    'no_kamar' => '2',
    'no_bed' => '3',
    'status_selesai' => 1,
    'id_dd_user' => 1,
    'kode_trans_pelayanan' => 4167984,
    'executed' => 'executed',
  ),
  15 => 
  array (
    'no_kunjungan' => 864900,
    'no_registrasi' => 583356,
    'no_mr' => '00239044',
    'nama_pasien_layan' => 'SITI ROSITA',
    'kode_kelompok' => 3,
    'kode_perusahaan' => 120,
    'tgl_transaksi' => '2019-06-16 01:00:02',
    'jenis_tindakan' => 1,
    'nama_tindakan' => 'Ruangan Melati',
    'bill_rs' => '140000.00',
    'jumlah' => 1,
    'kode_bagian' => '031401',
    'kode_bagian_asal' => '031401',
    'kode_klas' => 6,
    'no_kamar' => '1',
    'no_bed' => '6 ',
    'status_selesai' => 1,
    'id_dd_user' => 1,
    'kode_trans_pelayanan' => 4167985,
    'executed' => 'executed',
  ),
  16 => 
  array (
    'no_kunjungan' => 864903,
    'no_registrasi' => 583378,
    'no_mr' => '00187131',
    'nama_pasien_layan' => 'EVA MARYANA , Nn.',
    'kode_kelompok' => 3,
    'kode_perusahaan' => 120,
    'tgl_transaksi' => '2019-06-16 01:00:02',
    'jenis_tindakan' => 1,
    'nama_tindakan' => 'Ruangan Mawar',
    'bill_rs' => '210000.00',
    'jumlah' => 1,
    'kode_bagian' => '031301',
    'kode_bagian_asal' => '031301',
    'kode_klas' => 13,
    'no_kamar' => '2',
    'no_bed' => '4',
    'status_selesai' => 1,
    'id_dd_user' => 1,
    'kode_trans_pelayanan' => 4167986,
    'executed' => 'executed',
  ),
  17 => 
  array (
    'no_kunjungan' => 864956,
    'no_registrasi' => 583549,
    'no_mr' => '00231688',
    'nama_pasien_layan' => 'TADARUS',
    'kode_kelompok' => 3,
    'kode_perusahaan' => 120,
    'tgl_transaksi' => '2019-06-16 01:00:02',
    'jenis_tindakan' => 1,
    'nama_tindakan' => 'Ruangan Mawar',
    'bill_rs' => '210000.00',
    'jumlah' => 1,
    'kode_bagian' => '031301',
    'kode_bagian_asal' => '031301',
    'kode_klas' => 13,
    'no_kamar' => '1',
    'no_bed' => '1',
    'status_selesai' => 1,
    'id_dd_user' => 1,
    'kode_trans_pelayanan' => 4167987,
    'executed' => 'executed',
  ),
)