Jumlah Record = 27, Eksekusi = 27, No Eksekusi = 0 
array (
  0 => 
  array (
    'no_kunjungan' => 878794,
    'no_registrasi' => 593473,
    'no_mr' => '00154922',
    'nama_pasien_layan' => 'MARIAH, Ny.',
    'kode_kelompok' => 3,
    'kode_perusahaan' => 139,
    'tgl_transaksi' => '2019-07-18 01:00:02',
    'jenis_tindakan' => 1,
    'nama_tindakan' => 'Ruangan Flamboyan',
    'bill_rs' => '670000.00',
    'jumlah' => 1,
    'kode_bagian' => '030601',
    'kode_bagian_asal' => '030601',
    'kode_klas' => 12,
    'no_kamar' => '3',
    'no_bed' => '1',
    'status_selesai' => 1,
    'id_dd_user' => 1,
    'kode_trans_pelayanan' => 4243606,
    'executed' => 'executed',
  ),
  1 => 
  array (
    'no_kunjungan' => 880667,
    'no_registrasi' => 594935,
    'no_mr' => '00240536',
    'nama_pasien_layan' => 'NENENG RIMA SOPYAN',
    'kode_kelompok' => 1,
    'kode_perusahaan' => 0,
    'tgl_transaksi' => '2019-07-18 01:00:02',
    'jenis_tindakan' => 1,
    'nama_tindakan' => 'Ruangan Wijayakusuma',
    'bill_rs' => '1200000.00',
    'jumlah' => 1,
    'kode_bagian' => '030101',
    'kode_bagian_asal' => '030101',
    'kode_klas' => 2,
    'no_kamar' => '5',
    'no_bed' => '1',
    'status_selesai' => 1,
    'id_dd_user' => 1,
    'kode_trans_pelayanan' => 4243607,
    'executed' => 'executed',
  ),
  2 => 
  array (
    'no_kunjungan' => 881053,
    'no_registrasi' => 595202,
    'no_mr' => '00220117',
    'nama_pasien_layan' => 'NURAINI, Ny.',
    'kode_kelompok' => 3,
    'kode_perusahaan' => 120,
    'tgl_transaksi' => '2019-07-18 01:00:02',
    'jenis_tindakan' => 1,
    'nama_tindakan' => 'Ruangan Melati',
    'bill_rs' => '140000.00',
    'jumlah' => 1,
    'kode_bagian' => '031401',
    'kode_bagian_asal' => '031401',
    'kode_klas' => 6,
    'no_kamar' => '1',
    'no_bed' => '1',
    'status_selesai' => 1,
    'id_dd_user' => 1,
    'kode_trans_pelayanan' => 4243608,
    'executed' => 'executed',
  ),
  3 => 
  array (
    'no_kunjungan' => 881073,
    'no_registrasi' => 595214,
    'no_mr' => '00185037',
    'nama_pasien_layan' => 'SULARDI PRIANTO, TN.',
    'kode_kelompok' => 1,
    'kode_perusahaan' => 0,
    'tgl_transaksi' => '2019-07-18 01:00:02',
    'jenis_tindakan' => 1,
    'nama_tindakan' => 'Ruangan Kenanga',
    'bill_rs' => '600000.00',
    'jumlah' => 1,
    'kode_bagian' => '030701',
    'kode_bagian_asal' => '030701',
    'kode_klas' => 5,
    'no_kamar' => '2',
    'no_bed' => '1',
    'status_selesai' => 1,
    'id_dd_user' => 1,
    'kode_trans_pelayanan' => 4243609,
    'executed' => 'executed',
  ),
  4 => 
  array (
    'no_kunjungan' => 881242,
    'no_registrasi' => 595336,
    'no_mr' => '00238823',
    'nama_pasien_layan' => 'ASIYAH',
    'kode_kelompok' => 3,
    'kode_perusahaan' => 120,
    'tgl_transaksi' => '2019-07-18 01:00:03',
    'jenis_tindakan' => 1,
    'nama_tindakan' => 'Ruangan Mawar',
    'bill_rs' => '210000.00',
    'jumlah' => 1,
    'kode_bagian' => '031301',
    'kode_bagian_asal' => '031301',
    'kode_klas' => 13,
    'no_kamar' => '2',
    'no_bed' => '2',
    'status_selesai' => 1,
    'id_dd_user' => 1,
    'kode_trans_pelayanan' => 4243610,
    'executed' => 'executed',
  ),
  5 => 
  array (
    'no_kunjungan' => 881313,
    'no_registrasi' => 595357,
    'no_mr' => '00016559',
    'nama_pasien_layan' => 'INGGID PUTRI N, NN.',
    'kode_kelompok' => 3,
    'kode_perusahaan' => 120,
    'tgl_transaksi' => '2019-07-18 01:00:03',
    'jenis_tindakan' => 1,
    'nama_tindakan' => 'Ruangan Dahlia',
    'bill_rs' => '850000.00',
    'jumlah' => 1,
    'kode_bagian' => '030401',
    'kode_bagian_asal' => '030401',
    'kode_klas' => 4,
    'no_kamar' => '1',
    'no_bed' => '1',
    'status_selesai' => 1,
    'id_dd_user' => 1,
    'kode_trans_pelayanan' => 4243611,
    'executed' => 'executed',
  ),
  6 => 
  array (
    'no_kunjungan' => 881620,
    'no_registrasi' => 595616,
    'no_mr' => '00240629',
    'nama_pasien_layan' => 'SRI SAYEKTI HANUGRAHANINGRUM',
    'kode_kelompok' => 3,
    'kode_perusahaan' => 120,
    'tgl_transaksi' => '2019-07-18 01:00:03',
    'jenis_tindakan' => 1,
    'nama_tindakan' => 'Ruangan Flamboyan',
    'bill_rs' => '310000.00',
    'jumlah' => 1,
    'kode_bagian' => '030601',
    'kode_bagian_asal' => '030601',
    'kode_klas' => 12,
    'no_kamar' => '1',
    'no_bed' => '1',
    'status_selesai' => 1,
    'id_dd_user' => 1,
    'kode_trans_pelayanan' => 4243612,
    'executed' => 'executed',
  ),
  7 => 
  array (
    'no_kunjungan' => 881856,
    'no_registrasi' => 595733,
    'no_mr' => '00212437',
    'nama_pasien_layan' => 'FLORINO MARKUS SIMON, AN.',
    'kode_kelompok' => 3,
    'kode_perusahaan' => 120,
    'tgl_transaksi' => '2019-07-18 01:00:03',
    'jenis_tindakan' => 1,
    'nama_tindakan' => 'Ruangan Seruni',
    'bill_rs' => '210000.00',
    'jumlah' => 1,
    'kode_bagian' => '030301',
    'kode_bagian_asal' => '030301',
    'kode_klas' => 13,
    'no_kamar' => '4',
    'no_bed' => '3',
    'status_selesai' => 1,
    'id_dd_user' => 1,
    'kode_trans_pelayanan' => 4243613,
    'executed' => 'executed',
  ),
  8 => 
  array (
    'no_kunjungan' => 881859,
    'no_registrasi' => 595782,
    'no_mr' => '00225660',
    'nama_pasien_layan' => 'KHANAYA ANDIRANA HAYUNINGTIYAS,',
    'kode_kelompok' => 3,
    'kode_perusahaan' => 120,
    'tgl_transaksi' => '2019-07-18 01:00:03',
    'jenis_tindakan' => 1,
    'nama_tindakan' => 'Ruangan Seruni',
    'bill_rs' => '310000.00',
    'jumlah' => 1,
    'kode_bagian' => '030301',
    'kode_bagian_asal' => '030301',
    'kode_klas' => 12,
    'no_kamar' => '3',
    'no_bed' => '2 ',
    'status_selesai' => 1,
    'id_dd_user' => 1,
    'kode_trans_pelayanan' => 4243614,
    'executed' => 'executed',
  ),
  9 => 
  array (
    'no_kunjungan' => 881898,
    'no_registrasi' => 595819,
    'no_mr' => '00141396',
    'nama_pasien_layan' => 'ENI NURHAENI, NY.',
    'kode_kelompok' => 3,
    'kode_perusahaan' => 120,
    'tgl_transaksi' => '2019-07-18 01:00:04',
    'jenis_tindakan' => 1,
    'nama_tindakan' => 'Ruangan Melati',
    'bill_rs' => '140000.00',
    'jumlah' => 1,
    'kode_bagian' => '031401',
    'kode_bagian_asal' => '031401',
    'kode_klas' => 6,
    'no_kamar' => '1',
    'no_bed' => '2',
    'status_selesai' => 1,
    'id_dd_user' => 1,
    'kode_trans_pelayanan' => 4243615,
    'executed' => 'executed',
  ),
  10 => 
  array (
    'no_kunjungan' => 882102,
    'no_registrasi' => 595985,
    'no_mr' => '00164505',
    'nama_pasien_layan' => 'ILYAS BUDIMAN, Tn.',
    'kode_kelompok' => 3,
    'kode_perusahaan' => 120,
    'tgl_transaksi' => '2019-07-18 01:00:04',
    'jenis_tindakan' => 1,
    'nama_tindakan' => 'Ruangan Flamboyan',
    'bill_rs' => '310000.00',
    'jumlah' => 1,
    'kode_bagian' => '030601',
    'kode_bagian_asal' => '030601',
    'kode_klas' => 12,
    'no_kamar' => '4',
    'no_bed' => '2 ',
    'status_selesai' => 1,
    'id_dd_user' => 1,
    'kode_trans_pelayanan' => 4243616,
    'executed' => 'executed',
  ),
  11 => 
  array (
    'no_kunjungan' => 882430,
    'no_registrasi' => 596197,
    'no_mr' => '00211866',
    'nama_pasien_layan' => 'EKA MAESAROH,, Ny.',
    'kode_kelompok' => 3,
    'kode_perusahaan' => 256,
    'tgl_transaksi' => '2019-07-18 01:00:04',
    'jenis_tindakan' => 1,
    'nama_tindakan' => 'Ruangan Kenanga',
    'bill_rs' => '600000.00',
    'jumlah' => 1,
    'kode_bagian' => '030701',
    'kode_bagian_asal' => '030701',
    'kode_klas' => 5,
    'no_kamar' => '4',
    'no_bed' => ' 1',
    'status_selesai' => 1,
    'id_dd_user' => 1,
    'kode_trans_pelayanan' => 4243617,
    'executed' => 'executed',
  ),
  12 => 
  array (
    'no_kunjungan' => 882482,
    'no_registrasi' => 596235,
    'no_mr' => '00240711',
    'nama_pasien_layan' => 'ADJI DHARMA REIHAN',
    'kode_kelompok' => 3,
    'kode_perusahaan' => 120,
    'tgl_transaksi' => '2019-07-18 01:00:04',
    'jenis_tindakan' => 1,
    'nama_tindakan' => 'Ruangan Melati',
    'bill_rs' => '140000.00',
    'jumlah' => 1,
    'kode_bagian' => '031401',
    'kode_bagian_asal' => '031401',
    'kode_klas' => 6,
    'no_kamar' => '2',
    'no_bed' => '1',
    'status_selesai' => 1,
    'id_dd_user' => 1,
    'kode_trans_pelayanan' => 4243618,
    'executed' => 'executed',
  ),
  13 => 
  array (
    'no_kunjungan' => 882489,
    'no_registrasi' => 596238,
    'no_mr' => '00211969',
    'nama_pasien_layan' => 'KORISAH, NY.',
    'kode_kelompok' => 3,
    'kode_perusahaan' => 120,
    'tgl_transaksi' => '2019-07-18 01:00:04',
    'jenis_tindakan' => 1,
    'nama_tindakan' => 'Ruangan Melati',
    'bill_rs' => '140000.00',
    'jumlah' => 1,
    'kode_bagian' => '031401',
    'kode_bagian_asal' => '031401',
    'kode_klas' => 6,
    'no_kamar' => '1',
    'no_bed' => '8',
    'status_selesai' => 1,
    'id_dd_user' => 1,
    'kode_trans_pelayanan' => 4243619,
    'executed' => 'executed',
  ),
  14 => 
  array (
    'no_kunjungan' => 882551,
    'no_registrasi' => 596294,
    'no_mr' => '00240385',
    'nama_pasien_layan' => 'RAM SYAMSUL YULIAS .S.KOM.',
    'kode_kelompok' => 3,
    'kode_perusahaan' => 120,
    'tgl_transaksi' => '2019-07-18 01:00:05',
    'jenis_tindakan' => 1,
    'nama_tindakan' => 'Ruangan Flamboyan',
    'bill_rs' => '310000.00',
    'jumlah' => 1,
    'kode_bagian' => '030601',
    'kode_bagian_asal' => '030601',
    'kode_klas' => 12,
    'no_kamar' => '2',
    'no_bed' => '1',
    'status_selesai' => 1,
    'id_dd_user' => 1,
    'kode_trans_pelayanan' => 4243620,
    'executed' => 'executed',
  ),
  15 => 
  array (
    'no_kunjungan' => 882642,
    'no_registrasi' => 596380,
    'no_mr' => '00240161',
    'nama_pasien_layan' => 'PARJILAN',
    'kode_kelompok' => 3,
    'kode_perusahaan' => 120,
    'tgl_transaksi' => '2019-07-18 01:00:05',
    'jenis_tindakan' => 1,
    'nama_tindakan' => 'Ruangan Melati',
    'bill_rs' => '140000.00',
    'jumlah' => 1,
    'kode_bagian' => '031401',
    'kode_bagian_asal' => '031401',
    'kode_klas' => 6,
    'no_kamar' => '2',
    'no_bed' => '4',
    'status_selesai' => 1,
    'id_dd_user' => 1,
    'kode_trans_pelayanan' => 4243621,
    'executed' => 'executed',
  ),
  16 => 
  array (
    'no_kunjungan' => 882876,
    'no_registrasi' => 596391,
    'no_mr' => '00222867',
    'nama_pasien_layan' => 'NAHAMAH, Ny.',
    'kode_kelompok' => 3,
    'kode_perusahaan' => 120,
    'tgl_transaksi' => '2019-07-18 01:00:05',
    'jenis_tindakan' => 1,
    'nama_tindakan' => 'Ruangan Melati',
    'bill_rs' => '140000.00',
    'jumlah' => 1,
    'kode_bagian' => '031401',
    'kode_bagian_asal' => '031401',
    'kode_klas' => 6,
    'no_kamar' => '1',
    'no_bed' => '7 ',
    'status_selesai' => 1,
    'id_dd_user' => 1,
    'kode_trans_pelayanan' => 4243622,
    'executed' => 'executed',
  ),
  17 => 
  array (
    'no_kunjungan' => 882723,
    'no_registrasi' => 596453,
    'no_mr' => '00239930',
    'nama_pasien_layan' => 'SUKMA AYU RAHMA NINDIA',
    'kode_kelompok' => 3,
    'kode_perusahaan' => 120,
    'tgl_transaksi' => '2019-07-18 01:00:05',
    'jenis_tindakan' => 1,
    'nama_tindakan' => 'Ruangan Melati',
    'bill_rs' => '140000.00',
    'jumlah' => 1,
    'kode_bagian' => '031401',
    'kode_bagian_asal' => '031401',
    'kode_klas' => 6,
    'no_kamar' => '1',
    'no_bed' => '6 ',
    'status_selesai' => 1,
    'id_dd_user' => 1,
    'kode_trans_pelayanan' => 4243623,
    'executed' => 'executed',
  ),
  18 => 
  array (
    'no_kunjungan' => 882725,
    'no_registrasi' => 596455,
    'no_mr' => '00239320',
    'nama_pasien_layan' => 'NGASIMUN',
    'kode_kelompok' => 3,
    'kode_perusahaan' => 120,
    'tgl_transaksi' => '2019-07-18 01:00:06',
    'jenis_tindakan' => 1,
    'nama_tindakan' => 'Ruangan Flamboyan',
    'bill_rs' => '310000.00',
    'jumlah' => 1,
    'kode_bagian' => '030601',
    'kode_bagian_asal' => '030601',
    'kode_klas' => 12,
    'no_kamar' => '2',
    'no_bed' => '2',
    'status_selesai' => 1,
    'id_dd_user' => 1,
    'kode_trans_pelayanan' => 4243624,
    'executed' => 'executed',
  ),
  19 => 
  array (
    'no_kunjungan' => 882888,
    'no_registrasi' => 596509,
    'no_mr' => '00229758',
    'nama_pasien_layan' => 'LITA DEVI LISTIANA',
    'kode_kelompok' => 3,
    'kode_perusahaan' => 120,
    'tgl_transaksi' => '2019-07-18 01:00:06',
    'jenis_tindakan' => 1,
    'nama_tindakan' => 'Ruangan Melati',
    'bill_rs' => '140000.00',
    'jumlah' => 1,
    'kode_bagian' => '031401',
    'kode_bagian_asal' => '031401',
    'kode_klas' => 6,
    'no_kamar' => '1',
    'no_bed' => '5',
    'status_selesai' => 1,
    'id_dd_user' => 1,
    'kode_trans_pelayanan' => 4243625,
    'executed' => 'executed',
  ),
  20 => 
  array (
    'no_kunjungan' => 882884,
    'no_registrasi' => 596524,
    'no_mr' => '00240736',
    'nama_pasien_layan' => 'AHMAD FAREEQ IMTIYAZI',
    'kode_kelompok' => 3,
    'kode_perusahaan' => 120,
    'tgl_transaksi' => '2019-07-18 01:00:06',
    'jenis_tindakan' => 1,
    'nama_tindakan' => 'Ruangan Seruni',
    'bill_rs' => '210000.00',
    'jumlah' => 1,
    'kode_bagian' => '030301',
    'kode_bagian_asal' => '030301',
    'kode_klas' => 13,
    'no_kamar' => '4',
    'no_bed' => '1 ',
    'status_selesai' => 1,
    'id_dd_user' => 1,
    'kode_trans_pelayanan' => 4243626,
    'executed' => 'executed',
  ),
  21 => 
  array (
    'no_kunjungan' => 882816,
    'no_registrasi' => 596534,
    'no_mr' => '00219130',
    'nama_pasien_layan' => 'FELLICITE KHANSA AQIILA P, AN.',
    'kode_kelompok' => 3,
    'kode_perusahaan' => 120,
    'tgl_transaksi' => '2019-07-18 01:00:06',
    'jenis_tindakan' => 1,
    'nama_tindakan' => 'Ruangan Flamboyan',
    'bill_rs' => '310000.00',
    'jumlah' => 1,
    'kode_bagian' => '030601',
    'kode_bagian_asal' => '030601',
    'kode_klas' => 12,
    'no_kamar' => '1',
    'no_bed' => '2',
    'status_selesai' => 1,
    'id_dd_user' => 1,
    'kode_trans_pelayanan' => 4243627,
    'executed' => 'executed',
  ),
  22 => 
  array (
    'no_kunjungan' => 882818,
    'no_registrasi' => 596536,
    'no_mr' => '00239449',
    'nama_pasien_layan' => 'MACHMUDDIN',
    'kode_kelompok' => 3,
    'kode_perusahaan' => 120,
    'tgl_transaksi' => '2019-07-18 01:00:06',
    'jenis_tindakan' => 1,
    'nama_tindakan' => 'Ruangan Melati',
    'bill_rs' => '140000.00',
    'jumlah' => 1,
    'kode_bagian' => '031401',
    'kode_bagian_asal' => '031401',
    'kode_klas' => 6,
    'no_kamar' => '2',
    'no_bed' => '3',
    'status_selesai' => 1,
    'id_dd_user' => 1,
    'kode_trans_pelayanan' => 4243628,
    'executed' => 'executed',
  ),
  23 => 
  array (
    'no_kunjungan' => 882896,
    'no_registrasi' => 596593,
    'no_mr' => '00171313',
    'nama_pasien_layan' => 'EKO DARMINTO, TN.',
    'kode_kelompok' => 3,
    'kode_perusahaan' => 120,
    'tgl_transaksi' => '2019-07-18 01:00:06',
    'jenis_tindakan' => 1,
    'nama_tindakan' => 'Ruangan Mawar',
    'bill_rs' => '210000.00',
    'jumlah' => 1,
    'kode_bagian' => '031301',
    'kode_bagian_asal' => '031301',
    'kode_klas' => 13,
    'no_kamar' => '1',
    'no_bed' => '1',
    'status_selesai' => 1,
    'id_dd_user' => 1,
    'kode_trans_pelayanan' => 4243629,
    'executed' => 'executed',
  ),
  24 => 
  array (
    'no_kunjungan' => 883188,
    'no_registrasi' => 596667,
    'no_mr' => '00214054',
    'nama_pasien_layan' => 'D YUDO SURYONO, Tn.',
    'kode_kelompok' => 3,
    'kode_perusahaan' => 120,
    'tgl_transaksi' => '2019-07-18 01:00:07',
    'jenis_tindakan' => 1,
    'nama_tindakan' => 'Ruangan Mawar',
    'bill_rs' => '210000.00',
    'jumlah' => 1,
    'kode_bagian' => '031301',
    'kode_bagian_asal' => '031301',
    'kode_klas' => 13,
    'no_kamar' => '1',
    'no_bed' => '2',
    'status_selesai' => 1,
    'id_dd_user' => 1,
    'kode_trans_pelayanan' => 4243630,
    'executed' => 'executed',
  ),
  25 => 
  array (
    'no_kunjungan' => 883043,
    'no_registrasi' => 596724,
    'no_mr' => '00137005',
    'nama_pasien_layan' => 'MARGARETHA YULFRIEN MATULANDI, NY.',
    'kode_kelompok' => 3,
    'kode_perusahaan' => 120,
    'tgl_transaksi' => '2019-07-18 01:00:07',
    'jenis_tindakan' => 1,
    'nama_tindakan' => 'Ruangan Flamboyan',
    'bill_rs' => '310000.00',
    'jumlah' => 1,
    'kode_bagian' => '030601',
    'kode_bagian_asal' => '030601',
    'kode_klas' => 12,
    'no_kamar' => '3',
    'no_bed' => '2',
    'status_selesai' => 1,
    'id_dd_user' => 1,
    'kode_trans_pelayanan' => 4243631,
    'executed' => 'executed',
  ),
  26 => 
  array (
    'no_kunjungan' => 883200,
    'no_registrasi' => 596808,
    'no_mr' => '00240762',
    'nama_pasien_layan' => 'MOH SANYOTO',
    'kode_kelompok' => 3,
    'kode_perusahaan' => 120,
    'tgl_transaksi' => '2019-07-18 01:00:07',
    'jenis_tindakan' => 1,
    'nama_tindakan' => 'Ruangan Teratai',
    'bill_rs' => '310000.00',
    'jumlah' => 1,
    'kode_bagian' => '030801',
    'kode_bagian_asal' => '030801',
    'kode_klas' => 5,
    'no_kamar' => '2',
    'no_bed' => '1',
    'status_selesai' => 1,
    'id_dd_user' => 1,
    'kode_trans_pelayanan' => 4243632,
    'executed' => 'executed',
  ),
)