Jumlah Record = 14, Eksekusi = 0, No Eksekusi = 14 
array (
  0 => 
  array (
    'no_kunjungan' => 863078,
    'no_registrasi' => 582206,
    'no_mr' => '00141396',
    'nama_pasien_layan' => 'ENI NURHAENI, NY.',
    'kode_kelompok' => 1,
    'kode_perusahaan' => 0,
    'tgl_transaksi' => '2019-07-29 07:54:10',
    'jenis_tindakan' => 1,
    'nama_tindakan' => 'Ruangan Melati',
    'bill_rs' => '250000.00',
    'jumlah' => 1,
    'kode_bagian' => '031401',
    'kode_bagian_asal' => '031401',
    'kode_klas' => 6,
    'no_kamar' => '1',
    'no_bed' => '3',
    'status_selesai' => 1,
    'id_dd_user' => 1,
    'kode_trans_pelayanan' => 4268829,
    'executed' => 'not_executed',
  ),
  1 => 
  array (
    'no_kunjungan' => 886059,
    'no_registrasi' => 598846,
    'no_mr' => '00131413',
    'nama_pasien_layan' => 'SUMINI, NY.',
    'kode_kelompok' => 3,
    'kode_perusahaan' => 120,
    'tgl_transaksi' => '2019-07-29 07:54:10',
    'jenis_tindakan' => 1,
    'nama_tindakan' => 'Ruangan Kenanga',
    'bill_rs' => '600000.00',
    'jumlah' => 1,
    'kode_bagian' => '030701',
    'kode_bagian_asal' => '030701',
    'kode_klas' => 5,
    'no_kamar' => '5',
    'no_bed' => '1 ',
    'status_selesai' => 1,
    'id_dd_user' => 1,
    'kode_trans_pelayanan' => 4268830,
    'executed' => 'not_executed',
  ),
  2 => 
  array (
    'no_kunjungan' => 886118,
    'no_registrasi' => 598867,
    'no_mr' => '00156328',
    'nama_pasien_layan' => 'ST GATOT PURWANTO, TN.',
    'kode_kelompok' => 3,
    'kode_perusahaan' => 120,
    'tgl_transaksi' => '2019-07-29 07:54:11',
    'jenis_tindakan' => 1,
    'nama_tindakan' => 'Ruangan Anggrek',
    'bill_rs' => '1000000.00',
    'jumlah' => 1,
    'kode_bagian' => '030201',
    'kode_bagian_asal' => '030201',
    'kode_klas' => 3,
    'no_kamar' => '4',
    'no_bed' => '1',
    'status_selesai' => 1,
    'id_dd_user' => 1,
    'kode_trans_pelayanan' => 4268831,
    'executed' => 'not_executed',
  ),
  3 => 
  array (
    'no_kunjungan' => 887786,
    'no_registrasi' => 600132,
    'no_mr' => '00240790',
    'nama_pasien_layan' => 'MOH.NAIM, Tn.',
    'kode_kelompok' => 3,
    'kode_perusahaan' => 120,
    'tgl_transaksi' => '2019-07-29 07:54:11',
    'jenis_tindakan' => 1,
    'nama_tindakan' => 'Ruangan Melati',
    'bill_rs' => '140000.00',
    'jumlah' => 1,
    'kode_bagian' => '031401',
    'kode_bagian_asal' => '031401',
    'kode_klas' => 6,
    'no_kamar' => '2',
    'no_bed' => '4',
    'status_selesai' => 1,
    'id_dd_user' => 1,
    'kode_trans_pelayanan' => 4268832,
    'executed' => 'not_executed',
  ),
  4 => 
  array (
    'no_kunjungan' => 888492,
    'no_registrasi' => 600450,
    'no_mr' => '00234449',
    'nama_pasien_layan' => 'ARIE BOWO RACHMADI',
    'kode_kelompok' => 3,
    'kode_perusahaan' => 15,
    'tgl_transaksi' => '2019-07-29 07:54:11',
    'jenis_tindakan' => 1,
    'nama_tindakan' => 'Ruangan Kenanga',
    'bill_rs' => '600000.00',
    'jumlah' => 1,
    'kode_bagian' => '030701',
    'kode_bagian_asal' => '030701',
    'kode_klas' => 5,
    'no_kamar' => '2',
    'no_bed' => '1',
    'status_selesai' => 1,
    'id_dd_user' => 1,
    'kode_trans_pelayanan' => 4268833,
    'executed' => 'not_executed',
  ),
  5 => 
  array (
    'no_kunjungan' => 889024,
    'no_registrasi' => 600955,
    'no_mr' => '00214880',
    'nama_pasien_layan' => 'ELZA ALFATIR PUTRA MARZA, An.',
    'kode_kelompok' => 3,
    'kode_perusahaan' => 120,
    'tgl_transaksi' => '2019-07-29 07:54:11',
    'jenis_tindakan' => 1,
    'nama_tindakan' => 'Ruangan Seruni',
    'bill_rs' => '310000.00',
    'jumlah' => 1,
    'kode_bagian' => '030301',
    'kode_bagian_asal' => '030301',
    'kode_klas' => 12,
    'no_kamar' => '3',
    'no_bed' => '1',
    'status_selesai' => 1,
    'id_dd_user' => 1,
    'kode_trans_pelayanan' => 4268834,
    'executed' => 'not_executed',
  ),
  6 => 
  array (
    'no_kunjungan' => 889169,
    'no_registrasi' => 601109,
    'no_mr' => '00204288',
    'nama_pasien_layan' => 'GWEN ALLERY LENDE, AN.',
    'kode_kelompok' => 3,
    'kode_perusahaan' => 36,
    'tgl_transaksi' => '2019-07-29 07:54:11',
    'jenis_tindakan' => 1,
    'nama_tindakan' => 'Ruangan Seruni',
    'bill_rs' => '350000.00',
    'jumlah' => 1,
    'kode_bagian' => '030301',
    'kode_bagian_asal' => '030301',
    'kode_klas' => 13,
    'no_kamar' => '4',
    'no_bed' => '1 ',
    'status_selesai' => 1,
    'id_dd_user' => 1,
    'kode_trans_pelayanan' => 4268835,
    'executed' => 'not_executed',
  ),
  7 => 
  array (
    'no_kunjungan' => 889198,
    'no_registrasi' => 601191,
    'no_mr' => '00166710',
    'nama_pasien_layan' => 'ZAHIRA NAVIZA FEBRIANSYAH, AN.',
    'kode_kelompok' => 3,
    'kode_perusahaan' => 10,
    'tgl_transaksi' => '2019-07-29 07:54:12',
    'jenis_tindakan' => 1,
    'nama_tindakan' => 'Ruangan Seruni',
    'bill_rs' => '350000.00',
    'jumlah' => 1,
    'kode_bagian' => '030301',
    'kode_bagian_asal' => '030301',
    'kode_klas' => 13,
    'no_kamar' => '4',
    'no_bed' => '2',
    'status_selesai' => 1,
    'id_dd_user' => 1,
    'kode_trans_pelayanan' => 4268836,
    'executed' => 'not_executed',
  ),
  8 => 
  array (
    'no_kunjungan' => 889222,
    'no_registrasi' => 601195,
    'no_mr' => '00241285',
    'nama_pasien_layan' => 'EDI JUNAEDI',
    'kode_kelompok' => 1,
    'kode_perusahaan' => 0,
    'tgl_transaksi' => '2019-07-29 07:54:12',
    'jenis_tindakan' => 1,
    'nama_tindakan' => 'Ruangan ICU ',
    'bill_rs' => '1350000.00',
    'jumlah' => 1,
    'kode_bagian' => '031001',
    'kode_bagian_asal' => '031001',
    'kode_klas' => 10,
    'no_kamar' => '1',
    'no_bed' => '1',
    'status_selesai' => 1,
    'id_dd_user' => 1,
    'kode_trans_pelayanan' => 4268837,
    'executed' => 'not_executed',
  ),
  9 => 
  array (
    'no_kunjungan' => 889251,
    'no_registrasi' => 601224,
    'no_mr' => '00231127',
    'nama_pasien_layan' => 'SALMIAH SIREGAR, Ny.',
    'kode_kelompok' => 3,
    'kode_perusahaan' => 120,
    'tgl_transaksi' => '2019-07-29 07:54:12',
    'jenis_tindakan' => 1,
    'nama_tindakan' => 'Ruangan Melati',
    'bill_rs' => '140000.00',
    'jumlah' => 1,
    'kode_bagian' => '031401',
    'kode_bagian_asal' => '031401',
    'kode_klas' => 6,
    'no_kamar' => '1',
    'no_bed' => '2',
    'status_selesai' => 1,
    'id_dd_user' => 1,
    'kode_trans_pelayanan' => 4268838,
    'executed' => 'not_executed',
  ),
  10 => 
  array (
    'no_kunjungan' => 889256,
    'no_registrasi' => 601228,
    'no_mr' => '00241200',
    'nama_pasien_layan' => 'ABOY SUPARDI, Tn.',
    'kode_kelompok' => 3,
    'kode_perusahaan' => 120,
    'tgl_transaksi' => '2019-07-29 07:54:12',
    'jenis_tindakan' => 1,
    'nama_tindakan' => 'Ruangan Melati',
    'bill_rs' => '140000.00',
    'jumlah' => 1,
    'kode_bagian' => '031401',
    'kode_bagian_asal' => '031401',
    'kode_klas' => 6,
    'no_kamar' => '2',
    'no_bed' => '1',
    'status_selesai' => 1,
    'id_dd_user' => 1,
    'kode_trans_pelayanan' => 4268807,
    'executed' => 'not_executed',
  ),
  11 => 
  array (
    'no_kunjungan' => 889257,
    'no_registrasi' => 601229,
    'no_mr' => '00217823',
    'nama_pasien_layan' => 'YULI YULIANTI, Ny.',
    'kode_kelompok' => 3,
    'kode_perusahaan' => 120,
    'tgl_transaksi' => '2019-07-29 07:54:13',
    'jenis_tindakan' => 1,
    'nama_tindakan' => 'Ruangan Melati',
    'bill_rs' => '140000.00',
    'jumlah' => 1,
    'kode_bagian' => '031401',
    'kode_bagian_asal' => '031401',
    'kode_klas' => 6,
    'no_kamar' => '1',
    'no_bed' => '1',
    'status_selesai' => 1,
    'id_dd_user' => 1,
    'kode_trans_pelayanan' => 4268808,
    'executed' => 'not_executed',
  ),
  12 => 
  array (
    'no_kunjungan' => 889258,
    'no_registrasi' => 601230,
    'no_mr' => '00175337',
    'nama_pasien_layan' => 'UMAMAH, Ny.',
    'kode_kelompok' => 3,
    'kode_perusahaan' => 120,
    'tgl_transaksi' => '2019-07-29 07:54:13',
    'jenis_tindakan' => 1,
    'nama_tindakan' => 'Ruangan Flamboyan',
    'bill_rs' => '310000.00',
    'jumlah' => 1,
    'kode_bagian' => '030601',
    'kode_bagian_asal' => '030601',
    'kode_klas' => 12,
    'no_kamar' => '2',
    'no_bed' => '1',
    'status_selesai' => 1,
    'id_dd_user' => 1,
    'kode_trans_pelayanan' => 4268813,
    'executed' => 'not_executed',
  ),
  13 => 
  array (
    'no_kunjungan' => 889259,
    'no_registrasi' => 601231,
    'no_mr' => '00230955',
    'nama_pasien_layan' => 'KHAERUDIN, Tn.',
    'kode_kelompok' => 3,
    'kode_perusahaan' => 120,
    'tgl_transaksi' => '2019-07-29 07:54:13',
    'jenis_tindakan' => 1,
    'nama_tindakan' => 'Ruangan Melati',
    'bill_rs' => '140000.00',
    'jumlah' => 1,
    'kode_bagian' => '031401',
    'kode_bagian_asal' => '031401',
    'kode_klas' => 6,
    'no_kamar' => '2',
    'no_bed' => '2',
    'status_selesai' => 1,
    'id_dd_user' => 1,
    'kode_trans_pelayanan' => 4268819,
    'executed' => 'not_executed',
  ),
)