Jumlah Record = 29, Eksekusi = 29, No Eksekusi = 0 
array (
  0 => 
  array (
    'no_kunjungan' => 857041,
    'no_registrasi' => 578002,
    'no_mr' => '00238312',
    'nama_pasien_layan' => 'PRISKA MARINA',
    'kode_kelompok' => 1,
    'kode_perusahaan' => 0,
    'tgl_transaksi' => '2019-05-30 01:00:00',
    'jenis_tindakan' => 1,
    'nama_tindakan' => 'Ruangan Flamboyan',
    'bill_rs' => '670000.00',
    'jumlah' => 1,
    'kode_bagian' => '030601',
    'kode_bagian_asal' => '030601',
    'kode_klas' => 12,
    'no_kamar' => '2',
    'no_bed' => '2',
    'status_selesai' => 1,
    'id_dd_user' => 1,
    'kode_trans_pelayanan' => 4143056,
    'executed' => 'executed',
  ),
  1 => 
  array (
    'no_kunjungan' => 857057,
    'no_registrasi' => 578004,
    'no_mr' => '00238325',
    'nama_pasien_layan' => 'NARTI',
    'kode_kelompok' => 1,
    'kode_perusahaan' => 0,
    'tgl_transaksi' => '2019-05-30 01:00:00',
    'jenis_tindakan' => 1,
    'nama_tindakan' => 'Ruangan Mawar',
    'bill_rs' => '410000.00',
    'jumlah' => 1,
    'kode_bagian' => '031301',
    'kode_bagian_asal' => '031301',
    'kode_klas' => 13,
    'no_kamar' => '2',
    'no_bed' => '1',
    'status_selesai' => 1,
    'id_dd_user' => 1,
    'kode_trans_pelayanan' => 4143057,
    'executed' => 'executed',
  ),
  2 => 
  array (
    'no_kunjungan' => 857059,
    'no_registrasi' => 578008,
    'no_mr' => '00238326',
    'nama_pasien_layan' => 'R ALINAH ROESBANDI',
    'kode_kelompok' => 3,
    'kode_perusahaan' => 120,
    'tgl_transaksi' => '2019-05-30 01:00:00',
    'jenis_tindakan' => 1,
    'nama_tindakan' => 'Ruangan Wijayakusuma',
    'bill_rs' => '1200000.00',
    'jumlah' => 1,
    'kode_bagian' => '030101',
    'kode_bagian_asal' => '030101',
    'kode_klas' => 2,
    'no_kamar' => '5',
    'no_bed' => '1',
    'status_selesai' => 1,
    'id_dd_user' => 1,
    'kode_trans_pelayanan' => 4143058,
    'executed' => 'executed',
  ),
  3 => 
  array (
    'no_kunjungan' => 857090,
    'no_registrasi' => 578016,
    'no_mr' => '00234494',
    'nama_pasien_layan' => 'SUPRIYANTO',
    'kode_kelompok' => 3,
    'kode_perusahaan' => 120,
    'tgl_transaksi' => '2019-05-30 01:00:00',
    'jenis_tindakan' => 1,
    'nama_tindakan' => 'Ruangan Mawar',
    'bill_rs' => '210000.00',
    'jumlah' => 1,
    'kode_bagian' => '031301',
    'kode_bagian_asal' => '031301',
    'kode_klas' => 13,
    'no_kamar' => '1',
    'no_bed' => '2',
    'status_selesai' => 1,
    'id_dd_user' => 1,
    'kode_trans_pelayanan' => 4143059,
    'executed' => 'executed',
  ),
  4 => 
  array (
    'no_kunjungan' => 857424,
    'no_registrasi' => 578086,
    'no_mr' => '00237290',
    'nama_pasien_layan' => 'NUR ANISYAH',
    'kode_kelompok' => 3,
    'kode_perusahaan' => 120,
    'tgl_transaksi' => '2019-05-30 01:00:00',
    'jenis_tindakan' => 1,
    'nama_tindakan' => 'Ruangan Mawar',
    'bill_rs' => '210000.00',
    'jumlah' => 1,
    'kode_bagian' => '031301',
    'kode_bagian_asal' => '031301',
    'kode_klas' => 13,
    'no_kamar' => '2',
    'no_bed' => '2',
    'status_selesai' => 1,
    'id_dd_user' => 1,
    'kode_trans_pelayanan' => 4143060,
    'executed' => 'executed',
  ),
  5 => 
  array (
    'no_kunjungan' => 857463,
    'no_registrasi' => 578162,
    'no_mr' => '00177869',
    'nama_pasien_layan' => 'ANNISA NINDYA R, An.',
    'kode_kelompok' => 3,
    'kode_perusahaan' => 15,
    'tgl_transaksi' => '2019-05-30 01:00:00',
    'jenis_tindakan' => 1,
    'nama_tindakan' => 'Ruangan Anggrek',
    'bill_rs' => '1000000.00',
    'jumlah' => 1,
    'kode_bagian' => '030201',
    'kode_bagian_asal' => '030201',
    'kode_klas' => 3,
    'no_kamar' => '2',
    'no_bed' => '1',
    'status_selesai' => 1,
    'id_dd_user' => 1,
    'kode_trans_pelayanan' => 4143061,
    'executed' => 'executed',
  ),
  6 => 
  array (
    'no_kunjungan' => 857465,
    'no_registrasi' => 578180,
    'no_mr' => '00205635',
    'nama_pasien_layan' => 'MATRODJI, Tn.',
    'kode_kelompok' => 3,
    'kode_perusahaan' => 120,
    'tgl_transaksi' => '2019-05-30 01:00:01',
    'jenis_tindakan' => 1,
    'nama_tindakan' => 'Ruangan Flamboyan',
    'bill_rs' => '310000.00',
    'jumlah' => 1,
    'kode_bagian' => '030601',
    'kode_bagian_asal' => '030601',
    'kode_klas' => 12,
    'no_kamar' => '1',
    'no_bed' => '1',
    'status_selesai' => 1,
    'id_dd_user' => 1,
    'kode_trans_pelayanan' => 4143062,
    'executed' => 'executed',
  ),
  7 => 
  array (
    'no_kunjungan' => 857421,
    'no_registrasi' => 578244,
    'no_mr' => '00227116',
    'nama_pasien_layan' => 'YONO, Tn.',
    'kode_kelompok' => 3,
    'kode_perusahaan' => 120,
    'tgl_transaksi' => '2019-05-30 01:00:01',
    'jenis_tindakan' => 1,
    'nama_tindakan' => 'Ruangan Melati',
    'bill_rs' => '140000.00',
    'jumlah' => 1,
    'kode_bagian' => '031401',
    'kode_bagian_asal' => '031401',
    'kode_klas' => 6,
    'no_kamar' => '1',
    'no_bed' => '4',
    'status_selesai' => 1,
    'id_dd_user' => 1,
    'kode_trans_pelayanan' => 4143063,
    'executed' => 'executed',
  ),
  8 => 
  array (
    'no_kunjungan' => 857517,
    'no_registrasi' => 578263,
    'no_mr' => '00214688',
    'nama_pasien_layan' => 'NADYA SAPHYRA K, An.',
    'kode_kelompok' => 3,
    'kode_perusahaan' => 120,
    'tgl_transaksi' => '2019-05-30 01:00:01',
    'jenis_tindakan' => 1,
    'nama_tindakan' => 'Ruangan Melati',
    'bill_rs' => '140000.00',
    'jumlah' => 1,
    'kode_bagian' => '031401',
    'kode_bagian_asal' => '031401',
    'kode_klas' => 6,
    'no_kamar' => '1',
    'no_bed' => '2',
    'status_selesai' => 1,
    'id_dd_user' => 1,
    'kode_trans_pelayanan' => 4143064,
    'executed' => 'executed',
  ),
  9 => 
  array (
    'no_kunjungan' => 857601,
    'no_registrasi' => 578358,
    'no_mr' => '00217203',
    'nama_pasien_layan' => 'BENITA RACHMADINA S, NN.',
    'kode_kelompok' => 3,
    'kode_perusahaan' => 120,
    'tgl_transaksi' => '2019-05-30 01:00:01',
    'jenis_tindakan' => 1,
    'nama_tindakan' => 'Ruangan Dahlia',
    'bill_rs' => '850000.00',
    'jumlah' => 1,
    'kode_bagian' => '030401',
    'kode_bagian_asal' => '030401',
    'kode_klas' => 4,
    'no_kamar' => '1',
    'no_bed' => '1',
    'status_selesai' => 1,
    'id_dd_user' => 1,
    'kode_trans_pelayanan' => 4143065,
    'executed' => 'executed',
  ),
  10 => 
  array (
    'no_kunjungan' => 857933,
    'no_registrasi' => 578453,
    'no_mr' => '00236702',
    'nama_pasien_layan' => 'JACINDA PUTRI ARGUNTERA',
    'kode_kelompok' => 3,
    'kode_perusahaan' => 120,
    'tgl_transaksi' => '2019-05-30 01:00:01',
    'jenis_tindakan' => 1,
    'nama_tindakan' => 'Ruangan Mawar',
    'bill_rs' => '210000.00',
    'jumlah' => 1,
    'kode_bagian' => '031301',
    'kode_bagian_asal' => '031301',
    'kode_klas' => 13,
    'no_kamar' => '2',
    'no_bed' => '3',
    'status_selesai' => 1,
    'id_dd_user' => 1,
    'kode_trans_pelayanan' => 4143066,
    'executed' => 'executed',
  ),
  11 => 
  array (
    'no_kunjungan' => 857831,
    'no_registrasi' => 578492,
    'no_mr' => '00238390',
    'nama_pasien_layan' => 'FITRIANI SYARIF',
    'kode_kelompok' => 3,
    'kode_perusahaan' => 120,
    'tgl_transaksi' => '2019-05-30 01:00:01',
    'jenis_tindakan' => 1,
    'nama_tindakan' => 'Ruangan Melati',
    'bill_rs' => '140000.00',
    'jumlah' => 1,
    'kode_bagian' => '031401',
    'kode_bagian_asal' => '031401',
    'kode_klas' => 6,
    'no_kamar' => '1',
    'no_bed' => '3',
    'status_selesai' => 1,
    'id_dd_user' => 1,
    'kode_trans_pelayanan' => 4143067,
    'executed' => 'executed',
  ),
  12 => 
  array (
    'no_kunjungan' => 857833,
    'no_registrasi' => 578541,
    'no_mr' => '00126828',
    'nama_pasien_layan' => 'H. MIRZA MOHAMAD, TN.',
    'kode_kelompok' => 1,
    'kode_perusahaan' => 0,
    'tgl_transaksi' => '2019-05-30 01:00:01',
    'jenis_tindakan' => 1,
    'nama_tindakan' => 'Ruangan Anggrek',
    'bill_rs' => '1000000.00',
    'jumlah' => 1,
    'kode_bagian' => '030201',
    'kode_bagian_asal' => '030201',
    'kode_klas' => 3,
    'no_kamar' => '5',
    'no_bed' => '1',
    'status_selesai' => 1,
    'id_dd_user' => 1,
    'kode_trans_pelayanan' => 4143068,
    'executed' => 'executed',
  ),
  13 => 
  array (
    'no_kunjungan' => 857839,
    'no_registrasi' => 578592,
    'no_mr' => '00238241',
    'nama_pasien_layan' => 'SANI',
    'kode_kelompok' => 3,
    'kode_perusahaan' => 120,
    'tgl_transaksi' => '2019-05-30 01:00:01',
    'jenis_tindakan' => 1,
    'nama_tindakan' => 'Ruangan Melati',
    'bill_rs' => '140000.00',
    'jumlah' => 1,
    'kode_bagian' => '031401',
    'kode_bagian_asal' => '031401',
    'kode_klas' => 6,
    'no_kamar' => '1',
    'no_bed' => '8',
    'status_selesai' => 1,
    'id_dd_user' => 1,
    'kode_trans_pelayanan' => 4143069,
    'executed' => 'executed',
  ),
  14 => 
  array (
    'no_kunjungan' => 857918,
    'no_registrasi' => 578598,
    'no_mr' => '00100816',
    'nama_pasien_layan' => 'ENDAH',
    'kode_kelompok' => 1,
    'kode_perusahaan' => 0,
    'tgl_transaksi' => '2019-05-30 01:00:02',
    'jenis_tindakan' => 1,
    'nama_tindakan' => 'Ruangan Melati',
    'bill_rs' => '250000.00',
    'jumlah' => 1,
    'kode_bagian' => '031401',
    'kode_bagian_asal' => '031401',
    'kode_klas' => 6,
    'no_kamar' => '1',
    'no_bed' => '1',
    'status_selesai' => 1,
    'id_dd_user' => 1,
    'kode_trans_pelayanan' => 4143070,
    'executed' => 'executed',
  ),
  15 => 
  array (
    'no_kunjungan' => 857946,
    'no_registrasi' => 578614,
    'no_mr' => '00236933',
    'nama_pasien_layan' => 'NINA APRIYANTI',
    'kode_kelompok' => 3,
    'kode_perusahaan' => 120,
    'tgl_transaksi' => '2019-05-30 01:00:02',
    'jenis_tindakan' => 1,
    'nama_tindakan' => 'Ruangan Seruni Ruang Nifas',
    'bill_rs' => '140000.00',
    'jumlah' => 1,
    'kode_bagian' => '031601',
    'kode_bagian_asal' => '031601',
    'kode_klas' => 13,
    'no_kamar' => '2',
    'no_bed' => '2',
    'status_selesai' => 1,
    'id_dd_user' => 1,
    'kode_trans_pelayanan' => 4143071,
    'executed' => 'executed',
  ),
  16 => 
  array (
    'no_kunjungan' => 857956,
    'no_registrasi' => 578617,
    'no_mr' => '00238371',
    'nama_pasien_layan' => 'TRIMO SUSILO',
    'kode_kelompok' => 1,
    'kode_perusahaan' => 0,
    'tgl_transaksi' => '2019-05-30 01:00:02',
    'jenis_tindakan' => 1,
    'nama_tindakan' => 'Ruangan Mawar',
    'bill_rs' => '410000.00',
    'jumlah' => 1,
    'kode_bagian' => '031301',
    'kode_bagian_asal' => '031301',
    'kode_klas' => 13,
    'no_kamar' => '1',
    'no_bed' => '3',
    'status_selesai' => 1,
    'id_dd_user' => 1,
    'kode_trans_pelayanan' => 4143072,
    'executed' => 'executed',
  ),
  17 => 
  array (
    'no_kunjungan' => 858017,
    'no_registrasi' => 578620,
    'no_mr' => '00177680',
    'nama_pasien_layan' => 'LIS INDRIYATI, Ny.',
    'kode_kelompok' => 3,
    'kode_perusahaan' => 120,
    'tgl_transaksi' => '2019-05-30 01:00:02',
    'jenis_tindakan' => 1,
    'nama_tindakan' => 'Ruangan Anggrek',
    'bill_rs' => '1000000.00',
    'jumlah' => 1,
    'kode_bagian' => '030201',
    'kode_bagian_asal' => '030201',
    'kode_klas' => 3,
    'no_kamar' => '3',
    'no_bed' => '1',
    'status_selesai' => 1,
    'id_dd_user' => 1,
    'kode_trans_pelayanan' => 4143073,
    'executed' => 'executed',
  ),
  18 => 
  array (
    'no_kunjungan' => 858178,
    'no_registrasi' => 578790,
    'no_mr' => '00238422',
    'nama_pasien_layan' => 'BY.NY.NINA APRIYANTI',
    'kode_kelompok' => 3,
    'kode_perusahaan' => 120,
    'tgl_transaksi' => '2019-05-30 01:00:02',
    'jenis_tindakan' => 1,
    'nama_tindakan' => 'Ruangan Kamar Bayi',
    'bill_rs' => '120000.00',
    'jumlah' => 1,
    'kode_bagian' => '031201',
    'kode_bagian_asal' => '031201',
    'kode_klas' => 6,
    'no_kamar' => '03',
    'no_bed' => '4',
    'status_selesai' => 1,
    'id_dd_user' => 1,
    'kode_trans_pelayanan' => 4143074,
    'executed' => 'executed',
  ),
  19 => 
  array (
    'no_kunjungan' => 858299,
    'no_registrasi' => 578805,
    'no_mr' => '00231450',
    'nama_pasien_layan' => 'ENDANG HADIANI DJOKO',
    'kode_kelompok' => 3,
    'kode_perusahaan' => 120,
    'tgl_transaksi' => '2019-05-30 01:00:02',
    'jenis_tindakan' => 1,
    'nama_tindakan' => 'Ruangan Wijayakusuma',
    'bill_rs' => '1200000.00',
    'jumlah' => 1,
    'kode_bagian' => '030101',
    'kode_bagian_asal' => '030101',
    'kode_klas' => 2,
    'no_kamar' => '6',
    'no_bed' => '1',
    'status_selesai' => 1,
    'id_dd_user' => 1,
    'kode_trans_pelayanan' => 4143075,
    'executed' => 'executed',
  ),
  20 => 
  array (
    'no_kunjungan' => 858263,
    'no_registrasi' => 578862,
    'no_mr' => '00234742',
    'nama_pasien_layan' => 'FIRDAUS',
    'kode_kelompok' => 3,
    'kode_perusahaan' => 120,
    'tgl_transaksi' => '2019-05-30 01:00:02',
    'jenis_tindakan' => 1,
    'nama_tindakan' => 'Ruangan Melati',
    'bill_rs' => '140000.00',
    'jumlah' => 1,
    'kode_bagian' => '031401',
    'kode_bagian_asal' => '031401',
    'kode_klas' => 6,
    'no_kamar' => '2',
    'no_bed' => '1',
    'status_selesai' => 1,
    'id_dd_user' => 1,
    'kode_trans_pelayanan' => 4143076,
    'executed' => 'executed',
  ),
  21 => 
  array (
    'no_kunjungan' => 858267,
    'no_registrasi' => 578864,
    'no_mr' => '00236514',
    'nama_pasien_layan' => 'BAMBANG SUPRIYADI',
    'kode_kelompok' => 3,
    'kode_perusahaan' => 120,
    'tgl_transaksi' => '2019-05-30 01:00:02',
    'jenis_tindakan' => 1,
    'nama_tindakan' => 'Ruangan Melati',
    'bill_rs' => '140000.00',
    'jumlah' => 1,
    'kode_bagian' => '031401',
    'kode_bagian_asal' => '031401',
    'kode_klas' => 6,
    'no_kamar' => '2',
    'no_bed' => '2',
    'status_selesai' => 1,
    'id_dd_user' => 1,
    'kode_trans_pelayanan' => 4143077,
    'executed' => 'executed',
  ),
  22 => 
  array (
    'no_kunjungan' => 858423,
    'no_registrasi' => 578931,
    'no_mr' => '00185934',
    'nama_pasien_layan' => 'M FADIL A P, An.',
    'kode_kelompok' => 3,
    'kode_perusahaan' => 120,
    'tgl_transaksi' => '2019-05-30 01:00:03',
    'jenis_tindakan' => 1,
    'nama_tindakan' => 'Ruangan Seruni',
    'bill_rs' => '210000.00',
    'jumlah' => 1,
    'kode_bagian' => '030301',
    'kode_bagian_asal' => '030301',
    'kode_klas' => 13,
    'no_kamar' => '4',
    'no_bed' => '1 ',
    'status_selesai' => 1,
    'id_dd_user' => 1,
    'kode_trans_pelayanan' => 4143078,
    'executed' => 'executed',
  ),
  23 => 
  array (
    'no_kunjungan' => 858543,
    'no_registrasi' => 579021,
    'no_mr' => '00238456',
    'nama_pasien_layan' => 'NUR MUHAMMAD RIDHO',
    'kode_kelompok' => 1,
    'kode_perusahaan' => 0,
    'tgl_transaksi' => '2019-05-30 01:00:03',
    'jenis_tindakan' => 1,
    'nama_tindakan' => 'Ruangan Kenanga',
    'bill_rs' => '600000.00',
    'jumlah' => 1,
    'kode_bagian' => '030701',
    'kode_bagian_asal' => '030701',
    'kode_klas' => 5,
    'no_kamar' => '2',
    'no_bed' => '1',
    'status_selesai' => 1,
    'id_dd_user' => 1,
    'kode_trans_pelayanan' => 4143079,
    'executed' => 'executed',
  ),
  24 => 
  array (
    'no_kunjungan' => 858613,
    'no_registrasi' => 579029,
    'no_mr' => '00096845',
    'nama_pasien_layan' => 'SARTOPO',
    'kode_kelompok' => 3,
    'kode_perusahaan' => 120,
    'tgl_transaksi' => '2019-05-30 01:00:03',
    'jenis_tindakan' => 1,
    'nama_tindakan' => 'Ruangan Kenanga',
    'bill_rs' => '600000.00',
    'jumlah' => 1,
    'kode_bagian' => '030701',
    'kode_bagian_asal' => '030701',
    'kode_klas' => 5,
    'no_kamar' => '5',
    'no_bed' => '1 ',
    'status_selesai' => 1,
    'id_dd_user' => 1,
    'kode_trans_pelayanan' => 4143080,
    'executed' => 'executed',
  ),
  25 => 
  array (
    'no_kunjungan' => 858554,
    'no_registrasi' => 579033,
    'no_mr' => '00238392',
    'nama_pasien_layan' => 'ALFRY KURNIAWAN',
    'kode_kelompok' => 3,
    'kode_perusahaan' => 120,
    'tgl_transaksi' => '2019-05-30 01:00:03',
    'jenis_tindakan' => 1,
    'nama_tindakan' => 'Ruangan Melati',
    'bill_rs' => '140000.00',
    'jumlah' => 1,
    'kode_bagian' => '031401',
    'kode_bagian_asal' => '031401',
    'kode_klas' => 6,
    'no_kamar' => '2',
    'no_bed' => '2',
    'status_selesai' => 1,
    'id_dd_user' => 1,
    'kode_trans_pelayanan' => 4143081,
    'executed' => 'executed',
  ),
  26 => 
  array (
    'no_kunjungan' => 858621,
    'no_registrasi' => 579039,
    'no_mr' => '00116664',
    'nama_pasien_layan' => 'ELIZABETH NADA TRISUCI W, Nn.',
    'kode_kelompok' => 1,
    'kode_perusahaan' => 0,
    'tgl_transaksi' => '2019-05-30 01:00:03',
    'jenis_tindakan' => 1,
    'nama_tindakan' => 'Ruangan Anggrek',
    'bill_rs' => '1000000.00',
    'jumlah' => 1,
    'kode_bagian' => '030201',
    'kode_bagian_asal' => '030201',
    'kode_klas' => 3,
    'no_kamar' => '4',
    'no_bed' => '1',
    'status_selesai' => 1,
    'id_dd_user' => 1,
    'kode_trans_pelayanan' => 4143082,
    'executed' => 'executed',
  ),
  27 => 
  array (
    'no_kunjungan' => 859003,
    'no_registrasi' => 579306,
    'no_mr' => '00238487',
    'nama_pasien_layan' => 'ELNIKO ARSYAD ADHICANDRA',
    'kode_kelompok' => 3,
    'kode_perusahaan' => 120,
    'tgl_transaksi' => '2019-05-30 01:00:03',
    'jenis_tindakan' => 1,
    'nama_tindakan' => 'Ruangan Seruni',
    'bill_rs' => '310000.00',
    'jumlah' => 1,
    'kode_bagian' => '030301',
    'kode_bagian_asal' => '030301',
    'kode_klas' => 12,
    'no_kamar' => '3',
    'no_bed' => '1',
    'status_selesai' => 1,
    'id_dd_user' => 1,
    'kode_trans_pelayanan' => 4143083,
    'executed' => 'executed',
  ),
  28 => 
  array (
    'no_kunjungan' => 859212,
    'no_registrasi' => 579462,
    'no_mr' => '00238507',
    'nama_pasien_layan' => 'HERDITIA TRISNA ARIF PUTRA',
    'kode_kelompok' => 1,
    'kode_perusahaan' => 0,
    'tgl_transaksi' => '2019-05-30 01:00:03',
    'jenis_tindakan' => 1,
    'nama_tindakan' => 'Ruangan Teratai',
    'bill_rs' => '600000.00',
    'jumlah' => 1,
    'kode_bagian' => '030801',
    'kode_bagian_asal' => '030801',
    'kode_klas' => 5,
    'no_kamar' => '2',
    'no_bed' => '1',
    'status_selesai' => 1,
    'id_dd_user' => 1,
    'kode_trans_pelayanan' => 4143084,
    'executed' => 'executed',
  ),
)