Jumlah Record = 12, Eksekusi = 11, No Eksekusi = 1 
array (
  0 => 
  array (
    'no_kunjungan' => 862760,
    'no_registrasi' => 581993,
    'no_mr' => '00238881',
    'nama_pasien_layan' => 'LUTFIYAH',
    'kode_kelompok' => 1,
    'kode_perusahaan' => 0,
    'tgl_transaksi' => '2019-06-17 01:00:01',
    'jenis_tindakan' => 1,
    'nama_tindakan' => 'Ruangan Flamboyan',
    'bill_rs' => '670000.00',
    'jumlah' => 1,
    'kode_bagian' => '030601',
    'kode_bagian_asal' => '030601',
    'kode_klas' => 12,
    'no_kamar' => '1',
    'no_bed' => '1',
    'status_selesai' => 1,
    'id_dd_user' => 1,
    'kode_trans_pelayanan' => 4168387,
    'executed' => 'executed',
  ),
  1 => 
  array (
    'no_kunjungan' => 864448,
    'no_registrasi' => 583212,
    'no_mr' => '00236642',
    'nama_pasien_layan' => 'ASMAK MADIJONO',
    'kode_kelompok' => 1,
    'kode_perusahaan' => 0,
    'tgl_transaksi' => '2019-06-17 01:00:01',
    'jenis_tindakan' => 1,
    'nama_tindakan' => 'Ruangan Dahlia',
    'bill_rs' => '850000.00',
    'jumlah' => 1,
    'kode_bagian' => '030401',
    'kode_bagian_asal' => '030401',
    'kode_klas' => 4,
    'no_kamar' => '1',
    'no_bed' => '1',
    'status_selesai' => 1,
    'id_dd_user' => 1,
    'kode_trans_pelayanan' => 4168388,
    'executed' => 'executed',
  ),
  2 => 
  array (
    'no_kunjungan' => 864487,
    'no_registrasi' => 583232,
    'no_mr' => '00135220',
    'nama_pasien_layan' => 'H.SUPRAPTO ASMONO, TN.',
    'kode_kelompok' => 3,
    'kode_perusahaan' => 120,
    'tgl_transaksi' => '2019-06-17 01:00:02',
    'jenis_tindakan' => 1,
    'nama_tindakan' => 'Ruangan Flamboyan',
    'bill_rs' => '310000.00',
    'jumlah' => 1,
    'kode_bagian' => '030601',
    'kode_bagian_asal' => '030601',
    'kode_klas' => 12,
    'no_kamar' => '4',
    'no_bed' => '1',
    'status_selesai' => 1,
    'id_dd_user' => 1,
    'kode_trans_pelayanan' => 4168389,
    'executed' => 'executed',
  ),
  3 => 
  array (
    'no_kunjungan' => 864501,
    'no_registrasi' => 583236,
    'no_mr' => '00189652',
    'nama_pasien_layan' => 'MUHAMMAD DANISH ANSHORI, An.',
    'kode_kelompok' => 3,
    'kode_perusahaan' => 120,
    'tgl_transaksi' => '2019-06-17 01:00:02',
    'jenis_tindakan' => 1,
    'nama_tindakan' => 'Ruangan Flamboyan',
    'bill_rs' => '310000.00',
    'jumlah' => 1,
    'kode_bagian' => '030601',
    'kode_bagian_asal' => '030601',
    'kode_klas' => 12,
    'no_kamar' => '4',
    'no_bed' => '2 ',
    'status_selesai' => 1,
    'id_dd_user' => 1,
    'kode_trans_pelayanan' => 4168390,
    'executed' => 'executed',
  ),
  4 => 
  array (
    'no_kunjungan' => 864694,
    'no_registrasi' => 583251,
    'no_mr' => '00106658',
    'nama_pasien_layan' => 'ALI JAMHURI, TN.',
    'kode_kelompok' => 3,
    'kode_perusahaan' => 30,
    'tgl_transaksi' => '2019-06-17 01:00:02',
    'jenis_tindakan' => 1,
    'nama_tindakan' => 'Ruangan Teratai',
    'bill_rs' => '600000.00',
    'jumlah' => 1,
    'kode_bagian' => '030801',
    'kode_bagian_asal' => '030801',
    'kode_klas' => 5,
    'no_kamar' => '2',
    'no_bed' => '1',
    'status_selesai' => 1,
    'id_dd_user' => 1,
    'kode_trans_pelayanan' => 4168391,
    'executed' => 'executed',
  ),
  5 => 
  array (
    'no_kunjungan' => 864701,
    'no_registrasi' => 583261,
    'no_mr' => '00239032',
    'nama_pasien_layan' => 'ASELIH',
    'kode_kelompok' => 3,
    'kode_perusahaan' => 120,
    'tgl_transaksi' => '2019-06-17 01:00:02',
    'jenis_tindakan' => 1,
    'nama_tindakan' => 'Ruangan Kenanga',
    'bill_rs' => '600000.00',
    'jumlah' => 1,
    'kode_bagian' => '030701',
    'kode_bagian_asal' => '030701',
    'kode_klas' => 5,
    'no_kamar' => '1',
    'no_bed' => '1 ',
    'status_selesai' => 1,
    'id_dd_user' => 1,
    'kode_trans_pelayanan' => 4168392,
    'executed' => 'executed',
  ),
  6 => 
  array (
    'no_kunjungan' => 864705,
    'no_registrasi' => 583297,
    'no_mr' => '00207926',
    'nama_pasien_layan' => 'SISWADI, TN.',
    'kode_kelompok' => 1,
    'kode_perusahaan' => 0,
    'tgl_transaksi' => '2019-06-17 01:00:02',
    'jenis_tindakan' => 1,
    'nama_tindakan' => 'Ruangan Melati',
    'bill_rs' => '250000.00',
    'jumlah' => 1,
    'kode_bagian' => '031401',
    'kode_bagian_asal' => '031401',
    'kode_klas' => 6,
    'no_kamar' => '2',
    'no_bed' => '3',
    'status_selesai' => 1,
    'id_dd_user' => 1,
    'kode_trans_pelayanan' => 4168393,
    'executed' => 'executed',
  ),
  7 => 
  array (
    'no_kunjungan' => 864900,
    'no_registrasi' => 583356,
    'no_mr' => '00239044',
    'nama_pasien_layan' => 'SITI ROSITA',
    'kode_kelompok' => 3,
    'kode_perusahaan' => 120,
    'tgl_transaksi' => '2019-06-17 01:00:02',
    'jenis_tindakan' => 1,
    'nama_tindakan' => 'Ruangan Melati',
    'bill_rs' => '140000.00',
    'jumlah' => 1,
    'kode_bagian' => '031401',
    'kode_bagian_asal' => '031401',
    'kode_klas' => 6,
    'no_kamar' => '1',
    'no_bed' => '6 ',
    'status_selesai' => 1,
    'id_dd_user' => 1,
    'kode_trans_pelayanan' => 4168394,
    'executed' => 'executed',
  ),
  8 => 
  array (
    'no_kunjungan' => 864903,
    'no_registrasi' => 583378,
    'no_mr' => '00187131',
    'nama_pasien_layan' => 'EVA MARYANA , Nn.',
    'kode_kelompok' => 3,
    'kode_perusahaan' => 120,
    'tgl_transaksi' => '2019-06-17 01:00:03',
    'jenis_tindakan' => 1,
    'nama_tindakan' => 'Ruangan Mawar',
    'bill_rs' => '210000.00',
    'jumlah' => 1,
    'kode_bagian' => '031301',
    'kode_bagian_asal' => '031301',
    'kode_klas' => 13,
    'no_kamar' => '2',
    'no_bed' => '4',
    'status_selesai' => 1,
    'id_dd_user' => 1,
    'kode_trans_pelayanan' => 4168395,
    'executed' => 'executed',
  ),
  9 => 
  array (
    'no_kunjungan' => 864956,
    'no_registrasi' => 583549,
    'no_mr' => '00231688',
    'nama_pasien_layan' => 'TADARUS',
    'kode_kelompok' => 3,
    'kode_perusahaan' => 120,
    'tgl_transaksi' => '2019-06-17 01:00:03',
    'jenis_tindakan' => 1,
    'nama_tindakan' => 'Ruangan Mawar',
    'bill_rs' => '210000.00',
    'jumlah' => 1,
    'kode_bagian' => '031301',
    'kode_bagian_asal' => '031301',
    'kode_klas' => 13,
    'no_kamar' => '1',
    'no_bed' => '1',
    'status_selesai' => 1,
    'id_dd_user' => 1,
    'kode_trans_pelayanan' => 4168396,
    'executed' => 'executed',
  ),
  10 => 
  array (
    'no_kunjungan' => 865027,
    'no_registrasi' => 583587,
    'no_mr' => '00198379',
    'nama_pasien_layan' => 'RIADI SOERJANTO, Tn.',
    'kode_kelompok' => 3,
    'kode_perusahaan' => 120,
    'tgl_transaksi' => '2019-06-17 01:00:03',
    'jenis_tindakan' => 1,
    'nama_tindakan' => 'Ruangan Flamboyan',
    'bill_rs' => '310000.00',
    'jumlah' => 1,
    'kode_bagian' => '030601',
    'kode_bagian_asal' => '030601',
    'kode_klas' => 12,
    'no_kamar' => '2',
    'no_bed' => '1',
    'status_selesai' => 1,
    'id_dd_user' => 1,
    'kode_trans_pelayanan' => 4168397,
    'executed' => 'executed',
  ),
  11 => 
  array (
    'no_kunjungan' => 865028,
    'no_registrasi' => 583589,
    'no_mr' => '00236960',
    'nama_pasien_layan' => 'YUNA SUJARWATI, Ny.',
    'kode_kelompok' => 3,
    'kode_perusahaan' => 120,
    'tgl_transaksi' => '2019-06-17 01:00:03',
    'jenis_tindakan' => 1,
    'nama_tindakan' => 'Ruangan Bougenvile',
    'bill_rs' => '140000.00',
    'jumlah' => 1,
    'kode_bagian' => '031701',
    'kode_bagian_asal' => '031701',
    'kode_klas' => 6,
    'no_kamar' => '1',
    'no_bed' => '1',
    'status_selesai' => 1,
    'id_dd_user' => 1,
    'kode_trans_pelayanan' => 4168382,
    'executed' => 'not_executed',
  ),
)