Jumlah Record = 8, Eksekusi = 7, No Eksekusi = 1 
array (
  0 => 
  array (
    'no_kunjungan' => 860285,
    'no_registrasi' => 580219,
    'no_mr' => '00238601',
    'nama_pasien_layan' => 'SUDARSONO',
    'kode_kelompok' => 3,
    'kode_perusahaan' => 120,
    'tgl_transaksi' => '2019-06-07 01:00:00',
    'jenis_tindakan' => 1,
    'nama_tindakan' => 'Ruangan Melati',
    'bill_rs' => '140000.00',
    'jumlah' => 1,
    'kode_bagian' => '031401',
    'kode_bagian_asal' => '031401',
    'kode_klas' => 6,
    'no_kamar' => '2',
    'no_bed' => '2',
    'status_selesai' => 1,
    'id_dd_user' => 1,
    'kode_trans_pelayanan' => 4149845,
    'executed' => 'executed',
  ),
  1 => 
  array (
    'no_kunjungan' => 860424,
    'no_registrasi' => 580293,
    'no_mr' => '00238608',
    'nama_pasien_layan' => 'IRWIN ALBERTUS MAENGKOM',
    'kode_kelompok' => 3,
    'kode_perusahaan' => 120,
    'tgl_transaksi' => '2019-06-07 01:00:00',
    'jenis_tindakan' => 1,
    'nama_tindakan' => 'Ruangan Flamboyan',
    'bill_rs' => '310000.00',
    'jumlah' => 1,
    'kode_bagian' => '030601',
    'kode_bagian_asal' => '030601',
    'kode_klas' => 12,
    'no_kamar' => '1',
    'no_bed' => '1',
    'status_selesai' => 1,
    'id_dd_user' => 1,
    'kode_trans_pelayanan' => 4149846,
    'executed' => 'executed',
  ),
  2 => 
  array (
    'no_kunjungan' => 860539,
    'no_registrasi' => 580379,
    'no_mr' => '00200760',
    'nama_pasien_layan' => 'TAVIRULLAH HIDAYAT, Tn.',
    'kode_kelompok' => 1,
    'kode_perusahaan' => 0,
    'tgl_transaksi' => '2019-06-07 01:00:00',
    'jenis_tindakan' => 1,
    'nama_tindakan' => 'Ruangan Dahlia',
    'bill_rs' => '850000.00',
    'jumlah' => 1,
    'kode_bagian' => '030401',
    'kode_bagian_asal' => '030401',
    'kode_klas' => 4,
    'no_kamar' => '1',
    'no_bed' => '1',
    'status_selesai' => 1,
    'id_dd_user' => 1,
    'kode_trans_pelayanan' => 4149847,
    'executed' => 'executed',
  ),
  3 => 
  array (
    'no_kunjungan' => 860532,
    'no_registrasi' => 580381,
    'no_mr' => '00175337',
    'nama_pasien_layan' => 'UMAMAH, Ny.',
    'kode_kelompok' => 3,
    'kode_perusahaan' => 120,
    'tgl_transaksi' => '2019-06-07 01:00:01',
    'jenis_tindakan' => 1,
    'nama_tindakan' => 'Ruangan Flamboyan',
    'bill_rs' => '310000.00',
    'jumlah' => 1,
    'kode_bagian' => '030601',
    'kode_bagian_asal' => '030601',
    'kode_klas' => 12,
    'no_kamar' => '2',
    'no_bed' => '1',
    'status_selesai' => 1,
    'id_dd_user' => 1,
    'kode_trans_pelayanan' => 4149848,
    'executed' => 'executed',
  ),
  4 => 
  array (
    'no_kunjungan' => 860551,
    'no_registrasi' => 580389,
    'no_mr' => '00210832',
    'nama_pasien_layan' => 'RATIH JUMIATY, Ny.',
    'kode_kelompok' => 3,
    'kode_perusahaan' => 120,
    'tgl_transaksi' => '2019-06-07 01:00:01',
    'jenis_tindakan' => 1,
    'nama_tindakan' => 'Ruangan Mawar',
    'bill_rs' => '210000.00',
    'jumlah' => 1,
    'kode_bagian' => '031301',
    'kode_bagian_asal' => '031301',
    'kode_klas' => 13,
    'no_kamar' => '2',
    'no_bed' => '4',
    'status_selesai' => 1,
    'id_dd_user' => 1,
    'kode_trans_pelayanan' => 4149849,
    'executed' => 'executed',
  ),
  5 => 
  array (
    'no_kunjungan' => 860586,
    'no_registrasi' => 580392,
    'no_mr' => '00238631',
    'nama_pasien_layan' => 'HARYA DAMAR WIDIPUTRA',
    'kode_kelompok' => 3,
    'kode_perusahaan' => 120,
    'tgl_transaksi' => '2019-06-07 01:00:01',
    'jenis_tindakan' => 1,
    'nama_tindakan' => 'Ruangan Anggrek',
    'bill_rs' => '1000000.00',
    'jumlah' => 1,
    'kode_bagian' => '030201',
    'kode_bagian_asal' => '030201',
    'kode_klas' => 3,
    'no_kamar' => '1',
    'no_bed' => ' 1',
    'status_selesai' => 1,
    'id_dd_user' => 1,
    'kode_trans_pelayanan' => 4149850,
    'executed' => 'executed',
  ),
  6 => 
  array (
    'no_kunjungan' => 860594,
    'no_registrasi' => 580416,
    'no_mr' => '00238633',
    'nama_pasien_layan' => 'SUPRIYATIN S',
    'kode_kelompok' => 3,
    'kode_perusahaan' => 120,
    'tgl_transaksi' => '2019-06-07 01:00:01',
    'jenis_tindakan' => 1,
    'nama_tindakan' => 'Ruangan Melati',
    'bill_rs' => '140000.00',
    'jumlah' => 1,
    'kode_bagian' => '031401',
    'kode_bagian_asal' => '031401',
    'kode_klas' => 6,
    'no_kamar' => '1',
    'no_bed' => '8',
    'status_selesai' => 1,
    'id_dd_user' => 1,
    'kode_trans_pelayanan' => 4149851,
    'executed' => 'executed',
  ),
  7 => 
  array (
    'no_kunjungan' => 860656,
    'no_registrasi' => 580462,
    'no_mr' => '00210185',
    'nama_pasien_layan' => 'WORO SRI KAWENTAR, Ny.',
    'kode_kelompok' => 3,
    'kode_perusahaan' => 120,
    'tgl_transaksi' => '2019-06-07 01:00:01',
    'jenis_tindakan' => 1,
    'nama_tindakan' => 'Ruangan Seruni Ruang Nifas',
    'bill_rs' => NULL,
    'jumlah' => 1,
    'kode_bagian' => '031601',
    'kode_bagian_asal' => '031601',
    'kode_klas' => 13,
    'no_kamar' => '2',
    'no_bed' => '1',
    'status_selesai' => 1,
    'id_dd_user' => 1,
    'kode_trans_pelayanan' => 4149819,
    'executed' => 'not_executed',
  ),
)