Jumlah Record = 23, Eksekusi = 23, No Eksekusi = 0 
array (
  0 => 
  array (
    'no_kunjungan' => 863078,
    'no_registrasi' => 582206,
    'no_mr' => '00141396',
    'nama_pasien_layan' => 'ENI NURHAENI, NY.',
    'kode_kelompok' => 1,
    'kode_perusahaan' => 0,
    'tgl_transaksi' => '2019-07-27 01:00:00',
    'jenis_tindakan' => 1,
    'nama_tindakan' => 'Ruangan Melati',
    'bill_rs' => '250000.00',
    'jumlah' => 1,
    'kode_bagian' => '031401',
    'kode_bagian_asal' => '031401',
    'kode_klas' => 6,
    'no_kamar' => '1',
    'no_bed' => '3',
    'status_selesai' => 1,
    'id_dd_user' => 1,
    'kode_trans_pelayanan' => 4266642,
    'executed' => 'executed',
  ),
  1 => 
  array (
    'no_kunjungan' => 886059,
    'no_registrasi' => 598846,
    'no_mr' => '00131413',
    'nama_pasien_layan' => 'SUMINI, NY.',
    'kode_kelompok' => 3,
    'kode_perusahaan' => 120,
    'tgl_transaksi' => '2019-07-27 01:00:00',
    'jenis_tindakan' => 1,
    'nama_tindakan' => 'Ruangan Kenanga',
    'bill_rs' => '600000.00',
    'jumlah' => 1,
    'kode_bagian' => '030701',
    'kode_bagian_asal' => '030701',
    'kode_klas' => 5,
    'no_kamar' => '5',
    'no_bed' => '1 ',
    'status_selesai' => 1,
    'id_dd_user' => 1,
    'kode_trans_pelayanan' => 4266643,
    'executed' => 'executed',
  ),
  2 => 
  array (
    'no_kunjungan' => 886118,
    'no_registrasi' => 598867,
    'no_mr' => '00156328',
    'nama_pasien_layan' => 'ST GATOT PURWANTO, TN.',
    'kode_kelompok' => 3,
    'kode_perusahaan' => 120,
    'tgl_transaksi' => '2019-07-27 01:00:00',
    'jenis_tindakan' => 1,
    'nama_tindakan' => 'Ruangan Kenanga',
    'bill_rs' => '600000.00',
    'jumlah' => 1,
    'kode_bagian' => '030701',
    'kode_bagian_asal' => '030701',
    'kode_klas' => 5,
    'no_kamar' => '3',
    'no_bed' => ' 1',
    'status_selesai' => 1,
    'id_dd_user' => 1,
    'kode_trans_pelayanan' => 4266644,
    'executed' => 'executed',
  ),
  3 => 
  array (
    'no_kunjungan' => 886373,
    'no_registrasi' => 599082,
    'no_mr' => '00240433',
    'nama_pasien_layan' => 'UBAIDILLAH',
    'kode_kelompok' => 3,
    'kode_perusahaan' => 120,
    'tgl_transaksi' => '2019-07-27 01:00:00',
    'jenis_tindakan' => 1,
    'nama_tindakan' => 'Ruangan Melati',
    'bill_rs' => '140000.00',
    'jumlah' => 1,
    'kode_bagian' => '031401',
    'kode_bagian_asal' => '031401',
    'kode_klas' => 6,
    'no_kamar' => '2',
    'no_bed' => '1',
    'status_selesai' => 1,
    'id_dd_user' => 1,
    'kode_trans_pelayanan' => 4266645,
    'executed' => 'executed',
  ),
  4 => 
  array (
    'no_kunjungan' => 887247,
    'no_registrasi' => 599626,
    'no_mr' => '00241104',
    'nama_pasien_layan' => 'WITRI YUNITA',
    'kode_kelompok' => 3,
    'kode_perusahaan' => 120,
    'tgl_transaksi' => '2019-07-27 01:00:01',
    'jenis_tindakan' => 1,
    'nama_tindakan' => 'Ruangan Melati',
    'bill_rs' => '140000.00',
    'jumlah' => 1,
    'kode_bagian' => '031401',
    'kode_bagian_asal' => '031401',
    'kode_klas' => 6,
    'no_kamar' => '1',
    'no_bed' => '2',
    'status_selesai' => 1,
    'id_dd_user' => 1,
    'kode_trans_pelayanan' => 4266646,
    'executed' => 'executed',
  ),
  5 => 
  array (
    'no_kunjungan' => 887456,
    'no_registrasi' => 599878,
    'no_mr' => '00241143',
    'nama_pasien_layan' => 'MUHAMMAD ZAFRAN ALFARIZI',
    'kode_kelompok' => 3,
    'kode_perusahaan' => 120,
    'tgl_transaksi' => '2019-07-27 01:00:01',
    'jenis_tindakan' => 1,
    'nama_tindakan' => 'Ruangan Seruni',
    'bill_rs' => '210000.00',
    'jumlah' => 1,
    'kode_bagian' => '030301',
    'kode_bagian_asal' => '030301',
    'kode_klas' => 13,
    'no_kamar' => '4',
    'no_bed' => '2',
    'status_selesai' => 1,
    'id_dd_user' => 1,
    'kode_trans_pelayanan' => 4266647,
    'executed' => 'executed',
  ),
  6 => 
  array (
    'no_kunjungan' => 887740,
    'no_registrasi' => 600061,
    'no_mr' => '00240908',
    'nama_pasien_layan' => 'SANI SARASWATI',
    'kode_kelompok' => 3,
    'kode_perusahaan' => 120,
    'tgl_transaksi' => '2019-07-27 01:00:01',
    'jenis_tindakan' => 1,
    'nama_tindakan' => 'Ruangan Bougenvile',
    'bill_rs' => '140000.00',
    'jumlah' => 1,
    'kode_bagian' => '031701',
    'kode_bagian_asal' => '031701',
    'kode_klas' => 6,
    'no_kamar' => '1',
    'no_bed' => '1',
    'status_selesai' => 1,
    'id_dd_user' => 1,
    'kode_trans_pelayanan' => 4266648,
    'executed' => 'executed',
  ),
  7 => 
  array (
    'no_kunjungan' => 887778,
    'no_registrasi' => 600124,
    'no_mr' => '00239898',
    'nama_pasien_layan' => 'SITI KHUSAIMAH, NY.',
    'kode_kelompok' => 3,
    'kode_perusahaan' => 120,
    'tgl_transaksi' => '2019-07-27 01:00:01',
    'jenis_tindakan' => 1,
    'nama_tindakan' => 'Ruangan Bougenvile',
    'bill_rs' => '140000.00',
    'jumlah' => 1,
    'kode_bagian' => '031701',
    'kode_bagian_asal' => '031701',
    'kode_klas' => 6,
    'no_kamar' => '1',
    'no_bed' => '2',
    'status_selesai' => 1,
    'id_dd_user' => 1,
    'kode_trans_pelayanan' => 4266649,
    'executed' => 'executed',
  ),
  8 => 
  array (
    'no_kunjungan' => 887786,
    'no_registrasi' => 600132,
    'no_mr' => '00240790',
    'nama_pasien_layan' => 'MOH.NAIM, Tn.',
    'kode_kelompok' => 3,
    'kode_perusahaan' => 120,
    'tgl_transaksi' => '2019-07-27 01:00:01',
    'jenis_tindakan' => 1,
    'nama_tindakan' => 'Ruangan Melati',
    'bill_rs' => '140000.00',
    'jumlah' => 1,
    'kode_bagian' => '031401',
    'kode_bagian_asal' => '031401',
    'kode_klas' => 6,
    'no_kamar' => '2',
    'no_bed' => '4',
    'status_selesai' => 1,
    'id_dd_user' => 1,
    'kode_trans_pelayanan' => 4266650,
    'executed' => 'executed',
  ),
  9 => 
  array (
    'no_kunjungan' => 887789,
    'no_registrasi' => 600135,
    'no_mr' => '00240634',
    'nama_pasien_layan' => 'ISDRIATMOKO, Tn.',
    'kode_kelompok' => 3,
    'kode_perusahaan' => 120,
    'tgl_transaksi' => '2019-07-27 01:00:01',
    'jenis_tindakan' => 1,
    'nama_tindakan' => 'Ruangan Melati',
    'bill_rs' => '140000.00',
    'jumlah' => 1,
    'kode_bagian' => '031401',
    'kode_bagian_asal' => '031401',
    'kode_klas' => 6,
    'no_kamar' => '2',
    'no_bed' => '2',
    'status_selesai' => 1,
    'id_dd_user' => 1,
    'kode_trans_pelayanan' => 4266651,
    'executed' => 'executed',
  ),
  10 => 
  array (
    'no_kunjungan' => 887871,
    'no_registrasi' => 600213,
    'no_mr' => '00241166',
    'nama_pasien_layan' => 'BY. NY SANI SARASWATI',
    'kode_kelompok' => 3,
    'kode_perusahaan' => 120,
    'tgl_transaksi' => '2019-07-27 01:00:01',
    'jenis_tindakan' => 1,
    'nama_tindakan' => 'Ruangan Kamar Bayi',
    'bill_rs' => '120000.00',
    'jumlah' => 1,
    'kode_bagian' => '031201',
    'kode_bagian_asal' => '031201',
    'kode_klas' => 6,
    'no_kamar' => '03',
    'no_bed' => '1',
    'status_selesai' => 1,
    'id_dd_user' => 1,
    'kode_trans_pelayanan' => 4266652,
    'executed' => 'executed',
  ),
  11 => 
  array (
    'no_kunjungan' => 888143,
    'no_registrasi' => 600405,
    'no_mr' => '00241187',
    'nama_pasien_layan' => 'BY NY SITI KHUSAIMAH',
    'kode_kelompok' => 3,
    'kode_perusahaan' => 120,
    'tgl_transaksi' => '2019-07-27 01:00:02',
    'jenis_tindakan' => 1,
    'nama_tindakan' => 'Ruangan Kamar Bayi',
    'bill_rs' => '120000.00',
    'jumlah' => 1,
    'kode_bagian' => '031201',
    'kode_bagian_asal' => '031201',
    'kode_klas' => 6,
    'no_kamar' => '03',
    'no_bed' => '2',
    'status_selesai' => 1,
    'id_dd_user' => 1,
    'kode_trans_pelayanan' => 4266653,
    'executed' => 'executed',
  ),
  12 => 
  array (
    'no_kunjungan' => 888150,
    'no_registrasi' => 600407,
    'no_mr' => '00241172',
    'nama_pasien_layan' => 'NURHILDA',
    'kode_kelompok' => 3,
    'kode_perusahaan' => 120,
    'tgl_transaksi' => '2019-07-27 01:00:02',
    'jenis_tindakan' => 1,
    'nama_tindakan' => 'Ruangan Melati',
    'bill_rs' => '140000.00',
    'jumlah' => 1,
    'kode_bagian' => '031401',
    'kode_bagian_asal' => '031401',
    'kode_klas' => 6,
    'no_kamar' => '1',
    'no_bed' => '8',
    'status_selesai' => 1,
    'id_dd_user' => 1,
    'kode_trans_pelayanan' => 4266654,
    'executed' => 'executed',
  ),
  13 => 
  array (
    'no_kunjungan' => 888151,
    'no_registrasi' => 600408,
    'no_mr' => '00185856',
    'nama_pasien_layan' => 'FATIMAH, Ny.',
    'kode_kelompok' => 3,
    'kode_perusahaan' => 120,
    'tgl_transaksi' => '2019-07-27 01:00:02',
    'jenis_tindakan' => 1,
    'nama_tindakan' => 'Ruangan Melati',
    'bill_rs' => '140000.00',
    'jumlah' => 1,
    'kode_bagian' => '031401',
    'kode_bagian_asal' => '031401',
    'kode_klas' => 6,
    'no_kamar' => '1',
    'no_bed' => '5',
    'status_selesai' => 1,
    'id_dd_user' => 1,
    'kode_trans_pelayanan' => 4266655,
    'executed' => 'executed',
  ),
  14 => 
  array (
    'no_kunjungan' => 888169,
    'no_registrasi' => 600415,
    'no_mr' => '00211102',
    'nama_pasien_layan' => 'WAINI, Tn.',
    'kode_kelompok' => 1,
    'kode_perusahaan' => 0,
    'tgl_transaksi' => '2019-07-27 01:00:02',
    'jenis_tindakan' => 1,
    'nama_tindakan' => 'Ruangan Mawar',
    'bill_rs' => '410000.00',
    'jumlah' => 1,
    'kode_bagian' => '031301',
    'kode_bagian_asal' => '031301',
    'kode_klas' => 13,
    'no_kamar' => '1',
    'no_bed' => '3',
    'status_selesai' => 1,
    'id_dd_user' => 1,
    'kode_trans_pelayanan' => 4266656,
    'executed' => 'executed',
  ),
  15 => 
  array (
    'no_kunjungan' => 888195,
    'no_registrasi' => 600428,
    'no_mr' => '00178051',
    'nama_pasien_layan' => 'SUKARTILAH, Ny.',
    'kode_kelompok' => 3,
    'kode_perusahaan' => 120,
    'tgl_transaksi' => '2019-07-27 01:00:02',
    'jenis_tindakan' => 1,
    'nama_tindakan' => 'Ruangan Flamboyan',
    'bill_rs' => '310000.00',
    'jumlah' => 1,
    'kode_bagian' => '030601',
    'kode_bagian_asal' => '030601',
    'kode_klas' => 12,
    'no_kamar' => '1',
    'no_bed' => '1',
    'status_selesai' => 1,
    'id_dd_user' => 1,
    'kode_trans_pelayanan' => 4266657,
    'executed' => 'executed',
  ),
  16 => 
  array (
    'no_kunjungan' => 888196,
    'no_registrasi' => 600429,
    'no_mr' => '00240935',
    'nama_pasien_layan' => 'SJARIFUDDIN ANWAR, Tn.',
    'kode_kelompok' => 3,
    'kode_perusahaan' => 120,
    'tgl_transaksi' => '2019-07-27 01:00:02',
    'jenis_tindakan' => 1,
    'nama_tindakan' => 'Ruangan Mawar',
    'bill_rs' => '140000.00',
    'jumlah' => 1,
    'kode_bagian' => '031301',
    'kode_bagian_asal' => '031301',
    'kode_klas' => 13,
    'no_kamar' => '1',
    'no_bed' => '2',
    'status_selesai' => 1,
    'id_dd_user' => 1,
    'kode_trans_pelayanan' => 4266658,
    'executed' => 'executed',
  ),
  17 => 
  array (
    'no_kunjungan' => 888197,
    'no_registrasi' => 600430,
    'no_mr' => '00240596',
    'nama_pasien_layan' => 'MARYATI, Ny.',
    'kode_kelompok' => 3,
    'kode_perusahaan' => 120,
    'tgl_transaksi' => '2019-07-27 01:00:02',
    'jenis_tindakan' => 1,
    'nama_tindakan' => 'Ruangan Flamboyan',
    'bill_rs' => '310000.00',
    'jumlah' => 1,
    'kode_bagian' => '030601',
    'kode_bagian_asal' => '030601',
    'kode_klas' => 12,
    'no_kamar' => '1',
    'no_bed' => '2',
    'status_selesai' => 1,
    'id_dd_user' => 1,
    'kode_trans_pelayanan' => 4266659,
    'executed' => 'executed',
  ),
  18 => 
  array (
    'no_kunjungan' => 888198,
    'no_registrasi' => 600431,
    'no_mr' => '00240950',
    'nama_pasien_layan' => 'RR INDAH TRISNANINGSIH P, Ny.',
    'kode_kelompok' => 1,
    'kode_perusahaan' => 0,
    'tgl_transaksi' => '2019-07-27 01:00:03',
    'jenis_tindakan' => 1,
    'nama_tindakan' => 'Ruangan Wijayakusuma',
    'bill_rs' => '1200000.00',
    'jumlah' => 1,
    'kode_bagian' => '030101',
    'kode_bagian_asal' => '030101',
    'kode_klas' => 2,
    'no_kamar' => '6',
    'no_bed' => '1',
    'status_selesai' => 1,
    'id_dd_user' => 1,
    'kode_trans_pelayanan' => 4266660,
    'executed' => 'executed',
  ),
  19 => 
  array (
    'no_kunjungan' => 888199,
    'no_registrasi' => 600432,
    'no_mr' => '00240060',
    'nama_pasien_layan' => 'SYARIFATUL YUPITA',
    'kode_kelompok' => 3,
    'kode_perusahaan' => 120,
    'tgl_transaksi' => '2019-07-27 01:00:03',
    'jenis_tindakan' => 1,
    'nama_tindakan' => 'Ruangan Melati',
    'bill_rs' => '140000.00',
    'jumlah' => 1,
    'kode_bagian' => '031401',
    'kode_bagian_asal' => '031401',
    'kode_klas' => 6,
    'no_kamar' => '2',
    'no_bed' => '1',
    'status_selesai' => 1,
    'id_dd_user' => 1,
    'kode_trans_pelayanan' => 4266661,
    'executed' => 'executed',
  ),
  20 => 
  array (
    'no_kunjungan' => 888200,
    'no_registrasi' => 600433,
    'no_mr' => '00192806',
    'nama_pasien_layan' => 'DJAFAR, H, TN.',
    'kode_kelompok' => 3,
    'kode_perusahaan' => 120,
    'tgl_transaksi' => '2019-07-27 01:00:03',
    'jenis_tindakan' => 1,
    'nama_tindakan' => 'Ruangan Dahlia',
    'bill_rs' => '850000.00',
    'jumlah' => 1,
    'kode_bagian' => '030401',
    'kode_bagian_asal' => '030401',
    'kode_klas' => 4,
    'no_kamar' => '1',
    'no_bed' => '1',
    'status_selesai' => 1,
    'id_dd_user' => 1,
    'kode_trans_pelayanan' => 4266662,
    'executed' => 'executed',
  ),
  21 => 
  array (
    'no_kunjungan' => 888492,
    'no_registrasi' => 600450,
    'no_mr' => '00234449',
    'nama_pasien_layan' => 'ARIE BOWO RACHMADI',
    'kode_kelompok' => 3,
    'kode_perusahaan' => 15,
    'tgl_transaksi' => '2019-07-27 01:00:03',
    'jenis_tindakan' => 1,
    'nama_tindakan' => 'Ruangan Kenanga',
    'bill_rs' => '600000.00',
    'jumlah' => 1,
    'kode_bagian' => '030701',
    'kode_bagian_asal' => '030701',
    'kode_klas' => 5,
    'no_kamar' => '2',
    'no_bed' => '1',
    'status_selesai' => 1,
    'id_dd_user' => 1,
    'kode_trans_pelayanan' => 4266663,
    'executed' => 'executed',
  ),
  22 => 
  array (
    'no_kunjungan' => 888493,
    'no_registrasi' => 600653,
    'no_mr' => '00038287',
    'nama_pasien_layan' => 'NILA SARI SYAHRIAL REKSOPRODJO, NY.',
    'kode_kelompok' => 3,
    'kode_perusahaan' => 34,
    'tgl_transaksi' => '2019-07-27 01:00:03',
    'jenis_tindakan' => 1,
    'nama_tindakan' => 'Ruangan Wijayakusuma',
    'bill_rs' => '1200000.00',
    'jumlah' => 1,
    'kode_bagian' => '030101',
    'kode_bagian_asal' => '030101',
    'kode_klas' => 2,
    'no_kamar' => '5',
    'no_bed' => '1',
    'status_selesai' => 1,
    'id_dd_user' => 1,
    'kode_trans_pelayanan' => 4266664,
    'executed' => 'executed',
  ),
)