Jumlah Record = 27, Eksekusi = 24, No Eksekusi = 3 
array (
  0 => 
  array (
    'no_kunjungan' => 870205,
    'no_registrasi' => 587203,
    'no_mr' => '00239497',
    'nama_pasien_layan' => 'FADHLURRAHMAN',
    'kode_kelompok' => 1,
    'kode_perusahaan' => 0,
    'tgl_transaksi' => '2019-07-03 01:00:00',
    'jenis_tindakan' => 1,
    'nama_tindakan' => 'Ruangan Anggrek',
    'bill_rs' => '1000000.00',
    'jumlah' => 1,
    'kode_bagian' => '030201',
    'kode_bagian_asal' => '030201',
    'kode_klas' => 3,
    'no_kamar' => '5',
    'no_bed' => '1',
    'status_selesai' => 1,
    'id_dd_user' => 1,
    'kode_trans_pelayanan' => 4210169,
    'executed' => 'executed',
  ),
  1 => 
  array (
    'no_kunjungan' => 871421,
    'no_registrasi' => 588093,
    'no_mr' => '00232563',
    'nama_pasien_layan' => 'PERCOBAAN',
    'kode_kelompok' => 1,
    'kode_perusahaan' => 0,
    'tgl_transaksi' => '2019-07-03 01:00:00',
    'jenis_tindakan' => 1,
    'nama_tindakan' => 'Ruangan Wijayakusuma',
    'bill_rs' => '1200000.00',
    'jumlah' => 1,
    'kode_bagian' => '030101',
    'kode_bagian_asal' => '030101',
    'kode_klas' => 2,
    'no_kamar' => '4',
    'no_bed' => '1',
    'status_selesai' => 1,
    'id_dd_user' => 1,
    'kode_trans_pelayanan' => 4210170,
    'executed' => 'executed',
  ),
  2 => 
  array (
    'no_kunjungan' => 871713,
    'no_registrasi' => 588242,
    'no_mr' => '00052131',
    'nama_pasien_layan' => 'DAMAR LISTIYA, NY.',
    'kode_kelompok' => 3,
    'kode_perusahaan' => 120,
    'tgl_transaksi' => '2019-07-03 01:00:00',
    'jenis_tindakan' => 1,
    'nama_tindakan' => 'Ruangan Flamboyan',
    'bill_rs' => '310000.00',
    'jumlah' => 1,
    'kode_bagian' => '030601',
    'kode_bagian_asal' => '030601',
    'kode_klas' => 12,
    'no_kamar' => '2',
    'no_bed' => '2',
    'status_selesai' => 1,
    'id_dd_user' => 1,
    'kode_trans_pelayanan' => 4210171,
    'executed' => 'executed',
  ),
  3 => 
  array (
    'no_kunjungan' => 873462,
    'no_registrasi' => 589487,
    'no_mr' => '00239773',
    'nama_pasien_layan' => 'MAULANA IBRAHIM',
    'kode_kelompok' => 3,
    'kode_perusahaan' => 120,
    'tgl_transaksi' => '2019-07-03 01:00:00',
    'jenis_tindakan' => 1,
    'nama_tindakan' => 'Ruangan Melati',
    'bill_rs' => '140000.00',
    'jumlah' => 1,
    'kode_bagian' => '031401',
    'kode_bagian_asal' => '031401',
    'kode_klas' => 6,
    'no_kamar' => '2',
    'no_bed' => '2',
    'status_selesai' => 1,
    'id_dd_user' => 1,
    'kode_trans_pelayanan' => 4210172,
    'executed' => 'executed',
  ),
  4 => 
  array (
    'no_kunjungan' => 873559,
    'no_registrasi' => 589608,
    'no_mr' => '00175116',
    'nama_pasien_layan' => 'SAMSIDAR, Ny.',
    'kode_kelompok' => 3,
    'kode_perusahaan' => 120,
    'tgl_transaksi' => '2019-07-03 01:00:01',
    'jenis_tindakan' => 1,
    'nama_tindakan' => 'Ruangan Kenanga',
    'bill_rs' => '600000.00',
    'jumlah' => 1,
    'kode_bagian' => '030701',
    'kode_bagian_asal' => '030701',
    'kode_klas' => 5,
    'no_kamar' => '3',
    'no_bed' => ' 1',
    'status_selesai' => 1,
    'id_dd_user' => 1,
    'kode_trans_pelayanan' => 4210173,
    'executed' => 'executed',
  ),
  5 => 
  array (
    'no_kunjungan' => 873558,
    'no_registrasi' => 589609,
    'no_mr' => '00129616',
    'nama_pasien_layan' => 'MARZUKI',
    'kode_kelompok' => 3,
    'kode_perusahaan' => 120,
    'tgl_transaksi' => '2019-07-03 01:00:01',
    'jenis_tindakan' => 1,
    'nama_tindakan' => 'Ruangan Melati',
    'bill_rs' => '140000.00',
    'jumlah' => 1,
    'kode_bagian' => '031401',
    'kode_bagian_asal' => '031401',
    'kode_klas' => 6,
    'no_kamar' => '2',
    'no_bed' => '1',
    'status_selesai' => 1,
    'id_dd_user' => 1,
    'kode_trans_pelayanan' => 4210174,
    'executed' => 'executed',
  ),
  6 => 
  array (
    'no_kunjungan' => 873586,
    'no_registrasi' => 589619,
    'no_mr' => '00221232',
    'nama_pasien_layan' => 'INDAH WIDIASTUTI, Ny.',
    'kode_kelompok' => 3,
    'kode_perusahaan' => 120,
    'tgl_transaksi' => '2019-07-03 01:00:01',
    'jenis_tindakan' => 1,
    'nama_tindakan' => 'Ruangan Mawar',
    'bill_rs' => '210000.00',
    'jumlah' => 1,
    'kode_bagian' => '031301',
    'kode_bagian_asal' => '031301',
    'kode_klas' => 13,
    'no_kamar' => '2',
    'no_bed' => '1',
    'status_selesai' => 1,
    'id_dd_user' => 1,
    'kode_trans_pelayanan' => 4210175,
    'executed' => 'executed',
  ),
  7 => 
  array (
    'no_kunjungan' => 873598,
    'no_registrasi' => 589626,
    'no_mr' => '00239795',
    'nama_pasien_layan' => 'HJ. MAIMUNAH',
    'kode_kelompok' => 3,
    'kode_perusahaan' => 120,
    'tgl_transaksi' => '2019-07-03 01:00:01',
    'jenis_tindakan' => 1,
    'nama_tindakan' => 'Ruangan Flamboyan',
    'bill_rs' => '310000.00',
    'jumlah' => 1,
    'kode_bagian' => '030601',
    'kode_bagian_asal' => '030601',
    'kode_klas' => 12,
    'no_kamar' => '3',
    'no_bed' => '2',
    'status_selesai' => 1,
    'id_dd_user' => 1,
    'kode_trans_pelayanan' => 4210176,
    'executed' => 'executed',
  ),
  8 => 
  array (
    'no_kunjungan' => 873777,
    'no_registrasi' => 589707,
    'no_mr' => '00165739',
    'nama_pasien_layan' => 'HJ DWI SUBACHTUTI, NY., NY., NY.',
    'kode_kelompok' => 3,
    'kode_perusahaan' => 120,
    'tgl_transaksi' => '2019-07-03 01:00:01',
    'jenis_tindakan' => 1,
    'nama_tindakan' => 'Ruangan Wijayakusuma',
    'bill_rs' => '1200000.00',
    'jumlah' => 1,
    'kode_bagian' => '030101',
    'kode_bagian_asal' => '030101',
    'kode_klas' => 2,
    'no_kamar' => '6',
    'no_bed' => '1',
    'status_selesai' => 1,
    'id_dd_user' => 1,
    'kode_trans_pelayanan' => 4210177,
    'executed' => 'executed',
  ),
  9 => 
  array (
    'no_kunjungan' => 873959,
    'no_registrasi' => 589715,
    'no_mr' => '00194840',
    'nama_pasien_layan' => 'FITRI ROSITA, Ny.',
    'kode_kelompok' => 3,
    'kode_perusahaan' => 256,
    'tgl_transaksi' => '2019-07-03 01:00:01',
    'jenis_tindakan' => 1,
    'nama_tindakan' => 'Ruangan Flamboyan',
    'bill_rs' => '670000.00',
    'jumlah' => 1,
    'kode_bagian' => '030601',
    'kode_bagian_asal' => '030601',
    'kode_klas' => 12,
    'no_kamar' => '1',
    'no_bed' => '1',
    'status_selesai' => 1,
    'id_dd_user' => 1,
    'kode_trans_pelayanan' => 4210178,
    'executed' => 'executed',
  ),
  10 => 
  array (
    'no_kunjungan' => 873894,
    'no_registrasi' => 589867,
    'no_mr' => '00110828',
    'nama_pasien_layan' => 'MUHAMAD NOOR HSN, TN., TN.',
    'kode_kelompok' => 3,
    'kode_perusahaan' => 120,
    'tgl_transaksi' => '2019-07-03 01:00:01',
    'jenis_tindakan' => 1,
    'nama_tindakan' => 'Ruangan Mawar',
    'bill_rs' => '140000.00',
    'jumlah' => 1,
    'kode_bagian' => '031301',
    'kode_bagian_asal' => '031301',
    'kode_klas' => 13,
    'no_kamar' => '1',
    'no_bed' => '2',
    'status_selesai' => 1,
    'id_dd_user' => 1,
    'kode_trans_pelayanan' => 4210179,
    'executed' => 'executed',
  ),
  11 => 
  array (
    'no_kunjungan' => 874432,
    'no_registrasi' => 590243,
    'no_mr' => '00239886',
    'nama_pasien_layan' => 'AZDAN PUTRA SUTRISNO',
    'kode_kelompok' => 3,
    'kode_perusahaan' => 120,
    'tgl_transaksi' => '2019-07-03 01:00:01',
    'jenis_tindakan' => 1,
    'nama_tindakan' => 'Ruangan Seruni',
    'bill_rs' => '210000.00',
    'jumlah' => 1,
    'kode_bagian' => '030301',
    'kode_bagian_asal' => '030301',
    'kode_klas' => 13,
    'no_kamar' => '4',
    'no_bed' => '3',
    'status_selesai' => 1,
    'id_dd_user' => 1,
    'kode_trans_pelayanan' => 4210180,
    'executed' => 'executed',
  ),
  12 => 
  array (
    'no_kunjungan' => 874517,
    'no_registrasi' => 590250,
    'no_mr' => '00228496',
    'nama_pasien_layan' => 'WAHTINI, Ny.',
    'kode_kelompok' => 3,
    'kode_perusahaan' => 120,
    'tgl_transaksi' => '2019-07-03 01:00:02',
    'jenis_tindakan' => 1,
    'nama_tindakan' => 'Ruangan Melati',
    'bill_rs' => '140000.00',
    'jumlah' => 1,
    'kode_bagian' => '031401',
    'kode_bagian_asal' => '031401',
    'kode_klas' => 6,
    'no_kamar' => '1',
    'no_bed' => '1',
    'status_selesai' => 1,
    'id_dd_user' => 1,
    'kode_trans_pelayanan' => 4210181,
    'executed' => 'executed',
  ),
  13 => 
  array (
    'no_kunjungan' => 874628,
    'no_registrasi' => 590303,
    'no_mr' => '00211065',
    'nama_pasien_layan' => 'MUSTOFA, TN.',
    'kode_kelompok' => 3,
    'kode_perusahaan' => 120,
    'tgl_transaksi' => '2019-07-03 01:00:02',
    'jenis_tindakan' => 1,
    'nama_tindakan' => 'Ruangan Flamboyan',
    'bill_rs' => '310000.00',
    'jumlah' => 1,
    'kode_bagian' => '030601',
    'kode_bagian_asal' => '030601',
    'kode_klas' => 12,
    'no_kamar' => '4',
    'no_bed' => '2 ',
    'status_selesai' => 1,
    'id_dd_user' => 1,
    'kode_trans_pelayanan' => 4210182,
    'executed' => 'executed',
  ),
  14 => 
  array (
    'no_kunjungan' => 874592,
    'no_registrasi' => 590386,
    'no_mr' => '00238040',
    'nama_pasien_layan' => 'DHEANDRA ANDWITA',
    'kode_kelompok' => 3,
    'kode_perusahaan' => 120,
    'tgl_transaksi' => '2019-07-03 01:00:02',
    'jenis_tindakan' => 1,
    'nama_tindakan' => 'Ruangan Seruni Ruang Nifas',
    'bill_rs' => '310000.00',
    'jumlah' => 1,
    'kode_bagian' => '031601',
    'kode_bagian_asal' => '031601',
    'kode_klas' => 12,
    'no_kamar' => '1',
    'no_bed' => '1 ',
    'status_selesai' => 1,
    'id_dd_user' => 1,
    'kode_trans_pelayanan' => 4210183,
    'executed' => 'executed',
  ),
  15 => 
  array (
    'no_kunjungan' => 874594,
    'no_registrasi' => 590388,
    'no_mr' => '00239338',
    'nama_pasien_layan' => 'KOMARIYAH YULIYANTI',
    'kode_kelompok' => 3,
    'kode_perusahaan' => 120,
    'tgl_transaksi' => '2019-07-03 01:00:02',
    'jenis_tindakan' => 1,
    'nama_tindakan' => 'Ruangan Melati',
    'bill_rs' => '140000.00',
    'jumlah' => 1,
    'kode_bagian' => '031401',
    'kode_bagian_asal' => '031401',
    'kode_klas' => 6,
    'no_kamar' => '1',
    'no_bed' => '8',
    'status_selesai' => 1,
    'id_dd_user' => 1,
    'kode_trans_pelayanan' => 4210184,
    'executed' => 'executed',
  ),
  16 => 
  array (
    'no_kunjungan' => 874641,
    'no_registrasi' => 590421,
    'no_mr' => '00239271',
    'nama_pasien_layan' => 'ULFA NURLITA',
    'kode_kelompok' => 3,
    'kode_perusahaan' => 120,
    'tgl_transaksi' => '2019-07-03 01:00:02',
    'jenis_tindakan' => 1,
    'nama_tindakan' => 'Ruangan Mawar',
    'bill_rs' => '210000.00',
    'jumlah' => 1,
    'kode_bagian' => '031301',
    'kode_bagian_asal' => '031301',
    'kode_klas' => 13,
    'no_kamar' => '2',
    'no_bed' => '2',
    'status_selesai' => 1,
    'id_dd_user' => 1,
    'kode_trans_pelayanan' => 4210185,
    'executed' => 'executed',
  ),
  17 => 
  array (
    'no_kunjungan' => 874643,
    'no_registrasi' => 590422,
    'no_mr' => '00239120',
    'nama_pasien_layan' => 'SUBARI, Tn.',
    'kode_kelompok' => 3,
    'kode_perusahaan' => 120,
    'tgl_transaksi' => '2019-07-03 01:00:02',
    'jenis_tindakan' => 1,
    'nama_tindakan' => 'Ruangan Mawar',
    'bill_rs' => '140000.00',
    'jumlah' => 1,
    'kode_bagian' => '031301',
    'kode_bagian_asal' => '031301',
    'kode_klas' => 13,
    'no_kamar' => '1',
    'no_bed' => '3',
    'status_selesai' => 1,
    'id_dd_user' => 1,
    'kode_trans_pelayanan' => 4210186,
    'executed' => 'executed',
  ),
  18 => 
  array (
    'no_kunjungan' => 874684,
    'no_registrasi' => 590450,
    'no_mr' => '00238886',
    'nama_pasien_layan' => 'HARY KRISTANTO, Tn.',
    'kode_kelompok' => 3,
    'kode_perusahaan' => 120,
    'tgl_transaksi' => '2019-07-03 01:00:02',
    'jenis_tindakan' => 1,
    'nama_tindakan' => 'Ruangan Flamboyan',
    'bill_rs' => '310000.00',
    'jumlah' => 1,
    'kode_bagian' => '030601',
    'kode_bagian_asal' => '030601',
    'kode_klas' => 12,
    'no_kamar' => '4',
    'no_bed' => '1',
    'status_selesai' => 1,
    'id_dd_user' => 1,
    'kode_trans_pelayanan' => 4210187,
    'executed' => 'executed',
  ),
  19 => 
  array (
    'no_kunjungan' => 874741,
    'no_registrasi' => 590501,
    'no_mr' => '00239544',
    'nama_pasien_layan' => 'DRAJAT WIBAWANTO',
    'kode_kelompok' => 3,
    'kode_perusahaan' => 166,
    'tgl_transaksi' => '2019-07-03 01:00:03',
    'jenis_tindakan' => 1,
    'nama_tindakan' => 'Ruangan Kenanga',
    'bill_rs' => '600000.00',
    'jumlah' => 1,
    'kode_bagian' => '030701',
    'kode_bagian_asal' => '030701',
    'kode_klas' => 5,
    'no_kamar' => '2',
    'no_bed' => '1',
    'status_selesai' => 1,
    'id_dd_user' => 1,
    'kode_trans_pelayanan' => 4210188,
    'executed' => 'executed',
  ),
  20 => 
  array (
    'no_kunjungan' => 874771,
    'no_registrasi' => 590529,
    'no_mr' => '00239914',
    'nama_pasien_layan' => 'BY NY DHEANDRA ANDWITA',
    'kode_kelompok' => 3,
    'kode_perusahaan' => 120,
    'tgl_transaksi' => '2019-07-03 01:00:03',
    'jenis_tindakan' => 1,
    'nama_tindakan' => 'Ruangan Kamar Bayi',
    'bill_rs' => '330000.00',
    'jumlah' => 1,
    'kode_bagian' => '031201',
    'kode_bagian_asal' => '031201',
    'kode_klas' => 12,
    'no_kamar' => '01',
    'no_bed' => '2',
    'status_selesai' => 1,
    'id_dd_user' => 1,
    'kode_trans_pelayanan' => 4210189,
    'executed' => 'executed',
  ),
  21 => 
  array (
    'no_kunjungan' => 874909,
    'no_registrasi' => 590593,
    'no_mr' => '00239925',
    'nama_pasien_layan' => 'TINEKE',
    'kode_kelompok' => 3,
    'kode_perusahaan' => 120,
    'tgl_transaksi' => '2019-07-03 01:00:03',
    'jenis_tindakan' => 1,
    'nama_tindakan' => 'Ruangan Anggrek',
    'bill_rs' => '1000000.00',
    'jumlah' => 1,
    'kode_bagian' => '030201',
    'kode_bagian_asal' => '030201',
    'kode_klas' => 3,
    'no_kamar' => '3',
    'no_bed' => '1',
    'status_selesai' => 1,
    'id_dd_user' => 1,
    'kode_trans_pelayanan' => 4210190,
    'executed' => 'executed',
  ),
  22 => 
  array (
    'no_kunjungan' => 875128,
    'no_registrasi' => 590740,
    'no_mr' => '00154969',
    'nama_pasien_layan' => 'DR.MUSLIMAH LUHUNA, SPPD, NY.',
    'kode_kelompok' => 3,
    'kode_perusahaan' => 120,
    'tgl_transaksi' => '2019-07-03 01:00:03',
    'jenis_tindakan' => 1,
    'nama_tindakan' => 'Ruangan Wijayakusuma',
    'bill_rs' => '1200000.00',
    'jumlah' => 1,
    'kode_bagian' => '030101',
    'kode_bagian_asal' => '030101',
    'kode_klas' => 2,
    'no_kamar' => '5',
    'no_bed' => '1',
    'status_selesai' => 1,
    'id_dd_user' => 1,
    'kode_trans_pelayanan' => 4210191,
    'executed' => 'executed',
  ),
  23 => 
  array (
    'no_kunjungan' => 875131,
    'no_registrasi' => 590744,
    'no_mr' => '00239490',
    'nama_pasien_layan' => 'NABILLAH AYU NINGTYAS',
    'kode_kelompok' => 1,
    'kode_perusahaan' => 0,
    'tgl_transaksi' => '2019-07-03 01:00:03',
    'jenis_tindakan' => 1,
    'nama_tindakan' => 'Ruangan Wijayakusuma',
    'bill_rs' => '1200000.00',
    'jumlah' => 1,
    'kode_bagian' => '030101',
    'kode_bagian_asal' => '030101',
    'kode_klas' => 2,
    'no_kamar' => '7',
    'no_bed' => '1',
    'status_selesai' => 1,
    'id_dd_user' => 1,
    'kode_trans_pelayanan' => 4210192,
    'executed' => 'executed',
  ),
  24 => 
  array (
    'no_kunjungan' => 875133,
    'no_registrasi' => 590745,
    'no_mr' => '00235866',
    'nama_pasien_layan' => 'MUFTYA RASSULINA',
    'kode_kelompok' => 3,
    'kode_perusahaan' => 120,
    'tgl_transaksi' => '2019-07-03 01:00:03',
    'jenis_tindakan' => 1,
    'nama_tindakan' => 'Ruangan Bougenvile',
    'bill_rs' => '140000.00',
    'jumlah' => 1,
    'kode_bagian' => '031701',
    'kode_bagian_asal' => '031701',
    'kode_klas' => 6,
    'no_kamar' => '1',
    'no_bed' => '1',
    'status_selesai' => 1,
    'id_dd_user' => 1,
    'kode_trans_pelayanan' => 4210132,
    'executed' => 'not_executed',
  ),
  25 => 
  array (
    'no_kunjungan' => 875134,
    'no_registrasi' => 590746,
    'no_mr' => '00194378',
    'nama_pasien_layan' => 'TRI AGUSTIN, NN.',
    'kode_kelompok' => 3,
    'kode_perusahaan' => 120,
    'tgl_transaksi' => '2019-07-03 01:00:03',
    'jenis_tindakan' => 1,
    'nama_tindakan' => 'Ruangan Seruni Ruang Nifas',
    'bill_rs' => NULL,
    'jumlah' => 1,
    'kode_bagian' => '031601',
    'kode_bagian_asal' => '031601',
    'kode_klas' => 13,
    'no_kamar' => '2',
    'no_bed' => '1',
    'status_selesai' => 1,
    'id_dd_user' => 1,
    'kode_trans_pelayanan' => 4210146,
    'executed' => 'not_executed',
  ),
  26 => 
  array (
    'no_kunjungan' => 875135,
    'no_registrasi' => 590747,
    'no_mr' => '00239376',
    'nama_pasien_layan' => 'GLORIA SIMATUPANG',
    'kode_kelompok' => 3,
    'kode_perusahaan' => 120,
    'tgl_transaksi' => '2019-07-03 01:00:04',
    'jenis_tindakan' => 1,
    'nama_tindakan' => 'Ruangan Seruni Ruang Nifas',
    'bill_rs' => '310000.00',
    'jumlah' => 1,
    'kode_bagian' => '031601',
    'kode_bagian_asal' => '031601',
    'kode_klas' => 12,
    'no_kamar' => '1',
    'no_bed' => '2',
    'status_selesai' => 1,
    'id_dd_user' => 1,
    'kode_trans_pelayanan' => 4210147,
    'executed' => 'not_executed',
  ),
)