Jumlah Record = 28, Eksekusi = 24, No Eksekusi = 4 
array (
  0 => 
  array (
    'no_kunjungan' => 864501,
    'no_registrasi' => 583236,
    'no_mr' => '00189652',
    'nama_pasien_layan' => 'MUHAMMAD DANISH ANSHORI, An.',
    'kode_kelompok' => 3,
    'kode_perusahaan' => 120,
    'tgl_transaksi' => '2019-06-18 01:00:00',
    'jenis_tindakan' => 1,
    'nama_tindakan' => 'Ruangan Flamboyan',
    'bill_rs' => '310000.00',
    'jumlah' => 1,
    'kode_bagian' => '030601',
    'kode_bagian_asal' => '030601',
    'kode_klas' => 12,
    'no_kamar' => '4',
    'no_bed' => '2 ',
    'status_selesai' => 1,
    'id_dd_user' => 1,
    'kode_trans_pelayanan' => 4172019,
    'executed' => 'executed',
  ),
  1 => 
  array (
    'no_kunjungan' => 864694,
    'no_registrasi' => 583251,
    'no_mr' => '00106658',
    'nama_pasien_layan' => 'ALI JAMHURI, TN.',
    'kode_kelompok' => 3,
    'kode_perusahaan' => 30,
    'tgl_transaksi' => '2019-06-18 01:00:00',
    'jenis_tindakan' => 1,
    'nama_tindakan' => 'Ruangan Teratai',
    'bill_rs' => '600000.00',
    'jumlah' => 1,
    'kode_bagian' => '030801',
    'kode_bagian_asal' => '030801',
    'kode_klas' => 5,
    'no_kamar' => '2',
    'no_bed' => '1',
    'status_selesai' => 1,
    'id_dd_user' => 1,
    'kode_trans_pelayanan' => 4172020,
    'executed' => 'executed',
  ),
  2 => 
  array (
    'no_kunjungan' => 864701,
    'no_registrasi' => 583261,
    'no_mr' => '00239032',
    'nama_pasien_layan' => 'ASELIH',
    'kode_kelompok' => 3,
    'kode_perusahaan' => 120,
    'tgl_transaksi' => '2019-06-18 01:00:01',
    'jenis_tindakan' => 1,
    'nama_tindakan' => 'Ruangan Kenanga',
    'bill_rs' => '600000.00',
    'jumlah' => 1,
    'kode_bagian' => '030701',
    'kode_bagian_asal' => '030701',
    'kode_klas' => 5,
    'no_kamar' => '1',
    'no_bed' => '1 ',
    'status_selesai' => 1,
    'id_dd_user' => 1,
    'kode_trans_pelayanan' => 4172021,
    'executed' => 'executed',
  ),
  3 => 
  array (
    'no_kunjungan' => 864900,
    'no_registrasi' => 583356,
    'no_mr' => '00239044',
    'nama_pasien_layan' => 'SITI ROSITA',
    'kode_kelompok' => 3,
    'kode_perusahaan' => 120,
    'tgl_transaksi' => '2019-06-18 01:00:01',
    'jenis_tindakan' => 1,
    'nama_tindakan' => 'Ruangan Melati',
    'bill_rs' => '140000.00',
    'jumlah' => 1,
    'kode_bagian' => '031401',
    'kode_bagian_asal' => '031401',
    'kode_klas' => 6,
    'no_kamar' => '1',
    'no_bed' => '6 ',
    'status_selesai' => 1,
    'id_dd_user' => 1,
    'kode_trans_pelayanan' => 4172022,
    'executed' => 'executed',
  ),
  4 => 
  array (
    'no_kunjungan' => 864956,
    'no_registrasi' => 583549,
    'no_mr' => '00231688',
    'nama_pasien_layan' => 'TADARUS',
    'kode_kelompok' => 3,
    'kode_perusahaan' => 120,
    'tgl_transaksi' => '2019-06-18 01:00:01',
    'jenis_tindakan' => 1,
    'nama_tindakan' => 'Ruangan Mawar',
    'bill_rs' => '210000.00',
    'jumlah' => 1,
    'kode_bagian' => '031301',
    'kode_bagian_asal' => '031301',
    'kode_klas' => 13,
    'no_kamar' => '1',
    'no_bed' => '1',
    'status_selesai' => 1,
    'id_dd_user' => 1,
    'kode_trans_pelayanan' => 4172023,
    'executed' => 'executed',
  ),
  5 => 
  array (
    'no_kunjungan' => 865027,
    'no_registrasi' => 583587,
    'no_mr' => '00198379',
    'nama_pasien_layan' => 'RIADI SOERJANTO, Tn.',
    'kode_kelompok' => 3,
    'kode_perusahaan' => 120,
    'tgl_transaksi' => '2019-06-18 01:00:02',
    'jenis_tindakan' => 1,
    'nama_tindakan' => 'Ruangan Flamboyan',
    'bill_rs' => '310000.00',
    'jumlah' => 1,
    'kode_bagian' => '030601',
    'kode_bagian_asal' => '030601',
    'kode_klas' => 12,
    'no_kamar' => '2',
    'no_bed' => '1',
    'status_selesai' => 1,
    'id_dd_user' => 1,
    'kode_trans_pelayanan' => 4172024,
    'executed' => 'executed',
  ),
  6 => 
  array (
    'no_kunjungan' => 865028,
    'no_registrasi' => 583589,
    'no_mr' => '00236960',
    'nama_pasien_layan' => 'YUNA SUJARWATI, Ny.',
    'kode_kelompok' => 3,
    'kode_perusahaan' => 120,
    'tgl_transaksi' => '2019-06-18 01:00:02',
    'jenis_tindakan' => 1,
    'nama_tindakan' => 'Ruangan Bougenvile',
    'bill_rs' => '140000.00',
    'jumlah' => 1,
    'kode_bagian' => '031701',
    'kode_bagian_asal' => '031701',
    'kode_klas' => 6,
    'no_kamar' => '1',
    'no_bed' => '1',
    'status_selesai' => 1,
    'id_dd_user' => 1,
    'kode_trans_pelayanan' => 4172025,
    'executed' => 'executed',
  ),
  7 => 
  array (
    'no_kunjungan' => 865117,
    'no_registrasi' => 583591,
    'no_mr' => '00152640',
    'nama_pasien_layan' => 'FLORA HANNA PANE, Ny.',
    'kode_kelompok' => 3,
    'kode_perusahaan' => 120,
    'tgl_transaksi' => '2019-06-18 01:00:02',
    'jenis_tindakan' => 1,
    'nama_tindakan' => 'Ruangan Kenanga',
    'bill_rs' => '600000.00',
    'jumlah' => 1,
    'kode_bagian' => '030701',
    'kode_bagian_asal' => '030701',
    'kode_klas' => 5,
    'no_kamar' => '2',
    'no_bed' => '1',
    'status_selesai' => 1,
    'id_dd_user' => 1,
    'kode_trans_pelayanan' => 4172026,
    'executed' => 'executed',
  ),
  8 => 
  array (
    'no_kunjungan' => 865313,
    'no_registrasi' => 583656,
    'no_mr' => '00239016',
    'nama_pasien_layan' => 'ARWANDI SE',
    'kode_kelompok' => 3,
    'kode_perusahaan' => 120,
    'tgl_transaksi' => '2019-06-18 01:00:02',
    'jenis_tindakan' => 1,
    'nama_tindakan' => 'Ruangan Flamboyan',
    'bill_rs' => '310000.00',
    'jumlah' => 1,
    'kode_bagian' => '030601',
    'kode_bagian_asal' => '030601',
    'kode_klas' => 12,
    'no_kamar' => '2',
    'no_bed' => '2',
    'status_selesai' => 1,
    'id_dd_user' => 1,
    'kode_trans_pelayanan' => 4172027,
    'executed' => 'executed',
  ),
  9 => 
  array (
    'no_kunjungan' => 865469,
    'no_registrasi' => 583724,
    'no_mr' => '00239101',
    'nama_pasien_layan' => 'GUFRION ELMART S',
    'kode_kelompok' => 3,
    'kode_perusahaan' => 219,
    'tgl_transaksi' => '2019-06-18 01:00:03',
    'jenis_tindakan' => 1,
    'nama_tindakan' => 'Ruangan Mawar',
    'bill_rs' => '410000.00',
    'jumlah' => 1,
    'kode_bagian' => '031301',
    'kode_bagian_asal' => '031301',
    'kode_klas' => 13,
    'no_kamar' => '1',
    'no_bed' => '3',
    'status_selesai' => 1,
    'id_dd_user' => 1,
    'kode_trans_pelayanan' => 4172028,
    'executed' => 'executed',
  ),
  10 => 
  array (
    'no_kunjungan' => 865369,
    'no_registrasi' => 583731,
    'no_mr' => '00153193',
    'nama_pasien_layan' => 'HJ.ATMAH, NY.',
    'kode_kelompok' => 1,
    'kode_perusahaan' => 0,
    'tgl_transaksi' => '2019-06-18 01:00:03',
    'jenis_tindakan' => 1,
    'nama_tindakan' => 'Ruangan Anggrek',
    'bill_rs' => '1000000.00',
    'jumlah' => 1,
    'kode_bagian' => '030201',
    'kode_bagian_asal' => '030201',
    'kode_klas' => 3,
    'no_kamar' => '2',
    'no_bed' => '1',
    'status_selesai' => 1,
    'id_dd_user' => 1,
    'kode_trans_pelayanan' => 4172029,
    'executed' => 'executed',
  ),
  11 => 
  array (
    'no_kunjungan' => 865371,
    'no_registrasi' => 583738,
    'no_mr' => '00239105',
    'nama_pasien_layan' => 'TACHRONI',
    'kode_kelompok' => 1,
    'kode_perusahaan' => 0,
    'tgl_transaksi' => '2019-06-18 01:00:03',
    'jenis_tindakan' => 1,
    'nama_tindakan' => 'Ruangan Mawar',
    'bill_rs' => '410000.00',
    'jumlah' => 1,
    'kode_bagian' => '031301',
    'kode_bagian_asal' => '031301',
    'kode_klas' => 13,
    'no_kamar' => '1',
    'no_bed' => '2',
    'status_selesai' => 1,
    'id_dd_user' => 1,
    'kode_trans_pelayanan' => 4172030,
    'executed' => 'executed',
  ),
  12 => 
  array (
    'no_kunjungan' => 865228,
    'no_registrasi' => 583755,
    'no_mr' => '00239109',
    'nama_pasien_layan' => 'BY NY YUNA SUJARWATI',
    'kode_kelompok' => 3,
    'kode_perusahaan' => 120,
    'tgl_transaksi' => '2019-06-18 01:00:03',
    'jenis_tindakan' => 1,
    'nama_tindakan' => 'Ruangan Kamar Bayi',
    'bill_rs' => '120000.00',
    'jumlah' => 1,
    'kode_bagian' => '031201',
    'kode_bagian_asal' => '031201',
    'kode_klas' => 6,
    'no_kamar' => '03',
    'no_bed' => '1',
    'status_selesai' => 1,
    'id_dd_user' => 1,
    'kode_trans_pelayanan' => 4172031,
    'executed' => 'executed',
  ),
  13 => 
  array (
    'no_kunjungan' => 865260,
    'no_registrasi' => 583775,
    'no_mr' => '00235732',
    'nama_pasien_layan' => 'RAHMAT',
    'kode_kelompok' => 3,
    'kode_perusahaan' => 120,
    'tgl_transaksi' => '2019-06-18 01:00:04',
    'jenis_tindakan' => 1,
    'nama_tindakan' => 'Ruangan Melati',
    'bill_rs' => '140000.00',
    'jumlah' => 1,
    'kode_bagian' => '031401',
    'kode_bagian_asal' => '031401',
    'kode_klas' => 6,
    'no_kamar' => '2',
    'no_bed' => '1',
    'status_selesai' => 1,
    'id_dd_user' => 1,
    'kode_trans_pelayanan' => 4172032,
    'executed' => 'executed',
  ),
  14 => 
  array (
    'no_kunjungan' => 865263,
    'no_registrasi' => 583778,
    'no_mr' => '00238297',
    'nama_pasien_layan' => 'HILMIYANTI',
    'kode_kelompok' => 3,
    'kode_perusahaan' => 120,
    'tgl_transaksi' => '2019-06-18 01:00:04',
    'jenis_tindakan' => 1,
    'nama_tindakan' => 'Ruangan Seruni Ruang Nifas',
    'bill_rs' => NULL,
    'jumlah' => 1,
    'kode_bagian' => '031601',
    'kode_bagian_asal' => '031601',
    'kode_klas' => 13,
    'no_kamar' => '2',
    'no_bed' => '1',
    'status_selesai' => 1,
    'id_dd_user' => 1,
    'kode_trans_pelayanan' => 4172033,
    'executed' => 'executed',
  ),
  15 => 
  array (
    'no_kunjungan' => 865274,
    'no_registrasi' => 583785,
    'no_mr' => '00138560',
    'nama_pasien_layan' => 'SAIFATUN NAFSIAH, NY.',
    'kode_kelompok' => 3,
    'kode_perusahaan' => 120,
    'tgl_transaksi' => '2019-06-18 01:00:04',
    'jenis_tindakan' => 1,
    'nama_tindakan' => 'Ruangan Melati',
    'bill_rs' => '140000.00',
    'jumlah' => 1,
    'kode_bagian' => '031401',
    'kode_bagian_asal' => '031401',
    'kode_klas' => 6,
    'no_kamar' => '1',
    'no_bed' => '8',
    'status_selesai' => 1,
    'id_dd_user' => 1,
    'kode_trans_pelayanan' => 4172033,
    'executed' => 'executed',
  ),
  16 => 
  array (
    'no_kunjungan' => 865276,
    'no_registrasi' => 583787,
    'no_mr' => '00163250',
    'nama_pasien_layan' => 'SOEDARTO, TN.',
    'kode_kelompok' => 3,
    'kode_perusahaan' => 120,
    'tgl_transaksi' => '2019-06-18 01:00:04',
    'jenis_tindakan' => 1,
    'nama_tindakan' => 'Ruangan Melati',
    'bill_rs' => '140000.00',
    'jumlah' => 1,
    'kode_bagian' => '031401',
    'kode_bagian_asal' => '031401',
    'kode_klas' => 6,
    'no_kamar' => '2',
    'no_bed' => '2',
    'status_selesai' => 1,
    'id_dd_user' => 1,
    'kode_trans_pelayanan' => 4172034,
    'executed' => 'executed',
  ),
  17 => 
  array (
    'no_kunjungan' => 865468,
    'no_registrasi' => 583849,
    'no_mr' => '00239130',
    'nama_pasien_layan' => 'HALIMAH',
    'kode_kelompok' => 3,
    'kode_perusahaan' => 120,
    'tgl_transaksi' => '2019-06-18 01:00:05',
    'jenis_tindakan' => 1,
    'nama_tindakan' => 'Ruangan Melati',
    'bill_rs' => '140000.00',
    'jumlah' => 1,
    'kode_bagian' => '031401',
    'kode_bagian_asal' => '031401',
    'kode_klas' => 6,
    'no_kamar' => '1',
    'no_bed' => '7 ',
    'status_selesai' => 1,
    'id_dd_user' => 1,
    'kode_trans_pelayanan' => 4172035,
    'executed' => 'executed',
  ),
  18 => 
  array (
    'no_kunjungan' => 865842,
    'no_registrasi' => 583890,
    'no_mr' => '00206108',
    'nama_pasien_layan' => 'ROSILAWATI, NY.',
    'kode_kelompok' => 3,
    'kode_perusahaan' => 120,
    'tgl_transaksi' => '2019-06-18 01:00:05',
    'jenis_tindakan' => 1,
    'nama_tindakan' => 'Ruangan ICU ',
    'bill_rs' => '1350000.00',
    'jumlah' => 1,
    'kode_bagian' => '031001',
    'kode_bagian_asal' => '031001',
    'kode_klas' => 10,
    'no_kamar' => '1',
    'no_bed' => '1',
    'status_selesai' => 1,
    'id_dd_user' => 1,
    'kode_trans_pelayanan' => 4172036,
    'executed' => 'executed',
  ),
  19 => 
  array (
    'no_kunjungan' => 865766,
    'no_registrasi' => 584115,
    'no_mr' => '00239140',
    'nama_pasien_layan' => 'ANDI DEA IHDINASARI',
    'kode_kelompok' => 3,
    'kode_perusahaan' => 226,
    'tgl_transaksi' => '2019-06-18 01:00:05',
    'jenis_tindakan' => 1,
    'nama_tindakan' => 'Ruangan Mawar',
    'bill_rs' => '410000.00',
    'jumlah' => 1,
    'kode_bagian' => '031301',
    'kode_bagian_asal' => '031301',
    'kode_klas' => 13,
    'no_kamar' => '2',
    'no_bed' => '1',
    'status_selesai' => 1,
    'id_dd_user' => 1,
    'kode_trans_pelayanan' => 4172037,
    'executed' => 'executed',
  ),
  20 => 
  array (
    'no_kunjungan' => 865750,
    'no_registrasi' => 584150,
    'no_mr' => '00239134',
    'nama_pasien_layan' => 'IBRAHIM ALFARIZZI',
    'kode_kelompok' => 3,
    'kode_perusahaan' => 120,
    'tgl_transaksi' => '2019-06-18 01:00:06',
    'jenis_tindakan' => 1,
    'nama_tindakan' => 'Ruangan Melati',
    'bill_rs' => '140000.00',
    'jumlah' => 1,
    'kode_bagian' => '031401',
    'kode_bagian_asal' => '031401',
    'kode_klas' => 6,
    'no_kamar' => '2',
    'no_bed' => '3',
    'status_selesai' => 1,
    'id_dd_user' => 1,
    'kode_trans_pelayanan' => 4172038,
    'executed' => 'executed',
  ),
  21 => 
  array (
    'no_kunjungan' => 865915,
    'no_registrasi' => 584191,
    'no_mr' => '00239161',
    'nama_pasien_layan' => 'FEBRIANTO',
    'kode_kelompok' => 3,
    'kode_perusahaan' => 36,
    'tgl_transaksi' => '2019-06-18 01:00:06',
    'jenis_tindakan' => 1,
    'nama_tindakan' => 'Ruangan Melati',
    'bill_rs' => '250000.00',
    'jumlah' => 1,
    'kode_bagian' => '031401',
    'kode_bagian_asal' => '031401',
    'kode_klas' => 6,
    'no_kamar' => '2',
    'no_bed' => '4',
    'status_selesai' => 1,
    'id_dd_user' => 1,
    'kode_trans_pelayanan' => 4172039,
    'executed' => 'executed',
  ),
  22 => 
  array (
    'no_kunjungan' => 865918,
    'no_registrasi' => 584227,
    'no_mr' => '00239166',
    'nama_pasien_layan' => 'KHALIF AZZAM PUTRA',
    'kode_kelompok' => 3,
    'kode_perusahaan' => 120,
    'tgl_transaksi' => '2019-06-18 01:00:06',
    'jenis_tindakan' => 1,
    'nama_tindakan' => 'Ruangan Seruni',
    'bill_rs' => '210000.00',
    'jumlah' => 1,
    'kode_bagian' => '030301',
    'kode_bagian_asal' => '030301',
    'kode_klas' => 13,
    'no_kamar' => '4',
    'no_bed' => '2',
    'status_selesai' => 1,
    'id_dd_user' => 1,
    'kode_trans_pelayanan' => 4172040,
    'executed' => 'executed',
  ),
  23 => 
  array (
    'no_kunjungan' => 865867,
    'no_registrasi' => 584229,
    'no_mr' => '00239167',
    'nama_pasien_layan' => 'BY.NY.HILMIYANTI',
    'kode_kelompok' => 3,
    'kode_perusahaan' => 120,
    'tgl_transaksi' => '2019-06-18 01:00:07',
    'jenis_tindakan' => 1,
    'nama_tindakan' => 'Ruangan Kamar Bayi',
    'bill_rs' => '200000.00',
    'jumlah' => 1,
    'kode_bagian' => '031201',
    'kode_bagian_asal' => '031201',
    'kode_klas' => 13,
    'no_kamar' => '02',
    'no_bed' => '1',
    'status_selesai' => 1,
    'id_dd_user' => 1,
    'kode_trans_pelayanan' => 4172041,
    'executed' => 'executed',
  ),
  24 => 
  array (
    'no_kunjungan' => 865975,
    'no_registrasi' => 584239,
    'no_mr' => '00160963',
    'nama_pasien_layan' => 'FAWZIA RAHMAH GIEZA I , Nn.',
    'kode_kelompok' => 1,
    'kode_perusahaan' => 0,
    'tgl_transaksi' => '2019-06-18 01:00:07',
    'jenis_tindakan' => 1,
    'nama_tindakan' => 'Ruangan Dahlia',
    'bill_rs' => '850000.00',
    'jumlah' => 1,
    'kode_bagian' => '030401',
    'kode_bagian_asal' => '030401',
    'kode_klas' => 4,
    'no_kamar' => '1',
    'no_bed' => '1',
    'status_selesai' => 1,
    'id_dd_user' => 1,
    'kode_trans_pelayanan' => 4171994,
    'executed' => 'not_executed',
  ),
  25 => 
  array (
    'no_kunjungan' => 865967,
    'no_registrasi' => 584243,
    'no_mr' => '00234934',
    'nama_pasien_layan' => 'NY SITI IMRON',
    'kode_kelompok' => 3,
    'kode_perusahaan' => 120,
    'tgl_transaksi' => '2019-06-18 01:00:07',
    'jenis_tindakan' => 1,
    'nama_tindakan' => 'Ruangan Melati',
    'bill_rs' => '140000.00',
    'jumlah' => 1,
    'kode_bagian' => '031401',
    'kode_bagian_asal' => '031401',
    'kode_klas' => 6,
    'no_kamar' => '1',
    'no_bed' => '2',
    'status_selesai' => 1,
    'id_dd_user' => 1,
    'kode_trans_pelayanan' => 4171965,
    'executed' => 'not_executed',
  ),
  26 => 
  array (
    'no_kunjungan' => 865973,
    'no_registrasi' => 584244,
    'no_mr' => '00235805',
    'nama_pasien_layan' => 'YATIH, Ny.',
    'kode_kelompok' => 3,
    'kode_perusahaan' => 120,
    'tgl_transaksi' => '2019-06-18 01:00:07',
    'jenis_tindakan' => 1,
    'nama_tindakan' => 'Ruangan Mawar',
    'bill_rs' => '210000.00',
    'jumlah' => 1,
    'kode_bagian' => '031301',
    'kode_bagian_asal' => '031301',
    'kode_klas' => 13,
    'no_kamar' => '2',
    'no_bed' => '2',
    'status_selesai' => 1,
    'id_dd_user' => 1,
    'kode_trans_pelayanan' => 4171971,
    'executed' => 'not_executed',
  ),
  27 => 
  array (
    'no_kunjungan' => 865974,
    'no_registrasi' => 584245,
    'no_mr' => '00226473',
    'nama_pasien_layan' => 'JUMANIK, NY., Ny.',
    'kode_kelompok' => 3,
    'kode_perusahaan' => 120,
    'tgl_transaksi' => '2019-06-18 01:00:08',
    'jenis_tindakan' => 1,
    'nama_tindakan' => 'Ruangan Bougenvile',
    'bill_rs' => '140000.00',
    'jumlah' => 1,
    'kode_bagian' => '031701',
    'kode_bagian_asal' => '031701',
    'kode_klas' => 6,
    'no_kamar' => '1',
    'no_bed' => '2',
    'status_selesai' => 1,
    'id_dd_user' => 1,
    'kode_trans_pelayanan' => 4171984,
    'executed' => 'not_executed',
  ),
)