Jumlah Record = 26, Eksekusi = 24, No Eksekusi = 2 
array (
  0 => 
  array (
    'no_kunjungan' => 860814,
    'no_registrasi' => 580574,
    'no_mr' => '00112928',
    'nama_pasien_layan' => 'RIN PARNITI, NY.',
    'kode_kelompok' => 1,
    'kode_perusahaan' => 0,
    'tgl_transaksi' => '2019-06-12 01:00:00',
    'jenis_tindakan' => 1,
    'nama_tindakan' => 'Ruangan Teratai',
    'bill_rs' => '600000.00',
    'jumlah' => 1,
    'kode_bagian' => '030801',
    'kode_bagian_asal' => '030801',
    'kode_klas' => 5,
    'no_kamar' => '2',
    'no_bed' => '1',
    'status_selesai' => 1,
    'id_dd_user' => 1,
    'kode_trans_pelayanan' => 4157346,
    'executed' => 'executed',
  ),
  1 => 
  array (
    'no_kunjungan' => 860977,
    'no_registrasi' => 580686,
    'no_mr' => '00092192',
    'nama_pasien_layan' => 'ANI SUMARNI, NY.',
    'kode_kelompok' => 3,
    'kode_perusahaan' => 120,
    'tgl_transaksi' => '2019-06-12 01:00:00',
    'jenis_tindakan' => 1,
    'nama_tindakan' => 'Ruangan Flamboyan',
    'bill_rs' => '310000.00',
    'jumlah' => 1,
    'kode_bagian' => '030601',
    'kode_bagian_asal' => '030601',
    'kode_klas' => 12,
    'no_kamar' => '1',
    'no_bed' => '2',
    'status_selesai' => 1,
    'id_dd_user' => 1,
    'kode_trans_pelayanan' => 4157347,
    'executed' => 'executed',
  ),
  2 => 
  array (
    'no_kunjungan' => 861050,
    'no_registrasi' => 580718,
    'no_mr' => '00238679',
    'nama_pasien_layan' => 'IRAWATI SUBAGIO',
    'kode_kelompok' => 3,
    'kode_perusahaan' => 120,
    'tgl_transaksi' => '2019-06-12 01:00:00',
    'jenis_tindakan' => 1,
    'nama_tindakan' => 'Ruangan Mawar',
    'bill_rs' => '210000.00',
    'jumlah' => 1,
    'kode_bagian' => '031301',
    'kode_bagian_asal' => '031301',
    'kode_klas' => 13,
    'no_kamar' => '2',
    'no_bed' => '2',
    'status_selesai' => 1,
    'id_dd_user' => 1,
    'kode_trans_pelayanan' => 4157348,
    'executed' => 'executed',
  ),
  3 => 
  array (
    'no_kunjungan' => 861057,
    'no_registrasi' => 580725,
    'no_mr' => '00237936',
    'nama_pasien_layan' => 'NOFI INDAH SARI',
    'kode_kelompok' => 3,
    'kode_perusahaan' => 120,
    'tgl_transaksi' => '2019-06-12 01:00:00',
    'jenis_tindakan' => 1,
    'nama_tindakan' => 'Ruangan Seruni Ruang Nifas',
    'bill_rs' => NULL,
    'jumlah' => 1,
    'kode_bagian' => '031601',
    'kode_bagian_asal' => '031601',
    'kode_klas' => 13,
    'no_kamar' => '2',
    'no_bed' => '1',
    'status_selesai' => 1,
    'id_dd_user' => 1,
    'kode_trans_pelayanan' => 4157349,
    'executed' => 'executed',
  ),
  4 => 
  array (
    'no_kunjungan' => 861187,
    'no_registrasi' => 580755,
    'no_mr' => '00238680',
    'nama_pasien_layan' => 'SATIRIH',
    'kode_kelompok' => 3,
    'kode_perusahaan' => 120,
    'tgl_transaksi' => '2019-06-12 01:00:00',
    'jenis_tindakan' => 1,
    'nama_tindakan' => 'Ruangan Flamboyan',
    'bill_rs' => '310000.00',
    'jumlah' => 1,
    'kode_bagian' => '030601',
    'kode_bagian_asal' => '030601',
    'kode_klas' => 12,
    'no_kamar' => '3',
    'no_bed' => '2',
    'status_selesai' => 1,
    'id_dd_user' => 1,
    'kode_trans_pelayanan' => 4157349,
    'executed' => 'executed',
  ),
  5 => 
  array (
    'no_kunjungan' => 861248,
    'no_registrasi' => 580879,
    'no_mr' => '00238702',
    'nama_pasien_layan' => 'BY NY NOFI INDAH SARI',
    'kode_kelompok' => 3,
    'kode_perusahaan' => 120,
    'tgl_transaksi' => '2019-06-12 01:00:00',
    'jenis_tindakan' => 1,
    'nama_tindakan' => 'Ruangan Kamar Bayi',
    'bill_rs' => '200000.00',
    'jumlah' => 1,
    'kode_bagian' => '031201',
    'kode_bagian_asal' => '031201',
    'kode_klas' => 13,
    'no_kamar' => '02',
    'no_bed' => '1',
    'status_selesai' => 1,
    'id_dd_user' => 1,
    'kode_trans_pelayanan' => 4157350,
    'executed' => 'executed',
  ),
  6 => 
  array (
    'no_kunjungan' => 861625,
    'no_registrasi' => 581111,
    'no_mr' => '00238743',
    'nama_pasien_layan' => 'HALWAH RANIAH',
    'kode_kelompok' => 3,
    'kode_perusahaan' => 120,
    'tgl_transaksi' => '2019-06-12 01:00:01',
    'jenis_tindakan' => 1,
    'nama_tindakan' => 'Ruangan Seruni',
    'bill_rs' => '210000.00',
    'jumlah' => 1,
    'kode_bagian' => '030301',
    'kode_bagian_asal' => '030301',
    'kode_klas' => 13,
    'no_kamar' => '4',
    'no_bed' => '1 ',
    'status_selesai' => 1,
    'id_dd_user' => 1,
    'kode_trans_pelayanan' => 4157351,
    'executed' => 'executed',
  ),
  7 => 
  array (
    'no_kunjungan' => 861672,
    'no_registrasi' => 581195,
    'no_mr' => '00238722',
    'nama_pasien_layan' => 'YAJIANTO',
    'kode_kelompok' => 1,
    'kode_perusahaan' => 0,
    'tgl_transaksi' => '2019-06-12 01:00:01',
    'jenis_tindakan' => 1,
    'nama_tindakan' => 'Ruangan Mawar',
    'bill_rs' => '410000.00',
    'jumlah' => 1,
    'kode_bagian' => '031301',
    'kode_bagian_asal' => '031301',
    'kode_klas' => 13,
    'no_kamar' => '1',
    'no_bed' => '1',
    'status_selesai' => 1,
    'id_dd_user' => 1,
    'kode_trans_pelayanan' => 4157352,
    'executed' => 'executed',
  ),
  8 => 
  array (
    'no_kunjungan' => 861955,
    'no_registrasi' => 581391,
    'no_mr' => '00236048',
    'nama_pasien_layan' => 'KURNIA FUJI ASTUTI',
    'kode_kelompok' => 3,
    'kode_perusahaan' => 120,
    'tgl_transaksi' => '2019-06-12 01:00:01',
    'jenis_tindakan' => 1,
    'nama_tindakan' => 'Ruangan Bougenvile',
    'bill_rs' => '140000.00',
    'jumlah' => 1,
    'kode_bagian' => '031701',
    'kode_bagian_asal' => '031701',
    'kode_klas' => 6,
    'no_kamar' => '1',
    'no_bed' => '1',
    'status_selesai' => 1,
    'id_dd_user' => 1,
    'kode_trans_pelayanan' => 4157353,
    'executed' => 'executed',
  ),
  9 => 
  array (
    'no_kunjungan' => 861957,
    'no_registrasi' => 581392,
    'no_mr' => '00238119',
    'nama_pasien_layan' => 'AMELIA NUR FAJRINA',
    'kode_kelompok' => 3,
    'kode_perusahaan' => 120,
    'tgl_transaksi' => '2019-06-12 01:00:01',
    'jenis_tindakan' => 1,
    'nama_tindakan' => 'Ruangan Bougenvile',
    'bill_rs' => '140000.00',
    'jumlah' => 1,
    'kode_bagian' => '031701',
    'kode_bagian_asal' => '031701',
    'kode_klas' => 6,
    'no_kamar' => '1',
    'no_bed' => '2',
    'status_selesai' => 1,
    'id_dd_user' => 1,
    'kode_trans_pelayanan' => 4157354,
    'executed' => 'executed',
  ),
  10 => 
  array (
    'no_kunjungan' => 861963,
    'no_registrasi' => 581396,
    'no_mr' => '00197794',
    'nama_pasien_layan' => 'AISAH, NY.',
    'kode_kelompok' => 3,
    'kode_perusahaan' => 120,
    'tgl_transaksi' => '2019-06-12 01:00:01',
    'jenis_tindakan' => 1,
    'nama_tindakan' => 'Ruangan Flamboyan',
    'bill_rs' => '310000.00',
    'jumlah' => 1,
    'kode_bagian' => '030601',
    'kode_bagian_asal' => '030601',
    'kode_klas' => 12,
    'no_kamar' => '2',
    'no_bed' => '2',
    'status_selesai' => 1,
    'id_dd_user' => 1,
    'kode_trans_pelayanan' => 4157355,
    'executed' => 'executed',
  ),
  11 => 
  array (
    'no_kunjungan' => 861964,
    'no_registrasi' => 581397,
    'no_mr' => '00238713',
    'nama_pasien_layan' => 'AJENG MULYA PRATIWI',
    'kode_kelompok' => 3,
    'kode_perusahaan' => 120,
    'tgl_transaksi' => '2019-06-12 01:00:01',
    'jenis_tindakan' => 1,
    'nama_tindakan' => 'Ruangan Seruni Ruang Nifas',
    'bill_rs' => '140000.00',
    'jumlah' => 1,
    'kode_bagian' => '031601',
    'kode_bagian_asal' => '031601',
    'kode_klas' => 13,
    'no_kamar' => '2',
    'no_bed' => '2',
    'status_selesai' => 1,
    'id_dd_user' => 1,
    'kode_trans_pelayanan' => 4157356,
    'executed' => 'executed',
  ),
  12 => 
  array (
    'no_kunjungan' => 861970,
    'no_registrasi' => 581401,
    'no_mr' => '00236682',
    'nama_pasien_layan' => 'ISTINGADAH',
    'kode_kelompok' => 3,
    'kode_perusahaan' => 120,
    'tgl_transaksi' => '2019-06-12 01:00:01',
    'jenis_tindakan' => 1,
    'nama_tindakan' => 'Ruangan Melati',
    'bill_rs' => '140000.00',
    'jumlah' => 1,
    'kode_bagian' => '031401',
    'kode_bagian_asal' => '031401',
    'kode_klas' => 6,
    'no_kamar' => '1',
    'no_bed' => '1',
    'status_selesai' => 1,
    'id_dd_user' => 1,
    'kode_trans_pelayanan' => 4157357,
    'executed' => 'executed',
  ),
  13 => 
  array (
    'no_kunjungan' => 861972,
    'no_registrasi' => 581403,
    'no_mr' => '00237117',
    'nama_pasien_layan' => 'ROBIATUL ADAWIYAH',
    'kode_kelompok' => 3,
    'kode_perusahaan' => 120,
    'tgl_transaksi' => '2019-06-12 01:00:02',
    'jenis_tindakan' => 1,
    'nama_tindakan' => 'Ruangan Seruni Ruang Nifas',
    'bill_rs' => '210000.00',
    'jumlah' => 1,
    'kode_bagian' => '031601',
    'kode_bagian_asal' => '031601',
    'kode_klas' => 12,
    'no_kamar' => '1',
    'no_bed' => '1 ',
    'status_selesai' => 1,
    'id_dd_user' => 1,
    'kode_trans_pelayanan' => 4157358,
    'executed' => 'executed',
  ),
  14 => 
  array (
    'no_kunjungan' => 861976,
    'no_registrasi' => 581404,
    'no_mr' => '00238683',
    'nama_pasien_layan' => 'MELIZA ADIANTY',
    'kode_kelompok' => 3,
    'kode_perusahaan' => 120,
    'tgl_transaksi' => '2019-06-12 01:00:02',
    'jenis_tindakan' => 1,
    'nama_tindakan' => 'Ruangan Bougenvile',
    'bill_rs' => '140000.00',
    'jumlah' => 1,
    'kode_bagian' => '031701',
    'kode_bagian_asal' => '031701',
    'kode_klas' => 6,
    'no_kamar' => '1',
    'no_bed' => '3',
    'status_selesai' => 1,
    'id_dd_user' => 1,
    'kode_trans_pelayanan' => 4157359,
    'executed' => 'executed',
  ),
  15 => 
  array (
    'no_kunjungan' => 861979,
    'no_registrasi' => 581406,
    'no_mr' => '00237041',
    'nama_pasien_layan' => 'MARYA HANI SYAFIAH',
    'kode_kelompok' => 3,
    'kode_perusahaan' => 120,
    'tgl_transaksi' => '2019-06-12 01:00:02',
    'jenis_tindakan' => 1,
    'nama_tindakan' => 'Ruangan Melati',
    'bill_rs' => '140000.00',
    'jumlah' => 1,
    'kode_bagian' => '031401',
    'kode_bagian_asal' => '031401',
    'kode_klas' => 6,
    'no_kamar' => '1',
    'no_bed' => '4',
    'status_selesai' => 1,
    'id_dd_user' => 1,
    'kode_trans_pelayanan' => 4157360,
    'executed' => 'executed',
  ),
  16 => 
  array (
    'no_kunjungan' => 862096,
    'no_registrasi' => 581512,
    'no_mr' => '00238783',
    'nama_pasien_layan' => 'BY NY KURNIA PUJI ASTUTI',
    'kode_kelompok' => 3,
    'kode_perusahaan' => 120,
    'tgl_transaksi' => '2019-06-12 01:00:02',
    'jenis_tindakan' => 1,
    'nama_tindakan' => 'Ruangan Kamar Bayi',
    'bill_rs' => '120000.00',
    'jumlah' => 1,
    'kode_bagian' => '031201',
    'kode_bagian_asal' => '031201',
    'kode_klas' => 6,
    'no_kamar' => '03',
    'no_bed' => '1',
    'status_selesai' => 1,
    'id_dd_user' => 1,
    'kode_trans_pelayanan' => 4157361,
    'executed' => 'executed',
  ),
  17 => 
  array (
    'no_kunjungan' => 862366,
    'no_registrasi' => 581547,
    'no_mr' => '00179874',
    'nama_pasien_layan' => 'VERA GRACE TOBING, NY.',
    'kode_kelompok' => 3,
    'kode_perusahaan' => 120,
    'tgl_transaksi' => '2019-06-12 01:00:02',
    'jenis_tindakan' => 1,
    'nama_tindakan' => 'Ruangan Flamboyan',
    'bill_rs' => '310000.00',
    'jumlah' => 1,
    'kode_bagian' => '030601',
    'kode_bagian_asal' => '030601',
    'kode_klas' => 12,
    'no_kamar' => '2',
    'no_bed' => '1',
    'status_selesai' => 1,
    'id_dd_user' => 1,
    'kode_trans_pelayanan' => 4157362,
    'executed' => 'executed',
  ),
  18 => 
  array (
    'no_kunjungan' => 862139,
    'no_registrasi' => 581550,
    'no_mr' => '00238789',
    'nama_pasien_layan' => 'BY. NY AMELIA NUR FAJRINA (1)',
    'kode_kelompok' => 3,
    'kode_perusahaan' => 120,
    'tgl_transaksi' => '2019-06-12 01:00:02',
    'jenis_tindakan' => 1,
    'nama_tindakan' => 'Ruangan Kamar Bayi',
    'bill_rs' => '120000.00',
    'jumlah' => 1,
    'kode_bagian' => '031201',
    'kode_bagian_asal' => '031201',
    'kode_klas' => 6,
    'no_kamar' => '03',
    'no_bed' => '2',
    'status_selesai' => 1,
    'id_dd_user' => 1,
    'kode_trans_pelayanan' => 4157363,
    'executed' => 'executed',
  ),
  19 => 
  array (
    'no_kunjungan' => 862142,
    'no_registrasi' => 581553,
    'no_mr' => '00238791',
    'nama_pasien_layan' => 'BY. NY AMELIA NUR FAJRINA (2)',
    'kode_kelompok' => 3,
    'kode_perusahaan' => 120,
    'tgl_transaksi' => '2019-06-12 01:00:02',
    'jenis_tindakan' => 1,
    'nama_tindakan' => 'Ruangan Kamar Bayi',
    'bill_rs' => '120000.00',
    'jumlah' => 1,
    'kode_bagian' => '031201',
    'kode_bagian_asal' => '031201',
    'kode_klas' => 6,
    'no_kamar' => '03',
    'no_bed' => '3',
    'status_selesai' => 1,
    'id_dd_user' => 1,
    'kode_trans_pelayanan' => 4157364,
    'executed' => 'executed',
  ),
  20 => 
  array (
    'no_kunjungan' => 862216,
    'no_registrasi' => 581616,
    'no_mr' => '00238801',
    'nama_pasien_layan' => 'BY. NY. ROBIATUL ADAWIYAH',
    'kode_kelompok' => 3,
    'kode_perusahaan' => 120,
    'tgl_transaksi' => '2019-06-12 01:00:03',
    'jenis_tindakan' => 1,
    'nama_tindakan' => 'Ruangan Kamar Bayi',
    'bill_rs' => '200000.00',
    'jumlah' => 1,
    'kode_bagian' => '031201',
    'kode_bagian_asal' => '031201',
    'kode_klas' => 13,
    'no_kamar' => '02',
    'no_bed' => '2',
    'status_selesai' => 1,
    'id_dd_user' => 1,
    'kode_trans_pelayanan' => 4157365,
    'executed' => 'executed',
  ),
  21 => 
  array (
    'no_kunjungan' => 862367,
    'no_registrasi' => 581643,
    'no_mr' => '00238811',
    'nama_pasien_layan' => 'TESHA ANINDITHA',
    'kode_kelompok' => 3,
    'kode_perusahaan' => 120,
    'tgl_transaksi' => '2019-06-12 01:00:03',
    'jenis_tindakan' => 1,
    'nama_tindakan' => 'Ruangan Flamboyan',
    'bill_rs' => '310000.00',
    'jumlah' => 1,
    'kode_bagian' => '030601',
    'kode_bagian_asal' => '030601',
    'kode_klas' => 12,
    'no_kamar' => '1',
    'no_bed' => '1',
    'status_selesai' => 1,
    'id_dd_user' => 1,
    'kode_trans_pelayanan' => 4157366,
    'executed' => 'executed',
  ),
  22 => 
  array (
    'no_kunjungan' => 862290,
    'no_registrasi' => 581668,
    'no_mr' => '00238819',
    'nama_pasien_layan' => 'BY. NY AJENG MULYA PRATIWI',
    'kode_kelompok' => 3,
    'kode_perusahaan' => 120,
    'tgl_transaksi' => '2019-06-12 01:00:03',
    'jenis_tindakan' => 1,
    'nama_tindakan' => 'Ruangan Kamar Bayi',
    'bill_rs' => '120000.00',
    'jumlah' => 1,
    'kode_bagian' => '031201',
    'kode_bagian_asal' => '031201',
    'kode_klas' => 6,
    'no_kamar' => '03',
    'no_bed' => '4',
    'status_selesai' => 1,
    'id_dd_user' => 1,
    'kode_trans_pelayanan' => 4157367,
    'executed' => 'executed',
  ),
  23 => 
  array (
    'no_kunjungan' => 862363,
    'no_registrasi' => 581706,
    'no_mr' => '00238826',
    'nama_pasien_layan' => 'BY.NY.MELIZA ADIANTY',
    'kode_kelompok' => 3,
    'kode_perusahaan' => 120,
    'tgl_transaksi' => '2019-06-12 01:00:03',
    'jenis_tindakan' => 1,
    'nama_tindakan' => 'Ruangan Kamar Bayi',
    'bill_rs' => '120000.00',
    'jumlah' => 1,
    'kode_bagian' => '031201',
    'kode_bagian_asal' => '031201',
    'kode_klas' => 6,
    'no_kamar' => '02',
    'no_bed' => '2',
    'status_selesai' => 1,
    'id_dd_user' => 1,
    'kode_trans_pelayanan' => 4157368,
    'executed' => 'executed',
  ),
  24 => 
  array (
    'no_kunjungan' => 862416,
    'no_registrasi' => 581721,
    'no_mr' => '00237796',
    'nama_pasien_layan' => 'MULYANI, Ny.',
    'kode_kelompok' => 3,
    'kode_perusahaan' => 120,
    'tgl_transaksi' => '2019-06-12 01:00:03',
    'jenis_tindakan' => 1,
    'nama_tindakan' => 'Ruangan Melati',
    'bill_rs' => '140000.00',
    'jumlah' => 1,
    'kode_bagian' => '031401',
    'kode_bagian_asal' => '031401',
    'kode_klas' => 6,
    'no_kamar' => '1',
    'no_bed' => '8',
    'status_selesai' => 1,
    'id_dd_user' => 1,
    'kode_trans_pelayanan' => 4157335,
    'executed' => 'not_executed',
  ),
  25 => 
  array (
    'no_kunjungan' => 862417,
    'no_registrasi' => 581722,
    'no_mr' => '00237827',
    'nama_pasien_layan' => 'FEBY TRIANA',
    'kode_kelompok' => 3,
    'kode_perusahaan' => 120,
    'tgl_transaksi' => '2019-06-12 01:00:03',
    'jenis_tindakan' => 1,
    'nama_tindakan' => 'Ruangan Seruni Ruang Nifas',
    'bill_rs' => '310000.00',
    'jumlah' => 1,
    'kode_bagian' => '031601',
    'kode_bagian_asal' => '031601',
    'kode_klas' => 12,
    'no_kamar' => '1',
    'no_bed' => '2',
    'status_selesai' => 1,
    'id_dd_user' => 1,
    'kode_trans_pelayanan' => 4157336,
    'executed' => 'not_executed',
  ),
)