Jumlah Record = 20, Eksekusi = 19, No Eksekusi = 1 
array (
  0 => 
  array (
    'no_kunjungan' => 878794,
    'no_registrasi' => 593473,
    'no_mr' => '00154922',
    'nama_pasien_layan' => 'MARIAH, Ny.',
    'kode_kelompok' => 3,
    'kode_perusahaan' => 139,
    'tgl_transaksi' => '2019-07-16 01:01:18',
    'jenis_tindakan' => 1,
    'nama_tindakan' => 'Ruangan Flamboyan',
    'bill_rs' => '670000.00',
    'jumlah' => 1,
    'kode_bagian' => '030601',
    'kode_bagian_asal' => '030601',
    'kode_klas' => 12,
    'no_kamar' => '3',
    'no_bed' => '1',
    'status_selesai' => 1,
    'id_dd_user' => 1,
    'kode_trans_pelayanan' => 4238404,
    'executed' => 'executed',
  ),
  1 => 
  array (
    'no_kunjungan' => 880660,
    'no_registrasi' => 594934,
    'no_mr' => '00240520',
    'nama_pasien_layan' => 'DEFI WIDIYANTI',
    'kode_kelompok' => 1,
    'kode_perusahaan' => 0,
    'tgl_transaksi' => '2019-07-16 01:01:19',
    'jenis_tindakan' => 1,
    'nama_tindakan' => 'Ruangan Melati',
    'bill_rs' => '250000.00',
    'jumlah' => 1,
    'kode_bagian' => '031401',
    'kode_bagian_asal' => '031401',
    'kode_klas' => 6,
    'no_kamar' => '1',
    'no_bed' => '3',
    'status_selesai' => 1,
    'id_dd_user' => 1,
    'kode_trans_pelayanan' => 4238405,
    'executed' => 'executed',
  ),
  2 => 
  array (
    'no_kunjungan' => 880667,
    'no_registrasi' => 594935,
    'no_mr' => '00240536',
    'nama_pasien_layan' => 'NENENG RIMA SOPYAN',
    'kode_kelompok' => 1,
    'kode_perusahaan' => 0,
    'tgl_transaksi' => '2019-07-16 01:01:19',
    'jenis_tindakan' => 1,
    'nama_tindakan' => 'Ruangan Wijayakusuma',
    'bill_rs' => '1200000.00',
    'jumlah' => 1,
    'kode_bagian' => '030101',
    'kode_bagian_asal' => '030101',
    'kode_klas' => 2,
    'no_kamar' => '5',
    'no_bed' => '1',
    'status_selesai' => 1,
    'id_dd_user' => 1,
    'kode_trans_pelayanan' => 4238406,
    'executed' => 'executed',
  ),
  3 => 
  array (
    'no_kunjungan' => 881012,
    'no_registrasi' => 595185,
    'no_mr' => '00224901',
    'nama_pasien_layan' => 'SITI MUNTAHA, Ny.',
    'kode_kelompok' => 3,
    'kode_perusahaan' => 120,
    'tgl_transaksi' => '2019-07-16 01:01:19',
    'jenis_tindakan' => 1,
    'nama_tindakan' => 'Ruangan Melati',
    'bill_rs' => '140000.00',
    'jumlah' => 1,
    'kode_bagian' => '031401',
    'kode_bagian_asal' => '031401',
    'kode_klas' => 6,
    'no_kamar' => '1',
    'no_bed' => '7 ',
    'status_selesai' => 1,
    'id_dd_user' => 1,
    'kode_trans_pelayanan' => 4238407,
    'executed' => 'executed',
  ),
  4 => 
  array (
    'no_kunjungan' => 881053,
    'no_registrasi' => 595202,
    'no_mr' => '00220117',
    'nama_pasien_layan' => 'NURAINI, Ny.',
    'kode_kelompok' => 3,
    'kode_perusahaan' => 120,
    'tgl_transaksi' => '2019-07-16 01:01:19',
    'jenis_tindakan' => 1,
    'nama_tindakan' => 'Ruangan Melati',
    'bill_rs' => '140000.00',
    'jumlah' => 1,
    'kode_bagian' => '031401',
    'kode_bagian_asal' => '031401',
    'kode_klas' => 6,
    'no_kamar' => '1',
    'no_bed' => '1',
    'status_selesai' => 1,
    'id_dd_user' => 1,
    'kode_trans_pelayanan' => 4238408,
    'executed' => 'executed',
  ),
  5 => 
  array (
    'no_kunjungan' => 881067,
    'no_registrasi' => 595205,
    'no_mr' => '00240566',
    'nama_pasien_layan' => 'NASWA IZZANI',
    'kode_kelompok' => 3,
    'kode_perusahaan' => 323,
    'tgl_transaksi' => '2019-07-16 01:01:20',
    'jenis_tindakan' => 1,
    'nama_tindakan' => 'Ruangan Kenanga',
    'bill_rs' => '600000.00',
    'jumlah' => 1,
    'kode_bagian' => '030701',
    'kode_bagian_asal' => '030701',
    'kode_klas' => 5,
    'no_kamar' => '3',
    'no_bed' => ' 1',
    'status_selesai' => 1,
    'id_dd_user' => 1,
    'kode_trans_pelayanan' => 4238409,
    'executed' => 'executed',
  ),
  6 => 
  array (
    'no_kunjungan' => 881077,
    'no_registrasi' => 595211,
    'no_mr' => '00240568',
    'nama_pasien_layan' => 'RIZKY ADITYA DILAGA',
    'kode_kelompok' => 3,
    'kode_perusahaan' => 120,
    'tgl_transaksi' => '2019-07-16 01:01:20',
    'jenis_tindakan' => 1,
    'nama_tindakan' => 'Ruangan Seruni',
    'bill_rs' => '210000.00',
    'jumlah' => 1,
    'kode_bagian' => '030301',
    'kode_bagian_asal' => '030301',
    'kode_klas' => 13,
    'no_kamar' => '4',
    'no_bed' => '2',
    'status_selesai' => 1,
    'id_dd_user' => 1,
    'kode_trans_pelayanan' => 4238410,
    'executed' => 'executed',
  ),
  7 => 
  array (
    'no_kunjungan' => 881073,
    'no_registrasi' => 595214,
    'no_mr' => '00185037',
    'nama_pasien_layan' => 'SULARDI PRIANTO, TN.',
    'kode_kelompok' => 1,
    'kode_perusahaan' => 0,
    'tgl_transaksi' => '2019-07-16 01:01:20',
    'jenis_tindakan' => 1,
    'nama_tindakan' => 'Ruangan Kenanga',
    'bill_rs' => '600000.00',
    'jumlah' => 1,
    'kode_bagian' => '030701',
    'kode_bagian_asal' => '030701',
    'kode_klas' => 5,
    'no_kamar' => '2',
    'no_bed' => '1',
    'status_selesai' => 1,
    'id_dd_user' => 1,
    'kode_trans_pelayanan' => 4238411,
    'executed' => 'executed',
  ),
  8 => 
  array (
    'no_kunjungan' => 881086,
    'no_registrasi' => 595217,
    'no_mr' => '00240571',
    'nama_pasien_layan' => 'R MOCH SETIADI',
    'kode_kelompok' => 1,
    'kode_perusahaan' => 0,
    'tgl_transaksi' => '2019-07-16 01:01:20',
    'jenis_tindakan' => 1,
    'nama_tindakan' => 'Ruangan Anggrek',
    'bill_rs' => '1000000.00',
    'jumlah' => 1,
    'kode_bagian' => '030201',
    'kode_bagian_asal' => '030201',
    'kode_klas' => 3,
    'no_kamar' => '1',
    'no_bed' => ' 1',
    'status_selesai' => 1,
    'id_dd_user' => 1,
    'kode_trans_pelayanan' => 4238412,
    'executed' => 'executed',
  ),
  9 => 
  array (
    'no_kunjungan' => 881116,
    'no_registrasi' => 595221,
    'no_mr' => '00141481',
    'nama_pasien_layan' => 'DAFFA ARYA R, An.',
    'kode_kelompok' => 3,
    'kode_perusahaan' => 15,
    'tgl_transaksi' => '2019-07-16 01:01:20',
    'jenis_tindakan' => 1,
    'nama_tindakan' => 'Ruangan Kenanga',
    'bill_rs' => '600000.00',
    'jumlah' => 1,
    'kode_bagian' => '030701',
    'kode_bagian_asal' => '030701',
    'kode_klas' => 5,
    'no_kamar' => '4',
    'no_bed' => ' 1',
    'status_selesai' => 1,
    'id_dd_user' => 1,
    'kode_trans_pelayanan' => 4238413,
    'executed' => 'executed',
  ),
  10 => 
  array (
    'no_kunjungan' => 881143,
    'no_registrasi' => 595241,
    'no_mr' => '00240577',
    'nama_pasien_layan' => 'MARCHEL ALVINO WAHYUDI, By.',
    'kode_kelompok' => 3,
    'kode_perusahaan' => 120,
    'tgl_transaksi' => '2019-07-16 01:01:21',
    'jenis_tindakan' => 1,
    'nama_tindakan' => 'Ruangan Seruni',
    'bill_rs' => '210000.00',
    'jumlah' => 1,
    'kode_bagian' => '030301',
    'kode_bagian_asal' => '030301',
    'kode_klas' => 13,
    'no_kamar' => '4',
    'no_bed' => '1 ',
    'status_selesai' => 1,
    'id_dd_user' => 1,
    'kode_trans_pelayanan' => 4238414,
    'executed' => 'executed',
  ),
  11 => 
  array (
    'no_kunjungan' => 881242,
    'no_registrasi' => 595336,
    'no_mr' => '00238823',
    'nama_pasien_layan' => 'ASIYAH',
    'kode_kelompok' => 3,
    'kode_perusahaan' => 120,
    'tgl_transaksi' => '2019-07-16 01:01:21',
    'jenis_tindakan' => 1,
    'nama_tindakan' => 'Ruangan Mawar',
    'bill_rs' => '210000.00',
    'jumlah' => 1,
    'kode_bagian' => '031301',
    'kode_bagian_asal' => '031301',
    'kode_klas' => 13,
    'no_kamar' => '2',
    'no_bed' => '2',
    'status_selesai' => 1,
    'id_dd_user' => 1,
    'kode_trans_pelayanan' => 4238415,
    'executed' => 'executed',
  ),
  12 => 
  array (
    'no_kunjungan' => 881313,
    'no_registrasi' => 595357,
    'no_mr' => '00016559',
    'nama_pasien_layan' => 'INGGID PUTRI N, NN.',
    'kode_kelompok' => 3,
    'kode_perusahaan' => 120,
    'tgl_transaksi' => '2019-07-16 01:01:21',
    'jenis_tindakan' => 1,
    'nama_tindakan' => 'Ruangan Flamboyan',
    'bill_rs' => '310000.00',
    'jumlah' => 1,
    'kode_bagian' => '030601',
    'kode_bagian_asal' => '030601',
    'kode_klas' => 12,
    'no_kamar' => '2',
    'no_bed' => '1',
    'status_selesai' => 1,
    'id_dd_user' => 1,
    'kode_trans_pelayanan' => 4238416,
    'executed' => 'executed',
  ),
  13 => 
  array (
    'no_kunjungan' => 881336,
    'no_registrasi' => 595407,
    'no_mr' => '00240462',
    'nama_pasien_layan' => 'FELISHA HAURA AZZAHRA',
    'kode_kelompok' => 1,
    'kode_perusahaan' => 0,
    'tgl_transaksi' => '2019-07-16 01:01:21',
    'jenis_tindakan' => 1,
    'nama_tindakan' => 'Ruangan Anggrek',
    'bill_rs' => '1000000.00',
    'jumlah' => 1,
    'kode_bagian' => '030201',
    'kode_bagian_asal' => '030201',
    'kode_klas' => 3,
    'no_kamar' => '2',
    'no_bed' => '1',
    'status_selesai' => 1,
    'id_dd_user' => 1,
    'kode_trans_pelayanan' => 4238417,
    'executed' => 'executed',
  ),
  14 => 
  array (
    'no_kunjungan' => 881343,
    'no_registrasi' => 595413,
    'no_mr' => '00217962',
    'nama_pasien_layan' => 'SUPRIYANTO, Tn.',
    'kode_kelompok' => 3,
    'kode_perusahaan' => 120,
    'tgl_transaksi' => '2019-07-16 01:01:21',
    'jenis_tindakan' => 1,
    'nama_tindakan' => 'Ruangan Melati',
    'bill_rs' => '140000.00',
    'jumlah' => 1,
    'kode_bagian' => '031401',
    'kode_bagian_asal' => '031401',
    'kode_klas' => 6,
    'no_kamar' => '2',
    'no_bed' => '1',
    'status_selesai' => 1,
    'id_dd_user' => 1,
    'kode_trans_pelayanan' => 4238418,
    'executed' => 'executed',
  ),
  15 => 
  array (
    'no_kunjungan' => 881620,
    'no_registrasi' => 595616,
    'no_mr' => '00240629',
    'nama_pasien_layan' => 'SRI SAYEKTI HANUGRAHANINGRUM',
    'kode_kelompok' => 3,
    'kode_perusahaan' => 120,
    'tgl_transaksi' => '2019-07-16 01:01:21',
    'jenis_tindakan' => 1,
    'nama_tindakan' => 'Ruangan Flamboyan',
    'bill_rs' => '310000.00',
    'jumlah' => 1,
    'kode_bagian' => '030601',
    'kode_bagian_asal' => '030601',
    'kode_klas' => 12,
    'no_kamar' => '1',
    'no_bed' => '1',
    'status_selesai' => 1,
    'id_dd_user' => 1,
    'kode_trans_pelayanan' => 4238419,
    'executed' => 'executed',
  ),
  16 => 
  array (
    'no_kunjungan' => 881856,
    'no_registrasi' => 595733,
    'no_mr' => '00212437',
    'nama_pasien_layan' => 'FLORINO MARKUS SIMON, AN.',
    'kode_kelompok' => 3,
    'kode_perusahaan' => 120,
    'tgl_transaksi' => '2019-07-16 01:01:22',
    'jenis_tindakan' => 1,
    'nama_tindakan' => 'Ruangan Seruni',
    'bill_rs' => '210000.00',
    'jumlah' => 1,
    'kode_bagian' => '030301',
    'kode_bagian_asal' => '030301',
    'kode_klas' => 13,
    'no_kamar' => '4',
    'no_bed' => '3',
    'status_selesai' => 1,
    'id_dd_user' => 1,
    'kode_trans_pelayanan' => 4238420,
    'executed' => 'executed',
  ),
  17 => 
  array (
    'no_kunjungan' => 881859,
    'no_registrasi' => 595782,
    'no_mr' => '00225660',
    'nama_pasien_layan' => 'KHANAYA ANDIRANA HAYUNINGTIYAS,',
    'kode_kelompok' => 3,
    'kode_perusahaan' => 120,
    'tgl_transaksi' => '2019-07-16 01:01:22',
    'jenis_tindakan' => 1,
    'nama_tindakan' => 'Ruangan Flamboyan',
    'bill_rs' => '310000.00',
    'jumlah' => 1,
    'kode_bagian' => '030601',
    'kode_bagian_asal' => '030601',
    'kode_klas' => 12,
    'no_kamar' => '3',
    'no_bed' => '2',
    'status_selesai' => 1,
    'id_dd_user' => 1,
    'kode_trans_pelayanan' => 4238421,
    'executed' => 'executed',
  ),
  18 => 
  array (
    'no_kunjungan' => 881898,
    'no_registrasi' => 595819,
    'no_mr' => '00141396',
    'nama_pasien_layan' => 'ENI NURHAENI, NY.',
    'kode_kelompok' => 3,
    'kode_perusahaan' => 120,
    'tgl_transaksi' => '2019-07-16 01:01:22',
    'jenis_tindakan' => 1,
    'nama_tindakan' => 'Ruangan Melati',
    'bill_rs' => '140000.00',
    'jumlah' => 1,
    'kode_bagian' => '031401',
    'kode_bagian_asal' => '031401',
    'kode_klas' => 6,
    'no_kamar' => '1',
    'no_bed' => '2',
    'status_selesai' => 1,
    'id_dd_user' => 1,
    'kode_trans_pelayanan' => 4238422,
    'executed' => 'executed',
  ),
  19 => 
  array (
    'no_kunjungan' => 881900,
    'no_registrasi' => 595820,
    'no_mr' => '00240439',
    'nama_pasien_layan' => 'IDAH MURTANI',
    'kode_kelompok' => 3,
    'kode_perusahaan' => 120,
    'tgl_transaksi' => '2019-07-16 01:01:22',
    'jenis_tindakan' => 1,
    'nama_tindakan' => 'Ruangan Flamboyan',
    'bill_rs' => '310000.00',
    'jumlah' => 1,
    'kode_bagian' => '030601',
    'kode_bagian_asal' => '030601',
    'kode_klas' => 12,
    'no_kamar' => '2',
    'no_bed' => '2',
    'status_selesai' => 1,
    'id_dd_user' => 1,
    'kode_trans_pelayanan' => 4238328,
    'executed' => 'not_executed',
  ),
)