Jumlah Record = 20, Eksekusi = 18, No Eksekusi = 2 
array (
  0 => 
  array (
    'no_kunjungan' => 868866,
    'no_registrasi' => 586085,
    'no_mr' => '00239361',
    'nama_pasien_layan' => 'NURMIATI',
    'kode_kelompok' => 1,
    'kode_perusahaan' => 0,
    'tgl_transaksi' => '2019-06-25 01:00:00',
    'jenis_tindakan' => 1,
    'nama_tindakan' => 'Ruangan Mawar',
    'bill_rs' => '410000.00',
    'jumlah' => 1,
    'kode_bagian' => '031301',
    'kode_bagian_asal' => '031301',
    'kode_klas' => 13,
    'no_kamar' => '2',
    'no_bed' => '4',
    'status_selesai' => 1,
    'id_dd_user' => 1,
    'kode_trans_pelayanan' => 4190007,
    'executed' => 'executed',
  ),
  1 => 
  array (
    'no_kunjungan' => 868934,
    'no_registrasi' => 586336,
    'no_mr' => '00195152',
    'nama_pasien_layan' => 'DENNY RACHMAT SYAHPUTRA, TN.',
    'kode_kelompok' => 3,
    'kode_perusahaan' => 29,
    'tgl_transaksi' => '2019-06-25 01:00:00',
    'jenis_tindakan' => 1,
    'nama_tindakan' => 'Ruangan Kenanga',
    'bill_rs' => '600000.00',
    'jumlah' => 1,
    'kode_bagian' => '030701',
    'kode_bagian_asal' => '030701',
    'kode_klas' => 5,
    'no_kamar' => '2',
    'no_bed' => '1',
    'status_selesai' => 1,
    'id_dd_user' => 1,
    'kode_trans_pelayanan' => 4190008,
    'executed' => 'executed',
  ),
  2 => 
  array (
    'no_kunjungan' => 868961,
    'no_registrasi' => 586355,
    'no_mr' => '00131221',
    'nama_pasien_layan' => 'AMIR THAYEB  DR, Tn.',
    'kode_kelompok' => 9,
    'kode_perusahaan' => 0,
    'tgl_transaksi' => '2019-06-25 01:00:00',
    'jenis_tindakan' => 1,
    'nama_tindakan' => 'Ruangan Wijayakusuma',
    'bill_rs' => '1200000.00',
    'jumlah' => 1,
    'kode_bagian' => '030101',
    'kode_bagian_asal' => '030101',
    'kode_klas' => 2,
    'no_kamar' => '4',
    'no_bed' => '1',
    'status_selesai' => 1,
    'id_dd_user' => 1,
    'kode_trans_pelayanan' => 4190009,
    'executed' => 'executed',
  ),
  3 => 
  array (
    'no_kunjungan' => 869227,
    'no_registrasi' => 586455,
    'no_mr' => '00197153',
    'nama_pasien_layan' => 'J SAMBUDI, H, Tn.',
    'kode_kelompok' => 3,
    'kode_perusahaan' => 120,
    'tgl_transaksi' => '2019-06-25 01:00:00',
    'jenis_tindakan' => 1,
    'nama_tindakan' => 'Ruangan Flamboyan',
    'bill_rs' => '310000.00',
    'jumlah' => 1,
    'kode_bagian' => '030601',
    'kode_bagian_asal' => '030601',
    'kode_klas' => 12,
    'no_kamar' => '2',
    'no_bed' => '1',
    'status_selesai' => 1,
    'id_dd_user' => 1,
    'kode_trans_pelayanan' => 4190010,
    'executed' => 'executed',
  ),
  4 => 
  array (
    'no_kunjungan' => 869143,
    'no_registrasi' => 586461,
    'no_mr' => '00239403',
    'nama_pasien_layan' => 'AHMAD BAYHAQI',
    'kode_kelompok' => 3,
    'kode_perusahaan' => 120,
    'tgl_transaksi' => '2019-06-25 01:00:00',
    'jenis_tindakan' => 1,
    'nama_tindakan' => 'Ruangan Seruni',
    'bill_rs' => '210000.00',
    'jumlah' => 1,
    'kode_bagian' => '030301',
    'kode_bagian_asal' => '030301',
    'kode_klas' => 13,
    'no_kamar' => '4',
    'no_bed' => '1 ',
    'status_selesai' => 1,
    'id_dd_user' => 1,
    'kode_trans_pelayanan' => 4190011,
    'executed' => 'executed',
  ),
  5 => 
  array (
    'no_kunjungan' => 869300,
    'no_registrasi' => 586570,
    'no_mr' => '00131098',
    'nama_pasien_layan' => 'HJ. YUMENIH, Ny.',
    'kode_kelompok' => 1,
    'kode_perusahaan' => 0,
    'tgl_transaksi' => '2019-06-25 01:00:01',
    'jenis_tindakan' => 1,
    'nama_tindakan' => 'Ruangan Teratai',
    'bill_rs' => '600000.00',
    'jumlah' => 1,
    'kode_bagian' => '030801',
    'kode_bagian_asal' => '030801',
    'kode_klas' => 5,
    'no_kamar' => '2',
    'no_bed' => '1',
    'status_selesai' => 1,
    'id_dd_user' => 1,
    'kode_trans_pelayanan' => 4190012,
    'executed' => 'executed',
  ),
  6 => 
  array (
    'no_kunjungan' => 869304,
    'no_registrasi' => 586573,
    'no_mr' => '00227314',
    'nama_pasien_layan' => 'AKHTAR HAIDAR LATIEF ( BY. NY. DIAH AYU ), AN.',
    'kode_kelompok' => 3,
    'kode_perusahaan' => 120,
    'tgl_transaksi' => '2019-06-25 01:00:01',
    'jenis_tindakan' => 1,
    'nama_tindakan' => 'Ruangan Seruni',
    'bill_rs' => '310000.00',
    'jumlah' => 1,
    'kode_bagian' => '030301',
    'kode_bagian_asal' => '030301',
    'kode_klas' => 12,
    'no_kamar' => '3',
    'no_bed' => '1',
    'status_selesai' => 1,
    'id_dd_user' => 1,
    'kode_trans_pelayanan' => 4190013,
    'executed' => 'executed',
  ),
  7 => 
  array (
    'no_kunjungan' => 869318,
    'no_registrasi' => 586575,
    'no_mr' => '00162266',
    'nama_pasien_layan' => 'KASRAH, Tn.',
    'kode_kelompok' => 3,
    'kode_perusahaan' => 120,
    'tgl_transaksi' => '2019-06-25 01:00:01',
    'jenis_tindakan' => 1,
    'nama_tindakan' => 'Ruangan Mawar',
    'bill_rs' => '210000.00',
    'jumlah' => 1,
    'kode_bagian' => '031301',
    'kode_bagian_asal' => '031301',
    'kode_klas' => 13,
    'no_kamar' => '1',
    'no_bed' => '1',
    'status_selesai' => 1,
    'id_dd_user' => 1,
    'kode_trans_pelayanan' => 4190014,
    'executed' => 'executed',
  ),
  8 => 
  array (
    'no_kunjungan' => 869384,
    'no_registrasi' => 586613,
    'no_mr' => '00003467',
    'nama_pasien_layan' => 'AI SUWANGSIH, NY.',
    'kode_kelompok' => 3,
    'kode_perusahaan' => 120,
    'tgl_transaksi' => '2019-06-25 01:00:01',
    'jenis_tindakan' => 1,
    'nama_tindakan' => 'Ruangan Flamboyan',
    'bill_rs' => '310000.00',
    'jumlah' => 1,
    'kode_bagian' => '030601',
    'kode_bagian_asal' => '030601',
    'kode_klas' => 12,
    'no_kamar' => '1',
    'no_bed' => '1',
    'status_selesai' => 1,
    'id_dd_user' => 1,
    'kode_trans_pelayanan' => 4190015,
    'executed' => 'executed',
  ),
  9 => 
  array (
    'no_kunjungan' => 869390,
    'no_registrasi' => 586620,
    'no_mr' => '00230574',
    'nama_pasien_layan' => 'N YEYET SUPRIYETI, Ny.',
    'kode_kelompok' => 3,
    'kode_perusahaan' => 120,
    'tgl_transaksi' => '2019-06-25 01:00:01',
    'jenis_tindakan' => 1,
    'nama_tindakan' => 'Ruangan Melati',
    'bill_rs' => '140000.00',
    'jumlah' => 1,
    'kode_bagian' => '031401',
    'kode_bagian_asal' => '031401',
    'kode_klas' => 6,
    'no_kamar' => '1',
    'no_bed' => '1',
    'status_selesai' => 1,
    'id_dd_user' => 1,
    'kode_trans_pelayanan' => 4190016,
    'executed' => 'executed',
  ),
  10 => 
  array (
    'no_kunjungan' => 869391,
    'no_registrasi' => 586621,
    'no_mr' => '00228210',
    'nama_pasien_layan' => 'AZOHRI MAULANA, Tn.',
    'kode_kelompok' => 3,
    'kode_perusahaan' => 120,
    'tgl_transaksi' => '2019-06-25 01:00:01',
    'jenis_tindakan' => 1,
    'nama_tindakan' => 'Ruangan Mawar',
    'bill_rs' => '210000.00',
    'jumlah' => 1,
    'kode_bagian' => '031301',
    'kode_bagian_asal' => '031301',
    'kode_klas' => 13,
    'no_kamar' => '1',
    'no_bed' => '2',
    'status_selesai' => 1,
    'id_dd_user' => 1,
    'kode_trans_pelayanan' => 4190017,
    'executed' => 'executed',
  ),
  11 => 
  array (
    'no_kunjungan' => 869392,
    'no_registrasi' => 586622,
    'no_mr' => '00175337',
    'nama_pasien_layan' => 'UMAMAH, Ny.',
    'kode_kelompok' => 3,
    'kode_perusahaan' => 120,
    'tgl_transaksi' => '2019-06-25 01:00:01',
    'jenis_tindakan' => 1,
    'nama_tindakan' => 'Ruangan Flamboyan',
    'bill_rs' => '310000.00',
    'jumlah' => 1,
    'kode_bagian' => '030601',
    'kode_bagian_asal' => '030601',
    'kode_klas' => 12,
    'no_kamar' => '3',
    'no_bed' => '2',
    'status_selesai' => 1,
    'id_dd_user' => 1,
    'kode_trans_pelayanan' => 4190018,
    'executed' => 'executed',
  ),
  12 => 
  array (
    'no_kunjungan' => 869707,
    'no_registrasi' => 586885,
    'no_mr' => '00196714',
    'nama_pasien_layan' => 'AGUS SUDARTO, TN.',
    'kode_kelompok' => 3,
    'kode_perusahaan' => 120,
    'tgl_transaksi' => '2019-06-25 01:00:02',
    'jenis_tindakan' => 1,
    'nama_tindakan' => 'Ruangan Melati',
    'bill_rs' => '140000.00',
    'jumlah' => 1,
    'kode_bagian' => '031401',
    'kode_bagian_asal' => '031401',
    'kode_klas' => 6,
    'no_kamar' => '2',
    'no_bed' => '2',
    'status_selesai' => 1,
    'id_dd_user' => 1,
    'kode_trans_pelayanan' => 4190019,
    'executed' => 'executed',
  ),
  13 => 
  array (
    'no_kunjungan' => 869714,
    'no_registrasi' => 586892,
    'no_mr' => '00238698',
    'nama_pasien_layan' => 'SURYA PURNAJA',
    'kode_kelompok' => 3,
    'kode_perusahaan' => 120,
    'tgl_transaksi' => '2019-06-25 01:00:02',
    'jenis_tindakan' => 1,
    'nama_tindakan' => 'Ruangan Melati',
    'bill_rs' => '140000.00',
    'jumlah' => 1,
    'kode_bagian' => '031401',
    'kode_bagian_asal' => '031401',
    'kode_klas' => 6,
    'no_kamar' => '2',
    'no_bed' => '4',
    'status_selesai' => 1,
    'id_dd_user' => 1,
    'kode_trans_pelayanan' => 4190020,
    'executed' => 'executed',
  ),
  14 => 
  array (
    'no_kunjungan' => 869716,
    'no_registrasi' => 586894,
    'no_mr' => '00178134',
    'nama_pasien_layan' => 'TUKINO ARI PRIHANTO, Tn.',
    'kode_kelompok' => 3,
    'kode_perusahaan' => 120,
    'tgl_transaksi' => '2019-06-25 01:00:02',
    'jenis_tindakan' => 1,
    'nama_tindakan' => 'Ruangan Melati',
    'bill_rs' => '140000.00',
    'jumlah' => 1,
    'kode_bagian' => '031401',
    'kode_bagian_asal' => '031401',
    'kode_klas' => 6,
    'no_kamar' => '2',
    'no_bed' => '1',
    'status_selesai' => 1,
    'id_dd_user' => 1,
    'kode_trans_pelayanan' => 4190021,
    'executed' => 'executed',
  ),
  15 => 
  array (
    'no_kunjungan' => 870111,
    'no_registrasi' => 587005,
    'no_mr' => '00072030',
    'nama_pasien_layan' => 'FARHANAH, NY.',
    'kode_kelompok' => 3,
    'kode_perusahaan' => 120,
    'tgl_transaksi' => '2019-06-25 01:00:02',
    'jenis_tindakan' => 1,
    'nama_tindakan' => 'Ruangan Mawar',
    'bill_rs' => '210000.00',
    'jumlah' => 1,
    'kode_bagian' => '031301',
    'kode_bagian_asal' => '031301',
    'kode_klas' => 13,
    'no_kamar' => '2',
    'no_bed' => '3',
    'status_selesai' => 1,
    'id_dd_user' => 1,
    'kode_trans_pelayanan' => 4190022,
    'executed' => 'executed',
  ),
  16 => 
  array (
    'no_kunjungan' => 870116,
    'no_registrasi' => 587018,
    'no_mr' => '00239478',
    'nama_pasien_layan' => 'FITRI NURAHMI P',
    'kode_kelompok' => 3,
    'kode_perusahaan' => 5,
    'tgl_transaksi' => '2019-06-25 01:00:02',
    'jenis_tindakan' => 1,
    'nama_tindakan' => 'Ruangan Anggrek',
    'bill_rs' => '1000000.00',
    'jumlah' => 1,
    'kode_bagian' => '030201',
    'kode_bagian_asal' => '030201',
    'kode_klas' => 3,
    'no_kamar' => '3',
    'no_bed' => '1',
    'status_selesai' => 1,
    'id_dd_user' => 1,
    'kode_trans_pelayanan' => 4190023,
    'executed' => 'executed',
  ),
  17 => 
  array (
    'no_kunjungan' => 870133,
    'no_registrasi' => 587061,
    'no_mr' => '00239481',
    'nama_pasien_layan' => 'KAYSHA NAURA P',
    'kode_kelompok' => 3,
    'kode_perusahaan' => 288,
    'tgl_transaksi' => '2019-06-25 01:00:02',
    'jenis_tindakan' => 1,
    'nama_tindakan' => 'Ruangan Seruni',
    'bill_rs' => '500000.00',
    'jumlah' => 1,
    'kode_bagian' => '030301',
    'kode_bagian_asal' => '030301',
    'kode_klas' => 12,
    'no_kamar' => '3',
    'no_bed' => '2 ',
    'status_selesai' => 1,
    'id_dd_user' => 1,
    'kode_trans_pelayanan' => 4190024,
    'executed' => 'executed',
  ),
  18 => 
  array (
    'no_kunjungan' => 870197,
    'no_registrasi' => 587204,
    'no_mr' => '00236517',
    'nama_pasien_layan' => 'NGATINI',
    'kode_kelompok' => 3,
    'kode_perusahaan' => 120,
    'tgl_transaksi' => '2019-06-25 01:00:02',
    'jenis_tindakan' => 1,
    'nama_tindakan' => 'Ruangan Melati',
    'bill_rs' => '140000.00',
    'jumlah' => 1,
    'kode_bagian' => '031401',
    'kode_bagian_asal' => '031401',
    'kode_klas' => 6,
    'no_kamar' => '1',
    'no_bed' => '2',
    'status_selesai' => 1,
    'id_dd_user' => 1,
    'kode_trans_pelayanan' => 4189963,
    'executed' => 'not_executed',
  ),
  19 => 
  array (
    'no_kunjungan' => 870198,
    'no_registrasi' => 587205,
    'no_mr' => '00238065',
    'nama_pasien_layan' => 'SUPRIYATI HANDRAYASIH',
    'kode_kelompok' => 3,
    'kode_perusahaan' => 120,
    'tgl_transaksi' => '2019-06-25 01:00:02',
    'jenis_tindakan' => 1,
    'nama_tindakan' => 'Ruangan Seruni Ruang Nifas',
    'bill_rs' => '310000.00',
    'jumlah' => 1,
    'kode_bagian' => '031601',
    'kode_bagian_asal' => '031601',
    'kode_klas' => 12,
    'no_kamar' => '1',
    'no_bed' => '1 ',
    'status_selesai' => 1,
    'id_dd_user' => 1,
    'kode_trans_pelayanan' => 4189964,
    'executed' => 'not_executed',
  ),
)