Jumlah Record = 21, Eksekusi = 21, No Eksekusi = 0 
array (
  0 => 
  array (
    'no_kunjungan' => 870205,
    'no_registrasi' => 587203,
    'no_mr' => '00239497',
    'nama_pasien_layan' => 'FADHLURRAHMAN',
    'kode_kelompok' => 1,
    'kode_perusahaan' => 0,
    'tgl_transaksi' => '2019-07-07 01:00:02',
    'jenis_tindakan' => 1,
    'nama_tindakan' => 'Ruangan Anggrek',
    'bill_rs' => '1000000.00',
    'jumlah' => 1,
    'kode_bagian' => '030201',
    'kode_bagian_asal' => '030201',
    'kode_klas' => 3,
    'no_kamar' => '5',
    'no_bed' => '1',
    'status_selesai' => 1,
    'id_dd_user' => 1,
    'kode_trans_pelayanan' => 4219748,
    'executed' => 'executed',
  ),
  1 => 
  array (
    'no_kunjungan' => 873777,
    'no_registrasi' => 589707,
    'no_mr' => '00165739',
    'nama_pasien_layan' => 'HJ DWI SUBACHTUTI, NY., NY., NY.',
    'kode_kelompok' => 3,
    'kode_perusahaan' => 120,
    'tgl_transaksi' => '2019-07-07 01:00:02',
    'jenis_tindakan' => 1,
    'nama_tindakan' => 'Ruangan Wijayakusuma',
    'bill_rs' => '1200000.00',
    'jumlah' => 1,
    'kode_bagian' => '030101',
    'kode_bagian_asal' => '030101',
    'kode_klas' => 2,
    'no_kamar' => '6',
    'no_bed' => '1',
    'status_selesai' => 1,
    'id_dd_user' => 1,
    'kode_trans_pelayanan' => 4219749,
    'executed' => 'executed',
  ),
  2 => 
  array (
    'no_kunjungan' => 875888,
    'no_registrasi' => 591319,
    'no_mr' => '00235276',
    'nama_pasien_layan' => 'TITI MULYATI BINTI KARNO',
    'kode_kelompok' => 3,
    'kode_perusahaan' => 120,
    'tgl_transaksi' => '2019-07-07 01:00:02',
    'jenis_tindakan' => 1,
    'nama_tindakan' => 'Ruangan Melati',
    'bill_rs' => '140000.00',
    'jumlah' => 1,
    'kode_bagian' => '031401',
    'kode_bagian_asal' => '031401',
    'kode_klas' => 6,
    'no_kamar' => '1',
    'no_bed' => '8',
    'status_selesai' => 1,
    'id_dd_user' => 1,
    'kode_trans_pelayanan' => 4219750,
    'executed' => 'executed',
  ),
  3 => 
  array (
    'no_kunjungan' => 876148,
    'no_registrasi' => 591522,
    'no_mr' => '00003467',
    'nama_pasien_layan' => 'AI SUWANGSIH, NY.',
    'kode_kelompok' => 3,
    'kode_perusahaan' => 120,
    'tgl_transaksi' => '2019-07-07 01:00:02',
    'jenis_tindakan' => 1,
    'nama_tindakan' => 'Ruangan Flamboyan',
    'bill_rs' => '310000.00',
    'jumlah' => 1,
    'kode_bagian' => '030601',
    'kode_bagian_asal' => '030601',
    'kode_klas' => 12,
    'no_kamar' => '1',
    'no_bed' => '1',
    'status_selesai' => 1,
    'id_dd_user' => 1,
    'kode_trans_pelayanan' => 4219751,
    'executed' => 'executed',
  ),
  4 => 
  array (
    'no_kunjungan' => 876269,
    'no_registrasi' => 591581,
    'no_mr' => '00177987',
    'nama_pasien_layan' => 'RAHMAH EL NASIAH, Ny.',
    'kode_kelompok' => 1,
    'kode_perusahaan' => 0,
    'tgl_transaksi' => '2019-07-07 01:00:02',
    'jenis_tindakan' => 1,
    'nama_tindakan' => 'Ruangan Kenanga',
    'bill_rs' => '600000.00',
    'jumlah' => 1,
    'kode_bagian' => '030701',
    'kode_bagian_asal' => '030701',
    'kode_klas' => 5,
    'no_kamar' => '3',
    'no_bed' => ' 1',
    'status_selesai' => 1,
    'id_dd_user' => 1,
    'kode_trans_pelayanan' => 4219752,
    'executed' => 'executed',
  ),
  5 => 
  array (
    'no_kunjungan' => 876380,
    'no_registrasi' => 591692,
    'no_mr' => '00240068',
    'nama_pasien_layan' => 'DINO RODIANSYAH',
    'kode_kelompok' => 3,
    'kode_perusahaan' => 120,
    'tgl_transaksi' => '2019-07-07 01:00:03',
    'jenis_tindakan' => 1,
    'nama_tindakan' => 'Ruangan Melati',
    'bill_rs' => '140000.00',
    'jumlah' => 1,
    'kode_bagian' => '031401',
    'kode_bagian_asal' => '031401',
    'kode_klas' => 6,
    'no_kamar' => '2',
    'no_bed' => '3',
    'status_selesai' => 1,
    'id_dd_user' => 1,
    'kode_trans_pelayanan' => 4219753,
    'executed' => 'executed',
  ),
  6 => 
  array (
    'no_kunjungan' => 876487,
    'no_registrasi' => 591787,
    'no_mr' => '00236925',
    'nama_pasien_layan' => 'SULAEHA',
    'kode_kelompok' => 3,
    'kode_perusahaan' => 120,
    'tgl_transaksi' => '2019-07-07 01:00:03',
    'jenis_tindakan' => 1,
    'nama_tindakan' => 'Ruangan Bougenvile',
    'bill_rs' => '140000.00',
    'jumlah' => 1,
    'kode_bagian' => '031701',
    'kode_bagian_asal' => '031701',
    'kode_klas' => 6,
    'no_kamar' => '1',
    'no_bed' => '1',
    'status_selesai' => 1,
    'id_dd_user' => 1,
    'kode_trans_pelayanan' => 4219754,
    'executed' => 'executed',
  ),
  7 => 
  array (
    'no_kunjungan' => 876505,
    'no_registrasi' => 591804,
    'no_mr' => '00220006',
    'nama_pasien_layan' => 'NURAENI, NY.',
    'kode_kelompok' => 3,
    'kode_perusahaan' => 120,
    'tgl_transaksi' => '2019-07-07 01:00:03',
    'jenis_tindakan' => 1,
    'nama_tindakan' => 'Ruangan Bougenvile',
    'bill_rs' => '140000.00',
    'jumlah' => 1,
    'kode_bagian' => '031701',
    'kode_bagian_asal' => '031701',
    'kode_klas' => 6,
    'no_kamar' => '1',
    'no_bed' => '3',
    'status_selesai' => 1,
    'id_dd_user' => 1,
    'kode_trans_pelayanan' => 4219755,
    'executed' => 'executed',
  ),
  8 => 
  array (
    'no_kunjungan' => 876757,
    'no_registrasi' => 591997,
    'no_mr' => '00239884',
    'nama_pasien_layan' => 'NUR ANNISA AMELIA OLII',
    'kode_kelompok' => 3,
    'kode_perusahaan' => 120,
    'tgl_transaksi' => '2019-07-07 01:00:03',
    'jenis_tindakan' => 1,
    'nama_tindakan' => 'Ruangan Mawar',
    'bill_rs' => '210000.00',
    'jumlah' => 1,
    'kode_bagian' => '031301',
    'kode_bagian_asal' => '031301',
    'kode_klas' => 13,
    'no_kamar' => '2',
    'no_bed' => '3',
    'status_selesai' => 1,
    'id_dd_user' => 1,
    'kode_trans_pelayanan' => 4219756,
    'executed' => 'executed',
  ),
  9 => 
  array (
    'no_kunjungan' => 876951,
    'no_registrasi' => 592002,
    'no_mr' => '00240116',
    'nama_pasien_layan' => 'BONITA DEFY FERANI',
    'kode_kelompok' => 3,
    'kode_perusahaan' => 38,
    'tgl_transaksi' => '2019-07-07 01:00:03',
    'jenis_tindakan' => 1,
    'nama_tindakan' => 'Ruangan Flamboyan',
    'bill_rs' => '670000.00',
    'jumlah' => 1,
    'kode_bagian' => '030601',
    'kode_bagian_asal' => '030601',
    'kode_klas' => 12,
    'no_kamar' => '1',
    'no_bed' => '2',
    'status_selesai' => 1,
    'id_dd_user' => 1,
    'kode_trans_pelayanan' => 4219757,
    'executed' => 'executed',
  ),
  10 => 
  array (
    'no_kunjungan' => 876868,
    'no_registrasi' => 592012,
    'no_mr' => '00240121',
    'nama_pasien_layan' => 'SUBARDI',
    'kode_kelompok' => 3,
    'kode_perusahaan' => 226,
    'tgl_transaksi' => '2019-07-07 01:00:04',
    'jenis_tindakan' => 1,
    'nama_tindakan' => 'Ruangan Mawar',
    'bill_rs' => '410000.00',
    'jumlah' => 1,
    'kode_bagian' => '031301',
    'kode_bagian_asal' => '031301',
    'kode_klas' => 13,
    'no_kamar' => '1',
    'no_bed' => '4',
    'status_selesai' => 1,
    'id_dd_user' => 1,
    'kode_trans_pelayanan' => 4219758,
    'executed' => 'executed',
  ),
  11 => 
  array (
    'no_kunjungan' => 876809,
    'no_registrasi' => 592046,
    'no_mr' => '00240122',
    'nama_pasien_layan' => 'BY NY NUR ANNISA AMELIA',
    'kode_kelompok' => 3,
    'kode_perusahaan' => 120,
    'tgl_transaksi' => '2019-07-07 01:00:04',
    'jenis_tindakan' => 1,
    'nama_tindakan' => 'Ruangan Kamar Bayi',
    'bill_rs' => '200000.00',
    'jumlah' => 1,
    'kode_bagian' => '031201',
    'kode_bagian_asal' => '031201',
    'kode_klas' => 13,
    'no_kamar' => '01',
    'no_bed' => '1',
    'status_selesai' => 1,
    'id_dd_user' => 1,
    'kode_trans_pelayanan' => 4219759,
    'executed' => 'executed',
  ),
  12 => 
  array (
    'no_kunjungan' => 876904,
    'no_registrasi' => 592124,
    'no_mr' => '00240132',
    'nama_pasien_layan' => 'BY NY SULAEHA',
    'kode_kelompok' => 3,
    'kode_perusahaan' => 120,
    'tgl_transaksi' => '2019-07-07 01:00:04',
    'jenis_tindakan' => 1,
    'nama_tindakan' => 'Ruangan Kamar Bayi',
    'bill_rs' => '120000.00',
    'jumlah' => 1,
    'kode_bagian' => '031201',
    'kode_bagian_asal' => '031201',
    'kode_klas' => 6,
    'no_kamar' => '03',
    'no_bed' => '1',
    'status_selesai' => 1,
    'id_dd_user' => 1,
    'kode_trans_pelayanan' => 4219760,
    'executed' => 'executed',
  ),
  13 => 
  array (
    'no_kunjungan' => 876933,
    'no_registrasi' => 592152,
    'no_mr' => '00240135',
    'nama_pasien_layan' => 'BY.NY NURAENI',
    'kode_kelompok' => 3,
    'kode_perusahaan' => 120,
    'tgl_transaksi' => '2019-07-07 01:00:04',
    'jenis_tindakan' => 1,
    'nama_tindakan' => 'Ruangan Kamar Bayi',
    'bill_rs' => '120000.00',
    'jumlah' => 1,
    'kode_bagian' => '031201',
    'kode_bagian_asal' => '031201',
    'kode_klas' => 6,
    'no_kamar' => '03',
    'no_bed' => '3',
    'status_selesai' => 1,
    'id_dd_user' => 1,
    'kode_trans_pelayanan' => 4219761,
    'executed' => 'executed',
  ),
  14 => 
  array (
    'no_kunjungan' => 877003,
    'no_registrasi' => 592181,
    'no_mr' => '00240138',
    'nama_pasien_layan' => 'SHAZIA NAEEMA TSABITA',
    'kode_kelompok' => 1,
    'kode_perusahaan' => 0,
    'tgl_transaksi' => '2019-07-07 01:00:05',
    'jenis_tindakan' => 1,
    'nama_tindakan' => 'Ruangan Seruni',
    'bill_rs' => '350000.00',
    'jumlah' => 1,
    'kode_bagian' => '030301',
    'kode_bagian_asal' => '030301',
    'kode_klas' => 13,
    'no_kamar' => '4',
    'no_bed' => '2',
    'status_selesai' => 1,
    'id_dd_user' => 1,
    'kode_trans_pelayanan' => 4219762,
    'executed' => 'executed',
  ),
  15 => 
  array (
    'no_kunjungan' => 877034,
    'no_registrasi' => 592188,
    'no_mr' => '00233880',
    'nama_pasien_layan' => 'SASHKIA ARDANI',
    'kode_kelompok' => 3,
    'kode_perusahaan' => 120,
    'tgl_transaksi' => '2019-07-07 01:00:05',
    'jenis_tindakan' => 1,
    'nama_tindakan' => 'Ruangan Mawar',
    'bill_rs' => '210000.00',
    'jumlah' => 1,
    'kode_bagian' => '031301',
    'kode_bagian_asal' => '031301',
    'kode_klas' => 13,
    'no_kamar' => '2',
    'no_bed' => '2',
    'status_selesai' => 1,
    'id_dd_user' => 1,
    'kode_trans_pelayanan' => 4219763,
    'executed' => 'executed',
  ),
  16 => 
  array (
    'no_kunjungan' => 877027,
    'no_registrasi' => 592189,
    'no_mr' => '00196769',
    'nama_pasien_layan' => 'SOENARTO HS, Tn.',
    'kode_kelompok' => 3,
    'kode_perusahaan' => 120,
    'tgl_transaksi' => '2019-07-07 01:00:05',
    'jenis_tindakan' => 1,
    'nama_tindakan' => 'Ruangan Flamboyan',
    'bill_rs' => '310000.00',
    'jumlah' => 1,
    'kode_bagian' => '030601',
    'kode_bagian_asal' => '030601',
    'kode_klas' => 12,
    'no_kamar' => '3',
    'no_bed' => '1',
    'status_selesai' => 1,
    'id_dd_user' => 1,
    'kode_trans_pelayanan' => 4219764,
    'executed' => 'executed',
  ),
  17 => 
  array (
    'no_kunjungan' => 877028,
    'no_registrasi' => 592190,
    'no_mr' => '00239033',
    'nama_pasien_layan' => 'JUSMANETI',
    'kode_kelompok' => 3,
    'kode_perusahaan' => 120,
    'tgl_transaksi' => '2019-07-07 01:00:05',
    'jenis_tindakan' => 1,
    'nama_tindakan' => 'Ruangan Flamboyan',
    'bill_rs' => '310000.00',
    'jumlah' => 1,
    'kode_bagian' => '030601',
    'kode_bagian_asal' => '030601',
    'kode_klas' => 12,
    'no_kamar' => '2',
    'no_bed' => '1',
    'status_selesai' => 1,
    'id_dd_user' => 1,
    'kode_trans_pelayanan' => 4219765,
    'executed' => 'executed',
  ),
  18 => 
  array (
    'no_kunjungan' => 877029,
    'no_registrasi' => 592191,
    'no_mr' => '00239609',
    'nama_pasien_layan' => 'SUGIYONO, Tn.',
    'kode_kelompok' => 3,
    'kode_perusahaan' => 120,
    'tgl_transaksi' => '2019-07-07 01:00:05',
    'jenis_tindakan' => 1,
    'nama_tindakan' => 'Ruangan Melati',
    'bill_rs' => '140000.00',
    'jumlah' => 1,
    'kode_bagian' => '031401',
    'kode_bagian_asal' => '031401',
    'kode_klas' => 6,
    'no_kamar' => '2',
    'no_bed' => '2',
    'status_selesai' => 1,
    'id_dd_user' => 1,
    'kode_trans_pelayanan' => 4219766,
    'executed' => 'executed',
  ),
  19 => 
  array (
    'no_kunjungan' => 877344,
    'no_registrasi' => 592353,
    'no_mr' => '00133001',
    'nama_pasien_layan' => 'EVA ZULIA, Ny.',
    'kode_kelompok' => 1,
    'kode_perusahaan' => 0,
    'tgl_transaksi' => '2019-07-07 01:00:06',
    'jenis_tindakan' => 1,
    'nama_tindakan' => 'Ruangan Mawar',
    'bill_rs' => '410000.00',
    'jumlah' => 1,
    'kode_bagian' => '031301',
    'kode_bagian_asal' => '031301',
    'kode_klas' => 13,
    'no_kamar' => '2',
    'no_bed' => '4',
    'status_selesai' => 1,
    'id_dd_user' => 1,
    'kode_trans_pelayanan' => 4219767,
    'executed' => 'executed',
  ),
  20 => 
  array (
    'no_kunjungan' => 877272,
    'no_registrasi' => 592359,
    'no_mr' => '00240176',
    'nama_pasien_layan' => 'S ACHMAD HANAFI',
    'kode_kelompok' => 3,
    'kode_perusahaan' => 120,
    'tgl_transaksi' => '2019-07-07 01:00:06',
    'jenis_tindakan' => 1,
    'nama_tindakan' => 'Ruangan ICU ',
    'bill_rs' => '700000.00',
    'jumlah' => 1,
    'kode_bagian' => '031001',
    'kode_bagian_asal' => '031001',
    'kode_klas' => 11,
    'no_kamar' => NULL,
    'no_bed' => NULL,
    'status_selesai' => 1,
    'id_dd_user' => 1,
    'kode_trans_pelayanan' => 4219768,
    'executed' => 'executed',
  ),
)