Jumlah Record = 14, Eksekusi = 14, No Eksekusi = 0 
array (
  0 => 
  array (
    'no_kunjungan' => 878794,
    'no_registrasi' => 593473,
    'no_mr' => '00154922',
    'nama_pasien_layan' => 'MARIAH, Ny.',
    'kode_kelompok' => 3,
    'kode_perusahaan' => 48,
    'tgl_transaksi' => '2019-07-15 01:00:01',
    'jenis_tindakan' => 1,
    'nama_tindakan' => 'Ruangan Flamboyan',
    'bill_rs' => '670000.00',
    'jumlah' => 1,
    'kode_bagian' => '030601',
    'kode_bagian_asal' => '030601',
    'kode_klas' => 12,
    'no_kamar' => '3',
    'no_bed' => '1',
    'status_selesai' => 1,
    'id_dd_user' => 1,
    'kode_trans_pelayanan' => 4235493,
    'executed' => 'executed',
  ),
  1 => 
  array (
    'no_kunjungan' => 880005,
    'no_registrasi' => 594414,
    'no_mr' => '00218588',
    'nama_pasien_layan' => 'SALAMAH, Ny.',
    'kode_kelompok' => 3,
    'kode_perusahaan' => 120,
    'tgl_transaksi' => '2019-07-15 01:00:01',
    'jenis_tindakan' => 1,
    'nama_tindakan' => 'Ruangan Mawar',
    'bill_rs' => '210000.00',
    'jumlah' => 1,
    'kode_bagian' => '031301',
    'kode_bagian_asal' => '031301',
    'kode_klas' => 13,
    'no_kamar' => '2',
    'no_bed' => '1',
    'status_selesai' => 1,
    'id_dd_user' => 1,
    'kode_trans_pelayanan' => 4235494,
    'executed' => 'executed',
  ),
  2 => 
  array (
    'no_kunjungan' => 880660,
    'no_registrasi' => 594934,
    'no_mr' => '00240520',
    'nama_pasien_layan' => 'DEFI WIDIYANTI',
    'kode_kelompok' => 1,
    'kode_perusahaan' => 0,
    'tgl_transaksi' => '2019-07-15 01:00:02',
    'jenis_tindakan' => 1,
    'nama_tindakan' => 'Ruangan Melati',
    'bill_rs' => '250000.00',
    'jumlah' => 1,
    'kode_bagian' => '031401',
    'kode_bagian_asal' => '031401',
    'kode_klas' => 6,
    'no_kamar' => '1',
    'no_bed' => '3',
    'status_selesai' => 1,
    'id_dd_user' => 1,
    'kode_trans_pelayanan' => 4235495,
    'executed' => 'executed',
  ),
  3 => 
  array (
    'no_kunjungan' => 880667,
    'no_registrasi' => 594935,
    'no_mr' => '00240536',
    'nama_pasien_layan' => 'NENENG RIMA SOPYAN',
    'kode_kelompok' => 1,
    'kode_perusahaan' => 0,
    'tgl_transaksi' => '2019-07-15 01:00:02',
    'jenis_tindakan' => 1,
    'nama_tindakan' => 'Ruangan Wijayakusuma',
    'bill_rs' => '1200000.00',
    'jumlah' => 1,
    'kode_bagian' => '030101',
    'kode_bagian_asal' => '030101',
    'kode_klas' => 2,
    'no_kamar' => '5',
    'no_bed' => '1',
    'status_selesai' => 1,
    'id_dd_user' => 1,
    'kode_trans_pelayanan' => 4235496,
    'executed' => 'executed',
  ),
  4 => 
  array (
    'no_kunjungan' => 880988,
    'no_registrasi' => 595130,
    'no_mr' => '00239782',
    'nama_pasien_layan' => 'SUPRAPTO',
    'kode_kelompok' => 3,
    'kode_perusahaan' => 120,
    'tgl_transaksi' => '2019-07-15 01:00:02',
    'jenis_tindakan' => 1,
    'nama_tindakan' => 'Ruangan Melati',
    'bill_rs' => '140000.00',
    'jumlah' => 1,
    'kode_bagian' => '031401',
    'kode_bagian_asal' => '031401',
    'kode_klas' => 6,
    'no_kamar' => '2',
    'no_bed' => '1',
    'status_selesai' => 1,
    'id_dd_user' => 1,
    'kode_trans_pelayanan' => 4235497,
    'executed' => 'executed',
  ),
  5 => 
  array (
    'no_kunjungan' => 881001,
    'no_registrasi' => 595151,
    'no_mr' => '00240534',
    'nama_pasien_layan' => 'ABDUL AZIZ OBAYDILLAH',
    'kode_kelompok' => 3,
    'kode_perusahaan' => 120,
    'tgl_transaksi' => '2019-07-15 01:00:02',
    'jenis_tindakan' => 1,
    'nama_tindakan' => 'Ruangan Mawar',
    'bill_rs' => '210000.00',
    'jumlah' => 1,
    'kode_bagian' => '031301',
    'kode_bagian_asal' => '031301',
    'kode_klas' => 13,
    'no_kamar' => '1',
    'no_bed' => '1',
    'status_selesai' => 1,
    'id_dd_user' => 1,
    'kode_trans_pelayanan' => 4235498,
    'executed' => 'executed',
  ),
  6 => 
  array (
    'no_kunjungan' => 881012,
    'no_registrasi' => 595185,
    'no_mr' => '00224901',
    'nama_pasien_layan' => 'SITI MUNTAHA, Ny.',
    'kode_kelompok' => 3,
    'kode_perusahaan' => 120,
    'tgl_transaksi' => '2019-07-15 01:00:02',
    'jenis_tindakan' => 1,
    'nama_tindakan' => 'Ruangan Melati',
    'bill_rs' => '140000.00',
    'jumlah' => 1,
    'kode_bagian' => '031401',
    'kode_bagian_asal' => '031401',
    'kode_klas' => 6,
    'no_kamar' => '1',
    'no_bed' => '7 ',
    'status_selesai' => 1,
    'id_dd_user' => 1,
    'kode_trans_pelayanan' => 4235499,
    'executed' => 'executed',
  ),
  7 => 
  array (
    'no_kunjungan' => 881030,
    'no_registrasi' => 595190,
    'no_mr' => '00090782',
    'nama_pasien_layan' => 'DEMPI KESUMAWATI, NY.',
    'kode_kelompok' => 3,
    'kode_perusahaan' => 198,
    'tgl_transaksi' => '2019-07-15 01:00:03',
    'jenis_tindakan' => 1,
    'nama_tindakan' => 'Ruangan Dahlia',
    'bill_rs' => '850000.00',
    'jumlah' => 1,
    'kode_bagian' => '030401',
    'kode_bagian_asal' => '030401',
    'kode_klas' => 4,
    'no_kamar' => '1',
    'no_bed' => '1',
    'status_selesai' => 1,
    'id_dd_user' => 1,
    'kode_trans_pelayanan' => 4235500,
    'executed' => 'executed',
  ),
  8 => 
  array (
    'no_kunjungan' => 881053,
    'no_registrasi' => 595202,
    'no_mr' => '00220117',
    'nama_pasien_layan' => 'NURAINI, Ny.',
    'kode_kelompok' => 3,
    'kode_perusahaan' => 120,
    'tgl_transaksi' => '2019-07-15 01:00:03',
    'jenis_tindakan' => 1,
    'nama_tindakan' => 'Ruangan Melati',
    'bill_rs' => '140000.00',
    'jumlah' => 1,
    'kode_bagian' => '031401',
    'kode_bagian_asal' => '031401',
    'kode_klas' => 6,
    'no_kamar' => '1',
    'no_bed' => '1',
    'status_selesai' => 1,
    'id_dd_user' => 1,
    'kode_trans_pelayanan' => 4235501,
    'executed' => 'executed',
  ),
  9 => 
  array (
    'no_kunjungan' => 881067,
    'no_registrasi' => 595205,
    'no_mr' => '00240566',
    'nama_pasien_layan' => 'NASWA IZZANI',
    'kode_kelompok' => 3,
    'kode_perusahaan' => 323,
    'tgl_transaksi' => '2019-07-15 01:00:03',
    'jenis_tindakan' => 1,
    'nama_tindakan' => 'Ruangan Kenanga',
    'bill_rs' => '600000.00',
    'jumlah' => 1,
    'kode_bagian' => '030701',
    'kode_bagian_asal' => '030701',
    'kode_klas' => 5,
    'no_kamar' => '3',
    'no_bed' => ' 1',
    'status_selesai' => 1,
    'id_dd_user' => 1,
    'kode_trans_pelayanan' => 4235502,
    'executed' => 'executed',
  ),
  10 => 
  array (
    'no_kunjungan' => 881077,
    'no_registrasi' => 595211,
    'no_mr' => '00240568',
    'nama_pasien_layan' => 'RIZKY ADITYA DILAGA',
    'kode_kelompok' => 3,
    'kode_perusahaan' => 120,
    'tgl_transaksi' => '2019-07-15 01:00:03',
    'jenis_tindakan' => 1,
    'nama_tindakan' => 'Ruangan Seruni',
    'bill_rs' => '210000.00',
    'jumlah' => 1,
    'kode_bagian' => '030301',
    'kode_bagian_asal' => '030301',
    'kode_klas' => 13,
    'no_kamar' => '4',
    'no_bed' => '2',
    'status_selesai' => 1,
    'id_dd_user' => 1,
    'kode_trans_pelayanan' => 4235503,
    'executed' => 'executed',
  ),
  11 => 
  array (
    'no_kunjungan' => 881073,
    'no_registrasi' => 595214,
    'no_mr' => '00185037',
    'nama_pasien_layan' => 'SULARDI PRIANTO, TN.',
    'kode_kelompok' => 1,
    'kode_perusahaan' => 0,
    'tgl_transaksi' => '2019-07-15 01:00:04',
    'jenis_tindakan' => 1,
    'nama_tindakan' => 'Ruangan Kenanga',
    'bill_rs' => '600000.00',
    'jumlah' => 1,
    'kode_bagian' => '030701',
    'kode_bagian_asal' => '030701',
    'kode_klas' => 5,
    'no_kamar' => '2',
    'no_bed' => '1',
    'status_selesai' => 1,
    'id_dd_user' => 1,
    'kode_trans_pelayanan' => 4235504,
    'executed' => 'executed',
  ),
  12 => 
  array (
    'no_kunjungan' => 881086,
    'no_registrasi' => 595217,
    'no_mr' => '00240571',
    'nama_pasien_layan' => 'R MOCH SETIADI',
    'kode_kelompok' => 1,
    'kode_perusahaan' => 0,
    'tgl_transaksi' => '2019-07-15 01:00:04',
    'jenis_tindakan' => 1,
    'nama_tindakan' => 'Ruangan Anggrek',
    'bill_rs' => '1000000.00',
    'jumlah' => 1,
    'kode_bagian' => '030201',
    'kode_bagian_asal' => '030201',
    'kode_klas' => 3,
    'no_kamar' => '1',
    'no_bed' => ' 1',
    'status_selesai' => 1,
    'id_dd_user' => 1,
    'kode_trans_pelayanan' => 4235505,
    'executed' => 'executed',
  ),
  13 => 
  array (
    'no_kunjungan' => 881116,
    'no_registrasi' => 595221,
    'no_mr' => '00141481',
    'nama_pasien_layan' => 'DAFFA ARYA R, An.',
    'kode_kelompok' => 3,
    'kode_perusahaan' => 15,
    'tgl_transaksi' => '2019-07-15 01:00:04',
    'jenis_tindakan' => 1,
    'nama_tindakan' => 'Ruangan Kenanga',
    'bill_rs' => '600000.00',
    'jumlah' => 1,
    'kode_bagian' => '030701',
    'kode_bagian_asal' => '030701',
    'kode_klas' => 5,
    'no_kamar' => '4',
    'no_bed' => ' 1',
    'status_selesai' => 1,
    'id_dd_user' => 1,
    'kode_trans_pelayanan' => 4235506,
    'executed' => 'executed',
  ),
)