Jumlah Record = 16, Eksekusi = 12, No Eksekusi = 4 
array (
  0 => 
  array (
    'no_kunjungan' => 860726,
    'no_registrasi' => 580491,
    'no_mr' => '00104998',
    'nama_pasien_layan' => 'JODY JOEZAR, TN.',
    'kode_kelompok' => 3,
    'kode_perusahaan' => 51,
    'tgl_transaksi' => '2019-06-10 01:00:01',
    'jenis_tindakan' => 1,
    'nama_tindakan' => 'Ruangan Dahlia',
    'bill_rs' => '850000.00',
    'jumlah' => 1,
    'kode_bagian' => '030401',
    'kode_bagian_asal' => '030401',
    'kode_klas' => 4,
    'no_kamar' => '1',
    'no_bed' => '1',
    'status_selesai' => 1,
    'id_dd_user' => 1,
    'kode_trans_pelayanan' => 4152026,
    'executed' => 'executed',
  ),
  1 => 
  array (
    'no_kunjungan' => 860814,
    'no_registrasi' => 580574,
    'no_mr' => '00112928',
    'nama_pasien_layan' => 'RIN PARNITI, NY.',
    'kode_kelompok' => 1,
    'kode_perusahaan' => 0,
    'tgl_transaksi' => '2019-06-10 01:00:01',
    'jenis_tindakan' => 1,
    'nama_tindakan' => 'Ruangan Teratai',
    'bill_rs' => '600000.00',
    'jumlah' => 1,
    'kode_bagian' => '030801',
    'kode_bagian_asal' => '030801',
    'kode_klas' => 5,
    'no_kamar' => '2',
    'no_bed' => '1',
    'status_selesai' => 1,
    'id_dd_user' => 1,
    'kode_trans_pelayanan' => 4152027,
    'executed' => 'executed',
  ),
  2 => 
  array (
    'no_kunjungan' => 860870,
    'no_registrasi' => 580622,
    'no_mr' => '00238051',
    'nama_pasien_layan' => 'ANDINI PUTRI',
    'kode_kelompok' => 3,
    'kode_perusahaan' => 120,
    'tgl_transaksi' => '2019-06-10 01:00:01',
    'jenis_tindakan' => 1,
    'nama_tindakan' => 'Ruangan Seruni Ruang Nifas',
    'bill_rs' => '310000.00',
    'jumlah' => 1,
    'kode_bagian' => '031601',
    'kode_bagian_asal' => '031601',
    'kode_klas' => 12,
    'no_kamar' => '1',
    'no_bed' => '1 ',
    'status_selesai' => 1,
    'id_dd_user' => 1,
    'kode_trans_pelayanan' => 4152028,
    'executed' => 'executed',
  ),
  3 => 
  array (
    'no_kunjungan' => 860912,
    'no_registrasi' => 580633,
    'no_mr' => '00224901',
    'nama_pasien_layan' => 'SITI MUNTAHA, Ny.',
    'kode_kelompok' => 3,
    'kode_perusahaan' => 120,
    'tgl_transaksi' => '2019-06-10 01:00:02',
    'jenis_tindakan' => 1,
    'nama_tindakan' => 'Ruangan Melati',
    'bill_rs' => '140000.00',
    'jumlah' => 1,
    'kode_bagian' => '031401',
    'kode_bagian_asal' => '031401',
    'kode_klas' => 6,
    'no_kamar' => '1',
    'no_bed' => '4',
    'status_selesai' => 1,
    'id_dd_user' => 1,
    'kode_trans_pelayanan' => 4152029,
    'executed' => 'executed',
  ),
  4 => 
  array (
    'no_kunjungan' => 860942,
    'no_registrasi' => 580674,
    'no_mr' => '00238666',
    'nama_pasien_layan' => 'BY NY ANDINI PUTRI',
    'kode_kelompok' => 3,
    'kode_perusahaan' => 120,
    'tgl_transaksi' => '2019-06-10 01:00:02',
    'jenis_tindakan' => 1,
    'nama_tindakan' => 'Ruangan Kamar Bayi',
    'bill_rs' => '330000.00',
    'jumlah' => 1,
    'kode_bagian' => '031201',
    'kode_bagian_asal' => '031201',
    'kode_klas' => 12,
    'no_kamar' => '01',
    'no_bed' => '2',
    'status_selesai' => 1,
    'id_dd_user' => 1,
    'kode_trans_pelayanan' => 4152030,
    'executed' => 'executed',
  ),
  5 => 
  array (
    'no_kunjungan' => 860954,
    'no_registrasi' => 580680,
    'no_mr' => '00126828',
    'nama_pasien_layan' => 'H. MIRZA MOHAMAD, TN.',
    'kode_kelompok' => 1,
    'kode_perusahaan' => 0,
    'tgl_transaksi' => '2019-06-10 01:00:02',
    'jenis_tindakan' => 1,
    'nama_tindakan' => 'Ruangan Anggrek',
    'bill_rs' => '1000000.00',
    'jumlah' => 1,
    'kode_bagian' => '030201',
    'kode_bagian_asal' => '030201',
    'kode_klas' => 3,
    'no_kamar' => '1',
    'no_bed' => ' 1',
    'status_selesai' => 1,
    'id_dd_user' => 1,
    'kode_trans_pelayanan' => 4152031,
    'executed' => 'executed',
  ),
  6 => 
  array (
    'no_kunjungan' => 860962,
    'no_registrasi' => 580683,
    'no_mr' => '00238190',
    'nama_pasien_layan' => 'MAS PERMADI KUSNO',
    'kode_kelompok' => 3,
    'kode_perusahaan' => 120,
    'tgl_transaksi' => '2019-06-10 01:00:02',
    'jenis_tindakan' => 1,
    'nama_tindakan' => 'Ruangan Kenanga',
    'bill_rs' => '600000.00',
    'jumlah' => 1,
    'kode_bagian' => '030701',
    'kode_bagian_asal' => '030701',
    'kode_klas' => 5,
    'no_kamar' => '2',
    'no_bed' => '1',
    'status_selesai' => 1,
    'id_dd_user' => 1,
    'kode_trans_pelayanan' => 4152032,
    'executed' => 'executed',
  ),
  7 => 
  array (
    'no_kunjungan' => 860977,
    'no_registrasi' => 580686,
    'no_mr' => '00092192',
    'nama_pasien_layan' => 'ANI SUMARNI, NY.',
    'kode_kelompok' => 3,
    'kode_perusahaan' => 120,
    'tgl_transaksi' => '2019-06-10 01:00:02',
    'jenis_tindakan' => 1,
    'nama_tindakan' => 'Ruangan Flamboyan',
    'bill_rs' => '310000.00',
    'jumlah' => 1,
    'kode_bagian' => '030601',
    'kode_bagian_asal' => '030601',
    'kode_klas' => 12,
    'no_kamar' => '1',
    'no_bed' => '2',
    'status_selesai' => 1,
    'id_dd_user' => 1,
    'kode_trans_pelayanan' => 4152033,
    'executed' => 'executed',
  ),
  8 => 
  array (
    'no_kunjungan' => 861024,
    'no_registrasi' => 580702,
    'no_mr' => '00238675',
    'nama_pasien_layan' => 'YULI SALMAN',
    'kode_kelompok' => 3,
    'kode_perusahaan' => 120,
    'tgl_transaksi' => '2019-06-10 01:00:03',
    'jenis_tindakan' => 1,
    'nama_tindakan' => 'Ruangan Flamboyan',
    'bill_rs' => '310000.00',
    'jumlah' => 1,
    'kode_bagian' => '030601',
    'kode_bagian_asal' => '030601',
    'kode_klas' => 12,
    'no_kamar' => '1',
    'no_bed' => '1',
    'status_selesai' => 1,
    'id_dd_user' => 1,
    'kode_trans_pelayanan' => 4152034,
    'executed' => 'executed',
  ),
  9 => 
  array (
    'no_kunjungan' => 861025,
    'no_registrasi' => 580707,
    'no_mr' => '00187762',
    'nama_pasien_layan' => 'HANIFA ZAHRA, NN.',
    'kode_kelompok' => 1,
    'kode_perusahaan' => 0,
    'tgl_transaksi' => '2019-06-10 01:00:03',
    'jenis_tindakan' => 1,
    'nama_tindakan' => 'Ruangan Wijayakusuma',
    'bill_rs' => '1200000.00',
    'jumlah' => 1,
    'kode_bagian' => '030101',
    'kode_bagian_asal' => '030101',
    'kode_klas' => 2,
    'no_kamar' => '6',
    'no_bed' => '1',
    'status_selesai' => 1,
    'id_dd_user' => 1,
    'kode_trans_pelayanan' => 4152035,
    'executed' => 'executed',
  ),
  10 => 
  array (
    'no_kunjungan' => 861048,
    'no_registrasi' => 580714,
    'no_mr' => '00238007',
    'nama_pasien_layan' => 'NENDEN RAHMAWATI',
    'kode_kelompok' => 3,
    'kode_perusahaan' => 120,
    'tgl_transaksi' => '2019-06-10 01:00:03',
    'jenis_tindakan' => 1,
    'nama_tindakan' => 'Ruangan Mawar',
    'bill_rs' => '210000.00',
    'jumlah' => 1,
    'kode_bagian' => '031301',
    'kode_bagian_asal' => '031301',
    'kode_klas' => 13,
    'no_kamar' => '2',
    'no_bed' => '1',
    'status_selesai' => 1,
    'id_dd_user' => 1,
    'kode_trans_pelayanan' => 4152036,
    'executed' => 'executed',
  ),
  11 => 
  array (
    'no_kunjungan' => 861050,
    'no_registrasi' => 580718,
    'no_mr' => '00238679',
    'nama_pasien_layan' => 'IRAWATI SUBAGIO',
    'kode_kelompok' => 3,
    'kode_perusahaan' => 120,
    'tgl_transaksi' => '2019-06-10 01:00:03',
    'jenis_tindakan' => 1,
    'nama_tindakan' => 'Ruangan Mawar',
    'bill_rs' => '210000.00',
    'jumlah' => 1,
    'kode_bagian' => '031301',
    'kode_bagian_asal' => '031301',
    'kode_klas' => 13,
    'no_kamar' => '2',
    'no_bed' => '2',
    'status_selesai' => 1,
    'id_dd_user' => 1,
    'kode_trans_pelayanan' => 4152037,
    'executed' => 'executed',
  ),
  12 => 
  array (
    'no_kunjungan' => 861054,
    'no_registrasi' => 580722,
    'no_mr' => '00237205',
    'nama_pasien_layan' => 'ROCHYANA',
    'kode_kelompok' => 3,
    'kode_perusahaan' => 120,
    'tgl_transaksi' => '2019-06-10 01:00:03',
    'jenis_tindakan' => 1,
    'nama_tindakan' => 'Ruangan Melati',
    'bill_rs' => '140000.00',
    'jumlah' => 1,
    'kode_bagian' => '031401',
    'kode_bagian_asal' => '031401',
    'kode_klas' => 6,
    'no_kamar' => '1',
    'no_bed' => '1',
    'status_selesai' => 1,
    'id_dd_user' => 1,
    'kode_trans_pelayanan' => 4151990,
    'executed' => 'not_executed',
  ),
  13 => 
  array (
    'no_kunjungan' => 861055,
    'no_registrasi' => 580723,
    'no_mr' => '00235553',
    'nama_pasien_layan' => 'ITA KARWATI KADARISMAN',
    'kode_kelompok' => 3,
    'kode_perusahaan' => 120,
    'tgl_transaksi' => '2019-06-10 01:00:04',
    'jenis_tindakan' => 1,
    'nama_tindakan' => 'Ruangan Flamboyan',
    'bill_rs' => '310000.00',
    'jumlah' => 1,
    'kode_bagian' => '030601',
    'kode_bagian_asal' => '030601',
    'kode_klas' => 12,
    'no_kamar' => '2',
    'no_bed' => '1',
    'status_selesai' => 1,
    'id_dd_user' => 1,
    'kode_trans_pelayanan' => 4151991,
    'executed' => 'not_executed',
  ),
  14 => 
  array (
    'no_kunjungan' => 861056,
    'no_registrasi' => 580724,
    'no_mr' => '00101270',
    'nama_pasien_layan' => 'SITI JAMILAH, Ny.',
    'kode_kelompok' => 3,
    'kode_perusahaan' => 120,
    'tgl_transaksi' => '2019-06-10 01:00:04',
    'jenis_tindakan' => 1,
    'nama_tindakan' => 'Ruangan Melati',
    'bill_rs' => '140000.00',
    'jumlah' => 1,
    'kode_bagian' => '031401',
    'kode_bagian_asal' => '031401',
    'kode_klas' => 6,
    'no_kamar' => '1',
    'no_bed' => '6 ',
    'status_selesai' => 1,
    'id_dd_user' => 1,
    'kode_trans_pelayanan' => 4151992,
    'executed' => 'not_executed',
  ),
  15 => 
  array (
    'no_kunjungan' => 861057,
    'no_registrasi' => 580725,
    'no_mr' => '00237936',
    'nama_pasien_layan' => 'NOFI INDAH SARI',
    'kode_kelompok' => 3,
    'kode_perusahaan' => 120,
    'tgl_transaksi' => '2019-06-10 01:00:04',
    'jenis_tindakan' => 1,
    'nama_tindakan' => 'Ruangan Seruni Ruang Nifas',
    'bill_rs' => NULL,
    'jumlah' => 1,
    'kode_bagian' => '031601',
    'kode_bagian_asal' => '031601',
    'kode_klas' => 13,
    'no_kamar' => '2',
    'no_bed' => '1',
    'status_selesai' => 1,
    'id_dd_user' => 1,
    'kode_trans_pelayanan' => 4151993,
    'executed' => 'not_executed',
  ),
)