Jumlah Record = 10, Eksekusi = 8, No Eksekusi = 2 
array (
  0 => 
  array (
    'no_kunjungan' => 866266,
    'no_registrasi' => 584451,
    'no_mr' => '00234978',
    'nama_pasien_layan' => 'PURNOMO YULIARSO, Tn.',
    'kode_kelompok' => 3,
    'kode_perusahaan' => 120,
    'tgl_transaksi' => '2019-08-05 01:00:01',
    'jenis_tindakan' => 1,
    'nama_tindakan' => 'Ruangan Flamboyan',
    'bill_rs' => '310000.00',
    'jumlah' => 1,
    'kode_bagian' => '030601',
    'kode_bagian_asal' => '030601',
    'kode_klas' => 12,
    'no_kamar' => '1',
    'no_bed' => '2',
    'status_selesai' => 1,
    'id_dd_user' => 1,
    'kode_trans_pelayanan' => 4284175,
    'executed' => 'executed',
  ),
  1 => 
  array (
    'no_kunjungan' => 886059,
    'no_registrasi' => 598846,
    'no_mr' => '00131413',
    'nama_pasien_layan' => 'SUMINI, NY.',
    'kode_kelompok' => 3,
    'kode_perusahaan' => 120,
    'tgl_transaksi' => '2019-08-05 01:00:01',
    'jenis_tindakan' => 1,
    'nama_tindakan' => 'Ruangan Kenanga',
    'bill_rs' => '600000.00',
    'jumlah' => 1,
    'kode_bagian' => '030701',
    'kode_bagian_asal' => '030701',
    'kode_klas' => 5,
    'no_kamar' => '5',
    'no_bed' => '1 ',
    'status_selesai' => 1,
    'id_dd_user' => 1,
    'kode_trans_pelayanan' => 4284176,
    'executed' => 'executed',
  ),
  2 => 
  array (
    'no_kunjungan' => 889722,
    'no_registrasi' => 601526,
    'no_mr' => '00222973',
    'nama_pasien_layan' => 'HARLINA LASTIANTI, Ny.',
    'kode_kelompok' => 3,
    'kode_perusahaan' => 120,
    'tgl_transaksi' => '2019-08-05 01:00:01',
    'jenis_tindakan' => 1,
    'nama_tindakan' => 'Ruangan ICU ',
    'bill_rs' => '1350000.00',
    'jumlah' => 1,
    'kode_bagian' => '031001',
    'kode_bagian_asal' => '031001',
    'kode_klas' => 10,
    'no_kamar' => '1',
    'no_bed' => '1',
    'status_selesai' => 1,
    'id_dd_user' => 1,
    'kode_trans_pelayanan' => 4284177,
    'executed' => 'executed',
  ),
  3 => 
  array (
    'no_kunjungan' => 891174,
    'no_registrasi' => 602675,
    'no_mr' => '00151567',
    'nama_pasien_layan' => 'RUDIAH, Ny.',
    'kode_kelompok' => 3,
    'kode_perusahaan' => 120,
    'tgl_transaksi' => '2019-08-05 01:00:01',
    'jenis_tindakan' => 1,
    'nama_tindakan' => 'Ruangan Flamboyan',
    'bill_rs' => '310000.00',
    'jumlah' => 1,
    'kode_bagian' => '030601',
    'kode_bagian_asal' => '030601',
    'kode_klas' => 12,
    'no_kamar' => '4',
    'no_bed' => '2 ',
    'status_selesai' => 1,
    'id_dd_user' => 1,
    'kode_trans_pelayanan' => 4284178,
    'executed' => 'executed',
  ),
  4 => 
  array (
    'no_kunjungan' => 891554,
    'no_registrasi' => 602927,
    'no_mr' => '00223372',
    'nama_pasien_layan' => 'AGUS SALIM, Tn.',
    'kode_kelompok' => 3,
    'kode_perusahaan' => 120,
    'tgl_transaksi' => '2019-08-05 01:00:01',
    'jenis_tindakan' => 1,
    'nama_tindakan' => 'Ruangan Mawar',
    'bill_rs' => '210000.00',
    'jumlah' => 1,
    'kode_bagian' => '031301',
    'kode_bagian_asal' => '031301',
    'kode_klas' => 13,
    'no_kamar' => '1',
    'no_bed' => '1',
    'status_selesai' => 1,
    'id_dd_user' => 1,
    'kode_trans_pelayanan' => 4284179,
    'executed' => 'executed',
  ),
  5 => 
  array (
    'no_kunjungan' => 892574,
    'no_registrasi' => 603540,
    'no_mr' => '00241565',
    'nama_pasien_layan' => 'FADHILA ACHMAD',
    'kode_kelompok' => 1,
    'kode_perusahaan' => 0,
    'tgl_transaksi' => '2019-08-05 01:00:01',
    'jenis_tindakan' => 1,
    'nama_tindakan' => 'Ruangan Kenanga',
    'bill_rs' => '600000.00',
    'jumlah' => 1,
    'kode_bagian' => '030701',
    'kode_bagian_asal' => '030701',
    'kode_klas' => 5,
    'no_kamar' => '3',
    'no_bed' => ' 1',
    'status_selesai' => 1,
    'id_dd_user' => 1,
    'kode_trans_pelayanan' => 4284180,
    'executed' => 'executed',
  ),
  6 => 
  array (
    'no_kunjungan' => 892966,
    'no_registrasi' => 604051,
    'no_mr' => '00193699',
    'nama_pasien_layan' => 'TARMUDJI, Tn.',
    'kode_kelompok' => 3,
    'kode_perusahaan' => 120,
    'tgl_transaksi' => '2019-08-05 01:00:01',
    'jenis_tindakan' => 1,
    'nama_tindakan' => 'Ruangan Melati',
    'bill_rs' => '140000.00',
    'jumlah' => 1,
    'kode_bagian' => '031401',
    'kode_bagian_asal' => '031401',
    'kode_klas' => 6,
    'no_kamar' => '2',
    'no_bed' => '1',
    'status_selesai' => 1,
    'id_dd_user' => 1,
    'kode_trans_pelayanan' => 4284181,
    'executed' => 'executed',
  ),
  7 => 
  array (
    'no_kunjungan' => 893019,
    'no_registrasi' => 604085,
    'no_mr' => '00216338',
    'nama_pasien_layan' => 'SADEROH, Ny.',
    'kode_kelompok' => 3,
    'kode_perusahaan' => 120,
    'tgl_transaksi' => '2019-08-05 01:00:02',
    'jenis_tindakan' => 1,
    'nama_tindakan' => 'Ruangan Melati',
    'bill_rs' => '140000.00',
    'jumlah' => 1,
    'kode_bagian' => '031401',
    'kode_bagian_asal' => '031401',
    'kode_klas' => 6,
    'no_kamar' => '1',
    'no_bed' => '8',
    'status_selesai' => 1,
    'id_dd_user' => 1,
    'kode_trans_pelayanan' => 4284182,
    'executed' => 'executed',
  ),
  8 => 
  array (
    'no_kunjungan' => 893026,
    'no_registrasi' => 604093,
    'no_mr' => '00231182',
    'nama_pasien_layan' => 'JURIAH',
    'kode_kelompok' => 3,
    'kode_perusahaan' => 120,
    'tgl_transaksi' => '2019-08-05 01:00:02',
    'jenis_tindakan' => 1,
    'nama_tindakan' => 'Ruangan Melati',
    'bill_rs' => '140000.00',
    'jumlah' => 1,
    'kode_bagian' => '031401',
    'kode_bagian_asal' => '031401',
    'kode_klas' => 6,
    'no_kamar' => '1',
    'no_bed' => '1',
    'status_selesai' => 1,
    'id_dd_user' => 1,
    'kode_trans_pelayanan' => 4284172,
    'executed' => 'not_executed',
  ),
  9 => 
  array (
    'no_kunjungan' => 893027,
    'no_registrasi' => 604094,
    'no_mr' => '00241225',
    'nama_pasien_layan' => 'NADILLA ZAROTUL BULDAN, An.',
    'kode_kelompok' => 3,
    'kode_perusahaan' => 120,
    'tgl_transaksi' => '2019-08-05 01:00:02',
    'jenis_tindakan' => 1,
    'nama_tindakan' => 'Ruangan Mawar',
    'bill_rs' => '210000.00',
    'jumlah' => 1,
    'kode_bagian' => '031301',
    'kode_bagian_asal' => '031301',
    'kode_klas' => 13,
    'no_kamar' => '2',
    'no_bed' => '1',
    'status_selesai' => 1,
    'id_dd_user' => 1,
    'kode_trans_pelayanan' => 4284173,
    'executed' => 'not_executed',
  ),
)