Execute query : INSERT INTO "log_billing_dr" ("bill_dr1", "bill_dr2", "kode_dokter1", "kode_dokter2", "kode_tc_trans_kasir", "kode_trans_pelayanan", "nama_pasien_layan", "nama_tindakan", "no_mr", "no_registrasi", "tgl_jam", "tgl_transaksi") VALUES (43259,0,'257','0',776446,4784649,'NENEN E.S','Thorax','00241981',692041,'2020-04-16 08:07:23','2020-04-03 00:00:00.000'), (973500,393750,'265','250',776472,4799173,'MELI WULANSARI','BPJS Sectio Caesaria','00249888',693663,'2020-04-16 09:56:51','2020-04-14 00:00:00.000'), (4880,0,'55',NULL,776472,4800487,'MELI WULANSARI','BPJS H2TL (Hb,Ht,Trombo,Leukosit)','00249888',693663,'2020-04-16 09:56:51','2020-04-15 00:00:00.000'), (10294,0,'55',NULL,776440,4801839,'YOHANES RAY','Darah Lengkap (Hb, Leuco, HtJns, LED, Ht, Trombo, Eritrosit, MCV, MCH, MCHC)','00252629',694077,'2020-04-16 02:56:07','2020-04-16 00:00:00.000'), (3327,0,'55',NULL,776440,4801840,'YOHANES RAY','Glucosa Sewaktu','00252629',694077,'2020-04-16 02:56:07','2020-04-16 00:00:00.000'), (43259,0,'39',NULL,776440,4801841,'YOHANES RAY','Thorax','00252629',694077,'2020-04-16 02:56:07','2020-04-16 00:00:00.000'), (10294,0,'55',NULL,776441,4801848,'KRISNA SURYA ADI SAPUTRA, AN.','Darah Lengkap (Hb, Leuco, HtJns, LED, Ht, Trombo, Eritrosit, MCV, MCH, MCHC)','00217472',694078,'2020-04-16 05:19:12','2020-04-16 00:00:00.000'), (10294,0,'55',NULL,776465,4801866,'ARIZAL ER, Tn.','Darah Lengkap (Hb, Leuco, HtJns, LED, Ht, Trombo, Eritrosit, MCV, MCH, MCHC)','00204774',694107,'2020-04-16 09:20:11','2020-04-16 00:00:00.000'), (2068,0,'55',NULL,776465,4801867,'ARIZAL ER, Tn.','Ureum','00204774',694107,'2020-04-16 09:20:11','2020-04-16 00:00:00.000'), (2093,0,'55',NULL,776465,4801868,'ARIZAL ER, Tn.','Kreatinin','00204774',694107,'2020-04-16 09:20:11','2020-04-16 00:00:00.000'), (19613,0,'55',NULL,776465,4801869,'ARIZAL ER, Tn.','Natrium (Na),Kalium (K),Chlorida (Cl)','00204774',694107,'2020-04-16 09:20:11','2020-04-16 00:00:00.000'), (36000,8000,'50',NULL,776457,4801882,'WATI , NY.','Hemodialisis Reuse BPJS','00216621',694079,'2020-04-16 09:05:29','2020-04-16 00:00:00.000'), (36000,8000,'50',NULL,776453,4801889,'SAMIYO, Tn.','Hemodialisis Non Reuse BPJS','00181453',694080,'2020-04-16 09:04:17','2020-04-16 00:00:00.000'), (36000,8000,'50',NULL,776454,4801890,'SUDARNO, TN.','Hemodialisis Reuse BPJS','00175197',694081,'2020-04-16 09:04:34','2020-04-16 00:00:00.000'), (36000,8000,'50',NULL,776458,4801896,'IDA FARIDA, NY.','Hemodialisis Reuse BPJS','00120374',694082,'2020-04-16 09:05:46','2020-04-16 00:00:00.000'), (36000,8000,'50',NULL,776452,4801897,'ARIZAL ER, Tn.','Hemodialisis Reuse BPJS','00204774',694083,'2020-04-16 09:03:59','2020-04-16 00:00:00.000'), (36000,8000,'50',NULL,776451,4801901,'DANIEL CHRISTIAN IMANUEL, TN.','Hemodialisis Reuse BPJS','00138510',694084,'2020-04-16 09:03:39','2020-04-16 00:00:00.000'), (36000,8000,'50',NULL,776459,4801902,'JAANIH, Tn.','Hemodialisis Reuse BPJS','00216083',694085,'2020-04-16 09:06:02','2020-04-16 00:00:00.000'), (36000,8000,'50',NULL,776461,4801903,'FIRMAN AS, TN.','Hemodialisis Reuse BPJS','00193291',694086,'2020-04-16 09:06:35','2020-04-16 00:00:00.000'), (36000,8000,'50',NULL,776450,4801907,'BAROYAH, NY.','Hemodialisis Reuse BPJS','00226493',694087,'2020-04-16 09:03:22','2020-04-16 00:00:00.000'), (36000,8000,'50',NULL,776463,4801908,'NELLY HAMID , NY.','Hemodialisis Reuse BPJS','00151188',694088,'2020-04-16 09:07:09','2020-04-16 00:00:00.000'), (36000,8000,'50',NULL,776464,4801909,'YUSUF, TN.','Hemodialisis Reuse BPJS','00220387',694089,'2020-04-16 09:07:26','2020-04-16 00:00:00.000'), (36000,8000,'50',NULL,776462,4801912,'POEDJO PRASONGKO, TN.','Hemodialisis Reuse BPJS','00193469',694090,'2020-04-16 09:06:53','2020-04-16 00:00:00.000'), (36000,8000,'50',NULL,776455,4801917,'DIEGO FERDELINO ADI, TN.','Hemodialisis Reuse BPJS','00216147',694108,'2020-04-16 09:04:51','2020-04-16 00:00:00.000'), (36000,8000,'50',NULL,776456,4801919,'GOFUR ADRIAN SHANI, TN.','Hemodialisis Reuse BPJS','00206015',694111,'2020-04-16 09:05:09','2020-04-16 00:00:00.000'), (5214,0,'55',NULL,776445,4801962,'BY.NY.ADE RAHMAWATI','Golongan Darah ABO','00252569',694121,'2020-04-16 07:58:01','2020-04-16 00:00:00.000'), (4445,0,'55',NULL,776445,4801963,'BY.NY.ADE RAHMAWATI','Rhesus Faktor','00252569',694121,'2020-04-16 07:58:01','2020-04-16 00:00:00.000'), (2526,0,'55',NULL,776445,4801964,'BY.NY.ADE RAHMAWATI','Bilirubin Total','00252569',694121,'2020-04-16 07:58:01','2020-04-16 00:00:00.000'), (36000,8000,'50',NULL,776460,4801972,'RESTU ISMIYANI, NY.','Hemodialisis Non Reuse BPJS','00213326',694091,'2020-04-16 09:06:18','2020-04-16 00:00:00.000'), (2582,0,'55',NULL,776447,4801980,'REFIKA ZUBAIDAH A, Ny.','Kolesterol','00225790',694123,'2020-04-16 08:16:20','2020-04-16 00:00:00.000'), (2621,0,'55',NULL,776447,4801981,'REFIKA ZUBAIDAH A, Ny.','Trigliserid','00225790',694123,'2020-04-16 08:16:20','2020-04-16 00:00:00.000'), (2667,0,'55',NULL,776447,4801982,'REFIKA ZUBAIDAH A, Ny.','HDL','00225790',694123,'2020-04-16 08:16:20','2020-04-16 00:00:00.000'), (4486,0,'55',NULL,776447,4801983,'REFIKA ZUBAIDAH A, Ny.','LDL','00225790',694123,'2020-04-16 08:16:20','2020-04-16 00:00:00.000'), (2713,0,'55',NULL,776447,4801984,'REFIKA ZUBAIDAH A, Ny.','SGOT','00225790',694123,'2020-04-16 08:16:20','2020-04-16 00:00:00.000'), (2713,0,'55',NULL,776447,4801985,'REFIKA ZUBAIDAH A, Ny.','SGPT','00225790',694123,'2020-04-16 08:16:20','2020-04-16 00:00:00.000'), (7325,0,'55',NULL,776448,4802006,'MUHAMMAD NURINDERA, AN.','H2TL (Hb,Ht, Trombo, Leukosit)','00112120',694127,'2020-04-16 08:38:41','2020-04-16 00:00:00.000'), (76846,0,'196',NULL,776469,4802062,'MARDU RUKMINI, NY.','Low Back Pain & Pelvis 1','00066207',694128,'2020-04-16 09:54:19','2020-04-16 00:00:00.000'), (29331,0,'196',NULL,776469,4802063,'MARDU RUKMINI, NY.','Manual Terapi 1','00066207',694128,'2020-04-16 09:54:19','2020-04-16 00:00:00.000'), (40511,0,'196',NULL,776469,4802109,'MARDU RUKMINI, NY.','Wrist Hand Pain 1','00066207',694128,'2020-04-16 09:54:19','2020-04-16 00:00:00.000'), (10294,0,'55',NULL,776473,4802134,'RESTIANANDA PRAMADANI','Darah Lengkap (Hb, Leuco, HtJns, LED, Ht, Trombo, Eritrosit, MCV, MCH, MCHC)','00109146',694152,'2020-04-16 10:06:30','2020-04-16 00:00:00.000'), (3327,0,'55',NULL,776473,4802135,'RESTIANANDA PRAMADANI','Glucosa Sewaktu','00109146',694152,'2020-04-16 10:06:30','2020-04-16 00:00:00.000'), (19613,0,'55',NULL,776473,4802136,'RESTIANANDA PRAMADANI','Natrium (Na),Kalium (K),Chlorida (Cl)','00109146',694152,'2020-04-16 10:06:30','2020-04-16 00:00:00.000'), (8365,0,'55',NULL,776474,4802153,'MUHAMMAD ABDILLAH','Urin Lengkap (Sed, Prot, Red, Bil, Uro, PJ, Ph, Nitrit, Aceton/Keton)','00252635',694162,'2020-04-16 10:15:49','2020-04-16 00:00:00.000')
array (
  0 => 
  stdClass::__set_state(array(
     'kode_trans_pelayanan' => 4784649,
     'kode_tc_trans_kasir' => 776446,
     'tgl_jam' => '2020-04-16 08:07:23',
     'tgl_transaksi' => '2020-04-03 00:00:00.000',
     'no_registrasi' => 692041,
     'no_mr' => '00241981',
     'nama_pasien_layan' => 'NENEN E.S',
     'nama_tindakan' => 'Thorax',
     'kode_dokter1' => '257',
     'kode_dokter2' => '0',
     'bill_dr1' => 43259,
     'bill_dr2' => 0,
  )),
  1 => 
  stdClass::__set_state(array(
     'kode_trans_pelayanan' => 4799173,
     'kode_tc_trans_kasir' => 776472,
     'tgl_jam' => '2020-04-16 09:56:51',
     'tgl_transaksi' => '2020-04-14 00:00:00.000',
     'no_registrasi' => 693663,
     'no_mr' => '00249888',
     'nama_pasien_layan' => 'MELI WULANSARI',
     'nama_tindakan' => 'BPJS Sectio Caesaria',
     'kode_dokter1' => '265',
     'kode_dokter2' => '250',
     'bill_dr1' => 973500,
     'bill_dr2' => 393750,
  )),
  2 => 
  stdClass::__set_state(array(
     'kode_trans_pelayanan' => 4800487,
     'kode_tc_trans_kasir' => 776472,
     'tgl_jam' => '2020-04-16 09:56:51',
     'tgl_transaksi' => '2020-04-15 00:00:00.000',
     'no_registrasi' => 693663,
     'no_mr' => '00249888',
     'nama_pasien_layan' => 'MELI WULANSARI',
     'nama_tindakan' => 'BPJS H2TL (Hb,Ht,Trombo,Leukosit)',
     'kode_dokter1' => '55',
     'kode_dokter2' => NULL,
     'bill_dr1' => 4880,
     'bill_dr2' => 0,
  )),
  3 => 
  stdClass::__set_state(array(
     'kode_trans_pelayanan' => 4801839,
     'kode_tc_trans_kasir' => 776440,
     'tgl_jam' => '2020-04-16 02:56:07',
     'tgl_transaksi' => '2020-04-16 00:00:00.000',
     'no_registrasi' => 694077,
     'no_mr' => '00252629',
     'nama_pasien_layan' => 'YOHANES RAY',
     'nama_tindakan' => 'Darah Lengkap (Hb, Leuco, HtJns, LED, Ht, Trombo, Eritrosit, MCV, MCH, MCHC)',
     'kode_dokter1' => '55',
     'kode_dokter2' => NULL,
     'bill_dr1' => 10294,
     'bill_dr2' => 0,
  )),
  4 => 
  stdClass::__set_state(array(
     'kode_trans_pelayanan' => 4801840,
     'kode_tc_trans_kasir' => 776440,
     'tgl_jam' => '2020-04-16 02:56:07',
     'tgl_transaksi' => '2020-04-16 00:00:00.000',
     'no_registrasi' => 694077,
     'no_mr' => '00252629',
     'nama_pasien_layan' => 'YOHANES RAY',
     'nama_tindakan' => 'Glucosa Sewaktu',
     'kode_dokter1' => '55',
     'kode_dokter2' => NULL,
     'bill_dr1' => 3327,
     'bill_dr2' => 0,
  )),
  5 => 
  stdClass::__set_state(array(
     'kode_trans_pelayanan' => 4801841,
     'kode_tc_trans_kasir' => 776440,
     'tgl_jam' => '2020-04-16 02:56:07',
     'tgl_transaksi' => '2020-04-16 00:00:00.000',
     'no_registrasi' => 694077,
     'no_mr' => '00252629',
     'nama_pasien_layan' => 'YOHANES RAY',
     'nama_tindakan' => 'Thorax',
     'kode_dokter1' => '39',
     'kode_dokter2' => NULL,
     'bill_dr1' => 43259,
     'bill_dr2' => 0,
  )),
  6 => 
  stdClass::__set_state(array(
     'kode_trans_pelayanan' => 4801848,
     'kode_tc_trans_kasir' => 776441,
     'tgl_jam' => '2020-04-16 05:19:12',
     'tgl_transaksi' => '2020-04-16 00:00:00.000',
     'no_registrasi' => 694078,
     'no_mr' => '00217472',
     'nama_pasien_layan' => 'KRISNA SURYA ADI SAPUTRA, AN.',
     'nama_tindakan' => 'Darah Lengkap (Hb, Leuco, HtJns, LED, Ht, Trombo, Eritrosit, MCV, MCH, MCHC)',
     'kode_dokter1' => '55',
     'kode_dokter2' => NULL,
     'bill_dr1' => 10294,
     'bill_dr2' => 0,
  )),
  7 => 
  stdClass::__set_state(array(
     'kode_trans_pelayanan' => 4801866,
     'kode_tc_trans_kasir' => 776465,
     'tgl_jam' => '2020-04-16 09:20:11',
     'tgl_transaksi' => '2020-04-16 00:00:00.000',
     'no_registrasi' => 694107,
     'no_mr' => '00204774',
     'nama_pasien_layan' => 'ARIZAL ER, Tn.',
     'nama_tindakan' => 'Darah Lengkap (Hb, Leuco, HtJns, LED, Ht, Trombo, Eritrosit, MCV, MCH, MCHC)',
     'kode_dokter1' => '55',
     'kode_dokter2' => NULL,
     'bill_dr1' => 10294,
     'bill_dr2' => 0,
  )),
  8 => 
  stdClass::__set_state(array(
     'kode_trans_pelayanan' => 4801867,
     'kode_tc_trans_kasir' => 776465,
     'tgl_jam' => '2020-04-16 09:20:11',
     'tgl_transaksi' => '2020-04-16 00:00:00.000',
     'no_registrasi' => 694107,
     'no_mr' => '00204774',
     'nama_pasien_layan' => 'ARIZAL ER, Tn.',
     'nama_tindakan' => 'Ureum',
     'kode_dokter1' => '55',
     'kode_dokter2' => NULL,
     'bill_dr1' => 2068,
     'bill_dr2' => 0,
  )),
  9 => 
  stdClass::__set_state(array(
     'kode_trans_pelayanan' => 4801868,
     'kode_tc_trans_kasir' => 776465,
     'tgl_jam' => '2020-04-16 09:20:11',
     'tgl_transaksi' => '2020-04-16 00:00:00.000',
     'no_registrasi' => 694107,
     'no_mr' => '00204774',
     'nama_pasien_layan' => 'ARIZAL ER, Tn.',
     'nama_tindakan' => 'Kreatinin',
     'kode_dokter1' => '55',
     'kode_dokter2' => NULL,
     'bill_dr1' => 2093,
     'bill_dr2' => 0,
  )),
  10 => 
  stdClass::__set_state(array(
     'kode_trans_pelayanan' => 4801869,
     'kode_tc_trans_kasir' => 776465,
     'tgl_jam' => '2020-04-16 09:20:11',
     'tgl_transaksi' => '2020-04-16 00:00:00.000',
     'no_registrasi' => 694107,
     'no_mr' => '00204774',
     'nama_pasien_layan' => 'ARIZAL ER, Tn.',
     'nama_tindakan' => 'Natrium (Na),Kalium (K),Chlorida (Cl)',
     'kode_dokter1' => '55',
     'kode_dokter2' => NULL,
     'bill_dr1' => 19613,
     'bill_dr2' => 0,
  )),
  11 => 
  stdClass::__set_state(array(
     'kode_trans_pelayanan' => 4801882,
     'kode_tc_trans_kasir' => 776457,
     'tgl_jam' => '2020-04-16 09:05:29',
     'tgl_transaksi' => '2020-04-16 00:00:00.000',
     'no_registrasi' => 694079,
     'no_mr' => '00216621',
     'nama_pasien_layan' => 'WATI , NY.',
     'nama_tindakan' => 'Hemodialisis Reuse BPJS',
     'kode_dokter1' => '50',
     'kode_dokter2' => NULL,
     'bill_dr1' => 36000,
     'bill_dr2' => 8000,
  )),
  12 => 
  stdClass::__set_state(array(
     'kode_trans_pelayanan' => 4801889,
     'kode_tc_trans_kasir' => 776453,
     'tgl_jam' => '2020-04-16 09:04:17',
     'tgl_transaksi' => '2020-04-16 00:00:00.000',
     'no_registrasi' => 694080,
     'no_mr' => '00181453',
     'nama_pasien_layan' => 'SAMIYO, Tn.',
     'nama_tindakan' => 'Hemodialisis Non Reuse BPJS',
     'kode_dokter1' => '50',
     'kode_dokter2' => NULL,
     'bill_dr1' => 36000,
     'bill_dr2' => 8000,
  )),
  13 => 
  stdClass::__set_state(array(
     'kode_trans_pelayanan' => 4801890,
     'kode_tc_trans_kasir' => 776454,
     'tgl_jam' => '2020-04-16 09:04:34',
     'tgl_transaksi' => '2020-04-16 00:00:00.000',
     'no_registrasi' => 694081,
     'no_mr' => '00175197',
     'nama_pasien_layan' => 'SUDARNO, TN.',
     'nama_tindakan' => 'Hemodialisis Reuse BPJS',
     'kode_dokter1' => '50',
     'kode_dokter2' => NULL,
     'bill_dr1' => 36000,
     'bill_dr2' => 8000,
  )),
  14 => 
  stdClass::__set_state(array(
     'kode_trans_pelayanan' => 4801896,
     'kode_tc_trans_kasir' => 776458,
     'tgl_jam' => '2020-04-16 09:05:46',
     'tgl_transaksi' => '2020-04-16 00:00:00.000',
     'no_registrasi' => 694082,
     'no_mr' => '00120374',
     'nama_pasien_layan' => 'IDA FARIDA, NY.',
     'nama_tindakan' => 'Hemodialisis Reuse BPJS',
     'kode_dokter1' => '50',
     'kode_dokter2' => NULL,
     'bill_dr1' => 36000,
     'bill_dr2' => 8000,
  )),
  15 => 
  stdClass::__set_state(array(
     'kode_trans_pelayanan' => 4801897,
     'kode_tc_trans_kasir' => 776452,
     'tgl_jam' => '2020-04-16 09:03:59',
     'tgl_transaksi' => '2020-04-16 00:00:00.000',
     'no_registrasi' => 694083,
     'no_mr' => '00204774',
     'nama_pasien_layan' => 'ARIZAL ER, Tn.',
     'nama_tindakan' => 'Hemodialisis Reuse BPJS',
     'kode_dokter1' => '50',
     'kode_dokter2' => NULL,
     'bill_dr1' => 36000,
     'bill_dr2' => 8000,
  )),
  16 => 
  stdClass::__set_state(array(
     'kode_trans_pelayanan' => 4801901,
     'kode_tc_trans_kasir' => 776451,
     'tgl_jam' => '2020-04-16 09:03:39',
     'tgl_transaksi' => '2020-04-16 00:00:00.000',
     'no_registrasi' => 694084,
     'no_mr' => '00138510',
     'nama_pasien_layan' => 'DANIEL CHRISTIAN IMANUEL, TN.',
     'nama_tindakan' => 'Hemodialisis Reuse BPJS',
     'kode_dokter1' => '50',
     'kode_dokter2' => NULL,
     'bill_dr1' => 36000,
     'bill_dr2' => 8000,
  )),
  17 => 
  stdClass::__set_state(array(
     'kode_trans_pelayanan' => 4801902,
     'kode_tc_trans_kasir' => 776459,
     'tgl_jam' => '2020-04-16 09:06:02',
     'tgl_transaksi' => '2020-04-16 00:00:00.000',
     'no_registrasi' => 694085,
     'no_mr' => '00216083',
     'nama_pasien_layan' => 'JAANIH, Tn.',
     'nama_tindakan' => 'Hemodialisis Reuse BPJS',
     'kode_dokter1' => '50',
     'kode_dokter2' => NULL,
     'bill_dr1' => 36000,
     'bill_dr2' => 8000,
  )),
  18 => 
  stdClass::__set_state(array(
     'kode_trans_pelayanan' => 4801903,
     'kode_tc_trans_kasir' => 776461,
     'tgl_jam' => '2020-04-16 09:06:35',
     'tgl_transaksi' => '2020-04-16 00:00:00.000',
     'no_registrasi' => 694086,
     'no_mr' => '00193291',
     'nama_pasien_layan' => 'FIRMAN AS, TN.',
     'nama_tindakan' => 'Hemodialisis Reuse BPJS',
     'kode_dokter1' => '50',
     'kode_dokter2' => NULL,
     'bill_dr1' => 36000,
     'bill_dr2' => 8000,
  )),
  19 => 
  stdClass::__set_state(array(
     'kode_trans_pelayanan' => 4801907,
     'kode_tc_trans_kasir' => 776450,
     'tgl_jam' => '2020-04-16 09:03:22',
     'tgl_transaksi' => '2020-04-16 00:00:00.000',
     'no_registrasi' => 694087,
     'no_mr' => '00226493',
     'nama_pasien_layan' => 'BAROYAH, NY.',
     'nama_tindakan' => 'Hemodialisis Reuse BPJS',
     'kode_dokter1' => '50',
     'kode_dokter2' => NULL,
     'bill_dr1' => 36000,
     'bill_dr2' => 8000,
  )),
  20 => 
  stdClass::__set_state(array(
     'kode_trans_pelayanan' => 4801908,
     'kode_tc_trans_kasir' => 776463,
     'tgl_jam' => '2020-04-16 09:07:09',
     'tgl_transaksi' => '2020-04-16 00:00:00.000',
     'no_registrasi' => 694088,
     'no_mr' => '00151188',
     'nama_pasien_layan' => 'NELLY HAMID , NY.',
     'nama_tindakan' => 'Hemodialisis Reuse BPJS',
     'kode_dokter1' => '50',
     'kode_dokter2' => NULL,
     'bill_dr1' => 36000,
     'bill_dr2' => 8000,
  )),
  21 => 
  stdClass::__set_state(array(
     'kode_trans_pelayanan' => 4801909,
     'kode_tc_trans_kasir' => 776464,
     'tgl_jam' => '2020-04-16 09:07:26',
     'tgl_transaksi' => '2020-04-16 00:00:00.000',
     'no_registrasi' => 694089,
     'no_mr' => '00220387',
     'nama_pasien_layan' => 'YUSUF, TN.',
     'nama_tindakan' => 'Hemodialisis Reuse BPJS',
     'kode_dokter1' => '50',
     'kode_dokter2' => NULL,
     'bill_dr1' => 36000,
     'bill_dr2' => 8000,
  )),
  22 => 
  stdClass::__set_state(array(
     'kode_trans_pelayanan' => 4801912,
     'kode_tc_trans_kasir' => 776462,
     'tgl_jam' => '2020-04-16 09:06:53',
     'tgl_transaksi' => '2020-04-16 00:00:00.000',
     'no_registrasi' => 694090,
     'no_mr' => '00193469',
     'nama_pasien_layan' => 'POEDJO PRASONGKO, TN.',
     'nama_tindakan' => 'Hemodialisis Reuse BPJS',
     'kode_dokter1' => '50',
     'kode_dokter2' => NULL,
     'bill_dr1' => 36000,
     'bill_dr2' => 8000,
  )),
  23 => 
  stdClass::__set_state(array(
     'kode_trans_pelayanan' => 4801917,
     'kode_tc_trans_kasir' => 776455,
     'tgl_jam' => '2020-04-16 09:04:51',
     'tgl_transaksi' => '2020-04-16 00:00:00.000',
     'no_registrasi' => 694108,
     'no_mr' => '00216147',
     'nama_pasien_layan' => 'DIEGO FERDELINO ADI, TN.',
     'nama_tindakan' => 'Hemodialisis Reuse BPJS',
     'kode_dokter1' => '50',
     'kode_dokter2' => NULL,
     'bill_dr1' => 36000,
     'bill_dr2' => 8000,
  )),
  24 => 
  stdClass::__set_state(array(
     'kode_trans_pelayanan' => 4801919,
     'kode_tc_trans_kasir' => 776456,
     'tgl_jam' => '2020-04-16 09:05:09',
     'tgl_transaksi' => '2020-04-16 00:00:00.000',
     'no_registrasi' => 694111,
     'no_mr' => '00206015',
     'nama_pasien_layan' => 'GOFUR ADRIAN SHANI, TN.',
     'nama_tindakan' => 'Hemodialisis Reuse BPJS',
     'kode_dokter1' => '50',
     'kode_dokter2' => NULL,
     'bill_dr1' => 36000,
     'bill_dr2' => 8000,
  )),
  25 => 
  stdClass::__set_state(array(
     'kode_trans_pelayanan' => 4801962,
     'kode_tc_trans_kasir' => 776445,
     'tgl_jam' => '2020-04-16 07:58:01',
     'tgl_transaksi' => '2020-04-16 00:00:00.000',
     'no_registrasi' => 694121,
     'no_mr' => '00252569',
     'nama_pasien_layan' => 'BY.NY.ADE RAHMAWATI',
     'nama_tindakan' => 'Golongan Darah ABO',
     'kode_dokter1' => '55',
     'kode_dokter2' => NULL,
     'bill_dr1' => 5214,
     'bill_dr2' => 0,
  )),
  26 => 
  stdClass::__set_state(array(
     'kode_trans_pelayanan' => 4801963,
     'kode_tc_trans_kasir' => 776445,
     'tgl_jam' => '2020-04-16 07:58:01',
     'tgl_transaksi' => '2020-04-16 00:00:00.000',
     'no_registrasi' => 694121,
     'no_mr' => '00252569',
     'nama_pasien_layan' => 'BY.NY.ADE RAHMAWATI',
     'nama_tindakan' => 'Rhesus Faktor',
     'kode_dokter1' => '55',
     'kode_dokter2' => NULL,
     'bill_dr1' => 4445,
     'bill_dr2' => 0,
  )),
  27 => 
  stdClass::__set_state(array(
     'kode_trans_pelayanan' => 4801964,
     'kode_tc_trans_kasir' => 776445,
     'tgl_jam' => '2020-04-16 07:58:01',
     'tgl_transaksi' => '2020-04-16 00:00:00.000',
     'no_registrasi' => 694121,
     'no_mr' => '00252569',
     'nama_pasien_layan' => 'BY.NY.ADE RAHMAWATI',
     'nama_tindakan' => 'Bilirubin Total',
     'kode_dokter1' => '55',
     'kode_dokter2' => NULL,
     'bill_dr1' => 2526,
     'bill_dr2' => 0,
  )),
  28 => 
  stdClass::__set_state(array(
     'kode_trans_pelayanan' => 4801972,
     'kode_tc_trans_kasir' => 776460,
     'tgl_jam' => '2020-04-16 09:06:18',
     'tgl_transaksi' => '2020-04-16 00:00:00.000',
     'no_registrasi' => 694091,
     'no_mr' => '00213326',
     'nama_pasien_layan' => 'RESTU ISMIYANI, NY.',
     'nama_tindakan' => 'Hemodialisis Non Reuse BPJS',
     'kode_dokter1' => '50',
     'kode_dokter2' => NULL,
     'bill_dr1' => 36000,
     'bill_dr2' => 8000,
  )),
  29 => 
  stdClass::__set_state(array(
     'kode_trans_pelayanan' => 4801980,
     'kode_tc_trans_kasir' => 776447,
     'tgl_jam' => '2020-04-16 08:16:20',
     'tgl_transaksi' => '2020-04-16 00:00:00.000',
     'no_registrasi' => 694123,
     'no_mr' => '00225790',
     'nama_pasien_layan' => 'REFIKA ZUBAIDAH A, Ny.',
     'nama_tindakan' => 'Kolesterol',
     'kode_dokter1' => '55',
     'kode_dokter2' => NULL,
     'bill_dr1' => 2582,
     'bill_dr2' => 0,
  )),
  30 => 
  stdClass::__set_state(array(
     'kode_trans_pelayanan' => 4801981,
     'kode_tc_trans_kasir' => 776447,
     'tgl_jam' => '2020-04-16 08:16:20',
     'tgl_transaksi' => '2020-04-16 00:00:00.000',
     'no_registrasi' => 694123,
     'no_mr' => '00225790',
     'nama_pasien_layan' => 'REFIKA ZUBAIDAH A, Ny.',
     'nama_tindakan' => 'Trigliserid',
     'kode_dokter1' => '55',
     'kode_dokter2' => NULL,
     'bill_dr1' => 2621,
     'bill_dr2' => 0,
  )),
  31 => 
  stdClass::__set_state(array(
     'kode_trans_pelayanan' => 4801982,
     'kode_tc_trans_kasir' => 776447,
     'tgl_jam' => '2020-04-16 08:16:20',
     'tgl_transaksi' => '2020-04-16 00:00:00.000',
     'no_registrasi' => 694123,
     'no_mr' => '00225790',
     'nama_pasien_layan' => 'REFIKA ZUBAIDAH A, Ny.',
     'nama_tindakan' => 'HDL',
     'kode_dokter1' => '55',
     'kode_dokter2' => NULL,
     'bill_dr1' => 2667,
     'bill_dr2' => 0,
  )),
  32 => 
  stdClass::__set_state(array(
     'kode_trans_pelayanan' => 4801983,
     'kode_tc_trans_kasir' => 776447,
     'tgl_jam' => '2020-04-16 08:16:20',
     'tgl_transaksi' => '2020-04-16 00:00:00.000',
     'no_registrasi' => 694123,
     'no_mr' => '00225790',
     'nama_pasien_layan' => 'REFIKA ZUBAIDAH A, Ny.',
     'nama_tindakan' => 'LDL',
     'kode_dokter1' => '55',
     'kode_dokter2' => NULL,
     'bill_dr1' => 4486,
     'bill_dr2' => 0,
  )),
  33 => 
  stdClass::__set_state(array(
     'kode_trans_pelayanan' => 4801984,
     'kode_tc_trans_kasir' => 776447,
     'tgl_jam' => '2020-04-16 08:16:20',
     'tgl_transaksi' => '2020-04-16 00:00:00.000',
     'no_registrasi' => 694123,
     'no_mr' => '00225790',
     'nama_pasien_layan' => 'REFIKA ZUBAIDAH A, Ny.',
     'nama_tindakan' => 'SGOT',
     'kode_dokter1' => '55',
     'kode_dokter2' => NULL,
     'bill_dr1' => 2713,
     'bill_dr2' => 0,
  )),
  34 => 
  stdClass::__set_state(array(
     'kode_trans_pelayanan' => 4801985,
     'kode_tc_trans_kasir' => 776447,
     'tgl_jam' => '2020-04-16 08:16:20',
     'tgl_transaksi' => '2020-04-16 00:00:00.000',
     'no_registrasi' => 694123,
     'no_mr' => '00225790',
     'nama_pasien_layan' => 'REFIKA ZUBAIDAH A, Ny.',
     'nama_tindakan' => 'SGPT',
     'kode_dokter1' => '55',
     'kode_dokter2' => NULL,
     'bill_dr1' => 2713,
     'bill_dr2' => 0,
  )),
  35 => 
  stdClass::__set_state(array(
     'kode_trans_pelayanan' => 4802006,
     'kode_tc_trans_kasir' => 776448,
     'tgl_jam' => '2020-04-16 08:38:41',
     'tgl_transaksi' => '2020-04-16 00:00:00.000',
     'no_registrasi' => 694127,
     'no_mr' => '00112120',
     'nama_pasien_layan' => 'MUHAMMAD NURINDERA, AN.',
     'nama_tindakan' => 'H2TL (Hb,Ht, Trombo, Leukosit)',
     'kode_dokter1' => '55',
     'kode_dokter2' => NULL,
     'bill_dr1' => 7325,
     'bill_dr2' => 0,
  )),
  36 => 
  stdClass::__set_state(array(
     'kode_trans_pelayanan' => 4802062,
     'kode_tc_trans_kasir' => 776469,
     'tgl_jam' => '2020-04-16 09:54:19',
     'tgl_transaksi' => '2020-04-16 00:00:00.000',
     'no_registrasi' => 694128,
     'no_mr' => '00066207',
     'nama_pasien_layan' => 'MARDU RUKMINI, NY.',
     'nama_tindakan' => 'Low Back Pain & Pelvis 1',
     'kode_dokter1' => '196',
     'kode_dokter2' => NULL,
     'bill_dr1' => 76846,
     'bill_dr2' => 0,
  )),
  37 => 
  stdClass::__set_state(array(
     'kode_trans_pelayanan' => 4802063,
     'kode_tc_trans_kasir' => 776469,
     'tgl_jam' => '2020-04-16 09:54:19',
     'tgl_transaksi' => '2020-04-16 00:00:00.000',
     'no_registrasi' => 694128,
     'no_mr' => '00066207',
     'nama_pasien_layan' => 'MARDU RUKMINI, NY.',
     'nama_tindakan' => 'Manual Terapi 1',
     'kode_dokter1' => '196',
     'kode_dokter2' => NULL,
     'bill_dr1' => 29331,
     'bill_dr2' => 0,
  )),
  38 => 
  stdClass::__set_state(array(
     'kode_trans_pelayanan' => 4802109,
     'kode_tc_trans_kasir' => 776469,
     'tgl_jam' => '2020-04-16 09:54:19',
     'tgl_transaksi' => '2020-04-16 00:00:00.000',
     'no_registrasi' => 694128,
     'no_mr' => '00066207',
     'nama_pasien_layan' => 'MARDU RUKMINI, NY.',
     'nama_tindakan' => 'Wrist Hand Pain 1',
     'kode_dokter1' => '196',
     'kode_dokter2' => NULL,
     'bill_dr1' => 40511,
     'bill_dr2' => 0,
  )),
  39 => 
  stdClass::__set_state(array(
     'kode_trans_pelayanan' => 4802134,
     'kode_tc_trans_kasir' => 776473,
     'tgl_jam' => '2020-04-16 10:06:30',
     'tgl_transaksi' => '2020-04-16 00:00:00.000',
     'no_registrasi' => 694152,
     'no_mr' => '00109146',
     'nama_pasien_layan' => 'RESTIANANDA PRAMADANI',
     'nama_tindakan' => 'Darah Lengkap (Hb, Leuco, HtJns, LED, Ht, Trombo, Eritrosit, MCV, MCH, MCHC)',
     'kode_dokter1' => '55',
     'kode_dokter2' => NULL,
     'bill_dr1' => 10294,
     'bill_dr2' => 0,
  )),
  40 => 
  stdClass::__set_state(array(
     'kode_trans_pelayanan' => 4802135,
     'kode_tc_trans_kasir' => 776473,
     'tgl_jam' => '2020-04-16 10:06:30',
     'tgl_transaksi' => '2020-04-16 00:00:00.000',
     'no_registrasi' => 694152,
     'no_mr' => '00109146',
     'nama_pasien_layan' => 'RESTIANANDA PRAMADANI',
     'nama_tindakan' => 'Glucosa Sewaktu',
     'kode_dokter1' => '55',
     'kode_dokter2' => NULL,
     'bill_dr1' => 3327,
     'bill_dr2' => 0,
  )),
  41 => 
  stdClass::__set_state(array(
     'kode_trans_pelayanan' => 4802136,
     'kode_tc_trans_kasir' => 776473,
     'tgl_jam' => '2020-04-16 10:06:30',
     'tgl_transaksi' => '2020-04-16 00:00:00.000',
     'no_registrasi' => 694152,
     'no_mr' => '00109146',
     'nama_pasien_layan' => 'RESTIANANDA PRAMADANI',
     'nama_tindakan' => 'Natrium (Na),Kalium (K),Chlorida (Cl)',
     'kode_dokter1' => '55',
     'kode_dokter2' => NULL,
     'bill_dr1' => 19613,
     'bill_dr2' => 0,
  )),
  42 => 
  stdClass::__set_state(array(
     'kode_trans_pelayanan' => 4802153,
     'kode_tc_trans_kasir' => 776474,
     'tgl_jam' => '2020-04-16 10:15:49',
     'tgl_transaksi' => '2020-04-16 00:00:00.000',
     'no_registrasi' => 694162,
     'no_mr' => '00252635',
     'nama_pasien_layan' => 'MUHAMMAD ABDILLAH',
     'nama_tindakan' => 'Urin Lengkap (Sed, Prot, Red, Bil, Uro, PJ, Ph, Nitrit, Aceton/Keton)',
     'kode_dokter1' => '55',
     'kode_dokter2' => NULL,
     'bill_dr1' => 8365,
     'bill_dr2' => 0,
  )),
)